/home/UFAD/tcuevasmestanza/.conda/envs/racing/lib/python3.12/site-packages/tyro/_parsers.py:353: UserWarning: The field `wandb-entity` is annotated with type `<class 'str'>`, but the default value `None` has type `<class 'NoneType'>`. We'll try to handle this gracefully, but it may cause unexpected behavior.
  warnings.warn(message)
/home/UFAD/tcuevasmestanza/.conda/envs/racing/lib/python3.12/site-packages/tyro/_parsers.py:353: UserWarning: The field `target-kl` is annotated with type `<class 'float'>`, but the default value `None` has type `<class 'NoneType'>`. We'll try to handle this gracefully, but it may cause unexpected behavior.
  warnings.warn(message)
/home/UFAD/tcuevasmestanza/.conda/envs/racing/lib/python3.12/site-packages/tyro/_parsers.py:353: UserWarning: The field `resume-path` is annotated with type `<class 'str'>`, but the default value `None` has type `<class 'NoneType'>`. We'll try to handle this gracefully, but it may cause unexpected behavior.
  warnings.warn(message)
Experiment info saved → smdp/experiments/adaptive_fps_smdp/runs/CarRacing-v3_smdp_mlp_fc_0.05_bud_150.0_19-07-14-34-19/info_settings.txt
Device: cuda
Navigation model path: experiments/navigation/runs/CarRacing-v3__ppo__1__1781901069/final.pt
Navigation Model loaded on cuda
Navigation Model loaded on cuda
Navigation Model loaded on cuda
Navigation Model loaded on cuda
Navigation Model loaded on cuda
Navigation Model loaded on cuda
Navigation Model loaded on cuda
Navigation Model loaded on cuda
global_step=96 | return=-19.75 | windows=12
global_step=128 | return=-13.45 | windows=16
global_step=144 | return=-21.10 | windows=18
global_step=152 | return=35.92 | windows=19
global_step=168 | return=-23.87 | windows=21
global_step=184 | return=-16.52 | windows=23
global_step=192 | return=48.07 | windows=24
global_step=216 | return=51.77 | windows=14
global_step=224 | return=-15.88 | windows=28
global_step=232 | return=-19.84 | windows=12
global_step=264 | return=-17.18 | windows=13
global_step=304 | return=-21.40 | windows=16
global_step=320 | return=-19.80 | windows=11
global_step=320 | return=93.71 | windows=21
global_step=328 | return=-16.03 | windows=16
global_step=328 | return=-14.27 | windows=17
global_step=360 | return=28.43 | windows=11
global_step=400 | return=4.64 | windows=22
global_step=424 | return=-12.54 | windows=11
global_step=424 | return=-4.58 | windows=23
global_step=448 | return=-17.10 | windows=17
global_step=456 | return=-14.26 | windows=16
global_step=464 | return=-19.18 | windows=12
global_step=488 | return=53.36 | windows=20
global_step=520 | return=-19.74 | windows=11
global_step=544 | return=-17.49 | windows=17
global_step=560 | return=-20.73 | windows=28
global_step=568 | return=-16.10 | windows=17
global_step=584 | return=-13.47 | windows=14
global_step=616 | return=-17.64 | windows=19
global_step=616 | return=-19.12 | windows=20
global_step=632 | return=-19.00 | windows=17
global_step=640 | return=-16.33 | windows=14
global_step=696 | return=-20.05 | windows=15
global_step=704 | return=-68.36 | windows=7
global_step=720 | return=-23.87 | windows=21
global_step=720 | return=112.91 | windows=19
global_step=752 | return=-17.25 | windows=14
global_step=768 | return=-24.02 | windows=22
global_step=776 | return=-1.69 | windows=19
global_step=792 | return=-19.14 | windows=8
global_step=856 | return=-20.23 | windows=19
global_step=904 | return=18.04 | windows=35
global_step=912 | return=-21.36 | windows=25
global_step=944 | return=-26.41 | windows=27
global_step=952 | return=47.32 | windows=24
global_step=992 | return=-16.72 | windows=26
global_step=1008 | return=-18.77 | windows=26
global_step=1008 | return=-13.06 | windows=11
global_step=1016 | return=-19.38 | windows=19
global_step=1024 | return=140.16 | windows=31
global_step=1056 | return=72.53 | windows=18
global_step=1080 | return=9.66 | windows=16
global_step=1080 | return=-20.69 | windows=15
global_step=1144 | return=-12.62 | windows=10
global_step=1160 | return=6.14 | windows=20
global_step=1160 | return=-22.36 | windows=17
global_step=1176 | return=-22.14 | windows=20
global_step=1192 | return=20.90 | windows=20
global_step=1200 | return=-19.48 | windows=14
global_step=1224 | return=59.30 | windows=17
global_step=1272 | return=-22.11 | windows=15
global_step=1280 | return=-13.98 | windows=12
global_step=1296 | return=-22.96 | windows=35
global_step=1304 | return=-23.00 | windows=17
global_step=1312 | return=-23.61 | windows=18
global_step=1328 | return=-22.19 | windows=16
global_step=1384 | return=-18.46 | windows=10
global_step=1384 | return=-23.00 | windows=19
global_step=1392 | return=-14.69 | windows=9
global_step=1400 | return=-20.06 | windows=14
global_step=1408 | return=-21.30 | windows=25
global_step=1448 | return=91.60 | windows=21
global_step=1448 | return=-22.08 | windows=17
global_step=1528 | return=-12.57 | windows=17
global_step=1536 | return=-19.08 | windows=15
global_step=1544 | return=-15.13 | windows=18
global_step=1544 | return=-21.26 | windows=19
global_step=1552 | return=62.91 | windows=27
global_step=1592 | return=-15.43 | windows=17
global_step=1632 | return=-23.19 | windows=28
global_step=1640 | return=-16.46 | windows=12
global_step=1640 | return=-19.52 | windows=23
global_step=1656 | return=-15.88 | windows=15
global_step=1672 | return=-11.80 | windows=15
global_step=1696 | return=-20.36 | windows=18
global_step=1736 | return=-19.56 | windows=17
global_step=1736 | return=-18.60 | windows=22
global_step=1768 | return=20.16 | windows=16
global_step=1808 | return=-14.80 | windows=20
global_step=1808 | return=-16.13 | windows=20
global_step=1816 | return=-19.56 | windows=14
global_step=1824 | return=-19.16 | windows=18
global_step=1824 | return=-14.98 | windows=20
global_step=1856 | return=-20.33 | windows=10
global_step=1896 | return=-26.01 | windows=19
global_step=1936 | return=-2.67 | windows=24
global_step=1936 | return=-16.24 | windows=15
global_step=1952 | return=-20.10 | windows=16
global_step=1960 | return=-17.36 | windows=16
global_step=1960 | return=-23.46 | windows=16
global_step=2016 | return=-18.17 | windows=25
global_step=2048 | return=-19.71 | windows=10
global_step=2056 | return=121.51 | windows=24
global_step=2064 | return=-19.29 | windows=20
global_step=2064 | return=-15.38 | windows=15
global_step=2080 | return=-19.16 | windows=7
global_step=2136 | return=26.93 | windows=21
global_step=2144 | return=-15.06 | windows=11
global_step=2144 | return=-19.72 | windows=10
global_step=2152 | return=24.31 | windows=26
global_step=2176 | return=-18.38 | windows=27
global_step=2208 | return=-23.02 | windows=17
global_step=2232 | return=-19.53 | windows=9
global_step=2248 | return=37.70 | windows=22
global_step=2256 | return=-8.81 | windows=21
global_step=2264 | return=-13.22 | windows=14
global_step=2280 | return=-15.75 | windows=12
global_step=2320 | return=-61.63 | windows=13
global_step=2328 | return=-18.94 | windows=7
global_step=2328 | return=-22.75 | windows=22
global_step=2384 | return=21.77 | windows=12
global_step=2416 | return=-20.66 | windows=34
global_step=2416 | return=56.20 | windows=22
global_step=2416 | return=-21.94 | windows=19
global_step=2424 | return=-15.33 | windows=12
global_step=2440 | return=-18.64 | windows=23
global_step=2464 | return=-18.99 | windows=16
global_step=2520 | return=-16.56 | windows=23
global_step=2544 | return=-15.61 | windows=19
global_step=2568 | return=-13.39 | windows=15
global_step=2568 | return=47.03 | windows=18
global_step=2600 | return=81.79 | windows=22
global_step=2616 | return=-18.49 | windows=23
global_step=2640 | return=98.45 | windows=27
global_step=2664 | return=-17.29 | windows=17
global_step=2672 | return=205.93 | windows=25
global_step=2696 | return=-15.19 | windows=15
global_step=2744 | return=77.78 | windows=21
global_step=2768 | return=59.63 | windows=18
global_step=2768 | return=-21.17 | windows=20
global_step=2776 | return=-23.48 | windows=28
global_step=2784 | return=-18.78 | windows=17
global_step=2808 | return=-19.24 | windows=16
global_step=2832 | return=8.05 | windows=20
global_step=2896 | return=-21.28 | windows=15
global_step=2912 | return=-19.02 | windows=16
global_step=2912 | return=-15.04 | windows=17
global_step=2920 | return=31.11 | windows=27
global_step=2936 | return=-18.74 | windows=23
global_step=2944 | return=-23.59 | windows=19
global_step=2976 | return=-15.54 | windows=20
global_step=3000 | return=17.70 | windows=20
global_step=3008 | return=-14.59 | windows=11
global_step=3016 | return=-19.97 | windows=14
global_step=3024 | return=-15.85 | windows=9
global_step=3088 | return=-19.51 | windows=21
global_step=3120 | return=-17.18 | windows=13
global_step=3136 | return=-18.65 | windows=24
global_step=3136 | return=-11.54 | windows=26
global_step=3144 | return=-20.45 | windows=20
global_step=3152 | return=-55.34 | windows=16
global_step=3192 | return=19.59 | windows=20
global_step=3192 | return=-16.30 | windows=23
global_step=3208 | return=-21.75 | windows=14
global_step=3256 | return=-17.90 | windows=14
global_step=3296 | return=-8.17 | windows=19
global_step=3296 | return=-19.15 | windows=18
global_step=3320 | return=-15.36 | windows=13
global_step=3328 | return=-18.29 | windows=25
global_step=3344 | return=-10.52 | windows=23
global_step=3368 | return=-12.65 | windows=13
global_step=3376 | return=-15.87 | windows=22
global_step=3416 | return=-67.58 | windows=14
global_step=3416 | return=-18.84 | windows=10
global_step=3424 | return=-18.05 | windows=28
global_step=3456 | return=-22.92 | windows=16
global_step=3456 | return=-15.66 | windows=13
global_step=3528 | return=23.86 | windows=18
global_step=3536 | return=-19.90 | windows=29
global_step=3536 | return=-3.39 | windows=20
global_step=3544 | return=-4.92 | windows=14
global_step=3592 | return=95.98 | windows=21
global_step=3608 | return=-13.51 | windows=18
global_step=3616 | return=-23.06 | windows=19
global_step=3664 | return=-14.86 | windows=15
global_step=3672 | return=23.87 | windows=31
global_step=3672 | return=-18.95 | windows=15
global_step=3680 | return=-20.39 | windows=17
global_step=3696 | return=-20.95 | windows=20
global_step=3744 | return=-21.38 | windows=16
global_step=3744 | return=-18.32 | windows=15
global_step=3776 | return=-19.76 | windows=11
global_step=3808 | return=107.83 | windows=26
global_step=3832 | return=-18.91 | windows=10
global_step=3872 | return=28.29 | windows=24
global_step=3880 | return=-24.84 | windows=22
global_step=3904 | return=-18.77 | windows=15
global_step=3912 | return=121.50 | windows=30
global_step=3920 | return=-17.10 | windows=13
global_step=3920 | return=-24.78 | windows=30
global_step=3944 | return=-15.72 | windows=24
global_step=3976 | return=-19.80 | windows=11
global_step=3984 | return=-1.10 | windows=18
global_step=4000 | return=-19.68 | windows=10
global_step=4000 | return=-18.58 | windows=11
global_step=4072 | return=10.09 | windows=18
global_step=4072 | return=-18.62 | windows=15
global_step=4080 | return=-25.62 | windows=25
global_step=4096, SPS=0
global_step=4104 | return=-21.69 | windows=15
global_step=4112 | return=-22.14 | windows=23
global_step=4128 | return=52.51 | windows=15
global_step=4168 | return=131.61 | windows=22
global_step=4216 | return=-20.28 | windows=17
global_step=4224 | return=-20.80 | windows=17
global_step=4232 | return=22.76 | windows=19
global_step=4232 | return=-18.01 | windows=15
global_step=4248 | return=-15.87 | windows=30
global_step=4264 | return=-12.24 | windows=11
global_step=4320 | return=-21.31 | windows=25
global_step=4328 | return=-17.88 | windows=24
global_step=4336 | return=-16.66 | windows=12
global_step=4352 | return=-13.46 | windows=12
global_step=4368 | return=-19.73 | windows=12
global_step=4384 | return=-23.52 | windows=18
global_step=4400 | return=-17.55 | windows=21
global_step=4416 | return=152.63 | windows=24
global_step=4448 | return=-16.65 | windows=11
global_step=4488 | return=8.52 | windows=19
global_step=4496 | return=-20.05 | windows=15
global_step=4520 | return=59.19 | windows=16
global_step=4528 | return=-16.07 | windows=23
global_step=4552 | return=108.70 | windows=28
global_step=4576 | return=-17.17 | windows=15
global_step=4576 | return=-21.46 | windows=19
global_step=4592 | return=-15.98 | windows=23
global_step=4624 | return=-13.95 | windows=16
global_step=4640 | return=-16.02 | windows=17
global_step=4688 | return=-18.07 | windows=13
global_step=4688 | return=-22.53 | windows=20
global_step=4720 | return=-15.07 | windows=23
global_step=4728 | return=17.93 | windows=21
global_step=4744 | return=-13.81 | windows=12
global_step=4760 | return=-23.16 | windows=20
global_step=4792 | return=-20.31 | windows=26
global_step=4816 | return=-16.35 | windows=15
global_step=4816 | return=-5.17 | windows=23
global_step=4840 | return=-54.75 | windows=18
global_step=4872 | return=-14.61 | windows=17
global_step=4952 | return=-7.82 | windows=28
global_step=4960 | return=-17.10 | windows=17
global_step=4968 | return=-22.77 | windows=18
global_step=4976 | return=-20.63 | windows=22
global_step=5008 | return=-31.11 | windows=32
global_step=5016 | return=-1.20 | windows=31
global_step=5016 | return=-20.23 | windows=21
global_step=5048 | return=-12.46 | windows=10
global_step=5104 | return=-20.63 | windows=28
global_step=5112 | return=-22.38 | windows=16
global_step=5136 | return=-15.08 | windows=14
global_step=5144 | return=15.22 | windows=21
global_step=5168 | return=-21.95 | windows=19
global_step=5208 | return=20.01 | windows=31
global_step=5240 | return=-18.02 | windows=11
global_step=5264 | return=165.82 | windows=26
global_step=5272 | return=-26.75 | windows=31
global_step=5288 | return=30.50 | windows=18
global_step=5312 | return=-21.46 | windows=25
global_step=5336 | return=-50.86 | windows=11
global_step=5376 | return=-23.12 | windows=32
global_step=5384 | return=-19.08 | windows=8
global_step=5392 | return=-18.55 | windows=22
global_step=5408 | return=-21.24 | windows=29
global_step=5448 | return=-20.92 | windows=22
global_step=5512 | return=-7.34 | windows=16
global_step=5520 | return=-22.26 | windows=22
global_step=5528 | return=-20.82 | windows=14
global_step=5576 | return=-21.39 | windows=37
global_step=5576 | return=-21.94 | windows=22
global_step=5584 | return=21.37 | windows=24
global_step=5592 | return=-6.02 | windows=37
global_step=5656 | return=-24.98 | windows=25
global_step=5672 | return=-23.73 | windows=19
global_step=5688 | return=142.93 | windows=19
global_step=5696 | return=-15.17 | windows=21
global_step=5720 | return=-23.94 | windows=17
global_step=5720 | return=-16.72 | windows=16
global_step=5736 | return=-23.34 | windows=19
global_step=5816 | return=87.29 | windows=27
global_step=5840 | return=-14.01 | windows=17
global_step=5848 | return=-1.32 | windows=23
global_step=5856 | return=-18.64 | windows=22
global_step=5856 | return=-20.20 | windows=16
global_step=5872 | return=17.32 | windows=18
global_step=5880 | return=-22.86 | windows=17
global_step=5912 | return=98.89 | windows=27
global_step=5936 | return=-15.94 | windows=14
global_step=5984 | return=-18.91 | windows=16
global_step=5984 | return=-12.63 | windows=15
global_step=6008 | return=-18.81 | windows=20
global_step=6008 | return=-14.18 | windows=15
global_step=6048 | return=167.41 | windows=23
global_step=6064 | return=-21.69 | windows=15
global_step=6064 | return=-24.18 | windows=23
global_step=6112 | return=-21.03 | windows=24
global_step=6120 | return=-22.72 | windows=16
global_step=6168 | return=-18.02 | windows=12
global_step=6192 | return=-17.71 | windows=22
global_step=6208 | return=-22.01 | windows=27
global_step=6216 | return=124.28 | windows=18
global_step=6248 | return=140.15 | windows=29
global_step=6280 | return=62.29 | windows=20
global_step=6288 | return=89.23 | windows=20
global_step=6288 | return=-20.04 | windows=29
global_step=6336 | return=-16.11 | windows=20
global_step=6352 | return=-16.09 | windows=12
global_step=6368 | return=48.58 | windows=21
global_step=6400 | return=38.55 | windows=23
global_step=6432 | return=-13.32 | windows=17
global_step=6448 | return=15.54 | windows=13
global_step=6464 | return=-20.83 | windows=30
global_step=6472 | return=134.69 | windows=22
global_step=6560 | return=5.35 | windows=34
global_step=6560 | return=86.59 | windows=25
global_step=6576 | return=-84.60 | windows=25
global_step=6600 | return=-4.61 | windows=15
global_step=6616 | return=-23.01 | windows=18
global_step=6640 | return=-22.77 | windows=25
global_step=6640 | return=23.16 | windows=29
global_step=6656 | return=-24.18 | windows=25
global_step=6704 | return=-11.56 | windows=17
global_step=6704 | return=-12.73 | windows=15
global_step=6712 | return=-19.66 | windows=11
global_step=6736 | return=-12.98 | windows=11
global_step=6752 | return=-14.51 | windows=13
global_step=6760 | return=-23.27 | windows=24
global_step=6784 | return=-18.02 | windows=22
global_step=6808 | return=-19.86 | windows=12
global_step=6824 | return=-14.98 | windows=10
global_step=6840 | return=-14.84 | windows=16
global_step=6888 | return=-20.31 | windows=16
global_step=6896 | return=-13.36 | windows=13
global_step=6904 | return=-24.94 | windows=30
global_step=6936 | return=52.85 | windows=27
global_step=6960 | return=-16.93 | windows=24
global_step=6984 | return=-19.69 | windows=21
global_step=6992 | return=-39.70 | windows=11
global_step=7008 | return=-14.00 | windows=14
global_step=7016 | return=4.95 | windows=21
global_step=7040 | return=-24.27 | windows=26
global_step=7072 | return=68.08 | windows=16
global_step=7112 | return=9.05 | windows=25
global_step=7136 | return=32.84 | windows=21
global_step=7144 | return=-18.63 | windows=18
global_step=7152 | return=-23.27 | windows=20
global_step=7184 | return=-14.66 | windows=17
global_step=7256 | return=-23.38 | windows=29
global_step=7256 | return=-14.63 | windows=22
global_step=7264 | return=-17.42 | windows=18
global_step=7272 | return=-12.60 | windows=14
global_step=7304 | return=164.99 | windows=36
global_step=7328 | return=-24.67 | windows=22
global_step=7344 | return=81.38 | windows=19
global_step=7352 | return=-19.79 | windows=11
global_step=7352 | return=-24.25 | windows=26
global_step=7432 | return=-19.97 | windows=20
global_step=7464 | return=22.31 | windows=25
global_step=7480 | return=-20.69 | windows=18
global_step=7496 | return=-0.21 | windows=17
global_step=7504 | return=-20.25 | windows=28
global_step=7504 | return=-24.22 | windows=24
global_step=7528 | return=56.04 | windows=22
global_step=7584 | return=-21.01 | windows=28
global_step=7600 | return=-13.40 | windows=20
global_step=7632 | return=-51.00 | windows=15
global_step=7640 | return=6.08 | windows=16
global_step=7664 | return=-20.15 | windows=24
global_step=7712 | return=43.10 | windows=26
global_step=7728 | return=-20.05 | windows=15
global_step=7728 | return=-18.20 | windows=24
global_step=7752 | return=-20.14 | windows=10
global_step=7760 | return=-24.72 | windows=34
global_step=7808 | return=-23.25 | windows=21
global_step=7816 | return=3.40 | windows=21
global_step=7840 | return=-24.68 | windows=31
global_step=7888 | return=-21.19 | windows=16
global_step=7912 | return=-18.67 | windows=24
global_step=7912 | return=-17.16 | windows=22
global_step=7920 | return=20.19 | windows=23
global_step=7928 | return=-19.99 | windows=14
global_step=7928 | return=-14.39 | windows=20
global_step=7968 | return=-20.40 | windows=15
global_step=8016 | return=-18.16 | windows=15
global_step=8040 | return=65.80 | windows=27
global_step=8056 | return=-20.39 | windows=15
global_step=8064 | return=-22.71 | windows=17
global_step=8064 | return=-13.12 | windows=16
global_step=8080 | return=-20.36 | windows=20
global_step=8112 | return=-18.41 | windows=24
global_step=8152 | return=-15.35 | windows=16
global_step=8184 | return=-24.43 | windows=26
global_step=8192, SPS=0
global_step=8200 | return=25.52 | windows=17
global_step=8200 | return=31.47 | windows=16
global_step=8208 | return=0.62 | windows=17
global_step=8240 | return=-21.32 | windows=15
global_step=8264 | return=-17.79 | windows=27
global_step=8328 | return=-18.02 | windows=30
global_step=8336 | return=-15.30 | windows=18
global_step=8352 | return=-18.74 | windows=13
global_step=8360 | return=-16.42 | windows=18
global_step=8408 | return=69.12 | windows=31
global_step=8448 | return=129.40 | windows=30
global_step=8464 | return=65.19 | windows=32
global_step=8464 | return=-24.21 | windows=24
global_step=8496 | return=-8.39 | windows=20
global_step=8496 | return=-38.09 | windows=16
global_step=8560 | return=111.28 | windows=25
global_step=8560 | return=37.04 | windows=27
global_step=8616 | return=48.57 | windows=20
global_step=8640 | return=-26.38 | windows=28
global_step=8680 | return=90.70 | windows=26
global_step=8696 | return=-17.21 | windows=24
global_step=8704 | return=147.80 | windows=25
global_step=8720 | return=-11.59 | windows=12
global_step=8744 | return=-16.15 | windows=22
global_step=8752 | return=0.21 | windows=13
global_step=8784 | return=-22.53 | windows=39
global_step=8792 | return=86.60 | windows=28
global_step=8824 | return=-16.48 | windows=17
global_step=8840 | return=-17.87 | windows=16
global_step=8864 | return=-22.73 | windows=20
global_step=8912 | return=-17.82 | windows=23
global_step=8928 | return=-7.91 | windows=22
global_step=8928 | return=15.52 | windows=16
global_step=8944 | return=18.82 | windows=23
global_step=8944 | return=-17.00 | windows=19
global_step=8968 | return=-27.52 | windows=15
global_step=8992 | return=-94.04 | windows=20
global_step=9008 | return=-22.16 | windows=17
global_step=9088 | return=79.81 | windows=21
global_step=9096 | return=-15.39 | windows=20
global_step=9104 | return=112.69 | windows=16
global_step=9128 | return=93.65 | windows=22
global_step=9152 | return=-19.76 | windows=27
global_step=9200 | return=-24.07 | windows=23
global_step=9216 | return=-16.90 | windows=7
global_step=9232 | return=-17.02 | windows=29
global_step=9232 | return=-28.43 | windows=35
global_step=9264 | return=-16.83 | windows=16
global_step=9280 | return=-22.98 | windows=21
global_step=9288 | return=-23.52 | windows=23
global_step=9336 | return=3.41 | windows=30
global_step=9352 | return=-19.88 | windows=14
global_step=9368 | return=-21.81 | windows=20
global_step=9384 | return=-14.92 | windows=14
global_step=9384 | return=82.38 | windows=18
global_step=9392 | return=-94.37 | windows=13
global_step=9440 | return=-22.60 | windows=18
global_step=9472 | return=-20.66 | windows=31
global_step=9488 | return=-13.18 | windows=12
global_step=9496 | return=-15.79 | windows=17
global_step=9512 | return=-20.11 | windows=14
global_step=9536 | return=-14.27 | windows=18
global_step=9592 | return=-14.62 | windows=9
global_step=9600 | return=90.05 | windows=28
global_step=9624 | return=-20.20 | windows=16
global_step=9624 | return=61.25 | windows=15
global_step=9680 | return=190.92 | windows=42
global_step=9688 | return=-19.73 | windows=18
global_step=9704 | return=64.82 | windows=32
global_step=9712 | return=-21.81 | windows=29
global_step=9712 | return=-19.99 | windows=14
global_step=9720 | return=-14.89 | windows=14
global_step=9744 | return=5.08 | windows=14
global_step=9784 | return=14.94 | windows=19
global_step=9808 | return=24.06 | windows=15
global_step=9832 | return=-17.28 | windows=15
global_step=9840 | return=-21.04 | windows=14
global_step=9888 | return=-23.35 | windows=21
global_step=9912 | return=70.12 | windows=24
global_step=9912 | return=-5.16 | windows=27
global_step=9920 | return=-22.57 | windows=16
global_step=9936 | return=-19.88 | windows=12
global_step=9952 | return=-6.50 | windows=17
global_step=9984 | return=-11.62 | windows=17
global_step=10008 | return=-18.60 | windows=11
global_step=10016 | return=-19.17 | windows=33
global_step=10032 | return=-47.61 | windows=11
global_step=10056 | return=-14.65 | windows=17
global_step=10096 | return=-23.96 | windows=25
global_step=10184 | return=-22.79 | windows=15
global_step=10184 | return=-23.68 | windows=18
global_step=10184 | return=-23.46 | windows=24
global_step=10200 | return=18.09 | windows=30
global_step=10224 | return=-16.61 | windows=26
global_step=10232 | return=9.93 | windows=26
global_step=10240 | return=-21.31 | windows=39
global_step=10256 | return=-16.22 | windows=19
global_step=10320 | return=-15.73 | windows=16
global_step=10360 | return=-20.24 | windows=16
global_step=10368 | return=-13.57 | windows=20
global_step=10376 | return=-19.26 | windows=23
global_step=10400 | return=-26.56 | windows=26
global_step=10400 | return=-16.87 | windows=17
global_step=10432 | return=-16.93 | windows=23
global_step=10440 | return=82.04 | windows=25
global_step=10448 | return=-20.66 | windows=15
global_step=10512 | return=25.31 | windows=18
global_step=10544 | return=-64.78 | windows=12
global_step=10552 | return=-23.36 | windows=21
global_step=10584 | return=-15.82 | windows=22
global_step=10616 | return=-9.59 | windows=22
global_step=10640 | return=193.39 | windows=33
global_step=10648 | return=42.18 | windows=30
global_step=10648 | return=43.93 | windows=24
global_step=10688 | return=-12.13 | windows=12
global_step=10768 | return=-27.15 | windows=27
global_step=10784 | return=-24.36 | windows=20
global_step=10784 | return=-22.29 | windows=33
global_step=10824 | return=-24.53 | windows=33
global_step=10832 | return=-23.94 | windows=23
global_step=10840 | return=-15.62 | windows=23
global_step=10848 | return=22.88 | windows=24
global_step=10856 | return=-3.29 | windows=20
global_step=10888 | return=-19.99 | windows=14
global_step=10952 | return=-21.12 | windows=13
global_step=10968 | return=-20.69 | windows=22
global_step=11008 | return=9.10 | windows=14
global_step=11016 | return=21.25 | windows=20
global_step=11056 | return=-22.76 | windows=33
global_step=11064 | return=-20.33 | windows=29
global_step=11096 | return=-24.83 | windows=32
global_step=11104 | return=9.03 | windows=16
global_step=11136 | return=-23.92 | windows=22
global_step=11176 | return=8.69 | windows=20
global_step=11200 | return=-19.54 | windows=16
global_step=11216 | return=117.70 | windows=44
global_step=11216 | return=6.27 | windows=14
global_step=11280 | return=17.95 | windows=21
global_step=11296 | return=160.67 | windows=34
global_step=11320 | return=-48.42 | windows=17
global_step=11352 | return=-20.19 | windows=16
global_step=11352 | return=-16.45 | windows=26
global_step=11384 | return=-15.22 | windows=22
global_step=11384 | return=50.89 | windows=40
global_step=11432 | return=-57.11 | windows=9
global_step=11440 | return=-18.48 | windows=14
global_step=11448 | return=-21.00 | windows=20
global_step=11480 | return=-23.99 | windows=22
global_step=11488 | return=107.32 | windows=33
global_step=11520 | return=15.11 | windows=20
global_step=11536 | return=-15.82 | windows=12
global_step=11592 | return=-20.55 | windows=12
global_step=11600 | return=-23.22 | windows=19
global_step=11600 | return=-27.27 | windows=26
global_step=11616 | return=-20.51 | windows=28
global_step=11640 | return=-16.99 | windows=19
global_step=11680 | return=-25.85 | windows=19
global_step=11680 | return=-21.01 | windows=28
global_step=11752 | return=-26.62 | windows=26
global_step=11768 | return=60.41 | windows=20
global_step=11784 | return=56.10 | windows=22
global_step=11792 | return=21.07 | windows=24
global_step=11832 | return=-24.09 | windows=23
global_step=11856 | return=-27.70 | windows=29
global_step=11896 | return=132.45 | windows=26
global_step=11928 | return=-27.14 | windows=30
global_step=11928 | return=-18.06 | windows=19
global_step=11960 | return=26.72 | windows=25
global_step=11992 | return=-20.48 | windows=25
global_step=12056 | return=-22.61 | windows=32
global_step=12056 | return=-21.28 | windows=24
global_step=12056 | return=-25.57 | windows=27
global_step=12072 | return=-23.37 | windows=21
global_step=12096 | return=-0.22 | windows=20
global_step=12112 | return=-20.95 | windows=18
global_step=12160 | return=-19.24 | windows=28
global_step=12176 | return=75.36 | windows=14
global_step=12200 | return=159.81 | windows=25
global_step=12216 | return=9.06 | windows=19
global_step=12216 | return=-17.31 | windows=14
global_step=12232 | return=-22.25 | windows=21
global_step=12248 | return=-23.77 | windows=21
global_step=12288, SPS=0
global_step=12312 | return=157.33 | windows=24
global_step=12368 | return=-24.29 | windows=23
global_step=12376 | return=-18.02 | windows=19
global_step=12384 | return=-23.92 | windows=22
global_step=12384 | return=4.69 | windows=20
global_step=12392 | return=-19.32 | windows=28
global_step=12448 | return=-16.36 | windows=26
global_step=12472 | return=-16.54 | windows=27
global_step=12528 | return=-15.32 | windows=26
global_step=12536 | return=-22.55 | windows=19
global_step=12544 | return=11.88 | windows=19
global_step=12552 | return=124.98 | windows=19
global_step=12608 | return=-20.36 | windows=16
global_step=12616 | return=-51.11 | windows=10
global_step=12616 | return=59.00 | windows=20
global_step=12632 | return=117.77 | windows=32
global_step=12648 | return=26.04 | windows=32
global_step=12688 | return=-12.88 | windows=17
global_step=12696 | return=-16.23 | windows=19
global_step=12736 | return=-21.69 | windows=15
global_step=12736 | return=-17.15 | windows=22
global_step=12760 | return=70.52 | windows=17
global_step=12792 | return=-16.59 | windows=17
global_step=12840 | return=-15.28 | windows=25
global_step=12856 | return=-8.52 | windows=29
global_step=12872 | return=101.85 | windows=16
global_step=12896 | return=-24.69 | windows=25
global_step=12920 | return=-24.23 | windows=27
global_step=12936 | return=-17.33 | windows=24
global_step=12968 | return=-19.92 | windows=13
global_step=13024 | return=-5.09 | windows=15
global_step=13024 | return=-18.30 | windows=22
global_step=13032 | return=-15.13 | windows=19
global_step=13040 | return=114.92 | windows=30
global_step=13064 | return=8.79 | windows=37
global_step=13120 | return=16.50 | windows=24
global_step=13160 | return=-16.66 | windows=15
global_step=13168 | return=-16.55 | windows=15
global_step=13176 | return=-13.83 | windows=18
global_step=13184 | return=-24.39 | windows=26
global_step=13208 | return=-26.12 | windows=22
global_step=13208 | return=-19.77 | windows=33
global_step=13248 | return=-19.07 | windows=8
global_step=13264 | return=-18.64 | windows=17
global_step=13272 | return=-24.29 | windows=25
global_step=13336 | return=-24.07 | windows=21
global_step=13368 | return=-21.44 | windows=19
global_step=13376 | return=-7.50 | windows=25
global_step=13376 | return=-16.02 | windows=13
global_step=13424 | return=96.73 | windows=21
global_step=13432 | return=-20.46 | windows=30
global_step=13432 | return=-16.42 | windows=27
global_step=13480 | return=-20.80 | windows=12
global_step=13528 | return=50.08 | windows=31
global_step=13544 | return=-20.56 | windows=13
global_step=13560 | return=-79.52 | windows=22
global_step=13568 | return=-20.97 | windows=28
global_step=13576 | return=-16.75 | windows=25
global_step=13624 | return=-19.15 | windows=17
global_step=13648 | return=37.66 | windows=27
global_step=13672 | return=-19.86 | windows=12
global_step=13696 | return=-23.97 | windows=32
global_step=13736 | return=-24.17 | windows=25
global_step=13808 | return=-5.38 | windows=32
global_step=13816 | return=169.94 | windows=20
global_step=13832 | return=-16.21 | windows=16
global_step=13848 | return=-22.31 | windows=33
global_step=13856 | return=-2.10 | windows=22
global_step=13888 | return=-16.07 | windows=32
global_step=13904 | return=8.44 | windows=20
global_step=13928 | return=48.81 | windows=45
global_step=13976 | return=-14.86 | windows=15
global_step=14008 | return=-24.03 | windows=24
global_step=14040 | return=-18.63 | windows=7
global_step=14040 | return=-23.94 | windows=22
global_step=14040 | return=-22.68 | windows=18
global_step=14048 | return=-14.44 | windows=14
global_step=14064 | return=-18.72 | windows=28
global_step=14064 | return=-24.77 | windows=30
global_step=14120 | return=1.73 | windows=26
global_step=14184 | return=-23.96 | windows=21
global_step=14184 | return=-68.81 | windows=16
global_step=14216 | return=-17.93 | windows=21
global_step=14232 | return=-19.15 | windows=23
global_step=14240 | return=-23.82 | windows=21
global_step=14256 | return=-25.03 | windows=26
global_step=14256 | return=-8.99 | windows=23
global_step=14328 | return=-20.00 | windows=13
global_step=14360 | return=-5.79 | windows=29
global_step=14368 | return=129.36 | windows=22
global_step=14400 | return=-20.94 | windows=20
global_step=14416 | return=97.96 | windows=28
global_step=14448 | return=-21.46 | windows=23
global_step=14480 | return=107.58 | windows=27
global_step=14488 | return=-19.99 | windows=30
global_step=14520 | return=-22.40 | windows=23
global_step=14600 | return=-19.61 | windows=14
global_step=14600 | return=-8.26 | windows=28
global_step=14632 | return=-28.14 | windows=33
global_step=14640 | return=-8.11 | windows=23
global_step=14656 | return=-26.56 | windows=31
global_step=14688 | return=37.84 | windows=33
global_step=14712 | return=-19.92 | windows=13
global_step=14720 | return=68.37 | windows=24
global_step=14728 | return=-20.09 | windows=15
global_step=14760 | return=-23.44 | windows=33
global_step=14776 | return=-14.44 | windows=17
global_step=14840 | return=-13.15 | windows=13
global_step=14864 | return=28.91 | windows=27
global_step=14872 | return=156.02 | windows=22
global_step=14896 | return=25.14 | windows=21
global_step=14896 | return=-20.41 | windows=14
global_step=14904 | return=-23.24 | windows=30
global_step=14920 | return=-21.16 | windows=19
global_step=14928 | return=-16.22 | windows=26
global_step=14992 | return=-19.51 | windows=11
global_step=15016 | return=-14.86 | windows=21
global_step=15024 | return=-20.80 | windows=15
global_step=15040 | return=30.16 | windows=14
global_step=15056 | return=-16.90 | windows=22
global_step=15096 | return=21.69 | windows=23
global_step=15112 | return=39.85 | windows=30
global_step=15136 | return=-14.99 | windows=25
global_step=15144 | return=-21.51 | windows=12
global_step=15152 | return=-20.55 | windows=15
global_step=15208 | return=120.27 | windows=26
global_step=15232 | return=-23.91 | windows=21
global_step=15320 | return=-8.72 | windows=27
global_step=15328 | return=147.36 | windows=38
global_step=15336 | return=-62.07 | windows=12
global_step=15344 | return=-17.46 | windows=23
global_step=15344 | return=11.64 | windows=28
global_step=15368 | return=-9.82 | windows=28
global_step=15400 | return=-23.40 | windows=23
global_step=15456 | return=-15.58 | windows=13
global_step=15472 | return=-14.35 | windows=16
global_step=15488 | return=51.67 | windows=14
global_step=15504 | return=292.82 | windows=44
global_step=15544 | return=-12.74 | windows=24
global_step=15592 | return=161.67 | windows=32
global_step=15600 | return=89.53 | windows=34
global_step=15608 | return=6.97 | windows=25
global_step=15640 | return=-23.81 | windows=20
global_step=15656 | return=-21.31 | windows=24
global_step=15664 | return=-18.20 | windows=19
global_step=15720 | return=-20.05 | windows=15
global_step=15768 | return=71.66 | windows=34
global_step=15800 | return=-19.05 | windows=31
global_step=15816 | return=165.08 | windows=21
global_step=15832 | return=193.40 | windows=28
global_step=15856 | return=-21.21 | windows=30
global_step=15888 | return=52.76 | windows=27
global_step=15920 | return=-2.71 | windows=32
global_step=15952 | return=-24.01 | windows=28
global_step=15968 | return=-22.81 | windows=16
global_step=15976 | return=-22.25 | windows=19
global_step=15984 | return=-16.78 | windows=22
global_step=16032 | return=-18.55 | windows=17
global_step=16040 | return=-17.75 | windows=22
global_step=16072 | return=-12.24 | windows=11
global_step=16080 | return=-27.96 | windows=38
global_step=16088 | return=14.69 | windows=14
global_step=16128 | return=-26.00 | windows=25
global_step=16152 | return=-57.87 | windows=13
global_step=16152 | return=-14.94 | windows=14
global_step=16184 | return=-23.05 | windows=24
global_step=16200 | return=-27.18 | windows=30
global_step=16264 | return=-22.02 | windows=13
global_step=16264 | return=-16.34 | windows=23
global_step=16272 | return=4.36 | windows=22
global_step=16344 | return=-20.44 | windows=32
global_step=16360 | return=-16.12 | windows=28
global_step=16384, SPS=0
global_step=16392 | return=37.06 | windows=23
global_step=16400 | return=-23.17 | windows=26
global_step=16400 | return=-22.17 | windows=16
global_step=16424 | return=-15.08 | windows=18
global_step=16488 | return=91.05 | windows=41
global_step=16504 | return=-19.02 | windows=19
global_step=16552 | return=24.69 | windows=35
global_step=16560 | return=-20.83 | windows=16
global_step=16584 | return=-25.83 | windows=27
global_step=16600 | return=-23.57 | windows=24
global_step=16608 | return=-24.43 | windows=26
global_step=16632 | return=164.60 | windows=28
global_step=16664 | return=-23.57 | windows=19
global_step=16672 | return=-21.52 | windows=14
global_step=16680 | return=21.90 | windows=23
global_step=16704 | return=-19.86 | windows=12
global_step=16752 | return=-23.72 | windows=20
global_step=16776 | return=-21.46 | windows=26
global_step=16816 | return=-20.74 | windows=17
global_step=16816 | return=-1.35 | windows=18
global_step=16824 | return=-24.17 | windows=23
global_step=16824 | return=-11.95 | windows=26
global_step=16896 | return=41.17 | windows=9
global_step=16904 | return=-21.33 | windows=27
global_step=16976 | return=235.54 | windows=33
global_step=16976 | return=-20.69 | windows=18
global_step=16992 | return=105.92 | windows=29
global_step=17024 | return=-20.23 | windows=30
global_step=17040 | return=-20.25 | windows=26
global_step=17040 | return=-15.87 | windows=27
global_step=17080 | return=-1.31 | windows=22
global_step=17128 | return=-19.47 | windows=10
global_step=17136 | return=59.24 | windows=28
global_step=17176 | return=-24.64 | windows=24
global_step=17184 | return=-19.86 | windows=12
global_step=17192 | return=133.85 | windows=24
global_step=17208 | return=-21.71 | windows=20
global_step=17232 | return=-21.25 | windows=25
global_step=17232 | return=143.94 | windows=31
global_step=17312 | return=-24.03 | windows=22
global_step=17328 | return=-9.14 | windows=23
global_step=17368 | return=-18.11 | windows=22
global_step=17368 | return=-43.63 | windows=21
global_step=17376 | return=-1.11 | windows=24
global_step=17376 | return=-23.80 | windows=20
global_step=17416 | return=16.07 | windows=22
global_step=17432 | return=82.42 | windows=24
global_step=17456 | return=-52.12 | windows=17
global_step=17488 | return=-13.78 | windows=13
global_step=17504 | return=-20.88 | windows=16
global_step=17520 | return=-24.11 | windows=23
global_step=17528 | return=-19.86 | windows=11
global_step=17560 | return=1.86 | windows=22
global_step=17584 | return=-19.10 | windows=20
global_step=17584 | return=69.76 | windows=26
global_step=17696 | return=29.95 | windows=21
global_step=17704 | return=-25.39 | windows=30
global_step=17720 | return=87.53 | windows=23
global_step=17728 | return=-12.58 | windows=17
global_step=17752 | return=-13.09 | windows=32
global_step=17784 | return=10.78 | windows=34
global_step=17792 | return=-15.18 | windows=28
global_step=17888 | return=-19.28 | windows=20
global_step=17896 | return=74.31 | windows=17
global_step=17912 | return=-19.75 | windows=25
global_step=17936 | return=9.82 | windows=18
global_step=17944 | return=5.75 | windows=30
global_step=17968 | return=-17.13 | windows=29
global_step=17976 | return=158.88 | windows=48
global_step=17984 | return=44.29 | windows=23
global_step=18056 | return=-15.12 | windows=13
global_step=18072 | return=-7.52 | windows=19
global_step=18096 | return=-60.99 | windows=14
global_step=18112 | return=-18.43 | windows=27
global_step=18112 | return=-16.59 | windows=26
global_step=18128 | return=-16.16 | windows=17
global_step=18136 | return=27.73 | windows=24
global_step=18144 | return=-19.74 | windows=21
global_step=18192 | return=-17.22 | windows=9
global_step=18216 | return=56.53 | windows=19
global_step=18224 | return=-19.50 | windows=15
global_step=18288 | return=25.74 | windows=21
global_step=18304 | return=28.15 | windows=28
global_step=18328 | return=-17.87 | windows=23
global_step=18352 | return=-24.22 | windows=25
global_step=18368 | return=-18.76 | windows=29
global_step=18376 | return=-16.36 | windows=19
global_step=18384 | return=-16.06 | windows=23
global_step=18440 | return=30.63 | windows=26
global_step=18456 | return=-18.99 | windows=20
global_step=18520 | return=49.63 | windows=18
global_step=18536 | return=101.41 | windows=22
global_step=18536 | return=5.78 | windows=28
global_step=18552 | return=-14.14 | windows=11
global_step=18584 | return=-12.14 | windows=17
global_step=18584 | return=160.64 | windows=25
global_step=18600 | return=-13.90 | windows=7
global_step=18656 | return=32.81 | windows=33
global_step=18664 | return=-28.83 | windows=41
global_step=18696 | return=60.21 | windows=19
global_step=18728 | return=-20.54 | windows=17
global_step=18784 | return=87.19 | windows=32
global_step=18784 | return=-24.57 | windows=28
global_step=18840 | return=47.82 | windows=29
global_step=18848 | return=-19.99 | windows=14
global_step=18856 | return=81.57 | windows=33
global_step=18920 | return=-16.39 | windows=16
global_step=18928 | return=23.27 | windows=28
global_step=18928 | return=153.98 | windows=32
global_step=18952 | return=71.03 | windows=20
global_step=18976 | return=-12.53 | windows=15
global_step=19008 | return=32.53 | windows=43
global_step=19032 | return=17.78 | windows=23
global_step=19040 | return=-69.52 | windows=13
global_step=19096 | return=17.24 | windows=29
global_step=19112 | return=-8.20 | windows=19
global_step=19136 | return=36.42 | windows=26
global_step=19168 | return=31.75 | windows=29
global_step=19176 | return=-24.19 | windows=24
global_step=19200 | return=-19.86 | windows=12
global_step=19208 | return=58.94 | windows=21
global_step=19208 | return=-20.37 | windows=20
global_step=19240 | return=-43.56 | windows=28
global_step=19248 | return=70.09 | windows=13
global_step=19304 | return=-22.92 | windows=23
global_step=19336 | return=69.90 | windows=19
global_step=19352 | return=74.04 | windows=13
global_step=19376 | return=-18.53 | windows=20
global_step=19400 | return=-22.68 | windows=24
global_step=19424 | return=-23.56 | windows=31
global_step=19432 | return=29.67 | windows=27
global_step=19440 | return=-58.88 | windows=12
global_step=19496 | return=30.47 | windows=30
global_step=19504 | return=-20.86 | windows=24
global_step=19552 | return=158.78 | windows=24
global_step=19584 | return=-21.47 | windows=25
global_step=19592 | return=-16.44 | windows=20
global_step=19600 | return=54.46 | windows=24
global_step=19664 | return=-20.38 | windows=19
global_step=19696 | return=23.54 | windows=31
global_step=19704 | return=36.81 | windows=33
global_step=19736 | return=60.26 | windows=22
global_step=19744 | return=57.71 | windows=30
global_step=19760 | return=138.55 | windows=21
global_step=19760 | return=-54.26 | windows=11
global_step=19888 | return=-18.59 | windows=17
global_step=19896 | return=232.29 | windows=24
global_step=19952 | return=52.36 | windows=23
global_step=19960 | return=-9.45 | windows=45
global_step=19960 | return=-23.75 | windows=27
global_step=19968 | return=-27.36 | windows=45
global_step=20000 | return=-11.88 | windows=36
global_step=20024 | return=96.12 | windows=32
global_step=20064 | return=206.17 | windows=20
global_step=20104 | return=-21.51 | windows=26
global_step=20120 | return=-16.26 | windows=19
global_step=20120 | return=44.66 | windows=19
global_step=20176 | return=-20.39 | windows=25
global_step=20232 | return=-18.53 | windows=34
global_step=20240 | return=-24.37 | windows=29
global_step=20264 | return=61.06 | windows=17
global_step=20264 | return=-5.13 | windows=24
global_step=20288 | return=-23.65 | windows=22
global_step=20296 | return=-23.87 | windows=21
global_step=20296 | return=-21.21 | windows=33
global_step=20336 | return=-52.02 | windows=11
global_step=20376 | return=-19.61 | windows=10
global_step=20384 | return=-49.04 | windows=10
global_step=20432 | return=117.99 | windows=31
global_step=20464 | return=-16.78 | windows=24
global_step=20480, SPS=0
global_step=20520 | return=-23.63 | windows=35
global_step=20536 | return=-28.12 | windows=33
global_step=20544 | return=6.07 | windows=30
global_step=20560 | return=49.71 | windows=15
global_step=20584 | return=-27.21 | windows=30
global_step=20584 | return=-20.83 | windows=25
global_step=20704 | return=-14.96 | windows=14
global_step=20704 | return=18.36 | windows=22
global_step=20720 | return=-19.01 | windows=31
global_step=20728 | return=-28.80 | windows=42
global_step=20744 | return=29.00 | windows=24
global_step=20760 | return=-16.63 | windows=27
global_step=20784 | return=-4.56 | windows=24
global_step=20848 | return=-28.44 | windows=35
global_step=20856 | return=-22.50 | windows=18
global_step=20864 | return=-22.48 | windows=19
global_step=20904 | return=2.61 | windows=22
global_step=20968 | return=125.03 | windows=22
global_step=20976 | return=-8.99 | windows=26
global_step=20984 | return=-5.54 | windows=31
global_step=20992 | return=90.75 | windows=30
global_step=21064 | return=-17.14 | windows=19
global_step=21088 | return=-13.23 | windows=12
global_step=21096 | return=-16.92 | windows=28
global_step=21144 | return=2.16 | windows=36
global_step=21176 | return=-17.62 | windows=25
global_step=21184 | return=68.54 | windows=40
global_step=21224 | return=-26.42 | windows=30
global_step=21224 | return=-4.03 | windows=28
global_step=21232 | return=-20.22 | windows=16
global_step=21320 | return=13.17 | windows=28
global_step=21328 | return=130.43 | windows=22
global_step=21328 | return=-18.97 | windows=11
global_step=21368 | return=-21.54 | windows=17
global_step=21376 | return=92.91 | windows=38
Traceback (most recent call last):
  File "/md0/home/UFAD/tcuevasmestanza/CarRacing/smdp/experiments/adaptive_fps_smdp/train_mlp.py", line 285, in <module>
    next_obs, reward, terminations, truncations, infos = envs.step(action.cpu().numpy())
                                                         ^^^^^^^^^^^^^^^^^^^^^^^^^^^^^^^
  File "/home/UFAD/tcuevasmestanza/.conda/envs/racing/lib/python3.12/site-packages/gymnasium/vector/sync_vector_env.py", line 266, in step
    ) = self.envs[i].step(action)
        ^^^^^^^^^^^^^^^^^^^^^^^^^
  File "/home/UFAD/tcuevasmestanza/.conda/envs/racing/lib/python3.12/site-packages/gymnasium/wrappers/common.py", line 512, in step
    obs, reward, terminated, truncated, info = super().step(action)
                                               ^^^^^^^^^^^^^^^^^^^^
  File "/home/UFAD/tcuevasmestanza/.conda/envs/racing/lib/python3.12/site-packages/gymnasium/core.py", line 327, in step
    return self.env.step(action)
           ^^^^^^^^^^^^^^^^^^^^^
  File "/md0/home/UFAD/tcuevasmestanza/CarRacing/wrappers/adaptive_fps_cautious_smdp_wrapper.py", line 167, in step
    observed_frame, nav_reward, terminated, truncated, info = self.env.step(navigation_action)
                                                              ^^^^^^^^^^^^^^^^^^^^^^^^^^^^^^^^
  File "/md0/home/UFAD/tcuevasmestanza/CarRacing/wrappers/pre_processing.py", line 38, in step
    observation, reward, terminated, truncated, info = self.env.step(action)
                                                       ^^^^^^^^^^^^^^^^^^^^^
  File "/home/UFAD/tcuevasmestanza/.conda/envs/racing/lib/python3.12/site-packages/gymnasium/wrappers/common.py", line 124, in step
    observation, reward, terminated, truncated, info = self.env.step(action)
                                                       ^^^^^^^^^^^^^^^^^^^^^
  File "/home/UFAD/tcuevasmestanza/.conda/envs/racing/lib/python3.12/site-packages/gymnasium/wrappers/common.py", line 392, in step
    return super().step(action)
           ^^^^^^^^^^^^^^^^^^^^
  File "/home/UFAD/tcuevasmestanza/.conda/envs/racing/lib/python3.12/site-packages/gymnasium/core.py", line 327, in step
    return self.env.step(action)
           ^^^^^^^^^^^^^^^^^^^^^
  File "/home/UFAD/tcuevasmestanza/.conda/envs/racing/lib/python3.12/site-packages/gymnasium/wrappers/common.py", line 284, in step
    return self.env.step(action)
           ^^^^^^^^^^^^^^^^^^^^^
  File "/home/UFAD/tcuevasmestanza/.conda/envs/racing/lib/python3.12/site-packages/gymnasium/envs/box2d/car_racing.py", line 561, in step
    self.state = self._render("state_pixels")
                 ^^^^^^^^^^^^^^^^^^^^^^^^^^^^
  File "/home/UFAD/tcuevasmestanza/.conda/envs/racing/lib/python3.12/site-packages/gymnasium/envs/box2d/car_racing.py", line 626, in _render
    self._render_road(zoom, trans, angle)
  File "/home/UFAD/tcuevasmestanza/.conda/envs/racing/lib/python3.12/site-packages/gymnasium/envs/box2d/car_racing.py", line 670, in _render_road
    self._draw_colored_polygon(
  File "/home/UFAD/tcuevasmestanza/.conda/envs/racing/lib/python3.12/site-packages/gymnasium/envs/box2d/car_racing.py", line 784, in _draw_colored_polygon
    gfxdraw.filled_polygon(self.surf, poly, color)
KeyboardInterrupt
