/home/UFAD/tcuevasmestanza/.conda/envs/racing/lib/python3.12/site-packages/tyro/_parsers.py:353: UserWarning: The field `wandb-entity` is annotated with type `<class 'str'>`, but the default value `None` has type `<class 'NoneType'>`. We'll try to handle this gracefully, but it may cause unexpected behavior.
  warnings.warn(message)
/home/UFAD/tcuevasmestanza/.conda/envs/racing/lib/python3.12/site-packages/tyro/_parsers.py:353: UserWarning: The field `target-kl` is annotated with type `<class 'float'>`, but the default value `None` has type `<class 'NoneType'>`. We'll try to handle this gracefully, but it may cause unexpected behavior.
  warnings.warn(message)
/home/UFAD/tcuevasmestanza/.conda/envs/racing/lib/python3.12/site-packages/tyro/_parsers.py:353: UserWarning: The field `resume-path` is annotated with type `<class 'str'>`, but the default value `None` has type `<class 'NoneType'>`. We'll try to handle this gracefully, but it may cause unexpected behavior.
  warnings.warn(message)
Experiment info saved → smdp/experiments/adaptive_fps_smdp/runs/CarRacing-v3_smdp_mlp_fc_0.0_bud_150.0_19-07-14-34-17/info_settings.txt
Device: cuda
Navigation model path: experiments/navigation/runs/CarRacing-v3__ppo__1__1781901069/final.pt
Navigation Model loaded on cuda
Navigation Model loaded on cuda
Navigation Model loaded on cuda
Navigation Model loaded on cuda
Navigation Model loaded on cuda
Navigation Model loaded on cuda
Navigation Model loaded on cuda
Navigation Model loaded on cuda
global_step=96 | return=-19.15 | windows=12
global_step=128 | return=-12.65 | windows=16
global_step=144 | return=-20.20 | windows=18
global_step=152 | return=36.87 | windows=19
global_step=168 | return=-22.82 | windows=21
global_step=184 | return=-15.37 | windows=23
global_step=192 | return=49.27 | windows=24
global_step=216 | return=52.47 | windows=14
global_step=224 | return=-14.48 | windows=28
global_step=232 | return=-19.24 | windows=12
global_step=264 | return=-16.53 | windows=13
global_step=304 | return=-20.60 | windows=16
global_step=320 | return=-19.25 | windows=11
global_step=320 | return=94.76 | windows=21
global_step=328 | return=-15.23 | windows=16
global_step=328 | return=-13.42 | windows=17
global_step=360 | return=28.98 | windows=11
global_step=400 | return=5.74 | windows=22
global_step=424 | return=-11.99 | windows=11
global_step=424 | return=-3.43 | windows=23
global_step=448 | return=-16.25 | windows=17
global_step=456 | return=-13.46 | windows=16
global_step=464 | return=-18.58 | windows=12
global_step=488 | return=54.36 | windows=20
global_step=520 | return=-19.19 | windows=11
global_step=544 | return=-16.64 | windows=17
global_step=560 | return=-19.33 | windows=28
global_step=568 | return=-15.25 | windows=17
global_step=584 | return=-12.77 | windows=14
global_step=616 | return=-16.69 | windows=19
global_step=616 | return=-18.12 | windows=20
global_step=632 | return=-18.15 | windows=17
global_step=640 | return=-15.63 | windows=14
global_step=696 | return=-19.30 | windows=15
global_step=704 | return=-68.01 | windows=7
global_step=720 | return=-22.82 | windows=21
global_step=720 | return=113.86 | windows=19
global_step=752 | return=-16.55 | windows=14
global_step=768 | return=-22.92 | windows=22
global_step=776 | return=-0.74 | windows=19
global_step=792 | return=-18.74 | windows=8
global_step=856 | return=-19.28 | windows=19
global_step=904 | return=19.79 | windows=35
global_step=912 | return=-20.11 | windows=25
global_step=944 | return=-25.06 | windows=27
global_step=952 | return=48.52 | windows=24
global_step=992 | return=-15.42 | windows=26
global_step=1008 | return=-17.47 | windows=26
global_step=1008 | return=-12.51 | windows=11
global_step=1016 | return=-18.43 | windows=19
global_step=1024 | return=141.71 | windows=31
global_step=1056 | return=73.43 | windows=18
global_step=1080 | return=10.46 | windows=16
global_step=1080 | return=-19.94 | windows=15
global_step=1144 | return=-12.12 | windows=10
global_step=1160 | return=7.14 | windows=20
global_step=1160 | return=-21.51 | windows=17
global_step=1176 | return=-21.14 | windows=20
global_step=1192 | return=21.90 | windows=20
global_step=1200 | return=-18.78 | windows=14
global_step=1224 | return=60.15 | windows=17
global_step=1272 | return=-21.36 | windows=15
global_step=1280 | return=-13.38 | windows=12
global_step=1296 | return=-21.21 | windows=35
global_step=1304 | return=-22.15 | windows=17
global_step=1312 | return=-22.71 | windows=18
global_step=1328 | return=-21.39 | windows=16
global_step=1384 | return=-17.96 | windows=10
global_step=1384 | return=-22.05 | windows=19
global_step=1392 | return=-14.24 | windows=9
global_step=1400 | return=-19.36 | windows=14
global_step=1408 | return=-20.05 | windows=25
global_step=1448 | return=92.65 | windows=21
global_step=1448 | return=-21.23 | windows=17
global_step=1528 | return=-11.72 | windows=17
global_step=1536 | return=-18.33 | windows=15
global_step=1544 | return=-14.23 | windows=18
global_step=1544 | return=-20.31 | windows=19
global_step=1552 | return=64.26 | windows=27
global_step=1592 | return=-14.58 | windows=17
global_step=1632 | return=-21.79 | windows=28
global_step=1640 | return=-15.86 | windows=12
global_step=1640 | return=-18.37 | windows=23
global_step=1656 | return=-15.13 | windows=15
global_step=1672 | return=-11.05 | windows=15
global_step=1696 | return=-19.46 | windows=18
global_step=1736 | return=-18.71 | windows=17
global_step=1736 | return=-17.50 | windows=22
global_step=1768 | return=20.96 | windows=16
global_step=1808 | return=-13.80 | windows=20
global_step=1808 | return=-15.13 | windows=20
global_step=1816 | return=-18.86 | windows=14
global_step=1824 | return=-18.26 | windows=18
global_step=1824 | return=-13.98 | windows=20
global_step=1856 | return=-19.83 | windows=10
global_step=1896 | return=-25.06 | windows=19
global_step=1936 | return=-1.47 | windows=24
global_step=1936 | return=-15.49 | windows=15
global_step=1952 | return=-19.30 | windows=16
global_step=1960 | return=-16.56 | windows=16
global_step=1960 | return=-22.66 | windows=16
global_step=2016 | return=-16.92 | windows=25
global_step=2048 | return=-19.21 | windows=10
global_step=2056 | return=122.71 | windows=24
global_step=2064 | return=-18.29 | windows=20
global_step=2064 | return=-14.63 | windows=15
global_step=2080 | return=-18.81 | windows=7
global_step=2136 | return=27.98 | windows=21
global_step=2144 | return=-14.51 | windows=11
global_step=2144 | return=-19.22 | windows=10
global_step=2152 | return=25.61 | windows=26
global_step=2176 | return=-17.03 | windows=27
global_step=2208 | return=-22.17 | windows=17
global_step=2232 | return=-19.08 | windows=9
global_step=2248 | return=38.80 | windows=22
global_step=2256 | return=-7.76 | windows=21
global_step=2264 | return=-12.52 | windows=14
global_step=2280 | return=-15.15 | windows=12
global_step=2320 | return=-60.98 | windows=13
global_step=2328 | return=-18.59 | windows=7
global_step=2328 | return=-21.65 | windows=22
global_step=2384 | return=22.37 | windows=12
global_step=2416 | return=-18.96 | windows=34
global_step=2416 | return=57.30 | windows=22
global_step=2416 | return=-20.99 | windows=19
global_step=2424 | return=-14.73 | windows=12
global_step=2440 | return=-17.49 | windows=23
global_step=2464 | return=-18.19 | windows=16
global_step=2520 | return=-15.41 | windows=23
global_step=2544 | return=-14.66 | windows=19
global_step=2568 | return=-12.64 | windows=15
global_step=2568 | return=47.93 | windows=18
global_step=2600 | return=82.89 | windows=22
global_step=2616 | return=-17.34 | windows=23
global_step=2640 | return=99.80 | windows=27
global_step=2664 | return=-16.44 | windows=17
global_step=2672 | return=207.18 | windows=25
global_step=2696 | return=-14.44 | windows=15
global_step=2744 | return=78.83 | windows=21
global_step=2768 | return=60.53 | windows=18
global_step=2768 | return=-20.17 | windows=20
global_step=2776 | return=-22.08 | windows=28
global_step=2784 | return=-17.93 | windows=17
global_step=2808 | return=-18.44 | windows=16
global_step=2832 | return=9.05 | windows=20
global_step=2896 | return=-20.53 | windows=15
global_step=2912 | return=-18.22 | windows=16
global_step=2912 | return=-14.19 | windows=17
global_step=2920 | return=32.46 | windows=27
global_step=2936 | return=-17.59 | windows=23
global_step=2944 | return=-22.64 | windows=19
global_step=2976 | return=-14.54 | windows=20
global_step=3000 | return=18.70 | windows=20
global_step=3008 | return=-14.04 | windows=11
global_step=3016 | return=-19.27 | windows=14
global_step=3024 | return=-15.40 | windows=9
global_step=3088 | return=-18.46 | windows=21
global_step=3120 | return=-16.53 | windows=13
global_step=3136 | return=-17.45 | windows=24
global_step=3136 | return=-10.24 | windows=26
global_step=3144 | return=-19.45 | windows=20
global_step=3152 | return=-54.54 | windows=16
global_step=3192 | return=20.59 | windows=20
global_step=3192 | return=-15.15 | windows=23
global_step=3208 | return=-21.05 | windows=14
global_step=3256 | return=-17.20 | windows=14
global_step=3296 | return=-7.22 | windows=19
global_step=3296 | return=-18.25 | windows=18
global_step=3320 | return=-14.71 | windows=13
global_step=3328 | return=-17.04 | windows=25
global_step=3344 | return=-9.37 | windows=23
global_step=3368 | return=-12.00 | windows=13
global_step=3376 | return=-14.77 | windows=22
global_step=3416 | return=-66.88 | windows=14
global_step=3416 | return=-18.34 | windows=10
global_step=3424 | return=-16.65 | windows=28
global_step=3456 | return=-22.12 | windows=16
global_step=3456 | return=-15.01 | windows=13
global_step=3528 | return=24.76 | windows=18
global_step=3536 | return=-18.45 | windows=29
global_step=3536 | return=-2.39 | windows=20
global_step=3544 | return=-4.22 | windows=14
global_step=3592 | return=97.03 | windows=21
global_step=3608 | return=-12.61 | windows=18
global_step=3616 | return=-22.11 | windows=19
global_step=3664 | return=-14.11 | windows=15
global_step=3672 | return=25.42 | windows=31
global_step=3672 | return=-18.20 | windows=15
global_step=3680 | return=-19.54 | windows=17
global_step=3696 | return=-19.95 | windows=20
global_step=3744 | return=-20.58 | windows=16
global_step=3744 | return=-17.57 | windows=15
global_step=3776 | return=-19.21 | windows=11
global_step=3808 | return=109.13 | windows=26
global_step=3832 | return=-18.41 | windows=10
global_step=3872 | return=29.49 | windows=24
global_step=3880 | return=-23.74 | windows=22
global_step=3904 | return=-18.02 | windows=15
global_step=3912 | return=123.00 | windows=30
global_step=3920 | return=-16.45 | windows=13
global_step=3920 | return=-23.28 | windows=30
global_step=3944 | return=-14.52 | windows=24
global_step=3976 | return=-19.25 | windows=11
global_step=3984 | return=-0.20 | windows=18
global_step=4000 | return=-19.18 | windows=10
global_step=4000 | return=-18.03 | windows=11
global_step=4072 | return=10.99 | windows=18
global_step=4072 | return=-17.87 | windows=15
global_step=4080 | return=-24.37 | windows=25
global_step=4096, SPS=0
global_step=4104 | return=-20.94 | windows=15
global_step=4112 | return=-20.99 | windows=23
global_step=4128 | return=53.26 | windows=15
global_step=4168 | return=132.71 | windows=22
global_step=4216 | return=-19.43 | windows=17
global_step=4224 | return=-19.95 | windows=17
global_step=4232 | return=23.71 | windows=19
global_step=4232 | return=-17.26 | windows=15
global_step=4248 | return=-14.37 | windows=30
global_step=4264 | return=-11.69 | windows=11
global_step=4320 | return=-20.06 | windows=25
global_step=4328 | return=-16.68 | windows=24
global_step=4336 | return=-16.06 | windows=12
global_step=4352 | return=-12.86 | windows=12
global_step=4368 | return=-19.13 | windows=12
global_step=4384 | return=-22.62 | windows=18
global_step=4400 | return=-16.50 | windows=21
global_step=4416 | return=153.83 | windows=24
global_step=4448 | return=-16.10 | windows=11
global_step=4488 | return=9.47 | windows=19
global_step=4496 | return=-19.30 | windows=15
global_step=4520 | return=59.99 | windows=16
global_step=4528 | return=-14.92 | windows=23
global_step=4552 | return=110.10 | windows=28
global_step=4576 | return=-16.42 | windows=15
global_step=4576 | return=-20.51 | windows=19
global_step=4592 | return=-14.83 | windows=23
global_step=4624 | return=-13.15 | windows=16
global_step=4640 | return=-15.17 | windows=17
global_step=4688 | return=-17.42 | windows=13
global_step=4688 | return=-21.53 | windows=20
global_step=4720 | return=-13.92 | windows=23
global_step=4728 | return=18.98 | windows=21
global_step=4744 | return=-13.21 | windows=12
global_step=4760 | return=-22.16 | windows=20
global_step=4792 | return=-19.01 | windows=26
global_step=4816 | return=-15.60 | windows=15
global_step=4816 | return=-4.02 | windows=23
global_step=4840 | return=-53.85 | windows=18
global_step=4872 | return=-13.76 | windows=17
global_step=4952 | return=-6.42 | windows=28
global_step=4960 | return=-16.25 | windows=17
global_step=4968 | return=-21.87 | windows=18
global_step=4976 | return=-19.53 | windows=22
global_step=5008 | return=-29.51 | windows=32
global_step=5016 | return=0.35 | windows=31
global_step=5016 | return=-19.18 | windows=21
global_step=5048 | return=-11.96 | windows=10
global_step=5104 | return=-19.23 | windows=28
global_step=5112 | return=-21.58 | windows=16
global_step=5136 | return=-14.38 | windows=14
global_step=5144 | return=16.27 | windows=21
global_step=5168 | return=-21.00 | windows=19
global_step=5208 | return=21.56 | windows=31
global_step=5240 | return=-17.47 | windows=11
global_step=5264 | return=167.12 | windows=26
global_step=5272 | return=-25.20 | windows=31
global_step=5288 | return=31.40 | windows=18
global_step=5312 | return=-20.21 | windows=25
global_step=5336 | return=-50.31 | windows=11
global_step=5376 | return=-21.52 | windows=32
global_step=5384 | return=-18.68 | windows=8
global_step=5392 | return=-17.45 | windows=22
global_step=5408 | return=-19.79 | windows=29
global_step=5448 | return=-19.82 | windows=22
global_step=5512 | return=-6.54 | windows=16
global_step=5520 | return=-21.16 | windows=22
global_step=5528 | return=-20.12 | windows=14
global_step=5576 | return=-19.54 | windows=37
global_step=5576 | return=-20.84 | windows=22
global_step=5584 | return=22.57 | windows=24
global_step=5592 | return=-4.17 | windows=37
global_step=5656 | return=-23.73 | windows=25
global_step=5672 | return=-22.78 | windows=19
global_step=5688 | return=143.88 | windows=19
global_step=5696 | return=-14.12 | windows=21
global_step=5720 | return=-23.09 | windows=17
global_step=5720 | return=-15.92 | windows=16
global_step=5736 | return=-22.39 | windows=19
global_step=5816 | return=88.64 | windows=27
global_step=5840 | return=-13.16 | windows=17
global_step=5848 | return=-0.17 | windows=23
global_step=5856 | return=-17.54 | windows=22
global_step=5856 | return=-19.40 | windows=16
global_step=5872 | return=110.93 | windows=18
global_step=5880 | return=-22.01 | windows=17
global_step=5912 | return=100.24 | windows=27
global_step=5936 | return=-15.24 | windows=14
global_step=5984 | return=-18.11 | windows=16
global_step=5984 | return=-11.88 | windows=15
global_step=6008 | return=-17.81 | windows=20
global_step=6008 | return=-13.43 | windows=15
global_step=6048 | return=168.56 | windows=23
global_step=6064 | return=-20.94 | windows=15
global_step=6064 | return=-23.03 | windows=23
global_step=6112 | return=-19.83 | windows=24
global_step=6120 | return=-21.92 | windows=16
global_step=6168 | return=-17.42 | windows=12
global_step=6192 | return=-16.61 | windows=22
global_step=6208 | return=-20.66 | windows=27
global_step=6216 | return=125.18 | windows=18
global_step=6248 | return=141.60 | windows=29
global_step=6280 | return=63.29 | windows=20
global_step=6288 | return=90.23 | windows=20
global_step=6288 | return=-18.59 | windows=29
global_step=6336 | return=-15.11 | windows=20
global_step=6352 | return=-15.49 | windows=12
global_step=6368 | return=49.63 | windows=21
global_step=6400 | return=39.70 | windows=23
global_step=6432 | return=-12.47 | windows=17
global_step=6448 | return=16.19 | windows=13
global_step=6464 | return=-19.33 | windows=30
global_step=6472 | return=135.79 | windows=22
global_step=6560 | return=7.05 | windows=34
global_step=6560 | return=87.84 | windows=25
global_step=6576 | return=-83.35 | windows=25
global_step=6600 | return=-3.86 | windows=15
global_step=6616 | return=-22.11 | windows=18
global_step=6640 | return=-21.52 | windows=25
global_step=6640 | return=24.61 | windows=29
global_step=6656 | return=-22.93 | windows=25
global_step=6704 | return=-10.71 | windows=17
global_step=6704 | return=-11.98 | windows=15
global_step=6712 | return=-19.11 | windows=11
global_step=6736 | return=-12.43 | windows=11
global_step=6752 | return=-13.86 | windows=13
global_step=6760 | return=-22.07 | windows=24
global_step=6784 | return=-16.92 | windows=22
global_step=6808 | return=-19.26 | windows=12
global_step=6824 | return=-14.48 | windows=10
global_step=6840 | return=-14.04 | windows=16
global_step=6888 | return=-19.51 | windows=16
global_step=6896 | return=-12.71 | windows=13
global_step=6904 | return=-23.44 | windows=30
global_step=6936 | return=54.20 | windows=27
global_step=6960 | return=-15.73 | windows=24
global_step=6984 | return=-18.64 | windows=21
global_step=6992 | return=-39.15 | windows=11
global_step=7008 | return=-13.30 | windows=14
global_step=7016 | return=6.00 | windows=21
global_step=7040 | return=-22.97 | windows=26
global_step=7072 | return=68.88 | windows=16
global_step=7112 | return=10.30 | windows=25
global_step=7136 | return=33.89 | windows=21
global_step=7144 | return=-17.73 | windows=18
global_step=7152 | return=-22.27 | windows=20
global_step=7184 | return=-13.81 | windows=17
global_step=7256 | return=-21.93 | windows=29
global_step=7256 | return=-13.53 | windows=22
global_step=7264 | return=-17.37 | windows=18
global_step=7272 | return=-11.90 | windows=14
global_step=7304 | return=166.79 | windows=36
global_step=7328 | return=-23.57 | windows=22
global_step=7344 | return=82.33 | windows=19
global_step=7352 | return=-19.24 | windows=11
global_step=7352 | return=-22.95 | windows=26
global_step=7432 | return=-18.97 | windows=20
global_step=7464 | return=23.56 | windows=25
global_step=7480 | return=-19.79 | windows=18
global_step=7496 | return=0.64 | windows=17
global_step=7504 | return=-18.85 | windows=28
global_step=7504 | return=-23.02 | windows=24
global_step=7528 | return=57.14 | windows=22
global_step=7584 | return=-19.61 | windows=28
global_step=7600 | return=-12.40 | windows=20
global_step=7632 | return=-50.25 | windows=15
global_step=7640 | return=6.88 | windows=16
global_step=7664 | return=-18.95 | windows=24
global_step=7712 | return=44.40 | windows=26
global_step=7728 | return=-19.30 | windows=15
global_step=7728 | return=-17.00 | windows=24
global_step=7752 | return=-19.64 | windows=10
global_step=7760 | return=-23.02 | windows=34
global_step=7808 | return=-22.20 | windows=21
global_step=7816 | return=4.45 | windows=21
global_step=7840 | return=-23.13 | windows=31
global_step=7912 | return=-21.44 | windows=19
global_step=7912 | return=-17.47 | windows=24
global_step=7912 | return=-16.06 | windows=22
global_step=7920 | return=21.34 | windows=23
global_step=7928 | return=-19.29 | windows=14
global_step=7928 | return=-13.39 | windows=20
global_step=7968 | return=-19.65 | windows=15
global_step=8040 | return=67.15 | windows=27
global_step=8048 | return=-18.53 | windows=16
global_step=8056 | return=-19.64 | windows=15
global_step=8064 | return=-21.86 | windows=17
global_step=8064 | return=-12.32 | windows=16
global_step=8080 | return=-19.36 | windows=20
global_step=8112 | return=-17.21 | windows=24
global_step=8184 | return=-23.13 | windows=26
global_step=8192 | return=145.06 | windows=17
global_step=8192, SPS=0
global_step=8200 | return=26.37 | windows=17
global_step=8200 | return=32.27 | windows=16
global_step=8208 | return=1.47 | windows=17
global_step=8240 | return=-20.57 | windows=15
global_step=8264 | return=-16.44 | windows=27
global_step=8328 | return=-16.52 | windows=30
global_step=8336 | return=-14.40 | windows=18
global_step=8352 | return=-18.09 | windows=13
global_step=8360 | return=-15.52 | windows=18
global_step=8408 | return=174.10 | windows=26
global_step=8448 | return=130.90 | windows=30
global_step=8464 | return=66.79 | windows=32
global_step=8464 | return=-23.01 | windows=24
global_step=8496 | return=-7.39 | windows=20
global_step=8496 | return=-37.29 | windows=16
global_step=8560 | return=112.53 | windows=25
global_step=8560 | return=38.39 | windows=27
global_step=8616 | return=49.57 | windows=20
global_step=8640 | return=-24.98 | windows=28
global_step=8680 | return=92.00 | windows=26
global_step=8696 | return=-16.01 | windows=24
global_step=8704 | return=149.05 | windows=25
global_step=8720 | return=-10.99 | windows=12
global_step=8744 | return=-15.05 | windows=22
global_step=8752 | return=0.86 | windows=13
global_step=8784 | return=-20.58 | windows=39
global_step=8792 | return=88.00 | windows=28
global_step=8824 | return=-15.63 | windows=17
global_step=8840 | return=-17.07 | windows=16
global_step=8864 | return=-21.73 | windows=20
global_step=8912 | return=-16.67 | windows=23
global_step=8928 | return=-6.81 | windows=22
global_step=8928 | return=16.32 | windows=16
global_step=8944 | return=19.97 | windows=23
global_step=8944 | return=-16.05 | windows=19
global_step=8968 | return=-26.77 | windows=15
global_step=8992 | return=-93.04 | windows=20
global_step=9008 | return=-21.31 | windows=17
global_step=9088 | return=80.86 | windows=21
global_step=9096 | return=-14.39 | windows=20
global_step=9104 | return=113.49 | windows=16
global_step=9128 | return=94.75 | windows=22
global_step=9152 | return=-18.41 | windows=27
global_step=9200 | return=-22.92 | windows=23
global_step=9216 | return=-16.55 | windows=7
global_step=9232 | return=-15.57 | windows=29
global_step=9232 | return=-26.68 | windows=35
global_step=9264 | return=-16.03 | windows=16
global_step=9280 | return=-21.93 | windows=21
global_step=9288 | return=-22.37 | windows=23
global_step=9336 | return=4.91 | windows=30
global_step=9352 | return=-19.18 | windows=14
global_step=9368 | return=-20.81 | windows=20
global_step=9384 | return=-14.22 | windows=14
global_step=9392 | return=-93.72 | windows=13
global_step=9392 | return=83.13 | windows=19
global_step=9440 | return=-21.70 | windows=18
global_step=9472 | return=-19.11 | windows=31
global_step=9488 | return=-12.58 | windows=12
global_step=9496 | return=-14.94 | windows=17
global_step=9512 | return=-19.41 | windows=14
global_step=9536 | return=-19.41 | windows=17
global_step=9592 | return=-14.17 | windows=9
global_step=9600 | return=91.45 | windows=28
global_step=9624 | return=-19.40 | windows=16
global_step=9624 | return=62.00 | windows=15
global_step=9680 | return=193.02 | windows=42
global_step=9688 | return=-18.83 | windows=18
global_step=9704 | return=66.42 | windows=32
global_step=9712 | return=-20.36 | windows=29
global_step=9712 | return=-19.29 | windows=14
global_step=9720 | return=-14.19 | windows=14
global_step=9744 | return=5.78 | windows=14
global_step=9784 | return=15.89 | windows=19
global_step=9808 | return=24.81 | windows=15
global_step=9832 | return=-16.53 | windows=15
global_step=9840 | return=-20.34 | windows=14
global_step=9888 | return=-22.30 | windows=21
global_step=9912 | return=71.32 | windows=24
global_step=9912 | return=-3.81 | windows=27
global_step=9920 | return=-21.77 | windows=16
global_step=9936 | return=-19.28 | windows=12
global_step=9952 | return=-5.65 | windows=17
global_step=9984 | return=-10.77 | windows=17
global_step=10008 | return=-18.05 | windows=11
global_step=10016 | return=-17.52 | windows=33
global_step=10032 | return=-47.06 | windows=11
global_step=10072 | return=-15.90 | windows=19
global_step=10096 | return=-22.71 | windows=25
global_step=10144 | return=25.03 | windows=23
global_step=10184 | return=-22.78 | windows=18
global_step=10184 | return=-22.26 | windows=24
global_step=10224 | return=-15.31 | windows=26
global_step=10232 | return=11.23 | windows=26
global_step=10232 | return=101.20 | windows=19
global_step=10240 | return=-19.36 | windows=39
global_step=10256 | return=-15.27 | windows=19
global_step=10296 | return=-12.42 | windows=18
global_step=10320 | return=-14.93 | windows=16
global_step=10360 | return=-19.44 | windows=16
global_step=10376 | return=-18.11 | windows=23
global_step=10400 | return=-16.02 | windows=17
global_step=10432 | return=-15.78 | windows=23
global_step=10440 | return=83.29 | windows=25
global_step=10448 | return=8.69 | windows=26
global_step=10448 | return=-19.91 | windows=15
global_step=10512 | return=26.21 | windows=18
global_step=10544 | return=-64.18 | windows=12
global_step=10552 | return=-22.31 | windows=21
global_step=10584 | return=207.37 | windows=16
global_step=10600 | return=-22.05 | windows=37
global_step=10616 | return=-8.49 | windows=22
global_step=10648 | return=43.68 | windows=30
global_step=10648 | return=45.13 | windows=24
global_step=10688 | return=-11.53 | windows=12
global_step=10768 | return=-25.80 | windows=27
global_step=10768 | return=-19.89 | windows=20
global_step=10784 | return=-23.36 | windows=20
global_step=10784 | return=-20.64 | windows=33
global_step=10824 | return=-22.88 | windows=33
global_step=10840 | return=-14.47 | windows=23
global_step=10848 | return=24.08 | windows=24
global_step=10856 | return=-2.29 | windows=20
global_step=10888 | return=-19.29 | windows=14
global_step=10952 | return=-20.47 | windows=13
global_step=10952 | return=-14.43 | windows=22
global_step=10968 | return=-19.59 | windows=22
global_step=11008 | return=9.80 | windows=14
global_step=11016 | return=22.25 | windows=20
global_step=11056 | return=-21.11 | windows=33
global_step=11064 | return=-18.88 | windows=29
global_step=11104 | return=9.83 | windows=16
global_step=11136 | return=-22.82 | windows=22
global_step=11168 | return=138.22 | windows=26
global_step=11176 | return=9.69 | windows=20
global_step=11200 | return=-18.74 | windows=16
global_step=11216 | return=119.90 | windows=44
global_step=11224 | return=-17.81 | windows=6
global_step=11280 | return=19.00 | windows=21
global_step=11296 | return=162.37 | windows=34
global_step=11320 | return=-47.57 | windows=17
global_step=11352 | return=-19.39 | windows=16
global_step=11352 | return=-15.14 | windows=26
global_step=11384 | return=-14.12 | windows=22
global_step=11384 | return=52.89 | windows=40
global_step=11432 | return=-56.66 | windows=9
global_step=11440 | return=-17.78 | windows=14
global_step=11448 | return=-20.00 | windows=20
global_step=11480 | return=-22.89 | windows=22
global_step=11520 | return=16.11 | windows=20
global_step=11528 | return=67.87 | windows=37
global_step=11536 | return=-15.22 | windows=12
global_step=11600 | return=-22.27 | windows=19
global_step=11600 | return=-25.97 | windows=26
global_step=11616 | return=-19.11 | windows=28
global_step=11640 | return=-16.04 | windows=19
global_step=11680 | return=-24.90 | windows=19
global_step=11680 | return=-19.61 | windows=28
global_step=11696 | return=-20.64 | windows=20
global_step=11752 | return=-25.32 | windows=26
global_step=11768 | return=61.41 | windows=20
global_step=11784 | return=57.20 | windows=22
global_step=11832 | return=-15.45 | windows=16
global_step=11832 | return=-22.94 | windows=23
global_step=11856 | return=-26.25 | windows=29
global_step=11896 | return=133.75 | windows=26
global_step=11928 | return=-25.64 | windows=30
global_step=11928 | return=-17.11 | windows=19
global_step=11960 | return=27.97 | windows=25
global_step=11992 | return=-19.23 | windows=25
global_step=12008 | return=83.47 | windows=21
global_step=12056 | return=-20.08 | windows=24
global_step=12056 | return=-24.22 | windows=27
global_step=12072 | return=-22.32 | windows=21
global_step=12096 | return=0.78 | windows=20
global_step=12112 | return=-20.05 | windows=18
global_step=12144 | return=-15.12 | windows=16
global_step=12160 | return=-17.84 | windows=28
global_step=12176 | return=76.06 | windows=14
global_step=12200 | return=161.06 | windows=25
global_step=12216 | return=10.01 | windows=19
global_step=12216 | return=-16.61 | windows=14
global_step=12240 | return=-22.72 | windows=20
global_step=12264 | return=-13.70 | windows=14
global_step=12288, SPS=0
global_step=12312 | return=158.53 | windows=24
global_step=12368 | return=-23.14 | windows=23
global_step=12376 | return=-17.07 | windows=19
global_step=12384 | return=5.69 | windows=20
global_step=12392 | return=-17.92 | windows=28
global_step=12400 | return=-22.85 | windows=24
global_step=12464 | return=-22.85 | windows=24
global_step=12472 | return=-14.86 | windows=28
global_step=12528 | return=-14.02 | windows=26
global_step=12536 | return=-21.60 | windows=19
global_step=12552 | return=125.93 | windows=19
global_step=12560 | return=-18.07 | windows=19
global_step=12608 | return=-19.56 | windows=16
global_step=12616 | return=-50.61 | windows=10
global_step=12616 | return=11.00 | windows=18
global_step=12632 | return=119.37 | windows=32
global_step=12648 | return=27.64 | windows=32
global_step=12696 | return=-15.28 | windows=19
global_step=12704 | return=-16.50 | windows=17
global_step=12736 | return=-20.94 | windows=15
global_step=12736 | return=-16.05 | windows=22
global_step=12760 | return=71.37 | windows=17
global_step=12792 | return=-15.74 | windows=17
global_step=12816 | return=59.78 | windows=22
global_step=12856 | return=-7.07 | windows=29
global_step=12872 | return=102.65 | windows=16
global_step=12920 | return=-22.88 | windows=27
global_step=12936 | return=-16.13 | windows=24
global_step=12952 | return=-20.96 | windows=30
global_step=12968 | return=-19.27 | windows=13
global_step=12968 | return=-17.75 | windows=18
global_step=13032 | return=-14.18 | windows=19
global_step=13040 | return=116.42 | windows=30
global_step=13056 | return=-19.25 | windows=12
global_step=13064 | return=10.64 | windows=37
global_step=13120 | return=17.70 | windows=24
global_step=13160 | return=-15.91 | windows=15
global_step=13168 | return=-15.80 | windows=15
global_step=13176 | return=114.14 | windows=25
global_step=13184 | return=-23.09 | windows=26
global_step=13208 | return=-18.12 | windows=33
global_step=13248 | return=-18.67 | windows=8
global_step=13264 | return=-17.79 | windows=17
global_step=13272 | return=-23.04 | windows=25
global_step=13304 | return=27.50 | windows=30
global_step=13336 | return=-23.02 | windows=21
global_step=13376 | return=-6.25 | windows=25
global_step=13376 | return=-15.37 | windows=13
global_step=13424 | return=97.78 | windows=21
global_step=13432 | return=-15.07 | windows=27
global_step=13440 | return=-18.98 | windows=31
global_step=13480 | return=-19.81 | windows=12
global_step=13528 | return=155.86 | windows=27
global_step=13528 | return=51.63 | windows=31
global_step=13544 | return=-19.61 | windows=12
global_step=13560 | return=-78.42 | windows=22
global_step=13568 | return=-19.57 | windows=28
global_step=13624 | return=-18.30 | windows=17
global_step=13648 | return=39.01 | windows=27
global_step=13672 | return=-19.26 | windows=12
global_step=13704 | return=-22.40 | windows=33
global_step=13720 | return=-15.35 | windows=23
global_step=13736 | return=-22.92 | windows=25
global_step=13808 | return=-3.78 | windows=32
global_step=13816 | return=170.94 | windows=20
global_step=13832 | return=-17.33 | windows=15
global_step=13856 | return=-1.00 | windows=22
global_step=13856 | return=-15.02 | windows=36
global_step=13880 | return=-14.72 | windows=19
global_step=13888 | return=-14.47 | windows=32
global_step=13904 | return=9.44 | windows=20
global_step=13992 | return=-14.66 | windows=16
global_step=14000 | return=150.20 | windows=14
global_step=14008 | return=-22.83 | windows=24
global_step=14040 | return=-22.84 | windows=22
global_step=14040 | return=-21.78 | windows=18
global_step=14064 | return=-17.32 | windows=28
global_step=14064 | return=-23.27 | windows=30
global_step=14120 | return=3.03 | windows=26
global_step=14128 | return=-18.81 | windows=15
global_step=14152 | return=-22.54 | windows=19
global_step=14184 | return=-22.91 | windows=21
global_step=14216 | return=-16.88 | windows=21
global_step=14240 | return=-22.77 | windows=21
global_step=14256 | return=-23.73 | windows=26
global_step=14256 | return=-7.84 | windows=23
global_step=14296 | return=31.28 | windows=20
global_step=14328 | return=-19.35 | windows=13
global_step=14344 | return=-22.92 | windows=23
global_step=14360 | return=-4.34 | windows=29
global_step=14416 | return=99.36 | windows=28
global_step=14448 | return=-20.31 | windows=23
global_step=14480 | return=108.93 | windows=27
global_step=14488 | return=-18.49 | windows=30
global_step=14512 | return=-21.79 | windows=26
global_step=14520 | return=-21.25 | windows=23
global_step=14568 | return=-22.70 | windows=27
global_step=14600 | return=-18.70 | windows=14
global_step=14632 | return=-26.49 | windows=33
global_step=14640 | return=-6.96 | windows=23
global_step=14688 | return=39.49 | windows=33
global_step=14696 | return=133.20 | windows=22
global_step=14696 | return=-19.38 | windows=15
global_step=14720 | return=69.57 | windows=24
global_step=14728 | return=-19.34 | windows=15
global_step=14760 | return=-21.79 | windows=33
global_step=14776 | return=-13.59 | windows=17
global_step=14840 | return=-12.50 | windows=13
global_step=14864 | return=30.26 | windows=27
global_step=14872 | return=157.12 | windows=22
global_step=14888 | return=-18.67 | windows=13
global_step=14896 | return=26.19 | windows=21
global_step=14920 | return=-20.21 | windows=19
global_step=14928 | return=46.42 | windows=28
global_step=14928 | return=136.90 | windows=28
global_step=14992 | return=-16.36 | windows=12
global_step=15016 | return=-13.81 | windows=21
global_step=15024 | return=-20.05 | windows=15
global_step=15040 | return=30.86 | windows=14
global_step=15056 | return=-15.81 | windows=22
global_step=15072 | return=-21.50 | windows=17
global_step=15112 | return=41.35 | windows=30
global_step=15136 | return=-13.74 | windows=25
global_step=15144 | return=-20.91 | windows=12
global_step=15152 | return=-19.80 | windows=15
global_step=15232 | return=104.67 | windows=29
global_step=15232 | return=-22.86 | windows=21
global_step=15272 | return=-22.31 | windows=24
global_step=15320 | return=6.63 | windows=25
global_step=15328 | return=149.26 | windows=38
global_step=15336 | return=-61.47 | windows=12
global_step=15344 | return=-16.31 | windows=23
global_step=15368 | return=-8.42 | windows=28
global_step=15408 | return=-14.96 | windows=21
global_step=15448 | return=52.86 | windows=21
global_step=15456 | return=-13.54 | windows=16
global_step=15472 | return=-13.55 | windows=16
global_step=15488 | return=52.37 | windows=14
global_step=15504 | return=295.02 | windows=44
global_step=15520 | return=-23.44 | windows=13
global_step=15544 | return=-11.54 | windows=24
global_step=15592 | return=94.97 | windows=32
global_step=15640 | return=-22.81 | windows=20
global_step=15648 | return=-21.47 | windows=15
global_step=15656 | return=-20.11 | windows=24
global_step=15664 | return=-17.25 | windows=19
global_step=15688 | return=-24.40 | windows=29
global_step=15720 | return=-19.30 | windows=15
global_step=15768 | return=73.36 | windows=34
global_step=15800 | return=-17.50 | windows=31
global_step=15816 | return=166.13 | windows=21
global_step=15856 | return=-7.02 | windows=20
global_step=15888 | return=54.11 | windows=27
global_step=15920 | return=-1.11 | windows=32
global_step=15952 | return=-22.61 | windows=28
global_step=15976 | return=-21.30 | windows=19
global_step=15984 | return=-15.68 | windows=22
global_step=15984 | return=-25.61 | windows=41
global_step=16008 | return=17.61 | windows=18
global_step=16032 | return=-17.70 | windows=17
global_step=16072 | return=-11.69 | windows=11
global_step=16080 | return=-26.06 | windows=38
global_step=16112 | return=66.76 | windows=15
global_step=16128 | return=-24.75 | windows=25
global_step=16144 | return=-14.78 | windows=16
global_step=16152 | return=-14.24 | windows=14
global_step=16184 | return=-21.85 | windows=24
global_step=16200 | return=-16.78 | windows=10
global_step=16200 | return=-25.68 | windows=30
global_step=16264 | return=-15.19 | windows=23
global_step=16320 | return=-3.85 | windows=21
global_step=16344 | return=-18.84 | windows=32
global_step=16360 | return=-14.72 | windows=28
global_step=16384, SPS=0
global_step=16392 | return=38.21 | windows=23
global_step=16400 | return=-21.87 | windows=26
global_step=16400 | return=-21.37 | windows=16
global_step=16440 | return=-15.23 | windows=14
global_step=16464 | return=29.07 | windows=32
global_step=16488 | return=93.28 | windows=41
global_step=16504 | return=-18.07 | windows=19
global_step=16560 | return=70.38 | windows=11
global_step=16584 | return=-24.48 | windows=27
global_step=16592 | return=-21.41 | windows=18
global_step=16600 | return=-22.64 | windows=24
global_step=16608 | return=-23.13 | windows=26
global_step=16632 | return=166.00 | windows=28
global_step=16664 | return=-22.62 | windows=19
global_step=16680 | return=23.05 | windows=23
global_step=16688 | return=-17.33 | windows=15
global_step=16704 | return=-19.26 | windows=12
global_step=16752 | return=-22.72 | windows=20
global_step=16816 | return=-0.45 | windows=18
global_step=16824 | return=-23.02 | windows=23
global_step=16824 | return=-10.65 | windows=26
global_step=16840 | return=28.02 | windows=30
global_step=16872 | return=-17.21 | windows=22
global_step=16896 | return=-21.05 | windows=26
global_step=16928 | return=183.53 | windows=21
global_step=16976 | return=237.19 | windows=33
global_step=16976 | return=-19.79 | windows=18
global_step=17024 | return=-14.42 | windows=25
global_step=17040 | return=-18.95 | windows=26
global_step=17048 | return=159.81 | windows=25
global_step=17056 | return=-25.02 | windows=22
global_step=17120 | return=49.21 | windows=27
global_step=17128 | return=-18.97 | windows=10
global_step=17128 | return=-22.94 | windows=24
global_step=17136 | return=-14.40 | windows=13
global_step=17168 | return=-16.48 | windows=13
global_step=17176 | return=-23.44 | windows=24
global_step=17224 | return=7.79 | windows=30
global_step=17304 | return=56.76 | windows=31
global_step=17312 | return=-22.93 | windows=22
global_step=17312 | return=-22.73 | windows=17
global_step=17320 | return=-23.22 | windows=24
global_step=17328 | return=31.53 | windows=23
global_step=17360 | return=-17.33 | windows=28
global_step=17376 | return=0.09 | windows=24
global_step=17416 | return=-19.29 | windows=13
global_step=17432 | return=-17.78 | windows=25
global_step=17440 | return=-19.03 | windows=13
global_step=17456 | return=-51.27 | windows=17
global_step=17488 | return=69.19 | windows=20
global_step=17528 | return=-19.31 | windows=11
global_step=17560 | return=2.96 | windows=22
global_step=17568 | return=-14.26 | windows=25
global_step=17576 | return=14.30 | windows=32
global_step=17584 | return=-17.84 | windows=20
global_step=17600 | return=-18.68 | windows=13
global_step=17624 | return=-19.10 | windows=22
global_step=17704 | return=-23.89 | windows=30
global_step=17720 | return=41.27 | windows=23
global_step=17728 | return=-11.73 | windows=17
global_step=17792 | return=-13.78 | windows=28
global_step=17808 | return=-23.71 | windows=29
global_step=17816 | return=73.80 | windows=23
global_step=17880 | return=167.87 | windows=34
global_step=17888 | return=46.76 | windows=38
global_step=17888 | return=-18.28 | windows=20
global_step=17912 | return=-18.50 | windows=25
global_step=17928 | return=-16.39 | windows=14
global_step=17944 | return=-12.84 | windows=15
global_step=17968 | return=-15.68 | windows=29
global_step=17976 | return=83.18 | windows=22
global_step=18040 | return=27.59 | windows=19
global_step=18072 | return=-6.57 | windows=19
global_step=18096 | return=-3.74 | windows=25
global_step=18104 | return=-20.60 | windows=15
global_step=18112 | return=-17.08 | windows=27
global_step=18136 | return=27.92 | windows=25
global_step=18144 | return=-18.69 | windows=21
global_step=18184 | return=-18.35 | windows=29
global_step=18192 | return=-16.77 | windows=9
global_step=18248 | return=-18.24 | windows=18
global_step=18264 | return=-23.08 | windows=27
global_step=18304 | return=29.55 | windows=28
global_step=18328 | return=-16.72 | windows=23
global_step=18336 | return=-22.38 | windows=28
global_step=18352 | return=-22.97 | windows=25
global_step=18368 | return=-14.32 | windows=22
global_step=18384 | return=-14.91 | windows=23
global_step=18448 | return=-14.54 | windows=13
global_step=18488 | return=4.51 | windows=29
global_step=18528 | return=-23.64 | windows=32
global_step=18528 | return=7.02 | windows=19
global_step=18536 | return=7.18 | windows=28
global_step=18544 | return=140.68 | windows=23
global_step=18608 | return=-18.59 | windows=7
global_step=18640 | return=-12.35 | windows=13
global_step=18656 | return=-22.22 | windows=20
global_step=18656 | return=36.74 | windows=33
global_step=18672 | return=-26.80 | windows=42
global_step=18696 | return=61.16 | windows=19
global_step=18704 | return=-18.91 | windows=31
global_step=18744 | return=-20.37 | windows=26
global_step=18768 | return=-54.85 | windows=11
global_step=18784 | return=-15.52 | windows=17
global_step=18840 | return=50.41 | windows=28
global_step=18872 | return=-14.79 | windows=21
global_step=18880 | return=-19.35 | windows=16
global_step=18888 | return=-6.95 | windows=22
global_step=18912 | return=-20.33 | windows=15
global_step=18968 | return=-23.70 | windows=24
global_step=19008 | return=173.55 | windows=43
global_step=19008 | return=34.68 | windows=43
global_step=19016 | return=-15.48 | windows=16
global_step=19032 | return=18.93 | windows=23
global_step=19040 | return=-19.37 | windows=15
global_step=19104 | return=-15.36 | windows=16
global_step=19136 | return=63.49 | windows=14
global_step=19160 | return=117.42 | windows=18
global_step=19176 | return=95.83 | windows=37
global_step=19184 | return=-26.64 | windows=36
global_step=19208 | return=59.99 | windows=21
global_step=19240 | return=-42.16 | windows=28
global_step=19248 | return=-18.37 | windows=7
global_step=19280 | return=-22.02 | windows=21
global_step=19328 | return=-21.86 | windows=20
global_step=19352 | return=74.69 | windows=13
global_step=19352 | return=0.01 | windows=26
global_step=19400 | return=83.94 | windows=44
global_step=19424 | return=-23.18 | windows=30
global_step=19432 | return=31.02 | windows=27
global_step=19480 | return=130.81 | windows=24
global_step=19496 | return=31.99 | windows=30
global_step=19520 | return=-7.73 | windows=20
global_step=19552 | return=159.98 | windows=24
global_step=19560 | return=203.81 | windows=28
global_step=19592 | return=-15.44 | windows=20
global_step=19640 | return=-20.55 | windows=29
global_step=19672 | return=-18.79 | windows=18
global_step=19680 | return=77.02 | windows=24
global_step=19704 | return=38.46 | windows=33
global_step=19736 | return=61.36 | windows=22
global_step=19744 | return=59.21 | windows=30
global_step=19832 | return=-22.92 | windows=23
global_step=19880 | return=-17.69 | windows=16
global_step=19880 | return=106.34 | windows=24
global_step=19928 | return=153.03 | windows=45
global_step=19960 | return=-7.20 | windows=45
global_step=19960 | return=-22.40 | windows=27
global_step=19968 | return=78.53 | windows=36
global_step=20000 | return=-10.08 | windows=36
global_step=20008 | return=-13.99 | windows=15
global_step=20056 | return=-0.53 | windows=27
global_step=20120 | return=-17.74 | windows=19
global_step=20120 | return=45.61 | windows=19
global_step=20128 | return=123.07 | windows=24
global_step=20136 | return=233.70 | windows=31
global_step=20208 | return=144.49 | windows=24
global_step=20216 | return=-18.21 | windows=30
global_step=20240 | return=-22.92 | windows=29
global_step=20256 | return=-22.85 | windows=24
global_step=20288 | return=-22.79 | windows=20
global_step=20320 | return=-13.43 | windows=22
global_step=20328 | return=-15.69 | windows=24
global_step=20336 | return=54.56 | windows=26
global_step=20352 | return=-5.09 | windows=13
global_step=20384 | return=19.61 | windows=21
global_step=20408 | return=-55.06 | windows=14
global_step=20440 | return=102.16 | windows=27
global_step=20480 | return=-23.76 | windows=18
global_step=20480, SPS=0
global_step=20544 | return=-23.69 | windows=35
global_step=20608 | return=-22.39 | windows=27
global_step=20608 | return=-22.55 | windows=20
global_step=20632 | return=157.44 | windows=34
global_step=20632 | return=-26.77 | windows=38
global_step=20640 | return=184.24 | windows=37
global_step=20648 | return=24.69 | windows=20
global_step=20720 | return=-19.28 | windows=13
global_step=20728 | return=194.34 | windows=39
global_step=20744 | return=2.69 | windows=13
global_step=20760 | return=-16.04 | windows=26
global_step=20768 | return=95.25 | windows=19
global_step=20816 | return=6.04 | windows=21
global_step=20816 | return=-48.71 | windows=11
global_step=20912 | return=-26.68 | windows=34
global_step=20912 | return=-0.28 | windows=20
global_step=20952 | return=51.90 | windows=37
global_step=20952 | return=-10.98 | windows=16
global_step=20960 | return=-23.20 | windows=23
global_step=20976 | return=-7.69 | windows=26
global_step=21008 | return=185.21 | windows=34
global_step=21056 | return=-20.50 | windows=17
global_step=21064 | return=-19.20 | windows=30
global_step=21072 | return=-22.55 | windows=14
global_step=21104 | return=-18.00 | windows=11
global_step=21144 | return=131.26 | windows=28
global_step=21208 | return=37.88 | windows=31
global_step=21232 | return=41.35 | windows=33
global_step=21240 | return=107.88 | windows=32
global_step=21256 | return=-13.16 | windows=18
Traceback (most recent call last):
  File "/md0/home/UFAD/tcuevasmestanza/CarRacing/smdp/experiments/adaptive_fps_smdp/train_mlp.py", line 285, in <module>
    next_obs, reward, terminations, truncations, infos = envs.step(action.cpu().numpy())
                                                         ^^^^^^^^^^^^^^^^^^^^^^^^^^^^^^^
  File "/home/UFAD/tcuevasmestanza/.conda/envs/racing/lib/python3.12/site-packages/gymnasium/vector/sync_vector_env.py", line 266, in step
    ) = self.envs[i].step(action)
        ^^^^^^^^^^^^^^^^^^^^^^^^^
  File "/home/UFAD/tcuevasmestanza/.conda/envs/racing/lib/python3.12/site-packages/gymnasium/wrappers/common.py", line 512, in step
    obs, reward, terminated, truncated, info = super().step(action)
                                               ^^^^^^^^^^^^^^^^^^^^
  File "/home/UFAD/tcuevasmestanza/.conda/envs/racing/lib/python3.12/site-packages/gymnasium/core.py", line 327, in step
    return self.env.step(action)
           ^^^^^^^^^^^^^^^^^^^^^
  File "/md0/home/UFAD/tcuevasmestanza/CarRacing/wrappers/adaptive_fps_cautious_smdp_wrapper.py", line 167, in step
    observed_frame, nav_reward, terminated, truncated, info = self.env.step(navigation_action)
                                                              ^^^^^^^^^^^^^^^^^^^^^^^^^^^^^^^^
  File "/md0/home/UFAD/tcuevasmestanza/CarRacing/wrappers/pre_processing.py", line 38, in step
    observation, reward, terminated, truncated, info = self.env.step(action)
                                                       ^^^^^^^^^^^^^^^^^^^^^
  File "/home/UFAD/tcuevasmestanza/.conda/envs/racing/lib/python3.12/site-packages/gymnasium/wrappers/common.py", line 124, in step
    observation, reward, terminated, truncated, info = self.env.step(action)
                                                       ^^^^^^^^^^^^^^^^^^^^^
  File "/home/UFAD/tcuevasmestanza/.conda/envs/racing/lib/python3.12/site-packages/gymnasium/wrappers/common.py", line 392, in step
    return super().step(action)
           ^^^^^^^^^^^^^^^^^^^^
  File "/home/UFAD/tcuevasmestanza/.conda/envs/racing/lib/python3.12/site-packages/gymnasium/core.py", line 327, in step
    return self.env.step(action)
           ^^^^^^^^^^^^^^^^^^^^^
  File "/home/UFAD/tcuevasmestanza/.conda/envs/racing/lib/python3.12/site-packages/gymnasium/wrappers/common.py", line 284, in step
    return self.env.step(action)
           ^^^^^^^^^^^^^^^^^^^^^
  File "/home/UFAD/tcuevasmestanza/.conda/envs/racing/lib/python3.12/site-packages/gymnasium/envs/box2d/car_racing.py", line 561, in step
    self.state = self._render("state_pixels")
                 ^^^^^^^^^^^^^^^^^^^^^^^^^^^^
  File "/home/UFAD/tcuevasmestanza/.conda/envs/racing/lib/python3.12/site-packages/gymnasium/envs/box2d/car_racing.py", line 626, in _render
    self._render_road(zoom, trans, angle)
  File "/home/UFAD/tcuevasmestanza/.conda/envs/racing/lib/python3.12/site-packages/gymnasium/envs/box2d/car_racing.py", line 687, in _render_road
    self._draw_colored_polygon(
  File "/home/UFAD/tcuevasmestanza/.conda/envs/racing/lib/python3.12/site-packages/gymnasium/envs/box2d/car_racing.py", line 766, in _draw_colored_polygon
    def _draw_colored_polygon(

KeyboardInterrupt
