/home/UFAD/tcuevasmestanza/.conda/envs/racing/lib/python3.12/site-packages/tyro/_parsers.py:353: UserWarning: The field `wandb-entity` is annotated with type `<class 'str'>`, but the default value `None` has type `<class 'NoneType'>`. We'll try to handle this gracefully, but it may cause unexpected behavior.
  warnings.warn(message)
/home/UFAD/tcuevasmestanza/.conda/envs/racing/lib/python3.12/site-packages/tyro/_parsers.py:353: UserWarning: The field `target-kl` is annotated with type `<class 'float'>`, but the default value `None` has type `<class 'NoneType'>`. We'll try to handle this gracefully, but it may cause unexpected behavior.
  warnings.warn(message)
/home/UFAD/tcuevasmestanza/.conda/envs/racing/lib/python3.12/site-packages/tyro/_parsers.py:353: UserWarning: The field `resume-path` is annotated with type `<class 'str'>`, but the default value `None` has type `<class 'NoneType'>`. We'll try to handle this gracefully, but it may cause unexpected behavior.
  warnings.warn(message)
Experiment info saved → smdp/experiments/adaptive_fps_smdp/runs/CarRacing-v3_smdp_mlp_fc_2.0_bud_150.0_19-07-14-34-28/info_settings.txt
Device: cuda
Navigation model path: experiments/navigation/runs/CarRacing-v3__ppo__1__1781901069/final.pt
Navigation Model loaded on cuda
Navigation Model loaded on cuda
Navigation Model loaded on cuda
Navigation Model loaded on cuda
Navigation Model loaded on cuda
Navigation Model loaded on cuda
Navigation Model loaded on cuda
Navigation Model loaded on cuda
global_step=96 | return=-43.15 | windows=12
global_step=128 | return=-44.65 | windows=16
global_step=144 | return=-56.20 | windows=18
global_step=152 | return=-1.13 | windows=19
global_step=168 | return=-64.82 | windows=21
global_step=184 | return=-61.37 | windows=23
global_step=192 | return=1.27 | windows=24
global_step=216 | return=24.47 | windows=14
global_step=224 | return=-70.48 | windows=28
global_step=232 | return=-43.24 | windows=12
global_step=264 | return=-42.53 | windows=13
global_step=304 | return=-52.60 | windows=16
global_step=320 | return=-41.25 | windows=11
global_step=320 | return=52.76 | windows=21
global_step=328 | return=-47.23 | windows=16
global_step=328 | return=-47.42 | windows=17
global_step=360 | return=6.98 | windows=11
global_step=400 | return=-38.26 | windows=22
global_step=424 | return=-33.99 | windows=11
global_step=424 | return=-49.43 | windows=23
global_step=448 | return=-50.25 | windows=17
global_step=456 | return=-45.46 | windows=16
global_step=464 | return=-42.58 | windows=12
global_step=488 | return=14.36 | windows=20
global_step=520 | return=-41.19 | windows=11
global_step=544 | return=-50.64 | windows=17
global_step=560 | return=-75.33 | windows=28
global_step=568 | return=-49.25 | windows=17
global_step=584 | return=-40.77 | windows=14
global_step=616 | return=-54.69 | windows=19
global_step=616 | return=-58.12 | windows=20
global_step=632 | return=-52.15 | windows=17
global_step=640 | return=-43.63 | windows=14
global_step=696 | return=-49.30 | windows=15
global_step=704 | return=-82.01 | windows=7
global_step=720 | return=-64.82 | windows=21
global_step=720 | return=75.86 | windows=19
global_step=752 | return=-44.55 | windows=14
global_step=768 | return=-66.92 | windows=22
global_step=776 | return=-38.74 | windows=19
global_step=792 | return=-34.74 | windows=8
global_step=856 | return=-57.28 | windows=19
global_step=904 | return=-50.21 | windows=35
global_step=912 | return=-70.11 | windows=25
global_step=944 | return=-79.06 | windows=27
global_step=952 | return=0.52 | windows=24
global_step=992 | return=-67.42 | windows=26
global_step=1008 | return=-69.47 | windows=26
global_step=1008 | return=-34.51 | windows=11
global_step=1016 | return=-56.43 | windows=19
global_step=1024 | return=79.71 | windows=31
global_step=1056 | return=37.43 | windows=18
global_step=1080 | return=-21.54 | windows=16
global_step=1080 | return=-49.94 | windows=15
global_step=1144 | return=-32.12 | windows=10
global_step=1160 | return=-32.86 | windows=20
global_step=1160 | return=-55.51 | windows=17
global_step=1176 | return=-61.14 | windows=20
global_step=1192 | return=-18.10 | windows=20
global_step=1200 | return=-46.78 | windows=14
global_step=1224 | return=26.15 | windows=17
global_step=1272 | return=-51.36 | windows=15
global_step=1280 | return=-37.38 | windows=12
global_step=1296 | return=-91.21 | windows=35
global_step=1304 | return=-56.15 | windows=17
global_step=1312 | return=-58.71 | windows=18
global_step=1328 | return=-53.39 | windows=16
global_step=1384 | return=-37.96 | windows=10
global_step=1384 | return=-60.05 | windows=19
global_step=1392 | return=-32.24 | windows=9
global_step=1400 | return=-47.36 | windows=14
global_step=1408 | return=-70.05 | windows=25
global_step=1448 | return=50.65 | windows=21
global_step=1448 | return=-55.23 | windows=17
global_step=1528 | return=-45.72 | windows=17
global_step=1536 | return=-48.33 | windows=15
global_step=1544 | return=-50.23 | windows=18
global_step=1544 | return=-58.31 | windows=19
global_step=1552 | return=10.26 | windows=27
global_step=1592 | return=-48.58 | windows=17
global_step=1632 | return=-77.79 | windows=28
global_step=1640 | return=-39.86 | windows=12
global_step=1640 | return=-64.37 | windows=23
global_step=1656 | return=-45.13 | windows=15
global_step=1672 | return=-41.05 | windows=15
global_step=1696 | return=-55.46 | windows=18
global_step=1736 | return=-52.71 | windows=17
global_step=1736 | return=-61.50 | windows=22
global_step=1768 | return=-11.04 | windows=16
global_step=1808 | return=-53.80 | windows=20
global_step=1808 | return=-55.13 | windows=20
global_step=1816 | return=-46.86 | windows=14
global_step=1824 | return=-54.26 | windows=18
global_step=1824 | return=-53.98 | windows=20
global_step=1856 | return=-39.83 | windows=10
global_step=1896 | return=-63.06 | windows=19
global_step=1936 | return=-49.47 | windows=24
global_step=1936 | return=-45.49 | windows=15
global_step=1952 | return=-51.30 | windows=16
global_step=1960 | return=-48.56 | windows=16
global_step=1960 | return=-54.66 | windows=16
global_step=2016 | return=-66.92 | windows=25
global_step=2048 | return=-39.21 | windows=10
global_step=2056 | return=74.71 | windows=24
global_step=2064 | return=-58.29 | windows=20
global_step=2064 | return=-44.63 | windows=15
global_step=2080 | return=-32.81 | windows=7
global_step=2136 | return=-14.02 | windows=21
global_step=2144 | return=-36.51 | windows=11
global_step=2144 | return=-39.22 | windows=10
global_step=2152 | return=-26.39 | windows=26
global_step=2176 | return=-71.03 | windows=27
global_step=2208 | return=-56.17 | windows=17
global_step=2232 | return=-37.08 | windows=9
global_step=2248 | return=-5.20 | windows=22
global_step=2256 | return=-49.76 | windows=21
global_step=2264 | return=-40.52 | windows=14
global_step=2280 | return=-39.15 | windows=12
global_step=2320 | return=-86.98 | windows=13
global_step=2328 | return=-32.59 | windows=7
global_step=2328 | return=-65.65 | windows=22
global_step=2384 | return=-1.63 | windows=12
global_step=2416 | return=-86.96 | windows=34
global_step=2416 | return=13.30 | windows=22
global_step=2416 | return=-58.99 | windows=19
global_step=2424 | return=-38.73 | windows=12
global_step=2440 | return=-63.49 | windows=23
global_step=2464 | return=-50.19 | windows=16
global_step=2520 | return=-61.41 | windows=23
global_step=2544 | return=-52.66 | windows=19
global_step=2568 | return=-42.64 | windows=15
global_step=2568 | return=11.93 | windows=18
global_step=2600 | return=38.89 | windows=22
global_step=2616 | return=-63.34 | windows=23
global_step=2640 | return=45.80 | windows=27
global_step=2664 | return=-50.44 | windows=17
global_step=2672 | return=157.18 | windows=25
global_step=2696 | return=-44.44 | windows=15
global_step=2744 | return=36.83 | windows=21
global_step=2768 | return=24.53 | windows=18
global_step=2768 | return=-60.17 | windows=20
global_step=2776 | return=-78.08 | windows=28
global_step=2784 | return=-51.93 | windows=17
global_step=2808 | return=-50.44 | windows=16
global_step=2832 | return=-30.95 | windows=20
global_step=2896 | return=-50.53 | windows=15
global_step=2912 | return=-50.22 | windows=16
global_step=2912 | return=-48.19 | windows=17
global_step=2920 | return=-21.54 | windows=27
global_step=2936 | return=-63.59 | windows=23
global_step=2944 | return=-60.64 | windows=19
global_step=2976 | return=-54.54 | windows=20
global_step=3000 | return=-21.30 | windows=20
global_step=3008 | return=-36.04 | windows=11
global_step=3016 | return=-47.27 | windows=14
global_step=3024 | return=-33.40 | windows=9
global_step=3088 | return=-60.46 | windows=21
global_step=3120 | return=-42.53 | windows=13
global_step=3136 | return=-65.45 | windows=24
global_step=3136 | return=-62.24 | windows=26
global_step=3144 | return=-59.45 | windows=20
global_step=3152 | return=-86.54 | windows=16
global_step=3192 | return=-19.41 | windows=20
global_step=3192 | return=-61.15 | windows=23
global_step=3208 | return=-49.05 | windows=14
global_step=3256 | return=-45.20 | windows=14
global_step=3296 | return=-45.22 | windows=19
global_step=3296 | return=-54.25 | windows=18
global_step=3320 | return=-40.71 | windows=13
global_step=3328 | return=-67.04 | windows=25
global_step=3344 | return=-55.37 | windows=23
global_step=3368 | return=-38.00 | windows=13
global_step=3376 | return=-58.77 | windows=22
global_step=3416 | return=-94.88 | windows=14
global_step=3416 | return=-38.34 | windows=10
global_step=3424 | return=-72.65 | windows=28
global_step=3456 | return=-54.12 | windows=16
global_step=3456 | return=-41.01 | windows=13
global_step=3528 | return=-11.24 | windows=18
global_step=3536 | return=-76.45 | windows=29
global_step=3536 | return=-42.39 | windows=20
global_step=3544 | return=-32.22 | windows=14
global_step=3592 | return=55.03 | windows=21
global_step=3608 | return=-48.61 | windows=18
global_step=3616 | return=-60.11 | windows=19
global_step=3664 | return=-44.11 | windows=15
global_step=3672 | return=-36.58 | windows=31
global_step=3672 | return=-48.20 | windows=15
global_step=3680 | return=-53.54 | windows=17
global_step=3696 | return=-59.95 | windows=20
global_step=3744 | return=-52.58 | windows=16
global_step=3744 | return=-47.57 | windows=15
global_step=3776 | return=-41.21 | windows=11
global_step=3808 | return=57.13 | windows=26
global_step=3832 | return=-38.41 | windows=10
global_step=3872 | return=-18.51 | windows=24
global_step=3880 | return=-67.74 | windows=22
global_step=3904 | return=-48.02 | windows=15
global_step=3912 | return=63.00 | windows=30
global_step=3920 | return=-42.45 | windows=13
global_step=3920 | return=-83.28 | windows=30
global_step=3944 | return=-62.52 | windows=24
global_step=3976 | return=-41.25 | windows=11
global_step=3984 | return=-36.20 | windows=18
global_step=4000 | return=-39.18 | windows=10
global_step=4000 | return=-40.03 | windows=11
global_step=4072 | return=-25.01 | windows=18
global_step=4072 | return=-47.87 | windows=15
global_step=4080 | return=-74.37 | windows=25
global_step=4096, SPS=0
global_step=4104 | return=-50.94 | windows=15
global_step=4112 | return=-66.99 | windows=23
global_step=4128 | return=23.26 | windows=15
global_step=4168 | return=88.71 | windows=22
global_step=4208 | return=-63.90 | windows=25
global_step=4216 | return=-53.43 | windows=17
global_step=4224 | return=-53.95 | windows=17
global_step=4232 | return=-14.85 | windows=19
global_step=4232 | return=-47.54 | windows=15
global_step=4264 | return=-33.69 | windows=11
global_step=4320 | return=-70.06 | windows=25
global_step=4328 | return=-64.68 | windows=24
global_step=4336 | return=-34.67 | windows=8
global_step=4336 | return=-10.82 | windows=15
global_step=4336 | return=-40.06 | windows=12
global_step=4384 | return=-58.62 | windows=18
global_step=4400 | return=-58.50 | windows=21
global_step=4416 | return=105.83 | windows=24
global_step=4448 | return=-38.50 | windows=13
global_step=4472 | return=-50.11 | windows=16
global_step=4488 | return=-28.53 | windows=19
global_step=4504 | return=69.37 | windows=22
global_step=4520 | return=27.99 | windows=16
global_step=4528 | return=-60.92 | windows=23
global_step=4560 | return=-41.97 | windows=13
global_step=4576 | return=-58.51 | windows=19
global_step=4592 | return=28.21 | windows=14
global_step=4592 | return=-60.83 | windows=23
global_step=4624 | return=-45.15 | windows=16
global_step=4664 | return=-43.35 | windows=12
global_step=4688 | return=-38.40 | windows=11
global_step=4688 | return=-61.53 | windows=20
global_step=4688 | return=-51.39 | windows=19
global_step=4728 | return=-74.52 | windows=27
global_step=4760 | return=-62.16 | windows=20
global_step=4792 | return=-71.01 | windows=26
global_step=4808 | return=-55.07 | windows=17
global_step=4816 | return=-45.60 | windows=15
global_step=4816 | return=-50.02 | windows=23
global_step=4824 | return=46.11 | windows=16
global_step=4872 | return=-47.76 | windows=17
global_step=4912 | return=-43.99 | windows=14
global_step=4920 | return=-42.51 | windows=13
global_step=4936 | return=-46.74 | windows=30
global_step=4952 | return=-48.19 | windows=16
global_step=4968 | return=-58.20 | windows=18
global_step=5000 | return=-88.02 | windows=10
global_step=5008 | return=-52.96 | windows=22
global_step=5016 | return=-61.65 | windows=31
global_step=5064 | return=-63.00 | windows=23
global_step=5096 | return=-59.58 | windows=21
global_step=5104 | return=-62.14 | windows=20
global_step=5136 | return=-42.38 | windows=14
global_step=5136 | return=-56.32 | windows=20
global_step=5136 | return=82.37 | windows=22
global_step=5168 | return=-59.08 | windows=19
global_step=5176 | return=-48.45 | windows=21
global_step=5232 | return=-38.54 | windows=11
global_step=5256 | return=-62.01 | windows=23
global_step=5264 | return=-29.18 | windows=19
global_step=5288 | return=-4.60 | windows=18
global_step=5288 | return=-54.97 | windows=18
global_step=5336 | return=-77.73 | windows=29
global_step=5336 | return=-73.41 | windows=12
global_step=5368 | return=-67.44 | windows=24
global_step=5368 | return=-36.82 | windows=13
global_step=5440 | return=-54.49 | windows=21
global_step=5448 | return=-53.14 | windows=19
global_step=5448 | return=-43.84 | windows=33
global_step=5480 | return=-45.27 | windows=13
global_step=5488 | return=-63.86 | windows=24
global_step=5496 | return=-58.51 | windows=19
global_step=5528 | return=-52.23 | windows=19
global_step=5552 | return=-36.64 | windows=12
global_step=5568 | return=-47.36 | windows=14
global_step=5600 | return=38.50 | windows=32
global_step=5632 | return=-42.19 | windows=18
global_step=5648 | return=22.32 | windows=14
global_step=5664 | return=46.62 | windows=21
global_step=5664 | return=-69.54 | windows=27
global_step=5696 | return=100.15 | windows=24
global_step=5728 | return=-63.69 | windows=21
global_step=5736 | return=-16.65 | windows=12
global_step=5760 | return=-30.70 | windows=23
global_step=5800 | return=-74.18 | windows=24
global_step=5816 | return=-43.23 | windows=18
global_step=5840 | return=-47.62 | windows=17
global_step=5856 | return=-25.59 | windows=14
global_step=5864 | return=6.85 | windows=16
global_step=5888 | return=-32.48 | windows=10
global_step=5896 | return=-80.46 | windows=30
global_step=5896 | return=-79.55 | windows=28
global_step=5952 | return=-34.34 | windows=11
global_step=5960 | return=-32.59 | windows=7
global_step=5960 | return=-56.35 | windows=17
global_step=5960 | return=-42.75 | windows=24
global_step=5968 | return=-46.11 | windows=15
global_step=6016 | return=-47.86 | windows=14
global_step=6016 | return=-57.32 | windows=18
global_step=6072 | return=-41.02 | windows=14
global_step=6088 | return=-24.53 | windows=24
global_step=6096 | return=-53.33 | windows=16
global_step=6136 | return=-58.82 | windows=20
global_step=6136 | return=-64.91 | windows=21
global_step=6144 | return=-66.86 | windows=22
global_step=6152 | return=-51.29 | windows=16
global_step=6168 | return=-110.51 | windows=9
global_step=6200 | return=20.35 | windows=22
global_step=6240 | return=-53.91 | windows=17
global_step=6248 | return=-44.44 | windows=12
global_step=6296 | return=-43.32 | windows=15
global_step=6296 | return=-60.13 | windows=19
global_step=6312 | return=-2.02 | windows=29
global_step=6344 | return=-69.84 | windows=25
global_step=6360 | return=-43.40 | windows=14
global_step=6408 | return=29.24 | windows=31
global_step=6424 | return=-45.23 | windows=15
global_step=6456 | return=-52.88 | windows=19
global_step=6464 | return=-82.17 | windows=32
global_step=6480 | return=4.51 | windows=28
global_step=6488 | return=-48.80 | windows=15
global_step=6520 | return=-63.83 | windows=21
global_step=6528 | return=-30.14 | windows=8
global_step=6528 | return=-75.06 | windows=26
global_step=6552 | return=-49.72 | windows=17
global_step=6632 | return=-19.88 | windows=18
global_step=6632 | return=-72.37 | windows=25
global_step=6640 | return=-44.94 | windows=14
global_step=6640 | return=-47.22 | windows=18
global_step=6664 | return=-42.45 | windows=13
global_step=6680 | return=-55.82 | windows=26
global_step=6728 | return=-65.19 | windows=24
global_step=6728 | return=-32.20 | windows=10
global_step=6736 | return=-38.28 | windows=12
global_step=6752 | return=-45.13 | windows=13
global_step=6752 | return=-74.12 | windows=27
global_step=6792 | return=-45.25 | windows=13
global_step=6824 | return=-36.00 | windows=11
global_step=6832 | return=-40.74 | windows=20
global_step=6840 | return=-71.91 | windows=25
global_step=6864 | return=-45.20 | windows=13
global_step=6888 | return=-52.39 | windows=16
global_step=6896 | return=-57.05 | windows=20
global_step=6936 | return=-65.30 | windows=24
global_step=6944 | return=-40.10 | windows=13
global_step=6952 | return=-35.67 | windows=19
global_step=7000 | return=-53.67 | windows=16
global_step=7008 | return=-41.30 | windows=14
global_step=7024 | return=-58.48 | windows=22
global_step=7024 | return=-70.99 | windows=24
global_step=7048 | return=-41.15 | windows=12
global_step=7072 | return=36.88 | windows=16
global_step=7080 | return=-17.33 | windows=22
global_step=7120 | return=-62.79 | windows=20
global_step=7136 | return=-43.08 | windows=13
global_step=7168 | return=21.64 | windows=10
global_step=7176 | return=-47.56 | windows=18
global_step=7192 | return=-49.40 | windows=23
global_step=7232 | return=-46.96 | windows=22
global_step=7256 | return=-57.53 | windows=22
global_step=7296 | return=-44.60 | windows=14
global_step=7304 | return=-45.17 | windows=13
global_step=7304 | return=94.79 | windows=36
global_step=7312 | return=-57.81 | windows=21
global_step=7328 | return=-58.87 | windows=19
global_step=7352 | return=-41.24 | windows=11
global_step=7360 | return=-43.79 | windows=15
global_step=7368 | return=78.63 | windows=30
global_step=7440 | return=-48.20 | windows=15
global_step=7496 | return=-47.03 | windows=17
global_step=7504 | return=-71.02 | windows=24
global_step=7512 | return=-42.77 | windows=26
global_step=7528 | return=-70.37 | windows=24
global_step=7544 | return=79.07 | windows=29
global_step=7544 | return=-40.21 | windows=22
global_step=7552 | return=-66.50 | windows=22
global_step=7640 | return=-48.70 | windows=15
global_step=7640 | return=-25.12 | windows=16
global_step=7656 | return=-39.69 | windows=13
global_step=7680 | return=-41.34 | windows=15
global_step=7696 | return=-56.70 | windows=20
global_step=7712 | return=85.99 | windows=26
global_step=7720 | return=-77.65 | windows=34
global_step=7760 | return=-68.89 | windows=26
global_step=7776 | return=-35.19 | windows=11
global_step=7816 | return=-28.11 | windows=19
global_step=7816 | return=-57.20 | windows=21
global_step=7848 | return=34.51 | windows=25
global_step=7864 | return=-60.54 | windows=20
global_step=7912 | return=-48.91 | windows=16
global_step=7912 | return=-65.47 | windows=24
global_step=7912 | return=-64.00 | windows=23
global_step=7928 | return=-53.39 | windows=20
global_step=7952 | return=-52.85 | windows=16
global_step=7968 | return=-39.46 | windows=14
global_step=7992 | return=-36.81 | windows=9
global_step=8008 | return=-34.92 | windows=17
global_step=8040 | return=13.15 | windows=27
global_step=8048 | return=-50.53 | windows=16
global_step=8064 | return=-44.32 | windows=16
global_step=8072 | return=-69.80 | windows=9
global_step=8112 | return=-65.21 | windows=24
global_step=8136 | return=-58.56 | windows=20
global_step=8144 | return=-68.35 | windows=23
global_step=8160 | return=-22.98 | windows=13
global_step=8184 | return=-78.22 | windows=13
global_step=8192, SPS=0
global_step=8208 | return=-32.53 | windows=17
global_step=8224 | return=-33.36 | windows=9
global_step=8240 | return=-49.37 | windows=15
global_step=8240 | return=21.86 | windows=28
global_step=8240 | return=-64.38 | windows=24
global_step=8320 | return=-41.01 | windows=13
global_step=8328 | return=-64.30 | windows=23
global_step=8344 | return=-42.07 | windows=12
global_step=8360 | return=-73.22 | windows=24
global_step=8368 | return=-44.76 | windows=15
global_step=8424 | return=-84.08 | windows=29
global_step=8456 | return=-44.56 | windows=15
global_step=8464 | return=-40.50 | windows=12
global_step=8472 | return=-74.56 | windows=30
global_step=8504 | return=20.75 | windows=32
global_step=8528 | return=-51.81 | windows=22
global_step=8544 | return=117.33 | windows=27
global_step=8576 | return=19.56 | windows=12
global_step=8584 | return=-66.36 | windows=26
global_step=8624 | return=-67.65 | windows=24
global_step=8632 | return=-0.12 | windows=20
global_step=8664 | return=-50.21 | windows=16
global_step=8664 | return=-68.06 | windows=25
global_step=8688 | return=-30.60 | windows=22
global_step=8712 | return=-46.14 | windows=16
global_step=8720 | return=-46.42 | windows=16
global_step=8720 | return=-8.94 | windows=21
global_step=8752 | return=-22.56 | windows=14
global_step=8784 | return=-47.38 | windows=14
global_step=8784 | return=85.59 | windows=19
global_step=8816 | return=-10.36 | windows=15
global_step=8848 | return=-44.77 | windows=16
global_step=8856 | return=-17.08 | windows=23
global_step=8864 | return=-49.81 | windows=17
global_step=8880 | return=-41.24 | windows=11
global_step=8888 | return=-2.18 | windows=20
global_step=8912 | return=-49.28 | windows=15
global_step=8912 | return=-94.51 | windows=11
global_step=8944 | return=-26.03 | windows=23
global_step=8976 | return=-45.31 | windows=13
global_step=8992 | return=-49.48 | windows=16
global_step=9000 | return=-51.01 | windows=18
global_step=9008 | return=-46.17 | windows=14
global_step=9048 | return=-26.74 | windows=20
global_step=9104 | return=-39.23 | windows=13
global_step=9104 | return=-33.78 | windows=11
global_step=9112 | return=-49.90 | windows=24
global_step=9128 | return=102.60 | windows=22
global_step=9128 | return=-53.58 | windows=18
global_step=9136 | return=-71.68 | windows=27
global_step=9168 | return=-43.87 | windows=14
global_step=9192 | return=1.18 | windows=10
global_step=9192 | return=-61.93 | windows=23
global_step=9240 | return=-51.15 | windows=15
global_step=9256 | return=-20.42 | windows=14
global_step=9256 | return=35.19 | windows=15
global_step=9264 | return=-48.03 | windows=16
global_step=9280 | return=-45.20 | windows=13
global_step=9288 | return=-66.98 | windows=22
global_step=9328 | return=-51.32 | windows=16
global_step=9344 | return=-35.06 | windows=12
global_step=9384 | return=-42.22 | windows=14
global_step=9384 | return=-68.86 | windows=23
global_step=9384 | return=-43.46 | windows=15
global_step=9392 | return=-119.72 | windows=13
global_step=9432 | return=-55.49 | windows=17
global_step=9472 | return=-29.79 | windows=15
global_step=9480 | return=49.43 | windows=27
global_step=9488 | return=-37.14 | windows=12
global_step=9512 | return=-51.77 | windows=22
global_step=9512 | return=-47.41 | windows=14
global_step=9544 | return=37.01 | windows=19
global_step=9576 | return=-43.21 | windows=12
global_step=9592 | return=-32.17 | windows=9
global_step=9616 | return=-49.39 | windows=15
global_step=9672 | return=26.59 | windows=35
global_step=9672 | return=47.58 | windows=23
global_step=9680 | return=-38.94 | windows=10
global_step=9680 | return=-75.18 | windows=30
global_step=9688 | return=-47.06 | windows=17
global_step=9712 | return=-22.76 | windows=24
global_step=9712 | return=-51.80 | windows=16
global_step=9720 | return=-43.26 | windows=12
global_step=9736 | return=-31.03 | windows=7
global_step=9784 | return=-42.65 | windows=12
global_step=9792 | return=-31.84 | windows=14
global_step=9800 | return=-44.68 | windows=13
global_step=9816 | return=-51.30 | windows=16
global_step=9832 | return=88.16 | windows=14
global_step=9848 | return=-31.42 | windows=16
global_step=9896 | return=-40.42 | windows=12
global_step=9896 | return=-38.62 | windows=13
global_step=9904 | return=-60.25 | windows=20
global_step=9912 | return=-39.56 | windows=13
global_step=9920 | return=-68.20 | windows=24
global_step=9936 | return=-43.27 | windows=12
global_step=9976 | return=-28.47 | windows=19
global_step=9984 | return=-7.55 | windows=16
global_step=10016 | return=-42.29 | windows=13
global_step=10048 | return=40.48 | windows=18
global_step=10064 | return=-46.73 | windows=15
global_step=10088 | return=26.05 | windows=20
global_step=10120 | return=-75.98 | windows=27
global_step=10144 | return=74.25 | windows=28
global_step=10176 | return=-62.28 | windows=24
global_step=10184 | return=-68.16 | windows=24
global_step=10192 | return=-56.80 | windows=17
global_step=10200 | return=-54.36 | windows=16
global_step=10200 | return=-2.60 | windows=22
global_step=10240 | return=-46.91 | windows=14
global_step=10288 | return=21.24 | windows=13
global_step=10304 | return=-41.22 | windows=14
global_step=10320 | return=-48.00 | windows=14
global_step=10328 | return=-43.86 | windows=22
global_step=10336 | return=-85.19 | windows=30
global_step=10352 | return=-12.69 | windows=18
global_step=10376 | return=-66.86 | windows=22
global_step=10408 | return=-55.63 | windows=20
global_step=10440 | return=-51.45 | windows=18
global_step=10448 | return=-49.27 | windows=15
global_step=10472 | return=-59.95 | windows=20
global_step=10488 | return=12.49 | windows=18
global_step=10488 | return=-44.67 | windows=13
global_step=10528 | return=-59.05 | windows=21
global_step=10528 | return=83.29 | windows=24
global_step=10600 | return=-69.10 | windows=23
global_step=10616 | return=15.62 | windows=21
global_step=10624 | return=90.29 | windows=18
global_step=10640 | return=-29.53 | windows=13
global_step=10648 | return=-2.87 | windows=24
global_step=10664 | return=-45.96 | windows=16
global_step=10696 | return=-71.72 | windows=25
global_step=10696 | return=-50.17 | windows=25
global_step=10704 | return=-40.43 | windows=12
global_step=10720 | return=-37.60 | windows=12
global_step=10792 | return=-8.56 | windows=17
global_step=10808 | return=-38.75 | windows=13
global_step=10808 | return=85.52 | windows=22
global_step=10816 | return=-15.12 | windows=21
global_step=10824 | return=-25.78 | windows=12
global_step=10832 | return=-62.81 | windows=20
global_step=10864 | return=-11.60 | windows=20
global_step=10904 | return=-23.91 | windows=24
global_step=10928 | return=-37.60 | windows=12
global_step=10952 | return=-56.64 | windows=17
global_step=10960 | return=-47.40 | windows=17
global_step=10968 | return=-20.91 | windows=21
global_step=11064 | return=-30.50 | windows=31
global_step=11072 | return=-54.77 | windows=17
global_step=11096 | return=-68.12 | windows=23
global_step=11096 | return=-78.71 | windows=28
global_step=11096 | return=32.25 | windows=16
global_step=11104 | return=-59.23 | windows=18
global_step=11176 | return=-69.00 | windows=25
global_step=11184 | return=-113.33 | windows=43
global_step=11216 | return=-21.03 | windows=14
global_step=11232 | return=-50.21 | windows=16
global_step=11256 | return=-54.79 | windows=18
global_step=11264 | return=-63.20 | windows=23
global_step=11280 | return=25.00 | windows=22
global_step=11312 | return=-43.07 | windows=15
global_step=11312 | return=-12.57 | windows=16
global_step=11360 | return=-35.20 | windows=12
global_step=11368 | return=-97.31 | windows=37
global_step=11392 | return=-42.48 | windows=13
global_step=11424 | return=-5.98 | windows=19
global_step=11432 | return=-58.60 | windows=24
global_step=11464 | return=115.57 | windows=12
global_step=11488 | return=42.97 | windows=33
global_step=11512 | return=-39.14 | windows=10
global_step=11520 | return=-66.16 | windows=25
global_step=11528 | return=-74.98 | windows=26
global_step=11544 | return=-64.90 | windows=21
global_step=11552 | return=-3.74 | windows=19
global_step=11568 | return=-46.52 | windows=16
global_step=11600 | return=-46.53 | windows=16
global_step=11600 | return=-45.27 | windows=13
global_step=11656 | return=-54.56 | windows=16
global_step=11672 | return=-56.03 | windows=19
global_step=11672 | return=-48.46 | windows=17
global_step=11736 | return=-58.90 | windows=23
global_step=11760 | return=-67.14 | windows=23
global_step=11784 | return=13.20 | windows=22
global_step=11792 | return=-36.41 | windows=23
global_step=11808 | return=13.91 | windows=31
global_step=11816 | return=-59.08 | windows=19
global_step=11832 | return=41.31 | windows=19
global_step=11856 | return=62.54 | windows=22
global_step=11872 | return=-48.56 | windows=16
global_step=11880 | return=-44.24 | windows=14
global_step=11960 | return=-51.72 | windows=18
global_step=11976 | return=-59.14 | windows=19
global_step=11984 | return=-67.09 | windows=24
global_step=11984 | return=-43.16 | windows=15
global_step=12016 | return=-65.10 | windows=22
global_step=12032 | return=-58.46 | windows=19
global_step=12048 | return=-80.57 | windows=31
global_step=12072 | return=-59.85 | windows=23
global_step=12096 | return=-52.97 | windows=16
global_step=12112 | return=-49.51 | windows=15
global_step=12136 | return=-59.52 | windows=19
global_step=12176 | return=-53.16 | windows=19
global_step=12176 | return=-53.74 | windows=17
global_step=12200 | return=77.60 | windows=26
global_step=12200 | return=-19.68 | windows=15
global_step=12216 | return=-72.22 | windows=9
global_step=12216 | return=-59.76 | windows=20
global_step=12256 | return=-52.86 | windows=19
global_step=12288, SPS=0
global_step=12312 | return=123.80 | windows=24
global_step=12320 | return=-47.29 | windows=14
global_step=12336 | return=-47.27 | windows=14
global_step=12368 | return=-69.14 | windows=23
global_step=12368 | return=-62.58 | windows=23
global_step=12376 | return=-49.29 | windows=21
global_step=12392 | return=-47.19 | windows=16
global_step=12432 | return=54.96 | windows=26
global_step=12480 | return=-42.52 | windows=13
global_step=12488 | return=1.43 | windows=20
global_step=12504 | return=-59.03 | windows=23
global_step=12528 | return=-9.89 | windows=23
global_step=12544 | return=166.24 | windows=21
global_step=12552 | return=87.93 | windows=19
global_step=12584 | return=13.64 | windows=18
global_step=12600 | return=-42.73 | windows=13
global_step=12608 | return=-50.90 | windows=28
global_step=12640 | return=-52.47 | windows=19
global_step=12648 | return=-56.68 | windows=17
global_step=12648 | return=-49.38 | windows=14
global_step=12648 | return=-34.54 | windows=11
global_step=12672 | return=-35.48 | windows=10
global_step=12720 | return=-38.22 | windows=13
global_step=12736 | return=-42.79 | windows=16
global_step=12744 | return=-40.25 | windows=11
global_step=12744 | return=-62.04 | windows=24
global_step=12760 | return=-49.97 | windows=14
global_step=12824 | return=-49.91 | windows=18
global_step=12848 | return=-62.52 | windows=24
global_step=12872 | return=110.17 | windows=27
global_step=12872 | return=-43.27 | windows=15
global_step=12904 | return=-62.80 | windows=20
global_step=12912 | return=-53.66 | windows=18
global_step=12928 | return=12.57 | windows=22
global_step=12928 | return=-71.76 | windows=25
global_step=12944 | return=-47.36 | windows=14
global_step=12976 | return=-34.64 | windows=12
global_step=12992 | return=-48.85 | windows=17
global_step=13032 | return=-43.25 | windows=12
global_step=13040 | return=-14.47 | windows=16
global_step=13064 | return=-48.94 | windows=14
global_step=13080 | return=-41.51 | windows=25
global_step=13088 | return=-38.16 | windows=19
global_step=13120 | return=-18.09 | windows=25
global_step=13160 | return=-34.38 | windows=8
global_step=13160 | return=-66.73 | windows=22
global_step=13176 | return=-45.95 | windows=13
global_step=13192 | return=-59.47 | windows=18
global_step=13240 | return=-36.96 | windows=9
global_step=13240 | return=-44.64 | windows=14
global_step=13248 | return=63.63 | windows=26
global_step=13272 | return=-36.55 | windows=9
global_step=13272 | return=-85.98 | windows=34
global_step=13328 | return=-81.24 | windows=30
global_step=13328 | return=-38.12 | windows=10
global_step=13352 | return=-84.32 | windows=13
global_step=13360 | return=111.00 | windows=24
global_step=13368 | return=-34.40 | windows=11
global_step=13384 | return=-69.27 | windows=25
global_step=13448 | return=-64.98 | windows=21
global_step=13456 | return=-51.17 | windows=15
global_step=13456 | return=49.78 | windows=25
global_step=13464 | return=-42.23 | windows=13
global_step=13472 | return=-42.22 | windows=13
global_step=13512 | return=-67.25 | windows=22
global_step=13544 | return=-39.07 | windows=10
global_step=13568 | return=81.40 | windows=24
global_step=13584 | return=-50.90 | windows=24
global_step=13584 | return=-41.50 | windows=13
global_step=13624 | return=-53.39 | windows=20
global_step=13648 | return=-52.34 | windows=22
global_step=13656 | return=-76.04 | windows=25
global_step=13688 | return=-61.74 | windows=21
global_step=13696 | return=-42.53 | windows=13
global_step=13728 | return=-43.21 | windows=12
global_step=13752 | return=-35.57 | windows=11
global_step=13760 | return=-62.87 | windows=23
global_step=13760 | return=-0.42 | windows=26
global_step=13784 | return=-45.58 | windows=24
global_step=13800 | return=-40.45 | windows=12
global_step=13800 | return=115.87 | windows=18
global_step=13888 | return=-70.96 | windows=24
global_step=13896 | return=-55.96 | windows=20
global_step=13904 | return=-44.02 | windows=12
global_step=13904 | return=-26.77 | windows=14
global_step=13936 | return=-52.82 | windows=16
global_step=13944 | return=87.01 | windows=22
global_step=13960 | return=-69.28 | windows=25
global_step=13976 | return=-53.14 | windows=26
global_step=14008 | return=-100.65 | windows=13
global_step=14008 | return=-44.59 | windows=14
global_step=14024 | return=-37.08 | windows=9
global_step=14048 | return=-46.92 | windows=17
global_step=14088 | return=-116.84 | windows=22
global_step=14104 | return=-52.48 | windows=20
global_step=14112 | return=27.69 | windows=18
global_step=14128 | return=-58.57 | windows=18
global_step=14152 | return=-49.40 | windows=15
global_step=14152 | return=-30.70 | windows=17
global_step=14176 | return=72.57 | windows=15
global_step=14232 | return=25.94 | windows=17
global_step=14256 | return=-14.96 | windows=30
global_step=14264 | return=47.88 | windows=18
global_step=14272 | return=50.17 | windows=14
global_step=14280 | return=-42.03 | windows=18
global_step=14288 | return=-57.95 | windows=22
global_step=14328 | return=-64.79 | windows=21
global_step=14336 | return=-43.88 | windows=12
global_step=14408 | return=-56.34 | windows=18
global_step=14424 | return=-55.47 | windows=18
global_step=14424 | return=-81.46 | windows=30
global_step=14448 | return=-63.84 | windows=22
global_step=14464 | return=-59.63 | windows=22
global_step=14464 | return=-46.51 | windows=16
global_step=14496 | return=13.77 | windows=25
global_step=14512 | return=-27.07 | windows=21
global_step=14568 | return=-46.28 | windows=17
global_step=14600 | return=22.28 | windows=16
global_step=14608 | return=-5.87 | windows=17
global_step=14624 | return=88.20 | windows=21
global_step=14640 | return=109.98 | windows=28
global_step=14640 | return=-34.54 | windows=8
global_step=14656 | return=-25.13 | windows=28
global_step=14712 | return=-72.43 | windows=26
global_step=14712 | return=-43.26 | windows=12
global_step=14760 | return=-39.55 | windows=14
global_step=14760 | return=-106.79 | windows=19
global_step=14760 | return=-42.55 | windows=14
global_step=14768 | return=-72.33 | windows=31
global_step=14832 | return=-35.09 | windows=8
global_step=14840 | return=-62.12 | windows=22
global_step=14840 | return=-77.58 | windows=26
global_step=14856 | return=-48.17 | windows=17
global_step=14872 | return=-41.31 | windows=13
global_step=14872 | return=-46.47 | windows=13
global_step=14880 | return=-51.69 | windows=20
global_step=14912 | return=-50.50 | windows=17
global_step=14944 | return=26.29 | windows=12
global_step=14960 | return=-36.29 | windows=10
global_step=14960 | return=-48.43 | windows=14
global_step=14968 | return=45.35 | windows=10
global_step=14992 | return=-54.53 | windows=19
global_step=15024 | return=-40.89 | windows=13
global_step=15040 | return=-60.47 | windows=22
global_step=15048 | return=-57.79 | windows=21
global_step=15096 | return=-52.83 | windows=18
global_step=15104 | return=-52.30 | windows=17
global_step=15136 | return=-49.99 | windows=17
global_step=15136 | return=-41.24 | windows=11
global_step=15152 | return=-49.73 | windows=15
global_step=15152 | return=-59.84 | windows=22
global_step=15160 | return=-44.20 | windows=13
global_step=15160 | return=-66.26 | windows=24
global_step=15192 | return=-39.18 | windows=10
global_step=15200 | return=-81.63 | windows=12
global_step=15264 | return=24.78 | windows=15
global_step=15272 | return=-45.27 | windows=13
global_step=15320 | return=-53.33 | windows=19
global_step=15344 | return=-62.31 | windows=23
global_step=15360 | return=-62.65 | windows=20
global_step=15368 | return=-62.80 | windows=20
global_step=15376 | return=-24.63 | windows=12
global_step=15384 | return=-68.04 | windows=30
global_step=15392 | return=-74.80 | windows=29
global_step=15456 | return=-45.54 | windows=16
global_step=15456 | return=-64.41 | windows=23
global_step=15488 | return=16.85 | windows=13
global_step=15528 | return=41.81 | windows=22
global_step=15528 | return=-63.75 | windows=20
global_step=15552 | return=89.14 | windows=22
global_step=15552 | return=-76.36 | windows=11
global_step=15576 | return=-49.06 | windows=22
global_step=15584 | return=-48.56 | windows=15
global_step=15592 | return=-6.24 | windows=25
global_step=15632 | return=-49.34 | windows=17
global_step=15672 | return=-21.12 | windows=17
global_step=15712 | return=-47.29 | windows=14
global_step=15728 | return=-56.14 | windows=21
global_step=15744 | return=-53.66 | windows=13
global_step=15760 | return=-45.70 | windows=28
global_step=15760 | return=-70.64 | windows=25
global_step=15768 | return=-66.92 | windows=22
global_step=15792 | return=-35.90 | windows=26
global_step=15864 | return=-47.29 | windows=14
global_step=15872 | return=-48.96 | windows=17
global_step=15888 | return=-44.05 | windows=15
global_step=15896 | return=-60.88 | windows=22
global_step=15904 | return=14.94 | windows=28
global_step=15920 | return=-52.27 | windows=19
global_step=15936 | return=-54.18 | windows=20
global_step=15968 | return=-41.31 | windows=11
global_step=15976 | return=-36.44 | windows=10
global_step=16000 | return=-30.13 | windows=9
global_step=16016 | return=41.90 | windows=18
global_step=16016 | return=-41.95 | windows=14
global_step=16056 | return=-27.93 | windows=32
global_step=16080 | return=-32.02 | windows=7
global_step=16080 | return=-48.03 | windows=17
global_step=16088 | return=-12.61 | windows=14
global_step=16112 | return=-7.38 | windows=25
global_step=16128 | return=-36.94 | windows=18
global_step=16176 | return=-62.09 | windows=21
global_step=16184 | return=-50.01 | windows=15
global_step=16200 | return=-36.78 | windows=10
global_step=16208 | return=12.47 | windows=14
global_step=16216 | return=-46.45 | windows=16
global_step=16256 | return=-59.18 | windows=21
global_step=16280 | return=-74.24 | windows=32
global_step=16288 | return=-45.27 | windows=13
global_step=16304 | return=-59.99 | windows=21
global_step=16360 | return=-56.18 | windows=18
global_step=16360 | return=-55.89 | windows=19
global_step=16376 | return=-40.44 | windows=23
global_step=16384 | return=-54.81 | windows=20
global_step=16384, SPS=0
global_step=16400 | return=-54.27 | windows=17
global_step=16424 | return=39.07 | windows=17
global_step=16464 | return=-5.59 | windows=12
global_step=16480 | return=132.70 | windows=23
global_step=16512 | return=-49.35 | windows=16
global_step=16536 | return=-53.13 | windows=16
global_step=16544 | return=-57.41 | windows=22
global_step=16552 | return=100.01 | windows=30
global_step=16584 | return=109.79 | windows=24
global_step=16592 | return=-49.14 | windows=15
global_step=16648 | return=-9.96 | windows=20
global_step=16656 | return=29.53 | windows=14
global_step=16672 | return=-47.01 | windows=15
global_step=16688 | return=-78.80 | windows=32
global_step=16712 | return=-58.91 | windows=24
global_step=16736 | return=-58.62 | windows=18
global_step=16736 | return=-46.90 | windows=22
global_step=16808 | return=-51.37 | windows=16
global_step=16808 | return=-51.05 | windows=18
global_step=16816 | return=-42.78 | windows=12
global_step=16840 | return=167.52 | windows=30
global_step=16848 | return=-50.97 | windows=24
global_step=16872 | return=48.96 | windows=22
global_step=16912 | return=-64.65 | windows=21
global_step=16944 | return=-40.85 | windows=15
global_step=16960 | return=-48.97 | windows=18
global_step=16968 | return=-59.50 | windows=28
global_step=16984 | return=-43.61 | windows=16
global_step=17000 | return=-30.67 | windows=23
global_step=17000 | return=-39.07 | windows=10
global_step=17008 | return=98.76 | windows=20
global_step=17024 | return=9.31 | windows=18
global_step=17080 | return=-41.16 | windows=11
global_step=17128 | return=107.36 | windows=22
global_step=17136 | return=74.37 | windows=16
global_step=17144 | return=16.19 | windows=22
global_step=17152 | return=-47.38 | windows=22
global_step=17168 | return=-32.38 | windows=10
global_step=17184 | return=-64.90 | windows=21
global_step=17208 | return=-59.63 | windows=22
global_step=17224 | return=-40.69 | windows=10
global_step=17248 | return=-6.96 | windows=30
global_step=17312 | return=-40.27 | windows=12
global_step=17320 | return=-52.79 | windows=16
global_step=17320 | return=-63.06 | windows=21
global_step=17320 | return=36.34 | windows=23
global_step=17344 | return=-65.29 | windows=21
global_step=17344 | return=-13.59 | windows=23
global_step=17384 | return=-52.19 | windows=19
global_step=17424 | return=-64.80 | windows=21
global_step=17440 | return=-46.16 | windows=14
global_step=17448 | return=-46.02 | windows=15
global_step=17448 | return=-9.14 | windows=15
global_step=17464 | return=-49.25 | windows=18
global_step=17528 | return=-53.33 | windows=17
global_step=17544 | return=-7.85 | windows=24
global_step=17552 | return=-10.29 | windows=25
global_step=17568 | return=-54.22 | windows=17
global_step=17584 | return=-49.99 | windows=16
global_step=17584 | return=-49.94 | windows=17
global_step=17592 | return=-43.90 | windows=15
global_step=17648 | return=-63.62 | windows=24
global_step=17664 | return=-38.42 | windows=11
global_step=17672 | return=-43.34 | windows=15
global_step=17704 | return=-42.27 | windows=18
global_step=17720 | return=-43.72 | windows=16
global_step=17720 | return=-66.59 | windows=23
global_step=17728 | return=-45.64 | windows=16
global_step=17744 | return=-38.45 | windows=11
global_step=17752 | return=-53.30 | windows=20
global_step=17808 | return=-39.40 | windows=12
global_step=17848 | return=-41.86 | windows=14
global_step=17856 | return=-0.72 | windows=16
global_step=17856 | return=-71.67 | windows=23
global_step=17864 | return=-11.03 | windows=23
global_step=17872 | return=-44.99 | windows=14
global_step=17904 | return=94.25 | windows=19
global_step=17936 | return=33.13 | windows=15
global_step=17960 | return=-38.42 | windows=11
global_step=17976 | return=-58.16 | windows=31
global_step=17976 | return=-49.53 | windows=15
global_step=17984 | return=-44.48 | windows=13
global_step=18008 | return=-49.84 | windows=18
global_step=18024 | return=-43.17 | windows=14
global_step=18032 | return=-12.01 | windows=21
global_step=18056 | return=-43.44 | windows=14
global_step=18056 | return=-41.92 | windows=11
global_step=18080 | return=-43.19 | windows=12
global_step=18096 | return=-40.80 | windows=14
global_step=18112 | return=-32.30 | windows=9
global_step=18128 | return=-46.30 | windows=14
global_step=18152 | return=-51.08 | windows=15
global_step=18184 | return=-33.27 | windows=24
global_step=18224 | return=-48.75 | windows=15
global_step=18232 | return=-64.70 | windows=21
global_step=18232 | return=-54.12 | windows=18
global_step=18248 | return=-35.45 | windows=11
global_step=18256 | return=-49.39 | windows=15
global_step=18272 | return=-56.15 | windows=19
global_step=18280 | return=-54.39 | windows=27
global_step=18280 | return=-33.46 | windows=11
global_step=18368 | return=-48.60 | windows=14
global_step=18384 | return=106.83 | windows=18
global_step=18400 | return=-42.33 | windows=14
global_step=18408 | return=-66.90 | windows=22
global_step=18440 | return=-72.94 | windows=25
global_step=18440 | return=-54.00 | windows=19
global_step=18464 | return=30.10 | windows=23
global_step=18472 | return=-75.05 | windows=26
global_step=18504 | return=-46.17 | windows=14
global_step=18520 | return=-29.44 | windows=9
global_step=18544 | return=-51.89 | windows=16
global_step=18560 | return=-74.52 | windows=11
global_step=18584 | return=-32.79 | windows=13
Traceback (most recent call last):
  File "/md0/home/UFAD/tcuevasmestanza/CarRacing/smdp/experiments/adaptive_fps_smdp/train_mlp.py", line 285, in <module>
    next_obs, reward, terminations, truncations, infos = envs.step(action.cpu().numpy())
                                                         ^^^^^^^^^^^^^^^^^^^^^^^^^^^^^^^
  File "/home/UFAD/tcuevasmestanza/.conda/envs/racing/lib/python3.12/site-packages/gymnasium/vector/sync_vector_env.py", line 266, in step
    ) = self.envs[i].step(action)
        ^^^^^^^^^^^^^^^^^^^^^^^^^
  File "/home/UFAD/tcuevasmestanza/.conda/envs/racing/lib/python3.12/site-packages/gymnasium/wrappers/common.py", line 512, in step
    obs, reward, terminated, truncated, info = super().step(action)
                                               ^^^^^^^^^^^^^^^^^^^^
  File "/home/UFAD/tcuevasmestanza/.conda/envs/racing/lib/python3.12/site-packages/gymnasium/core.py", line 327, in step
    return self.env.step(action)
           ^^^^^^^^^^^^^^^^^^^^^
  File "/md0/home/UFAD/tcuevasmestanza/CarRacing/wrappers/adaptive_fps_cautious_smdp_wrapper.py", line 167, in step
    observed_frame, nav_reward, terminated, truncated, info = self.env.step(navigation_action)
                                                              ^^^^^^^^^^^^^^^^^^^^^^^^^^^^^^^^
  File "/md0/home/UFAD/tcuevasmestanza/CarRacing/wrappers/pre_processing.py", line 38, in step
    observation, reward, terminated, truncated, info = self.env.step(action)
                                                       ^^^^^^^^^^^^^^^^^^^^^
  File "/home/UFAD/tcuevasmestanza/.conda/envs/racing/lib/python3.12/site-packages/gymnasium/wrappers/common.py", line 124, in step
    observation, reward, terminated, truncated, info = self.env.step(action)
                                                       ^^^^^^^^^^^^^^^^^^^^^
  File "/home/UFAD/tcuevasmestanza/.conda/envs/racing/lib/python3.12/site-packages/gymnasium/wrappers/common.py", line 392, in step
    return super().step(action)
           ^^^^^^^^^^^^^^^^^^^^
  File "/home/UFAD/tcuevasmestanza/.conda/envs/racing/lib/python3.12/site-packages/gymnasium/core.py", line 327, in step
    return self.env.step(action)
           ^^^^^^^^^^^^^^^^^^^^^
  File "/home/UFAD/tcuevasmestanza/.conda/envs/racing/lib/python3.12/site-packages/gymnasium/wrappers/common.py", line 284, in step
    return self.env.step(action)
           ^^^^^^^^^^^^^^^^^^^^^
  File "/home/UFAD/tcuevasmestanza/.conda/envs/racing/lib/python3.12/site-packages/gymnasium/envs/box2d/car_racing.py", line 561, in step
    self.state = self._render("state_pixels")
                 ^^^^^^^^^^^^^^^^^^^^^^^^^^^^
  File "/home/UFAD/tcuevasmestanza/.conda/envs/racing/lib/python3.12/site-packages/gymnasium/envs/box2d/car_racing.py", line 626, in _render
    self._render_road(zoom, trans, angle)
  File "/home/UFAD/tcuevasmestanza/.conda/envs/racing/lib/python3.12/site-packages/gymnasium/envs/box2d/car_racing.py", line 694, in _render_road
    poly = [(p[0], p[1]) for p in poly]
            ^^^^^^^^^^^^
KeyboardInterrupt
