/home/UFAD/tcuevasmestanza/.conda/envs/racing/lib/python3.12/site-packages/tyro/_parsers.py:353: UserWarning: The field `wandb-entity` is annotated with type `<class 'str'>`, but the default value `None` has type `<class 'NoneType'>`. We'll try to handle this gracefully, but it may cause unexpected behavior.
  warnings.warn(message)
/home/UFAD/tcuevasmestanza/.conda/envs/racing/lib/python3.12/site-packages/tyro/_parsers.py:353: UserWarning: The field `target-kl` is annotated with type `<class 'float'>`, but the default value `None` has type `<class 'NoneType'>`. We'll try to handle this gracefully, but it may cause unexpected behavior.
  warnings.warn(message)
/home/UFAD/tcuevasmestanza/.conda/envs/racing/lib/python3.12/site-packages/tyro/_parsers.py:353: UserWarning: The field `resume-path` is annotated with type `<class 'str'>`, but the default value `None` has type `<class 'NoneType'>`. We'll try to handle this gracefully, but it may cause unexpected behavior.
  warnings.warn(message)
Experiment info saved → smdp/experiments/adaptive_fps_smdp/runs/CarRacing-v3_smdp_mlp_fc_1.0_bud_150.0_19-07-14-34-27/info_settings.txt
Device: cuda
Navigation model path: experiments/navigation/runs/CarRacing-v3__ppo__1__1781901069/final.pt
Navigation Model loaded on cuda
Navigation Model loaded on cuda
Navigation Model loaded on cuda
Navigation Model loaded on cuda
Navigation Model loaded on cuda
Navigation Model loaded on cuda
Navigation Model loaded on cuda
Navigation Model loaded on cuda
global_step=96 | return=-31.15 | windows=12
global_step=128 | return=-28.65 | windows=16
global_step=144 | return=-38.20 | windows=18
global_step=152 | return=17.87 | windows=19
global_step=168 | return=-43.82 | windows=21
global_step=184 | return=-38.37 | windows=23
global_step=192 | return=25.27 | windows=24
global_step=216 | return=38.47 | windows=14
global_step=224 | return=-42.48 | windows=28
global_step=232 | return=-31.24 | windows=12
global_step=264 | return=-29.53 | windows=13
global_step=304 | return=-36.60 | windows=16
global_step=320 | return=-30.25 | windows=11
global_step=320 | return=73.76 | windows=21
global_step=328 | return=-31.23 | windows=16
global_step=328 | return=-30.42 | windows=17
global_step=360 | return=17.98 | windows=11
global_step=400 | return=-16.26 | windows=22
global_step=424 | return=-22.99 | windows=11
global_step=424 | return=-26.43 | windows=23
global_step=448 | return=-33.25 | windows=17
global_step=456 | return=-29.46 | windows=16
global_step=464 | return=-30.58 | windows=12
global_step=488 | return=34.36 | windows=20
global_step=520 | return=-30.19 | windows=11
global_step=544 | return=-33.64 | windows=17
global_step=560 | return=-47.33 | windows=28
global_step=568 | return=-32.25 | windows=17
global_step=584 | return=-26.77 | windows=14
global_step=616 | return=-35.69 | windows=19
global_step=616 | return=-38.12 | windows=20
global_step=632 | return=-35.15 | windows=17
global_step=640 | return=-29.63 | windows=14
global_step=696 | return=-34.30 | windows=15
global_step=704 | return=-75.01 | windows=7
global_step=720 | return=-43.82 | windows=21
global_step=720 | return=94.86 | windows=19
global_step=752 | return=-30.55 | windows=14
global_step=768 | return=-44.92 | windows=22
global_step=776 | return=-19.74 | windows=19
global_step=792 | return=-26.74 | windows=8
global_step=856 | return=-38.28 | windows=19
global_step=904 | return=-15.21 | windows=35
global_step=912 | return=-45.11 | windows=25
global_step=944 | return=-52.06 | windows=27
global_step=952 | return=24.52 | windows=24
global_step=992 | return=-41.42 | windows=26
global_step=1008 | return=-43.47 | windows=26
global_step=1008 | return=-23.51 | windows=11
global_step=1016 | return=-37.43 | windows=19
global_step=1024 | return=110.71 | windows=31
global_step=1056 | return=55.43 | windows=18
global_step=1080 | return=-5.54 | windows=16
global_step=1080 | return=-34.94 | windows=15
global_step=1144 | return=-22.12 | windows=10
global_step=1160 | return=-12.86 | windows=20
global_step=1160 | return=-38.51 | windows=17
global_step=1176 | return=-41.14 | windows=20
global_step=1192 | return=1.90 | windows=20
global_step=1200 | return=-32.78 | windows=14
global_step=1224 | return=43.15 | windows=17
global_step=1272 | return=-36.36 | windows=15
global_step=1280 | return=-25.38 | windows=12
global_step=1296 | return=-56.21 | windows=35
global_step=1304 | return=-39.15 | windows=17
global_step=1312 | return=-40.71 | windows=18
global_step=1328 | return=-37.39 | windows=16
global_step=1384 | return=-27.96 | windows=10
global_step=1384 | return=-41.05 | windows=19
global_step=1392 | return=-23.24 | windows=9
global_step=1400 | return=-33.36 | windows=14
global_step=1408 | return=-45.05 | windows=25
global_step=1448 | return=71.65 | windows=21
global_step=1448 | return=-38.23 | windows=17
global_step=1528 | return=-28.72 | windows=17
global_step=1536 | return=-33.33 | windows=15
global_step=1544 | return=-32.23 | windows=18
global_step=1544 | return=-39.31 | windows=19
global_step=1552 | return=37.26 | windows=27
global_step=1592 | return=-31.58 | windows=17
global_step=1632 | return=-49.79 | windows=28
global_step=1640 | return=-27.86 | windows=12
global_step=1640 | return=-41.37 | windows=23
global_step=1656 | return=-30.13 | windows=15
global_step=1672 | return=-26.05 | windows=15
global_step=1696 | return=-37.46 | windows=18
global_step=1736 | return=-35.71 | windows=17
global_step=1736 | return=-39.50 | windows=22
global_step=1768 | return=4.96 | windows=16
global_step=1808 | return=-33.80 | windows=20
global_step=1808 | return=-35.13 | windows=20
global_step=1816 | return=-32.86 | windows=14
global_step=1824 | return=-36.26 | windows=18
global_step=1824 | return=-33.98 | windows=20
global_step=1856 | return=-29.83 | windows=10
global_step=1896 | return=-44.06 | windows=19
global_step=1936 | return=-25.47 | windows=24
global_step=1936 | return=-30.49 | windows=15
global_step=1952 | return=-35.30 | windows=16
global_step=1960 | return=-32.56 | windows=16
global_step=1960 | return=-38.66 | windows=16
global_step=2016 | return=-41.92 | windows=25
global_step=2048 | return=-29.21 | windows=10
global_step=2056 | return=98.71 | windows=24
global_step=2064 | return=-38.29 | windows=20
global_step=2064 | return=-29.63 | windows=15
global_step=2080 | return=-25.81 | windows=7
global_step=2136 | return=6.98 | windows=21
global_step=2144 | return=-25.51 | windows=11
global_step=2144 | return=-29.22 | windows=10
global_step=2152 | return=-0.39 | windows=26
global_step=2176 | return=-44.03 | windows=27
global_step=2208 | return=-39.17 | windows=17
global_step=2232 | return=-28.08 | windows=9
global_step=2248 | return=16.80 | windows=22
global_step=2256 | return=-28.76 | windows=21
global_step=2264 | return=-26.52 | windows=14
global_step=2280 | return=-27.15 | windows=12
global_step=2320 | return=-73.98 | windows=13
global_step=2328 | return=-25.59 | windows=7
global_step=2328 | return=-43.65 | windows=22
global_step=2384 | return=10.37 | windows=12
global_step=2416 | return=-52.96 | windows=34
global_step=2416 | return=35.30 | windows=22
global_step=2416 | return=-39.99 | windows=19
global_step=2424 | return=-26.73 | windows=12
global_step=2440 | return=-40.49 | windows=23
global_step=2464 | return=-34.19 | windows=16
global_step=2520 | return=-38.41 | windows=23
global_step=2544 | return=-33.66 | windows=19
global_step=2568 | return=-27.64 | windows=15
global_step=2568 | return=29.93 | windows=18
global_step=2600 | return=60.89 | windows=22
global_step=2616 | return=-40.34 | windows=23
global_step=2640 | return=72.80 | windows=27
global_step=2664 | return=-33.44 | windows=17
global_step=2672 | return=182.18 | windows=25
global_step=2696 | return=-29.44 | windows=15
global_step=2744 | return=57.83 | windows=21
global_step=2768 | return=42.53 | windows=18
global_step=2768 | return=-40.17 | windows=20
global_step=2776 | return=-50.08 | windows=28
global_step=2784 | return=-34.93 | windows=17
global_step=2808 | return=-34.44 | windows=16
global_step=2832 | return=-10.95 | windows=20
global_step=2896 | return=-35.53 | windows=15
global_step=2912 | return=-34.22 | windows=16
global_step=2912 | return=-31.19 | windows=17
global_step=2920 | return=5.46 | windows=27
global_step=2936 | return=-40.59 | windows=23
global_step=2944 | return=-41.64 | windows=19
global_step=2976 | return=-34.54 | windows=20
global_step=3000 | return=-1.30 | windows=20
global_step=3008 | return=-25.04 | windows=11
global_step=3016 | return=-33.27 | windows=14
global_step=3024 | return=-24.40 | windows=9
global_step=3088 | return=-39.46 | windows=21
global_step=3120 | return=-29.53 | windows=13
global_step=3136 | return=-41.45 | windows=24
global_step=3136 | return=-36.24 | windows=26
global_step=3144 | return=-39.45 | windows=20
global_step=3152 | return=-70.54 | windows=16
global_step=3192 | return=0.59 | windows=20
global_step=3192 | return=-38.15 | windows=23
global_step=3208 | return=-35.05 | windows=14
global_step=3256 | return=-31.20 | windows=14
global_step=3296 | return=-26.22 | windows=19
global_step=3296 | return=-36.25 | windows=18
global_step=3320 | return=-27.71 | windows=13
global_step=3328 | return=-42.04 | windows=25
global_step=3344 | return=-32.37 | windows=23
global_step=3368 | return=-25.00 | windows=13
global_step=3376 | return=-36.77 | windows=22
global_step=3416 | return=-80.88 | windows=14
global_step=3416 | return=-28.34 | windows=10
global_step=3424 | return=-44.65 | windows=28
global_step=3456 | return=-38.12 | windows=16
global_step=3456 | return=-28.01 | windows=13
global_step=3528 | return=6.76 | windows=18
global_step=3536 | return=-47.45 | windows=29
global_step=3536 | return=-22.39 | windows=20
global_step=3544 | return=-18.22 | windows=14
global_step=3592 | return=76.03 | windows=21
global_step=3608 | return=-30.61 | windows=18
global_step=3616 | return=-41.11 | windows=19
global_step=3664 | return=-29.11 | windows=15
global_step=3672 | return=-5.58 | windows=31
global_step=3672 | return=-33.20 | windows=15
global_step=3680 | return=-36.54 | windows=17
global_step=3696 | return=-39.95 | windows=20
global_step=3744 | return=-36.58 | windows=16
global_step=3744 | return=-32.57 | windows=15
global_step=3776 | return=-30.21 | windows=11
global_step=3808 | return=83.13 | windows=26
global_step=3832 | return=-28.41 | windows=10
global_step=3872 | return=5.49 | windows=24
global_step=3880 | return=-45.74 | windows=22
global_step=3904 | return=-33.02 | windows=15
global_step=3912 | return=93.00 | windows=30
global_step=3920 | return=-29.45 | windows=13
global_step=3920 | return=-53.28 | windows=30
global_step=3944 | return=-38.52 | windows=24
global_step=3976 | return=-30.25 | windows=11
global_step=3984 | return=-18.20 | windows=18
global_step=4000 | return=-29.18 | windows=10
global_step=4000 | return=-29.03 | windows=11
global_step=4072 | return=-7.01 | windows=18
global_step=4072 | return=-32.87 | windows=15
global_step=4080 | return=-49.37 | windows=25
global_step=4096, SPS=0
global_step=4104 | return=-35.94 | windows=15
global_step=4112 | return=-43.99 | windows=23
global_step=4128 | return=38.26 | windows=15
global_step=4168 | return=110.71 | windows=22
global_step=4216 | return=-36.43 | windows=17
global_step=4224 | return=-36.95 | windows=17
global_step=4232 | return=4.15 | windows=19
global_step=4232 | return=-32.26 | windows=15
global_step=4248 | return=-44.37 | windows=30
global_step=4264 | return=-22.69 | windows=11
global_step=4320 | return=-45.06 | windows=25
global_step=4328 | return=-40.68 | windows=24
global_step=4336 | return=-28.06 | windows=12
global_step=4352 | return=-24.86 | windows=12
global_step=4368 | return=-31.13 | windows=12
global_step=4384 | return=-40.62 | windows=18
global_step=4400 | return=-37.50 | windows=21
global_step=4416 | return=129.83 | windows=24
global_step=4448 | return=-26.92 | windows=11
global_step=4488 | return=-16.10 | windows=19
global_step=4496 | return=-34.30 | windows=15
global_step=4520 | return=43.99 | windows=16
global_step=4528 | return=-37.92 | windows=23
global_step=4552 | return=82.10 | windows=28
global_step=4576 | return=-31.42 | windows=15
global_step=4576 | return=-39.51 | windows=19
global_step=4592 | return=-37.83 | windows=23
global_step=4624 | return=-29.15 | windows=16
global_step=4640 | return=-32.17 | windows=17
global_step=4688 | return=-30.42 | windows=13
global_step=4688 | return=-41.53 | windows=20
global_step=4720 | return=-36.92 | windows=23
global_step=4728 | return=-2.02 | windows=21
global_step=4744 | return=-25.21 | windows=12
global_step=4760 | return=-42.16 | windows=20
global_step=4792 | return=-45.01 | windows=26
global_step=4816 | return=-30.60 | windows=15
global_step=4816 | return=-27.02 | windows=23
global_step=4840 | return=-71.85 | windows=18
global_step=4872 | return=-30.76 | windows=17
global_step=4952 | return=-34.42 | windows=28
global_step=4960 | return=-33.25 | windows=17
global_step=4968 | return=-40.20 | windows=18
global_step=4976 | return=-41.53 | windows=22
global_step=5008 | return=-61.73 | windows=32
global_step=5008 | return=-38.64 | windows=20
global_step=5016 | return=-30.65 | windows=31
global_step=5048 | return=-21.96 | windows=10
global_step=5104 | return=-47.23 | windows=28
global_step=5112 | return=-37.58 | windows=16
global_step=5136 | return=-28.38 | windows=14
global_step=5144 | return=-4.73 | windows=21
global_step=5168 | return=-40.08 | windows=19
global_step=5208 | return=-9.44 | windows=31
global_step=5232 | return=-27.34 | windows=10
global_step=5248 | return=142.96 | windows=24
global_step=5256 | return=-53.97 | windows=30
global_step=5288 | return=13.40 | windows=18
global_step=5304 | return=-45.14 | windows=24
global_step=5336 | return=-61.41 | windows=12
global_step=5352 | return=-33.98 | windows=17
global_step=5368 | return=-43.44 | windows=24
global_step=5368 | return=-25.29 | windows=7
global_step=5376 | return=-53.52 | windows=32
global_step=5384 | return=-35.46 | windows=16
global_step=5480 | return=-32.27 | windows=13
global_step=5488 | return=-39.86 | windows=24
global_step=5496 | return=-39.51 | windows=19
global_step=5512 | return=-22.56 | windows=16
global_step=5528 | return=-33.23 | windows=19
global_step=5544 | return=-95.64 | windows=19
global_step=5560 | return=-12.88 | windows=37
global_step=5576 | return=-41.71 | windows=27
global_step=5632 | return=-24.19 | windows=18
global_step=5664 | return=67.62 | windows=21
global_step=5672 | return=-41.78 | windows=19
global_step=5688 | return=124.88 | windows=19
global_step=5696 | return=124.15 | windows=24
global_step=5720 | return=-37.83 | windows=19
global_step=5736 | return=-41.39 | windows=19
global_step=5736 | return=-4.65 | windows=12
global_step=5760 | return=-8.38 | windows=26
global_step=5824 | return=-29.22 | windows=10
global_step=5840 | return=-30.62 | windows=17
global_step=5840 | return=-37.33 | windows=20
global_step=5856 | return=-11.59 | windows=14
global_step=5872 | return=92.93 | windows=18
global_step=5896 | return=-51.55 | windows=28
global_step=5912 | return=41.65 | windows=27
global_step=5944 | return=-27.08 | windows=12
global_step=5960 | return=-25.59 | windows=7
global_step=5960 | return=-18.75 | windows=24
global_step=5976 | return=-13.78 | windows=18
global_step=5984 | return=-26.88 | windows=15
global_step=6008 | return=-37.81 | windows=20
global_step=6032 | return=-41.69 | windows=19
global_step=6112 | return=-43.83 | windows=24
global_step=6120 | return=-38.96 | windows=19
global_step=6120 | return=-26.77 | windows=21
global_step=6152 | return=-37.10 | windows=21
global_step=6160 | return=-47.00 | windows=24
global_step=6160 | return=-27.84 | windows=15
global_step=6160 | return=-41.42 | windows=21
global_step=6184 | return=-37.60 | windows=21
global_step=6256 | return=-31.30 | windows=11
global_step=6288 | return=70.23 | windows=20
global_step=6320 | return=0.85 | windows=20
global_step=6344 | return=68.76 | windows=22
global_step=6352 | return=-52.43 | windows=28
global_step=6368 | return=-18.25 | windows=22
global_step=6384 | return=-28.31 | windows=11
global_step=6400 | return=3.65 | windows=29
global_step=6456 | return=10.86 | windows=13
global_step=6472 | return=-44.65 | windows=44
global_step=6480 | return=-41.70 | windows=19
global_step=6504 | return=175.68 | windows=30
global_step=6544 | return=-24.03 | windows=23
global_step=6576 | return=-108.35 | windows=25
global_step=6584 | return=-38.49 | windows=24
global_step=6592 | return=-32.55 | windows=13
global_step=6632 | return=-12.74 | windows=15
global_step=6632 | return=37.09 | windows=21
global_step=6640 | return=-4.39 | windows=29
global_step=6664 | return=-29.45 | windows=14
global_step=6680 | return=15.56 | windows=25
global_step=6688 | return=-30.62 | windows=12
global_step=6704 | return=-26.98 | windows=15
global_step=6736 | return=-26.28 | windows=12
global_step=6752 | return=-26.86 | windows=13
global_step=6776 | return=-0.51 | windows=22
global_step=6792 | return=-32.25 | windows=13
global_step=6800 | return=-28.14 | windows=13
global_step=6808 | return=-31.26 | windows=12
global_step=6832 | return=-20.74 | windows=20
global_step=6840 | return=-46.91 | windows=25
global_step=6888 | return=-36.39 | windows=16
global_step=6936 | return=-41.30 | windows=24
global_step=6944 | return=-31.48 | windows=16
global_step=6944 | return=-27.10 | windows=13
global_step=6952 | return=-16.67 | windows=19
global_step=6960 | return=-40.87 | windows=22
global_step=6976 | return=-41.51 | windows=21
global_step=7008 | return=-27.30 | windows=14
global_step=7032 | return=-37.58 | windows=23
global_step=7048 | return=-29.15 | windows=12
global_step=7056 | return=-28.35 | windows=13
global_step=7064 | return=-59.03 | windows=10
global_step=7072 | return=52.88 | windows=16
global_step=7136 | return=12.89 | windows=21
global_step=7192 | return=-55.36 | windows=29
global_step=7200 | return=-35.39 | windows=16
global_step=7216 | return=-39.42 | windows=19
global_step=7224 | return=-36.75 | windows=23
global_step=7256 | return=-35.53 | windows=22
global_step=7256 | return=-28.46 | windows=25
global_step=7304 | return=130.79 | windows=36
global_step=7320 | return=-30.23 | windows=11
global_step=7352 | return=-30.24 | windows=11
global_step=7352 | return=-49.05 | windows=26
global_step=7360 | return=-29.69 | windows=12
global_step=7368 | return=-3.13 | windows=20
global_step=7384 | return=-35.46 | windows=20
global_step=7392 | return=-45.12 | windows=24
global_step=7496 | return=-16.36 | windows=17
global_step=7504 | return=-47.02 | windows=24
global_step=7512 | return=-45.52 | windows=23
global_step=7544 | return=-18.21 | windows=22
global_step=7568 | return=-39.97 | windows=24
global_step=7584 | return=-47.61 | windows=28
global_step=7600 | return=-41.72 | windows=26
global_step=7640 | return=-33.70 | windows=15
global_step=7640 | return=-9.12 | windows=16
global_step=7656 | return=-22.22 | windows=32
global_step=7712 | return=111.99 | windows=26
global_step=7744 | return=-40.30 | windows=19
global_step=7752 | return=-27.08 | windows=11
global_step=7776 | return=-41.48 | windows=21
global_step=7776 | return=-45.38 | windows=28
global_step=7816 | return=-36.20 | windows=21
global_step=7848 | return=59.51 | windows=25
global_step=7848 | return=-27.80 | windows=34
global_step=7888 | return=-36.39 | windows=16
global_step=7904 | return=-30.35 | windows=15
global_step=7912 | return=-41.47 | windows=24
global_step=7928 | return=-35.40 | windows=18
global_step=7944 | return=-28.05 | windows=11
global_step=7968 | return=-25.46 | windows=14
global_step=7968 | return=-11.14 | windows=27
global_step=8016 | return=-32.41 | windows=15
global_step=8040 | return=40.15 | windows=27
global_step=8056 | return=-32.62 | windows=18
global_step=8064 | return=-28.32 | windows=16
global_step=8088 | return=-39.76 | windows=17
global_step=8112 | return=-41.21 | windows=24
global_step=8144 | return=-29.43 | windows=15
global_step=8144 | return=-39.69 | windows=21
global_step=8184 | return=-49.13 | windows=26
global_step=8192, SPS=0
global_step=8200 | return=9.37 | windows=17
global_step=8200 | return=-24.08 | windows=13
global_step=8208 | return=-15.53 | windows=17
global_step=8240 | return=-35.57 | windows=15
global_step=8264 | return=-43.44 | windows=27
global_step=8328 | return=-31.39 | windows=17
global_step=8344 | return=-44.66 | windows=24
global_step=8352 | return=-31.09 | windows=13
global_step=8360 | return=-33.47 | windows=18
global_step=8392 | return=166.92 | windows=30
global_step=8464 | return=34.79 | windows=32
global_step=8464 | return=-47.01 | windows=24
global_step=8496 | return=-30.47 | windows=18
global_step=8496 | return=123.91 | windows=36
global_step=8496 | return=-53.29 | windows=16
global_step=8560 | return=87.53 | windows=25
global_step=8560 | return=-45.51 | windows=28
global_step=8568 | return=-44.31 | windows=21
global_step=8608 | return=-31.31 | windows=13
global_step=8680 | return=129.69 | windows=22
global_step=8680 | return=66.00 | windows=26
global_step=8696 | return=-36.38 | windows=15
global_step=8696 | return=-40.01 | windows=24
global_step=8720 | return=-23.69 | windows=13
global_step=8736 | return=-35.84 | windows=21
global_step=8768 | return=42.28 | windows=25
global_step=8784 | return=-59.62 | windows=39
global_step=8800 | return=-32.75 | windows=14
global_step=8824 | return=-34.25 | windows=15
global_step=8824 | return=-31.69 | windows=17
global_step=8864 | return=-41.73 | windows=20
global_step=8912 | return=-39.67 | windows=23
global_step=8920 | return=-35.16 | windows=18
global_step=8928 | return=50.26 | windows=23
global_step=8944 | return=-35.05 | windows=19
global_step=8976 | return=-43.22 | windows=21
global_step=8992 | return=-113.04 | windows=20
global_step=9008 | return=-38.31 | windows=17
global_step=9016 | return=-8.63 | windows=23
global_step=9088 | return=59.86 | windows=21
global_step=9096 | return=-20.75 | windows=21
global_step=9104 | return=-36.19 | windows=21
global_step=9104 | return=-27.43 | windows=15
global_step=9152 | return=-48.04 | windows=25
global_step=9192 | return=1.21 | windows=21
global_step=9200 | return=-45.92 | windows=23
global_step=9208 | return=-23.38 | windows=12
global_step=9232 | return=-44.57 | windows=29
global_step=9280 | return=-42.93 | windows=21
global_step=9288 | return=-45.41 | windows=23
global_step=9304 | return=-12.03 | windows=13
global_step=9328 | return=-32.74 | windows=29
global_step=9328 | return=-13.49 | windows=21
global_step=9352 | return=-33.03 | windows=14
global_step=9368 | return=-40.81 | windows=20
global_step=9384 | return=-43.35 | windows=21
global_step=9392 | return=-106.72 | windows=13
global_step=9432 | return=-38.49 | windows=17
global_step=9472 | return=-9.32 | windows=20
global_step=9472 | return=10.18 | windows=17
global_step=9496 | return=-31.94 | windows=17
global_step=9512 | return=-33.41 | windows=14
global_step=9576 | return=-31.21 | windows=12
global_step=9584 | return=-32.20 | windows=13
global_step=9592 | return=-23.17 | windows=9
global_step=9600 | return=63.45 | windows=28
global_step=9608 | return=126.88 | windows=34
global_step=9608 | return=33.72 | windows=21
global_step=9624 | return=47.00 | windows=15
global_step=9680 | return=-29.82 | windows=36
global_step=9696 | return=-31.81 | windows=12
global_step=9712 | return=-35.80 | windows=16
global_step=9720 | return=-19.92 | windows=16
global_step=9720 | return=-28.19 | windows=14
global_step=9752 | return=-28.14 | windows=17
global_step=9776 | return=30.68 | windows=20
global_step=9784 | return=-3.11 | windows=19
global_step=9824 | return=-36.02 | windows=17
global_step=9840 | return=-34.34 | windows=14
global_step=9848 | return=-15.42 | windows=16
global_step=9872 | return=-36.33 | windows=21
global_step=9880 | return=-31.26 | windows=12
global_step=9896 | return=-32.07 | windows=17
global_step=9920 | return=-43.92 | windows=24
global_step=9920 | return=-37.77 | windows=16
global_step=9928 | return=-28.43 | windows=12
global_step=9984 | return=-27.77 | windows=17
global_step=9984 | return=8.45 | windows=16
global_step=10064 | return=-44.80 | windows=22
global_step=10072 | return=-34.25 | windows=17
global_step=10072 | return=81.31 | windows=21
global_step=10088 | return=46.05 | windows=20
global_step=10096 | return=-50.07 | windows=27
global_step=10152 | return=-43.68 | windows=28
global_step=10184 | return=-46.26 | windows=24
global_step=10192 | return=-45.19 | windows=25
global_step=10232 | return=82.20 | windows=19
global_step=10240 | return=-8.89 | windows=21
global_step=10256 | return=-34.22 | windows=19
global_step=10272 | return=17.86 | windows=24
global_step=10320 | return=-30.93 | windows=16
global_step=10328 | return=-31.12 | windows=16
global_step=10336 | return=-54.53 | windows=30
global_step=10336 | return=-28.85 | windows=22
global_step=10400 | return=-33.02 | windows=17
global_step=10408 | return=-26.89 | windows=16
global_step=10416 | return=16.88 | windows=22
global_step=10448 | return=-34.91 | windows=15
global_step=10488 | return=30.49 | windows=18
global_step=10488 | return=-49.12 | windows=30
global_step=10544 | return=-25.82 | windows=26
global_step=10584 | return=109.67 | windows=30
global_step=10600 | return=-43.05 | windows=23
global_step=10608 | return=-41.94 | windows=23
global_step=10640 | return=-92.13 | windows=18
global_step=10648 | return=59.20 | windows=30
global_step=10648 | return=21.13 | windows=24
global_step=10720 | return=-43.63 | windows=21
global_step=10728 | return=-33.36 | windows=14
global_step=10744 | return=-52.96 | windows=31
global_step=10768 | return=-44.80 | windows=22
global_step=10792 | return=8.44 | windows=17
global_step=10824 | return=-35.33 | windows=21
global_step=10832 | return=-45.79 | windows=23
global_step=10832 | return=-14.26 | windows=28
global_step=10880 | return=-34.11 | windows=16
global_step=10912 | return=-39.97 | windows=22
global_step=10928 | return=-25.60 | windows=12
global_step=10960 | return=-45.89 | windows=23
global_step=10968 | return=0.09 | windows=21
global_step=11008 | return=-15.98 | windows=15
global_step=11016 | return=-55.82 | windows=36
global_step=11064 | return=-47.22 | windows=28
global_step=11072 | return=-37.77 | windows=17
global_step=11096 | return=-55.23 | windows=32
global_step=11096 | return=48.25 | windows=16
global_step=11144 | return=-28.13 | windows=15
global_step=11176 | return=-10.31 | windows=20
global_step=11176 | return=-44.00 | windows=25
global_step=11184 | return=160.54 | windows=33
global_step=11192 | return=-33.71 | windows=15
global_step=11216 | return=-7.03 | windows=14
global_step=11280 | return=47.00 | windows=22
global_step=11296 | return=-44.31 | windows=27
global_step=11312 | return=-28.07 | windows=15
global_step=11320 | return=-64.57 | windows=17
global_step=11328 | return=0.35 | windows=18
global_step=11384 | return=-38.79 | windows=23
global_step=11408 | return=-31.53 | windows=15
global_step=11440 | return=-31.78 | windows=14
global_step=11440 | return=-31.49 | windows=17
global_step=11440 | return=26.76 | windows=36
global_step=11488 | return=75.97 | windows=33
global_step=11520 | return=-41.16 | windows=25
global_step=11536 | return=-39.53 | windows=25
global_step=11544 | return=-31.27 | windows=12
global_step=11552 | return=-32.27 | windows=13
global_step=11592 | return=-31.95 | windows=12
global_step=11592 | return=7.13 | windows=22
global_step=11600 | return=-44.99 | windows=26
global_step=11656 | return=82.24 | windows=26
global_step=11672 | return=-31.44 | windows=16
global_step=11680 | return=-43.90 | windows=19
global_step=11736 | return=-37.23 | windows=22
global_step=11760 | return=-21.20 | windows=26
global_step=11768 | return=-26.36 | windows=13
global_step=11792 | return=-1.75 | windows=24
global_step=11792 | return=-46.20 | windows=23
global_step=11832 | return=60.31 | windows=19
global_step=11864 | return=-8.74 | windows=33
global_step=11896 | return=107.75 | windows=26
global_step=11928 | return=-36.11 | windows=19
global_step=11960 | return=-42.87 | windows=27
global_step=11960 | return=5.75 | windows=24
global_step=12000 | return=-0.52 | windows=25
global_step=12016 | return=-43.10 | windows=22
global_step=12048 | return=15.02 | windows=22
global_step=12056 | return=-50.68 | windows=32
global_step=12072 | return=-43.32 | windows=21
global_step=12096 | return=6.02 | windows=20
global_step=12104 | return=-36.49 | windows=17
global_step=12112 | return=-38.05 | windows=18
global_step=12176 | return=-34.16 | windows=19
global_step=12200 | return=-12.90 | windows=24
global_step=12216 | return=-30.61 | windows=14
global_step=12232 | return=-42.20 | windows=21
global_step=12240 | return=-42.72 | windows=20
global_step=12288, SPS=0
global_step=12296 | return=-17.85 | windows=23
global_step=12296 | return=-49.53 | windows=30
global_step=12312 | return=134.53 | windows=24
global_step=12368 | return=-46.14 | windows=23
global_step=12376 | return=-28.29 | windows=21
global_step=12376 | return=-36.07 | windows=19
global_step=12408 | return=-35.48 | windows=21
global_step=12440 | return=116.70 | windows=17
global_step=12472 | return=-42.86 | windows=28
global_step=12480 | return=-44.82 | windows=22
global_step=12528 | return=-40.02 | windows=26
global_step=12536 | return=-63.67 | windows=11
global_step=12536 | return=-40.60 | windows=19
global_step=12544 | return=6.04 | windows=21
global_step=12584 | return=120.11 | windows=21
global_step=12608 | return=-35.56 | windows=16
global_step=12616 | return=-60.61 | windows=10
global_step=12616 | return=123.58 | windows=29
global_step=12616 | return=-32.01 | windows=16
global_step=12688 | return=-29.86 | windows=18
global_step=12696 | return=-34.28 | windows=19
global_step=12736 | return=-35.94 | windows=15
global_step=12736 | return=-34.14 | windows=18
global_step=12744 | return=-27.64 | windows=15
global_step=12744 | return=-38.04 | windows=24
global_step=12768 | return=51.72 | windows=18
global_step=12776 | return=-3.28 | windows=19
global_step=12864 | return=-41.71 | windows=20
global_step=12872 | return=86.65 | windows=16
global_step=12896 | return=-48.44 | windows=25
global_step=12928 | return=101.91 | windows=23
global_step=12928 | return=-36.03 | windows=22
global_step=12992 | return=-26.33 | windows=26
global_step=13016 | return=-53.23 | windows=33
global_step=13024 | return=-19.34 | windows=15
global_step=13032 | return=-33.18 | windows=19
global_step=13032 | return=-31.25 | windows=12
global_step=13064 | return=54.68 | windows=36
global_step=13064 | return=152.35 | windows=24
global_step=13112 | return=-31.47 | windows=11
global_step=13144 | return=-48.97 | windows=26
global_step=13160 | return=-30.91 | windows=15
global_step=13168 | return=-39.68 | windows=17
global_step=13240 | return=-30.30 | windows=11
global_step=13248 | return=120.50 | windows=26
global_step=13248 | return=58.61 | windows=22
global_step=13272 | return=-48.04 | windows=25
global_step=13272 | return=-51.98 | windows=34
global_step=13288 | return=-35.49 | windows=21
global_step=13312 | return=-32.70 | windows=17
global_step=13328 | return=-27.63 | windows=9
global_step=13336 | return=-44.02 | windows=21
global_step=13352 | return=-71.32 | windows=13
global_step=13448 | return=92.38 | windows=24
global_step=13456 | return=-14.60 | windows=22
global_step=13464 | return=-2.17 | windows=21
global_step=13464 | return=-47.40 | windows=23
global_step=13520 | return=-41.16 | windows=25
global_step=13536 | return=-48.42 | windows=25
global_step=13568 | return=-47.57 | windows=28
global_step=13576 | return=-48.44 | windows=27
global_step=13584 | return=-33.38 | windows=14
global_step=13608 | return=13.63 | windows=19
global_step=13640 | return=-36.29 | windows=22
global_step=13672 | return=-31.26 | windows=12
global_step=13680 | return=112.37 | windows=19
global_step=13704 | return=16.78 | windows=29
global_step=13800 | return=-46.24 | windows=27
global_step=13816 | return=-42.28 | windows=25
global_step=13824 | return=-57.17 | windows=35
global_step=13832 | return=20.71 | windows=30
global_step=13832 | return=-32.33 | windows=15
global_step=13848 | return=-21.97 | windows=21
global_step=13880 | return=67.58 | windows=24
global_step=13880 | return=-9.63 | windows=29
global_step=13936 | return=-36.82 | windows=16
global_step=13960 | return=-26.57 | windows=15
global_step=13992 | return=-32.27 | windows=13
global_step=13992 | return=26.27 | windows=20
global_step=14000 | return=136.20 | windows=14
global_step=14024 | return=-40.98 | windows=21
global_step=14024 | return=-46.56 | windows=25
global_step=14064 | return=-45.32 | windows=28
global_step=14080 | return=-25.00 | windows=14
global_step=14128 | return=42.21 | windows=12
global_step=14136 | return=-34.80 | windows=16
global_step=14152 | return=-41.25 | windows=19
global_step=14176 | return=-13.49 | windows=29
global_step=14208 | return=42.71 | windows=26
global_step=14248 | return=-85.73 | windows=20
global_step=14256 | return=-35.36 | windows=14
global_step=14256 | return=-30.84 | windows=23
global_step=14264 | return=-27.81 | windows=16
global_step=14336 | return=120.95 | windows=38
global_step=14336 | return=-45.31 | windows=22
global_step=14400 | return=-37.72 | windows=17
global_step=14424 | return=-48.50 | windows=30
global_step=14448 | return=22.41 | windows=24
global_step=14448 | return=-43.31 | windows=23
global_step=14464 | return=-39.00 | windows=24
global_step=14496 | return=-6.98 | windows=35
global_step=14536 | return=-4.53 | windows=13
global_step=14576 | return=-45.45 | windows=29
global_step=14584 | return=-33.50 | windows=14
global_step=14584 | return=-35.37 | windows=16
global_step=14632 | return=121.25 | windows=22
global_step=14656 | return=-56.01 | windows=31
global_step=14664 | return=102.28 | windows=40
global_step=14672 | return=-28.99 | windows=10
global_step=14688 | return=48.49 | windows=18
global_step=14696 | return=9.63 | windows=24
global_step=14704 | return=-33.79 | windows=15
global_step=14792 | return=-30.32 | windows=15
global_step=14792 | return=-30.45 | windows=14
global_step=14824 | return=-32.79 | windows=15
global_step=14840 | return=-40.12 | windows=22
global_step=14856 | return=-56.59 | windows=33
global_step=14856 | return=23.51 | windows=20
global_step=14864 | return=1.97 | windows=28
global_step=14928 | return=13.40 | windows=27
global_step=14936 | return=-24.36 | windows=13
global_step=14960 | return=-35.13 | windows=20
global_step=14984 | return=-34.30 | windows=15
global_step=14984 | return=-27.11 | windows=23
global_step=15000 | return=-24.73 | windows=7
global_step=15032 | return=69.45 | windows=23
global_step=15048 | return=-39.63 | windows=23
global_step=15112 | return=-36.35 | windows=18
global_step=15112 | return=11.35 | windows=30
global_step=15128 | return=-36.07 | windows=17
global_step=15144 | return=-31.30 | windows=11
global_step=15152 | return=46.56 | windows=20
global_step=15208 | return=-41.84 | windows=25
global_step=15224 | return=-38.31 | windows=23
global_step=15232 | return=-14.18 | windows=37
global_step=15264 | return=42.94 | windows=18
global_step=15280 | return=-40.31 | windows=18
global_step=15320 | return=-36.03 | windows=20
global_step=15320 | return=38.53 | windows=21
global_step=15376 | return=-41.92 | windows=20
global_step=15384 | return=-57.86 | windows=33
global_step=15392 | return=-36.50 | windows=15
global_step=15440 | return=-28.94 | windows=25
global_step=15464 | return=-55.20 | windows=29
global_step=15472 | return=-39.96 | windows=18
global_step=15488 | return=-27.63 | windows=11
global_step=15528 | return=-26.40 | windows=30
global_step=15592 | return=36.96 | windows=33
global_step=15608 | return=151.29 | windows=28
global_step=15608 | return=0.28 | windows=27
global_step=15632 | return=-41.81 | windows=19
global_step=15664 | return=-15.09 | windows=27
global_step=15696 | return=-24.40 | windows=28
global_step=15760 | return=153.62 | windows=33
global_step=15784 | return=118.92 | windows=21
global_step=15800 | return=-23.16 | windows=33
global_step=15832 | return=75.99 | windows=24
global_step=15832 | return=-13.79 | windows=29
global_step=15856 | return=-49.68 | windows=30
global_step=15864 | return=-27.14 | windows=20
global_step=15888 | return=103.21 | windows=27
global_step=15936 | return=-42.91 | windows=21
global_step=15968 | return=-26.80 | windows=16
global_step=15976 | return=-7.56 | windows=23
global_step=15984 | return=-37.68 | windows=22
global_step=15984 | return=-39.51 | windows=18
global_step=16016 | return=-33.36 | windows=18
global_step=16040 | return=-38.65 | windows=22
global_step=16072 | return=-21.73 | windows=10
global_step=16096 | return=-33.09 | windows=19
global_step=16136 | return=53.91 | windows=20
global_step=16144 | return=-31.25 | windows=15
global_step=16152 | return=-70.22 | windows=13
global_step=16184 | return=-45.85 | windows=24
global_step=16192 | return=-16.39 | windows=37
global_step=16256 | return=-37.14 | windows=22
global_step=16264 | return=-34.37 | windows=13
global_step=16264 | return=201.31 | windows=35
global_step=16264 | return=-37.81 | windows=20
global_step=16320 | return=-24.85 | windows=21
global_step=16336 | return=-25.32 | windows=17
global_step=16384 | return=-46.11 | windows=24
global_step=16384, SPS=0
global_step=16400 | return=-37.27 | windows=17
global_step=16424 | return=-41.60 | windows=19
global_step=16424 | return=-23.70 | windows=10
global_step=16440 | return=-29.23 | windows=14
global_step=16456 | return=-68.54 | windows=39
global_step=16528 | return=-25.35 | windows=32
global_step=16536 | return=120.44 | windows=33
global_step=16544 | return=-41.23 | windows=19
global_step=16576 | return=-35.40 | windows=16
global_step=16600 | return=-47.01 | windows=24
global_step=16600 | return=-28.08 | windows=21
global_step=16616 | return=-34.86 | windows=19
global_step=16656 | return=-27.19 | windows=14
global_step=16672 | return=-20.96 | windows=17
global_step=16688 | return=-46.80 | windows=32
global_step=16704 | return=-31.26 | windows=12
global_step=16768 | return=123.06 | windows=27
global_step=16776 | return=-49.22 | windows=24
global_step=16776 | return=-45.41 | windows=21
global_step=16808 | return=-35.60 | windows=16
global_step=16864 | return=210.63 | windows=30
global_step=16872 | return=-11.97 | windows=22
global_step=16896 | return=27.53 | windows=29
global_step=16936 | return=-34.04 | windows=19
global_step=16960 | return=122.39 | windows=31
global_step=16960 | return=-12.15 | windows=22
global_step=17000 | return=-7.67 | windows=23
global_step=17024 | return=-2.96 | windows=10
global_step=17024 | return=27.31 | windows=18
global_step=17040 | return=-22.80 | windows=33
global_step=17080 | return=-44.85 | windows=22
global_step=17120 | return=-51.80 | windows=31
global_step=17128 | return=-29.22 | windows=10
global_step=17136 | return=51.35 | windows=16
global_step=17160 | return=117.21 | windows=24
global_step=17176 | return=-17.19 | windows=26
global_step=17208 | return=-41.41 | windows=22
global_step=17256 | return=87.67 | windows=28
global_step=17264 | return=-46.51 | windows=22
global_step=17272 | return=-38.67 | windows=16
global_step=17296 | return=-45.05 | windows=21
global_step=17312 | return=-44.93 | windows=22
global_step=17328 | return=-34.38 | windows=20
global_step=17368 | return=-40.91 | windows=23
global_step=17384 | return=-35.62 | windows=15
global_step=17392 | return=-42.15 | windows=22
global_step=17440 | return=-32.61 | windows=13
global_step=17456 | return=-68.27 | windows=17
global_step=17456 | return=-28.43 | windows=10
global_step=17464 | return=-15.58 | windows=23
global_step=17472 | return=-12.07 | windows=25
global_step=17504 | return=-45.21 | windows=25
global_step=17544 | return=-38.97 | windows=18
global_step=17560 | return=-7.70 | windows=21
global_step=17600 | return=-64.61 | windows=15
global_step=17624 | return=-41.10 | windows=22
global_step=17632 | return=-41.54 | windows=20
global_step=17648 | return=-42.52 | windows=23
global_step=17648 | return=-23.43 | windows=10
global_step=17664 | return=-27.43 | windows=14
global_step=17704 | return=-54.82 | windows=30
global_step=17728 | return=-50.15 | windows=27
global_step=17760 | return=-29.53 | windows=13
global_step=17856 | return=-36.49 | windows=18
global_step=17856 | return=-42.93 | windows=31
global_step=17896 | return=-49.28 | windows=28
global_step=17904 | return=3.85 | windows=31
global_step=17904 | return=220.60 | windows=34
global_step=17944 | return=-7.29 | windows=26
global_step=17952 | return=0.02 | windows=23
global_step=17976 | return=7.09 | windows=42
global_step=18016 | return=26.45 | windows=19
global_step=18040 | return=-30.59 | windows=16
global_step=18056 | return=-27.47 | windows=13
global_step=18080 | return=35.06 | windows=22
global_step=18080 | return=-24.31 | windows=27
global_step=18112 | return=-42.11 | windows=25
global_step=18128 | return=38.41 | windows=18
global_step=18152 | return=-47.54 | windows=24
global_step=18176 | return=-23.02 | windows=11
global_step=18216 | return=38.48 | windows=19
global_step=18232 | return=130.37 | windows=26
global_step=18232 | return=0.55 | windows=23
global_step=18232 | return=-37.33 | windows=18
global_step=18264 | return=-24.86 | windows=13
global_step=18288 | return=5.79 | windows=21
global_step=18296 | return=-74.21 | windows=14
global_step=18312 | return=-37.77 | windows=22
global_step=18376 | return=-34.41 | windows=19
global_step=18408 | return=171.67 | windows=21
global_step=18424 | return=-1.03 | windows=23
global_step=18440 | return=-48.30 | windows=25
global_step=18448 | return=-44.75 | windows=22
global_step=18456 | return=-37.99 | windows=20
global_step=18504 | return=1.67 | windows=23
global_step=18544 | return=-23.49 | windows=10
global_step=18560 | return=130.68 | windows=32
global_step=18584 | return=136.89 | windows=25
global_step=18600 | return=-41.20 | windows=23
global_step=18640 | return=-26.63 | windows=9
global_step=18648 | return=84.16 | windows=27
global_step=18664 | return=-14.90 | windows=26
global_step=18672 | return=-38.96 | windows=20
global_step=18680 | return=3.73 | windows=29
global_step=18728 | return=-36.69 | windows=17
global_step=18776 | return=-48.33 | windows=28
global_step=18800 | return=-25.98 | windows=19
global_step=18816 | return=87.98 | windows=16
global_step=18824 | return=63.27 | windows=27
global_step=18848 | return=-33.29 | windows=14
global_step=18904 | return=-34.69 | windows=31
global_step=18952 | return=-24.14 | windows=21
global_step=18968 | return=-25.76 | windows=14
global_step=18984 | return=-37.32 | windows=22
global_step=18992 | return=42.25 | windows=40
global_step=19008 | return=-20.41 | windows=41
global_step=19008 | return=-36.28 | windows=22
global_step=19048 | return=-31.62 | windows=28
global_step=19048 | return=-17.04 | windows=17
global_step=19112 | return=-26.25 | windows=19
global_step=19160 | return=-32.87 | windows=13
global_step=19176 | return=-45.21 | windows=25
global_step=19184 | return=35.03 | windows=21
global_step=19208 | return=-48.97 | windows=26
global_step=19208 | return=67.61 | windows=24
global_step=19248 | return=-4.46 | windows=24
global_step=19256 | return=-51.68 | windows=33
global_step=19288 | return=-30.93 | windows=15
global_step=19304 | return=-44.77 | windows=23
global_step=19312 | return=-32.37 | windows=12
global_step=19344 | return=-31.84 | windows=16
global_step=19400 | return=-43.72 | windows=26
global_step=19400 | return=35.29 | windows=27
global_step=19416 | return=-31.26 | windows=12
global_step=19432 | return=-42.80 | windows=21
global_step=19456 | return=-41.11 | windows=25
global_step=19504 | return=-43.66 | windows=24
global_step=19544 | return=55.45 | windows=31
global_step=19600 | return=31.66 | windows=24
global_step=19600 | return=50.08 | windows=31
global_step=19616 | return=-36.67 | windows=19
global_step=19624 | return=-39.89 | windows=25
global_step=19640 | return=-49.55 | windows=29
global_step=19656 | return=-25.38 | windows=13
global_step=19656 | return=-38.36 | windows=18
global_step=19736 | return=25.10 | windows=13
global_step=19744 | return=57.23 | windows=15
global_step=19776 | return=-38.95 | windows=21
global_step=19792 | return=177.32 | windows=44
global_step=19816 | return=89.39 | windows=19
global_step=19832 | return=-45.91 | windows=23
global_step=19840 | return=-65.50 | windows=11
global_step=19840 | return=-44.90 | windows=22
global_step=19912 | return=-30.46 | windows=16
global_step=19944 | return=-66.93 | windows=42
global_step=19952 | return=-48.31 | windows=26
global_step=20024 | return=-40.13 | windows=25
global_step=20040 | return=37.84 | windows=25
global_step=20064 | return=-57.18 | windows=33
global_step=20072 | return=160.42 | windows=28
global_step=20096 | return=-31.17 | windows=18
global_step=20112 | return=69.41 | windows=33
global_step=20120 | return=-42.80 | windows=20
global_step=20128 | return=-49.04 | windows=26
global_step=20192 | return=60.44 | windows=15
global_step=20208 | return=-39.68 | windows=20
global_step=20248 | return=-3.58 | windows=27
global_step=20288 | return=-38.99 | windows=21
global_step=20312 | return=-48.97 | windows=26
global_step=20312 | return=30.52 | windows=29
global_step=20328 | return=2.01 | windows=24
global_step=20344 | return=-32.89 | windows=18
global_step=20376 | return=-34.39 | windows=31
global_step=20400 | return=-45.84 | windows=23
global_step=20408 | return=-69.06 | windows=14
global_step=20440 | return=-31.08 | windows=13
global_step=20440 | return=50.47 | windows=15
global_step=20456 | return=-39.66 | windows=17
global_step=20480, SPS=0
global_step=20528 | return=-29.18 | windows=10
global_step=20528 | return=2.64 | windows=34
global_step=20576 | return=-33.46 | windows=14
global_step=20584 | return=-7.37 | windows=29
global_step=20608 | return=-42.55 | windows=20
Traceback (most recent call last):
  File "/md0/home/UFAD/tcuevasmestanza/CarRacing/smdp/experiments/adaptive_fps_smdp/train_mlp.py", line 285, in <module>
    next_obs, reward, terminations, truncations, infos = envs.step(action.cpu().numpy())
                                                         ^^^^^^^^^^^^^^^^^^^^^^^^^^^^^^^
  File "/home/UFAD/tcuevasmestanza/.conda/envs/racing/lib/python3.12/site-packages/gymnasium/vector/sync_vector_env.py", line 266, in step
    ) = self.envs[i].step(action)
        ^^^^^^^^^^^^^^^^^^^^^^^^^
  File "/home/UFAD/tcuevasmestanza/.conda/envs/racing/lib/python3.12/site-packages/gymnasium/wrappers/common.py", line 512, in step
    obs, reward, terminated, truncated, info = super().step(action)
                                               ^^^^^^^^^^^^^^^^^^^^
  File "/home/UFAD/tcuevasmestanza/.conda/envs/racing/lib/python3.12/site-packages/gymnasium/core.py", line 327, in step
    return self.env.step(action)
           ^^^^^^^^^^^^^^^^^^^^^
  File "/md0/home/UFAD/tcuevasmestanza/CarRacing/wrappers/adaptive_fps_cautious_smdp_wrapper.py", line 167, in step
    observed_frame, nav_reward, terminated, truncated, info = self.env.step(navigation_action)
                                                              ^^^^^^^^^^^^^^^^^^^^^^^^^^^^^^^^
  File "/md0/home/UFAD/tcuevasmestanza/CarRacing/wrappers/pre_processing.py", line 38, in step
    observation, reward, terminated, truncated, info = self.env.step(action)
                                                       ^^^^^^^^^^^^^^^^^^^^^
  File "/home/UFAD/tcuevasmestanza/.conda/envs/racing/lib/python3.12/site-packages/gymnasium/wrappers/common.py", line 124, in step
    observation, reward, terminated, truncated, info = self.env.step(action)
                                                       ^^^^^^^^^^^^^^^^^^^^^
  File "/home/UFAD/tcuevasmestanza/.conda/envs/racing/lib/python3.12/site-packages/gymnasium/wrappers/common.py", line 392, in step
    return super().step(action)
           ^^^^^^^^^^^^^^^^^^^^
  File "/home/UFAD/tcuevasmestanza/.conda/envs/racing/lib/python3.12/site-packages/gymnasium/core.py", line 327, in step
    return self.env.step(action)
           ^^^^^^^^^^^^^^^^^^^^^
  File "/home/UFAD/tcuevasmestanza/.conda/envs/racing/lib/python3.12/site-packages/gymnasium/wrappers/common.py", line 284, in step
    return self.env.step(action)
           ^^^^^^^^^^^^^^^^^^^^^
  File "/home/UFAD/tcuevasmestanza/.conda/envs/racing/lib/python3.12/site-packages/gymnasium/envs/box2d/car_racing.py", line 561, in step
    self.state = self._render("state_pixels")
                 ^^^^^^^^^^^^^^^^^^^^^^^^^^^^
  File "/home/UFAD/tcuevasmestanza/.conda/envs/racing/lib/python3.12/site-packages/gymnasium/envs/box2d/car_racing.py", line 635, in _render
    self.surf = pygame.transform.flip(self.surf, False, True)
                ^^^^^^^^^^^^^^^^^^^^^^^^^^^^^^^^^^^^^^^^^^^^^
KeyboardInterrupt
