/home/UFAD/tcuevasmestanza/.conda/envs/racing/lib/python3.12/site-packages/tyro/_parsers.py:353: UserWarning: The field `wandb-entity` is annotated with type `<class 'str'>`, but the default value `None` has type `<class 'NoneType'>`. We'll try to handle this gracefully, but it may cause unexpected behavior.
  warnings.warn(message)
/home/UFAD/tcuevasmestanza/.conda/envs/racing/lib/python3.12/site-packages/tyro/_parsers.py:353: UserWarning: The field `target-kl` is annotated with type `<class 'float'>`, but the default value `None` has type `<class 'NoneType'>`. We'll try to handle this gracefully, but it may cause unexpected behavior.
  warnings.warn(message)
/home/UFAD/tcuevasmestanza/.conda/envs/racing/lib/python3.12/site-packages/tyro/_parsers.py:353: UserWarning: The field `resume-path` is annotated with type `<class 'str'>`, but the default value `None` has type `<class 'NoneType'>`. We'll try to handle this gracefully, but it may cause unexpected behavior.
  warnings.warn(message)
Experiment info saved → smdp/experiments/adaptive_fps_smdp/runs/CarRacing-v3_smdp_mlp_fc_0.5_bud_150.0_19-07-14-34-25/info_settings.txt
Device: cuda
Navigation model path: experiments/navigation/runs/CarRacing-v3__ppo__1__1781901069/final.pt
Navigation Model loaded on cuda
Navigation Model loaded on cuda
Navigation Model loaded on cuda
Navigation Model loaded on cuda
Navigation Model loaded on cuda
Navigation Model loaded on cuda
Navigation Model loaded on cuda
Navigation Model loaded on cuda
global_step=96 | return=-25.15 | windows=12
global_step=128 | return=-20.65 | windows=16
global_step=144 | return=-29.20 | windows=18
global_step=152 | return=27.37 | windows=19
global_step=168 | return=-33.32 | windows=21
global_step=184 | return=-26.87 | windows=23
global_step=192 | return=37.27 | windows=24
global_step=216 | return=45.47 | windows=14
global_step=224 | return=-28.48 | windows=28
global_step=232 | return=-25.24 | windows=12
global_step=264 | return=-23.03 | windows=13
global_step=304 | return=-28.60 | windows=16
global_step=320 | return=-24.75 | windows=11
global_step=320 | return=84.26 | windows=21
global_step=328 | return=-23.23 | windows=16
global_step=328 | return=-21.92 | windows=17
global_step=360 | return=23.48 | windows=11
global_step=400 | return=-5.26 | windows=22
global_step=424 | return=-17.49 | windows=11
global_step=424 | return=-14.93 | windows=23
global_step=448 | return=-24.75 | windows=17
global_step=456 | return=-21.46 | windows=16
global_step=464 | return=-24.58 | windows=12
global_step=488 | return=44.36 | windows=20
global_step=520 | return=-24.69 | windows=11
global_step=544 | return=-25.14 | windows=17
global_step=560 | return=-33.33 | windows=28
global_step=568 | return=-23.75 | windows=17
global_step=584 | return=-19.77 | windows=14
global_step=616 | return=-26.19 | windows=19
global_step=616 | return=-28.12 | windows=20
global_step=632 | return=-26.65 | windows=17
global_step=640 | return=-22.63 | windows=14
global_step=696 | return=-26.80 | windows=15
global_step=704 | return=-71.51 | windows=7
global_step=720 | return=-33.32 | windows=21
global_step=720 | return=104.36 | windows=19
global_step=752 | return=-23.55 | windows=14
global_step=768 | return=-33.92 | windows=22
global_step=776 | return=-10.24 | windows=19
global_step=792 | return=-22.74 | windows=8
global_step=856 | return=-28.78 | windows=19
global_step=904 | return=2.29 | windows=35
global_step=912 | return=-32.61 | windows=25
global_step=944 | return=-38.56 | windows=27
global_step=952 | return=36.52 | windows=24
global_step=992 | return=-28.42 | windows=26
global_step=1008 | return=-30.47 | windows=26
global_step=1008 | return=-18.01 | windows=11
global_step=1016 | return=-27.93 | windows=19
global_step=1024 | return=126.21 | windows=31
global_step=1056 | return=64.43 | windows=18
global_step=1080 | return=2.46 | windows=16
global_step=1080 | return=-27.44 | windows=15
global_step=1144 | return=-17.12 | windows=10
global_step=1160 | return=-2.86 | windows=20
global_step=1160 | return=-30.01 | windows=17
global_step=1176 | return=-31.14 | windows=20
global_step=1192 | return=11.90 | windows=20
global_step=1200 | return=-25.78 | windows=14
global_step=1224 | return=51.65 | windows=17
global_step=1272 | return=-28.86 | windows=15
global_step=1280 | return=-19.38 | windows=12
global_step=1296 | return=-38.71 | windows=35
global_step=1304 | return=-30.65 | windows=17
global_step=1312 | return=-31.71 | windows=18
global_step=1328 | return=-29.39 | windows=16
global_step=1384 | return=-22.96 | windows=10
global_step=1384 | return=-31.55 | windows=19
global_step=1392 | return=-18.74 | windows=9
global_step=1400 | return=-26.36 | windows=14
global_step=1408 | return=-32.55 | windows=25
global_step=1448 | return=82.15 | windows=21
global_step=1448 | return=-29.73 | windows=17
global_step=1528 | return=-20.22 | windows=17
global_step=1536 | return=-25.83 | windows=15
global_step=1544 | return=-23.23 | windows=18
global_step=1544 | return=-29.81 | windows=19
global_step=1552 | return=50.76 | windows=27
global_step=1592 | return=-23.08 | windows=17
global_step=1632 | return=-35.79 | windows=28
global_step=1640 | return=-21.86 | windows=12
global_step=1640 | return=-29.87 | windows=23
global_step=1656 | return=-22.63 | windows=15
global_step=1672 | return=-18.55 | windows=15
global_step=1696 | return=-28.46 | windows=18
global_step=1736 | return=-27.21 | windows=17
global_step=1736 | return=-28.50 | windows=22
global_step=1768 | return=12.96 | windows=16
global_step=1808 | return=-23.80 | windows=20
global_step=1808 | return=-25.13 | windows=20
global_step=1816 | return=-25.86 | windows=14
global_step=1824 | return=-27.26 | windows=18
global_step=1824 | return=-23.98 | windows=20
global_step=1856 | return=-24.83 | windows=10
global_step=1896 | return=-34.56 | windows=19
global_step=1936 | return=-13.47 | windows=24
global_step=1936 | return=-22.99 | windows=15
global_step=1952 | return=-27.30 | windows=16
global_step=1960 | return=-24.56 | windows=16
global_step=1960 | return=-30.66 | windows=16
global_step=2016 | return=-29.42 | windows=25
global_step=2048 | return=-24.21 | windows=10
global_step=2056 | return=110.71 | windows=24
global_step=2064 | return=-28.29 | windows=20
global_step=2064 | return=-22.13 | windows=15
global_step=2080 | return=-22.31 | windows=7
global_step=2136 | return=17.48 | windows=21
global_step=2144 | return=-20.01 | windows=11
global_step=2144 | return=-24.22 | windows=10
global_step=2152 | return=12.61 | windows=26
global_step=2176 | return=-30.53 | windows=27
global_step=2208 | return=-30.67 | windows=17
global_step=2232 | return=-23.58 | windows=9
global_step=2248 | return=27.80 | windows=22
global_step=2256 | return=-18.26 | windows=21
global_step=2264 | return=-19.52 | windows=14
global_step=2280 | return=-21.15 | windows=12
global_step=2320 | return=-67.48 | windows=13
global_step=2328 | return=-22.09 | windows=7
global_step=2328 | return=-32.65 | windows=22
global_step=2384 | return=16.37 | windows=12
global_step=2416 | return=-35.96 | windows=34
global_step=2416 | return=46.30 | windows=22
global_step=2416 | return=-30.49 | windows=19
global_step=2424 | return=-20.73 | windows=12
global_step=2440 | return=-28.99 | windows=23
global_step=2464 | return=-26.19 | windows=16
global_step=2520 | return=-26.91 | windows=23
global_step=2544 | return=-24.16 | windows=19
global_step=2568 | return=-20.14 | windows=15
global_step=2568 | return=38.93 | windows=18
global_step=2600 | return=71.89 | windows=22
global_step=2616 | return=-28.84 | windows=23
global_step=2640 | return=86.30 | windows=27
global_step=2664 | return=-24.94 | windows=17
global_step=2672 | return=194.68 | windows=25
global_step=2696 | return=-21.94 | windows=15
global_step=2744 | return=68.33 | windows=21
global_step=2768 | return=51.53 | windows=18
global_step=2768 | return=-30.17 | windows=20
global_step=2776 | return=-36.08 | windows=28
global_step=2784 | return=-26.43 | windows=17
global_step=2808 | return=-26.44 | windows=16
global_step=2832 | return=-0.95 | windows=20
global_step=2896 | return=-28.03 | windows=15
global_step=2912 | return=-26.22 | windows=16
global_step=2912 | return=-22.69 | windows=17
global_step=2920 | return=18.96 | windows=27
global_step=2936 | return=-29.09 | windows=23
global_step=2944 | return=-32.14 | windows=19
global_step=2976 | return=-24.54 | windows=20
global_step=3000 | return=8.70 | windows=20
global_step=3008 | return=-19.54 | windows=11
global_step=3016 | return=-26.27 | windows=14
global_step=3024 | return=-19.90 | windows=9
global_step=3088 | return=-28.96 | windows=21
global_step=3120 | return=-23.03 | windows=13
global_step=3136 | return=-29.45 | windows=24
global_step=3136 | return=-23.24 | windows=26
global_step=3144 | return=-29.45 | windows=20
global_step=3152 | return=-62.54 | windows=16
global_step=3192 | return=10.59 | windows=20
global_step=3192 | return=-26.65 | windows=23
global_step=3208 | return=-28.05 | windows=14
global_step=3256 | return=-24.20 | windows=14
global_step=3296 | return=-16.72 | windows=19
global_step=3296 | return=-27.25 | windows=18
global_step=3320 | return=-21.21 | windows=13
global_step=3328 | return=-29.54 | windows=25
global_step=3344 | return=-20.87 | windows=23
global_step=3368 | return=-18.50 | windows=13
global_step=3376 | return=-25.77 | windows=22
global_step=3416 | return=-73.88 | windows=14
global_step=3416 | return=-23.34 | windows=10
global_step=3424 | return=-30.65 | windows=28
global_step=3456 | return=-30.12 | windows=16
global_step=3456 | return=-21.51 | windows=13
global_step=3528 | return=15.76 | windows=18
global_step=3536 | return=-32.95 | windows=29
global_step=3536 | return=-12.39 | windows=20
global_step=3544 | return=-11.22 | windows=14
global_step=3592 | return=86.53 | windows=21
global_step=3608 | return=-21.61 | windows=18
global_step=3616 | return=-31.61 | windows=19
global_step=3664 | return=-21.61 | windows=15
global_step=3672 | return=9.92 | windows=31
global_step=3672 | return=-25.70 | windows=15
global_step=3680 | return=-28.04 | windows=17
global_step=3696 | return=-29.95 | windows=20
global_step=3744 | return=-28.58 | windows=16
global_step=3744 | return=-25.07 | windows=15
global_step=3776 | return=-24.71 | windows=11
global_step=3808 | return=96.13 | windows=26
global_step=3832 | return=-23.41 | windows=10
global_step=3872 | return=17.49 | windows=24
global_step=3880 | return=-34.74 | windows=22
global_step=3904 | return=-25.52 | windows=15
global_step=3912 | return=108.00 | windows=30
global_step=3920 | return=-22.95 | windows=13
global_step=3920 | return=-38.28 | windows=30
global_step=3944 | return=-26.52 | windows=24
global_step=3976 | return=-24.75 | windows=11
global_step=3984 | return=-9.20 | windows=18
global_step=4000 | return=-24.18 | windows=10
global_step=4000 | return=-23.53 | windows=11
global_step=4072 | return=1.99 | windows=18
global_step=4072 | return=-25.37 | windows=15
global_step=4080 | return=-36.87 | windows=25
global_step=4096, SPS=0
global_step=4104 | return=-28.44 | windows=15
global_step=4112 | return=-32.49 | windows=23
global_step=4128 | return=45.76 | windows=15
global_step=4168 | return=121.71 | windows=22
global_step=4216 | return=-27.93 | windows=17
global_step=4224 | return=-28.45 | windows=17
global_step=4232 | return=13.65 | windows=19
global_step=4232 | return=-24.76 | windows=15
global_step=4248 | return=-29.37 | windows=30
global_step=4264 | return=-17.19 | windows=11
global_step=4320 | return=-32.56 | windows=25
global_step=4328 | return=-28.68 | windows=24
global_step=4336 | return=-22.06 | windows=12
global_step=4352 | return=-18.86 | windows=12
global_step=4368 | return=-25.13 | windows=12
global_step=4384 | return=-31.62 | windows=18
global_step=4400 | return=-27.00 | windows=21
global_step=4416 | return=141.83 | windows=24
global_step=4448 | return=-21.60 | windows=11
global_step=4488 | return=-0.03 | windows=19
global_step=4496 | return=-26.80 | windows=15
global_step=4520 | return=51.99 | windows=16
global_step=4528 | return=-26.42 | windows=23
global_step=4552 | return=96.10 | windows=28
global_step=4576 | return=-23.92 | windows=15
global_step=4576 | return=-30.01 | windows=19
global_step=4592 | return=-26.33 | windows=23
global_step=4624 | return=-21.15 | windows=16
global_step=4640 | return=-23.67 | windows=17
global_step=4688 | return=-23.92 | windows=13
global_step=4688 | return=-31.53 | windows=20
global_step=4720 | return=-25.42 | windows=23
global_step=4728 | return=8.48 | windows=21
global_step=4744 | return=-19.21 | windows=12
global_step=4760 | return=-32.16 | windows=20
global_step=4792 | return=-32.01 | windows=26
global_step=4816 | return=-23.10 | windows=15
global_step=4816 | return=-15.52 | windows=23
global_step=4840 | return=-62.85 | windows=18
global_step=4872 | return=-22.26 | windows=17
global_step=4952 | return=-20.42 | windows=28
global_step=4960 | return=-24.75 | windows=17
global_step=4968 | return=-30.87 | windows=18
global_step=4976 | return=-30.53 | windows=22
global_step=5008 | return=-45.73 | windows=32
global_step=5008 | return=-28.64 | windows=20
global_step=5016 | return=-15.15 | windows=31
global_step=5048 | return=-16.96 | windows=10
global_step=5104 | return=-33.23 | windows=28
global_step=5112 | return=-29.58 | windows=16
global_step=5136 | return=-21.38 | windows=14
global_step=5144 | return=5.77 | windows=21
global_step=5168 | return=-30.58 | windows=19
global_step=5208 | return=6.06 | windows=31
global_step=5232 | return=-22.34 | windows=10
global_step=5248 | return=154.96 | windows=24
global_step=5256 | return=-38.97 | windows=30
global_step=5288 | return=22.40 | windows=18
global_step=5312 | return=-32.71 | windows=25
global_step=5336 | return=-55.41 | windows=12
global_step=5352 | return=-25.48 | windows=17
global_step=5376 | return=-37.52 | windows=32
global_step=5384 | return=-27.46 | windows=16
global_step=5384 | return=-22.68 | windows=8
global_step=5408 | return=-34.29 | windows=29
global_step=5512 | return=-14.56 | windows=16
global_step=5520 | return=-32.16 | windows=22
global_step=5528 | return=-27.12 | windows=14
global_step=5544 | return=-86.14 | windows=19
global_step=5560 | return=5.62 | windows=37
global_step=5576 | return=-28.21 | windows=27
global_step=5584 | return=10.43 | windows=24
global_step=5592 | return=-22.67 | windows=37
global_step=5672 | return=-32.28 | windows=19
global_step=5688 | return=134.38 | windows=19
global_step=5696 | return=-24.62 | windows=21
global_step=5720 | return=-28.33 | windows=19
global_step=5720 | return=-23.92 | windows=16
global_step=5736 | return=-31.89 | windows=19
global_step=5760 | return=4.62 | windows=26
global_step=5816 | return=75.14 | windows=27
global_step=5832 | return=-24.66 | windows=11
global_step=5840 | return=-21.66 | windows=17
global_step=5856 | return=-28.54 | windows=22
global_step=5856 | return=-27.40 | windows=16
global_step=5872 | return=9.22 | windows=18
global_step=5912 | return=55.15 | windows=27
global_step=5936 | return=-22.24 | windows=14
global_step=5960 | return=-6.75 | windows=24
global_step=5976 | return=-22.35 | windows=17
global_step=5984 | return=-19.38 | windows=15
global_step=6008 | return=-27.81 | windows=20
global_step=6032 | return=-32.19 | windows=19
global_step=6048 | return=157.06 | windows=23
global_step=6064 | return=-28.44 | windows=15
global_step=6112 | return=-31.83 | windows=24
global_step=6120 | return=-29.46 | windows=19
global_step=6152 | return=-26.60 | windows=21
global_step=6160 | return=-20.34 | windows=15
global_step=6160 | return=-30.92 | windows=21
global_step=6192 | return=-27.61 | windows=22
global_step=6216 | return=116.18 | windows=18
global_step=6288 | return=80.23 | windows=20
global_step=6288 | return=-33.09 | windows=29
global_step=6320 | return=10.85 | windows=20
global_step=6344 | return=79.76 | windows=22
global_step=6368 | return=39.13 | windows=21
global_step=6400 | return=18.15 | windows=29
global_step=6424 | return=-19.51 | windows=16
global_step=6456 | return=17.36 | windows=13
global_step=6464 | return=-34.33 | windows=30
global_step=6472 | return=-22.65 | windows=44
global_step=6472 | return=124.79 | windows=22
global_step=6480 | return=-32.20 | windows=19
global_step=6576 | return=-95.85 | windows=25
global_step=6592 | return=-26.05 | windows=13
global_step=6600 | return=-11.36 | windows=15
global_step=6608 | return=-33.17 | windows=22
global_step=6616 | return=-31.11 | windows=18
global_step=6632 | return=47.59 | windows=21
global_step=6640 | return=10.11 | windows=29
global_step=6680 | return=21.65 | windows=25
global_step=6696 | return=-20.80 | windows=10
global_step=6704 | return=-19.48 | windows=15
global_step=6712 | return=-24.61 | windows=11
global_step=6752 | return=-20.36 | windows=13
global_step=6776 | return=10.49 | windows=22
global_step=6784 | return=-27.92 | windows=22
global_step=6792 | return=-25.75 | windows=13
global_step=6800 | return=-21.93 | windows=12
global_step=6808 | return=-25.26 | windows=12
global_step=6840 | return=-34.41 | windows=25
global_step=6888 | return=-27.51 | windows=16
global_step=6896 | return=-19.21 | windows=13
global_step=6936 | return=40.70 | windows=27
global_step=6944 | return=-23.48 | windows=16
global_step=6952 | return=-7.17 | windows=19
global_step=6960 | return=-29.87 | windows=22
global_step=6976 | return=-31.01 | windows=21
global_step=6992 | return=-44.65 | windows=11
global_step=7008 | return=-20.30 | windows=14
global_step=7032 | return=-26.08 | windows=23
global_step=7064 | return=-54.03 | windows=10
global_step=7072 | return=60.88 | windows=16
global_step=7136 | return=116.64 | windows=23
global_step=7136 | return=23.39 | windows=21
global_step=7144 | return=-26.73 | windows=18
global_step=7192 | return=-40.86 | windows=29
global_step=7200 | return=-27.39 | windows=16
global_step=7224 | return=-25.25 | windows=23
global_step=7256 | return=-24.53 | windows=22
global_step=7264 | return=-28.07 | windows=15
global_step=7304 | return=148.79 | windows=36
global_step=7320 | return=-24.73 | windows=11
global_step=7328 | return=-35.09 | windows=22
global_step=7352 | return=-24.74 | windows=11
global_step=7352 | return=-36.05 | windows=26
global_step=7368 | return=6.87 | windows=20
global_step=7408 | return=-34.29 | windows=26
global_step=7480 | return=-28.79 | windows=18
global_step=7496 | return=-7.86 | windows=17
global_step=7496 | return=-29.49 | windows=28
global_step=7504 | return=-35.02 | windows=24
global_step=7512 | return=-64.72 | windows=12
global_step=7512 | return=-34.02 | windows=23
global_step=7568 | return=-27.97 | windows=24
global_step=7584 | return=-33.61 | windows=28
global_step=7640 | return=-26.20 | windows=15
global_step=7640 | return=-1.12 | windows=16
global_step=7656 | return=4.35 | windows=19
global_step=7680 | return=-6.49 | windows=20
global_step=7712 | return=31.40 | windows=26
global_step=7760 | return=-40.02 | windows=34
global_step=7776 | return=-18.69 | windows=11
global_step=7816 | return=-6.05 | windows=21
global_step=7824 | return=37.56 | windows=20
global_step=7840 | return=-38.63 | windows=31
global_step=7848 | return=72.01 | windows=25
global_step=7856 | return=-11.41 | windows=35
global_step=7912 | return=-24.91 | windows=16
global_step=7912 | return=-29.47 | windows=24
global_step=7928 | return=-23.39 | windows=20
global_step=7944 | return=-22.51 | windows=10
global_step=7968 | return=-18.46 | windows=14
global_step=7968 | return=-24.90 | windows=17
global_step=7968 | return=-27.15 | windows=15
global_step=8040 | return=53.65 | windows=27
global_step=8048 | return=-26.53 | windows=16
global_step=8064 | return=-20.32 | windows=16
global_step=8088 | return=-31.26 | windows=17
global_step=8112 | return=-29.21 | windows=24
global_step=8176 | return=-35.18 | windows=25
global_step=8184 | return=-31.88 | windows=26
global_step=8184 | return=-36.13 | windows=26
global_step=8192 | return=136.56 | windows=17
global_step=8192, SPS=0
global_step=8200 | return=-17.58 | windows=13
global_step=8208 | return=-7.03 | windows=17
global_step=8240 | return=-28.07 | windows=15
global_step=8264 | return=-29.94 | windows=27
global_step=8320 | return=-23.10 | windows=17
global_step=8328 | return=-22.89 | windows=17
global_step=8352 | return=-24.59 | windows=13
global_step=8360 | return=-24.47 | windows=18
global_step=8400 | return=40.40 | windows=26
global_step=8408 | return=161.10 | windows=26
global_step=8464 | return=50.79 | windows=32
global_step=8464 | return=-35.01 | windows=24
global_step=8496 | return=-45.29 | windows=16
global_step=8560 | return=100.03 | windows=25
global_step=8560 | return=-31.51 | windows=28
global_step=8568 | return=-35.31 | windows=30
global_step=8632 | return=-28.63 | windows=28
global_step=8640 | return=-38.98 | windows=28
global_step=8680 | return=79.00 | windows=26
global_step=8696 | return=-28.01 | windows=24
global_step=8720 | return=-28.43 | windows=18
global_step=8736 | return=-24.44 | windows=12
global_step=8744 | return=-26.05 | windows=22
global_step=8752 | return=-5.64 | windows=13
global_step=8784 | return=-40.08 | windows=39
global_step=8792 | return=74.00 | windows=28
global_step=8824 | return=-24.13 | windows=17
global_step=8848 | return=20.59 | windows=13
global_step=8864 | return=-31.73 | windows=20
global_step=8912 | return=-28.17 | windows=23
global_step=8928 | return=-17.81 | windows=22
global_step=8928 | return=8.32 | windows=16
global_step=8944 | return=8.47 | windows=23
global_step=8944 | return=-25.55 | windows=19
global_step=8992 | return=-103.04 | windows=20
global_step=9008 | return=-29.81 | windows=17
global_step=9024 | return=40.80 | windows=21
global_step=9096 | return=56.28 | windows=22
global_step=9096 | return=-24.39 | windows=20
global_step=9128 | return=135.60 | windows=22
global_step=9144 | return=-25.11 | windows=14
global_step=9152 | return=-31.91 | windows=27
global_step=9200 | return=-34.42 | windows=23
global_step=9216 | return=-20.05 | windows=7
global_step=9232 | return=-30.07 | windows=29
global_step=9232 | return=-44.18 | windows=35
global_step=9264 | return=-24.03 | windows=16
global_step=9280 | return=-27.68 | windows=16
global_step=9288 | return=-33.91 | windows=23
global_step=9336 | return=99.89 | windows=29
global_step=9352 | return=-26.03 | windows=14
global_step=9368 | return=-30.81 | windows=20
global_step=9384 | return=-21.22 | windows=14
global_step=9384 | return=74.28 | windows=18
global_step=9392 | return=-100.22 | windows=13
global_step=9432 | return=-29.99 | windows=17
global_step=9472 | return=9.30 | windows=31
global_step=9488 | return=-18.58 | windows=12
global_step=9496 | return=-23.44 | windows=17
global_step=9496 | return=-18.34 | windows=13
global_step=9512 | return=-26.41 | windows=14
global_step=9592 | return=-18.67 | windows=9
global_step=9600 | return=77.45 | windows=28
global_step=9600 | return=-18.56 | windows=12
global_step=9608 | return=44.22 | windows=21
global_step=9624 | return=-27.40 | windows=16
global_step=9624 | return=54.50 | windows=15
global_step=9680 | return=172.02 | windows=42
global_step=9696 | return=-25.81 | windows=12
global_step=9712 | return=-34.86 | windows=29
global_step=9720 | return=-21.19 | windows=14
global_step=9744 | return=-1.22 | windows=14
global_step=9760 | return=-21.74 | windows=18
global_step=9784 | return=6.39 | windows=19
global_step=9808 | return=17.31 | windows=15
global_step=9840 | return=-27.34 | windows=14
global_step=9848 | return=51.20 | windows=16
global_step=9848 | return=-40.13 | windows=30
global_step=9872 | return=-25.83 | windows=21
global_step=9896 | return=-25.76 | windows=16
global_step=9920 | return=-29.77 | windows=16
global_step=9952 | return=-14.15 | windows=17
global_step=9976 | return=-27.13 | windows=15
global_step=9984 | return=-19.27 | windows=17
global_step=9984 | return=16.45 | windows=16
global_step=10016 | return=-34.02 | windows=33
global_step=10072 | return=91.81 | windows=21
global_step=10096 | return=-36.57 | windows=27
global_step=10104 | return=2.35 | windows=15
global_step=10184 | return=-34.26 | windows=24
global_step=10192 | return=-34.83 | windows=25
global_step=10200 | return=4.59 | windows=30
global_step=10232 | return=-1.77 | windows=26
global_step=10240 | return=-38.86 | windows=39
global_step=10248 | return=-23.72 | windows=17
global_step=10256 | return=-24.72 | windows=19
global_step=10272 | return=29.86 | windows=24
global_step=10320 | return=-22.93 | windows=16
global_step=10328 | return=-23.12 | windows=16
global_step=10368 | return=-22.57 | windows=20
global_step=10400 | return=-24.52 | windows=17
global_step=10408 | return=-18.89 | windows=16
global_step=10432 | return=-27.28 | windows=23
global_step=10440 | return=70.79 | windows=25
global_step=10440 | return=42.26 | windows=23
global_step=10448 | return=-27.41 | windows=15
global_step=10544 | return=-70.18 | windows=12
global_step=10544 | return=-12.82 | windows=26
global_step=10600 | return=-31.55 | windows=23
global_step=10616 | return=-19.49 | windows=22
global_step=10624 | return=-34.69 | windows=22
global_step=10624 | return=130.18 | windows=31
global_step=10648 | return=74.20 | windows=30
global_step=10648 | return=33.13 | windows=24
global_step=10768 | return=-39.30 | windows=27
global_step=10784 | return=-33.36 | windows=20
global_step=10784 | return=-40.24 | windows=29
global_step=10792 | return=16.94 | windows=17
global_step=10808 | return=-29.64 | windows=22
global_step=10808 | return=-26.41 | windows=22
global_step=10824 | return=-24.83 | windows=21
global_step=10832 | return=-0.26 | windows=28
global_step=10888 | return=-26.29 | windows=14
global_step=10952 | return=-23.51 | windows=15
global_step=10952 | return=-28.60 | windows=17
global_step=10968 | return=-30.59 | windows=22
global_step=10968 | return=10.59 | windows=21
global_step=11008 | return=2.80 | windows=14
global_step=11056 | return=-38.56 | windows=33
global_step=11064 | return=-33.22 | windows=28
global_step=11136 | return=-33.82 | windows=22
global_step=11168 | return=126.76 | windows=26
global_step=11176 | return=-0.31 | windows=20
global_step=11184 | return=-44.71 | windows=46
global_step=11200 | return=-26.74 | windows=16
global_step=11216 | return=-34.25 | windows=30
global_step=11224 | return=-20.81 | windows=6
global_step=11232 | return=46.83 | windows=32
global_step=11312 | return=-20.57 | windows=15
global_step=11320 | return=-56.07 | windows=17
global_step=11320 | return=-18.41 | windows=10
global_step=11328 | return=-25.81 | windows=13
global_step=11344 | return=38.08 | windows=35
global_step=11352 | return=-27.84 | windows=26
global_step=11384 | return=-25.12 | windows=22
global_step=11432 | return=-61.16 | windows=9
global_step=11440 | return=-24.78 | windows=14
global_step=11504 | return=164.55 | windows=22
global_step=11520 | return=-28.66 | windows=25
global_step=11528 | return=49.37 | windows=37
global_step=11536 | return=-21.22 | windows=12
global_step=11536 | return=-27.03 | windows=25
global_step=11544 | return=-29.73 | windows=24
global_step=11600 | return=-31.77 | windows=19
global_step=11600 | return=-31.99 | windows=26
global_step=11672 | return=-23.44 | windows=16
global_step=11680 | return=-34.40 | windows=19
global_step=11696 | return=-30.64 | windows=20
global_step=11736 | return=-24.40 | windows=23
global_step=11752 | return=-38.32 | windows=26
global_step=11784 | return=46.20 | windows=22
global_step=11792 | return=-34.70 | windows=23
global_step=11808 | return=-40.99 | windows=37
global_step=11832 | return=-22.26 | windows=16
global_step=11832 | return=69.81 | windows=19
global_step=11896 | return=120.75 | windows=26
global_step=11904 | return=-27.51 | windows=20
global_step=11960 | return=15.47 | windows=25
global_step=11960 | return=-24.72 | windows=18
global_step=11992 | return=-31.73 | windows=25
global_step=12000 | return=11.98 | windows=25
global_step=12008 | return=72.97 | windows=21
global_step=12016 | return=-32.10 | windows=22
global_step=12056 | return=-28.68 | windows=18
global_step=12072 | return=-32.82 | windows=21
global_step=12112 | return=-29.05 | windows=18
global_step=12144 | return=-23.12 | windows=16
global_step=12168 | return=-35.42 | windows=25
global_step=12176 | return=-24.66 | windows=19
global_step=12184 | return=-10.04 | windows=15
global_step=12200 | return=148.56 | windows=25
global_step=12200 | return=-0.90 | windows=24
global_step=12248 | return=-33.22 | windows=21
global_step=12264 | return=-20.70 | windows=14
global_step=12288, SPS=0
global_step=12312 | return=146.53 | windows=24
global_step=12368 | return=-34.64 | windows=23
global_step=12368 | return=-28.01 | windows=22
global_step=12376 | return=-17.79 | windows=21
global_step=12392 | return=-0.51 | windows=27
global_step=12400 | return=-34.85 | windows=24
global_step=12464 | return=-34.85 | windows=24
global_step=12472 | return=-28.69 | windows=27
global_step=12528 | return=-27.02 | windows=26
global_step=12536 | return=-29.23 | windows=20
global_step=12552 | return=116.43 | windows=19
global_step=12560 | return=-27.53 | windows=19
global_step=12576 | return=25.73 | windows=13
global_step=12608 | return=-27.56 | windows=16
global_step=12616 | return=-55.61 | windows=10
global_step=12616 | return=138.08 | windows=29
global_step=12632 | return=79.48 | windows=32
global_step=12696 | return=-24.78 | windows=19
global_step=12704 | return=-25.00 | windows=17
global_step=12736 | return=-28.44 | windows=15
global_step=12736 | return=-27.05 | windows=22
global_step=12744 | return=-32.08 | windows=20
global_step=12752 | return=-20.66 | windows=16
global_step=12768 | return=60.72 | windows=18
global_step=12840 | return=-26.53 | windows=25
global_step=12872 | return=94.65 | windows=16
global_step=12912 | return=-35.88 | windows=26
global_step=12936 | return=-28.21 | windows=24
global_step=12944 | return=44.40 | windows=24
global_step=12952 | return=-35.96 | windows=30
global_step=13032 | return=-23.68 | windows=19
global_step=13032 | return=-41.74 | windows=34
global_step=13056 | return=-25.25 | windows=12
global_step=13056 | return=-30.29 | windows=26
global_step=13064 | return=72.68 | windows=36
global_step=13120 | return=19.41 | windows=25
global_step=13144 | return=-34.99 | windows=24
global_step=13160 | return=-23.41 | windows=15
global_step=13160 | return=-29.56 | windows=15
global_step=13192 | return=-24.49 | windows=16
global_step=13208 | return=-34.62 | windows=33
global_step=13264 | return=-26.29 | windows=17
global_step=13272 | return=-35.54 | windows=25
global_step=13288 | return=-65.24 | windows=15
global_step=13288 | return=-24.74 | windows=11
global_step=13296 | return=13.23 | windows=29
global_step=13336 | return=-33.52 | windows=21
global_step=13376 | return=-21.87 | windows=13
global_step=13392 | return=-36.33 | windows=30
global_step=13424 | return=-28.07 | windows=26
global_step=13456 | return=-3.60 | windows=22
global_step=13464 | return=-65.01 | windows=8
global_step=13472 | return=24.76 | windows=22
global_step=13496 | return=-32.63 | windows=25
global_step=13504 | return=-35.44 | windows=25
global_step=13568 | return=-33.57 | windows=28
global_step=13616 | return=-22.46 | windows=13
global_step=13616 | return=119.96 | windows=18
global_step=13616 | return=-24.06 | windows=17
global_step=13640 | return=-25.29 | windows=22
global_step=13640 | return=102.04 | windows=32
global_step=13672 | return=-25.26 | windows=12
global_step=13696 | return=-36.62 | windows=33
global_step=13704 | return=33.13 | windows=25
global_step=13824 | return=-30.71 | windows=25
global_step=13832 | return=27.93 | windows=26
global_step=13832 | return=-23.41 | windows=16
global_step=13848 | return=-11.47 | windows=21
global_step=13848 | return=-23.58 | windows=17
global_step=13872 | return=117.34 | windows=31
global_step=13880 | return=4.87 | windows=29
global_step=13888 | return=-31.09 | windows=30
global_step=13960 | return=-19.07 | windows=15
global_step=13992 | return=-28.76 | windows=14
global_step=13992 | return=-25.77 | windows=13
global_step=14008 | return=-23.59 | windows=14
global_step=14024 | return=-30.48 | windows=21
global_step=14024 | return=-33.94 | windows=24
global_step=14064 | return=-31.32 | windows=28
global_step=14080 | return=-18.00 | windows=14
global_step=14096 | return=-21.69 | windows=30
global_step=14104 | return=-20.53 | windows=13
global_step=14128 | return=48.21 | windows=12
global_step=14144 | return=-4.63 | windows=16
global_step=14208 | return=55.71 | windows=26
global_step=14248 | return=-75.73 | windows=20
global_step=14256 | return=-27.99 | windows=18
global_step=14256 | return=-18.95 | windows=23
global_step=14264 | return=-19.81 | windows=16
global_step=14264 | return=106.02 | windows=29
global_step=14288 | return=5.75 | windows=23
global_step=14344 | return=-34.33 | windows=24
global_step=14400 | return=-28.86 | windows=17
global_step=14448 | return=34.41 | windows=24
global_step=14448 | return=-30.41 | windows=23
global_step=14464 | return=-34.94 | windows=24
global_step=14480 | return=-28.04 | windows=26
global_step=14496 | return=38.06 | windows=35
global_step=14496 | return=51.27 | windows=25
global_step=14568 | return=-36.20 | windows=27
global_step=14584 | return=-27.37 | windows=16
global_step=14608 | return=-24.03 | windows=15
global_step=14640 | return=132.13 | windows=23
global_step=14656 | return=-40.51 | windows=31
global_step=14696 | return=-26.87 | windows=15
global_step=14712 | return=-26.87 | windows=15
global_step=14720 | return=12.04 | windows=31
global_step=14744 | return=122.11 | windows=30
global_step=14760 | return=-39.38 | windows=32
global_step=14816 | return=-25.26 | windows=12
global_step=14864 | return=16.76 | windows=27
global_step=14872 | return=37.01 | windows=32
global_step=14872 | return=127.85 | windows=15
global_step=14872 | return=-23.26 | windows=18
global_step=14904 | return=-36.67 | windows=30
global_step=14920 | return=-29.71 | windows=19
global_step=14960 | return=-21.29 | windows=10
global_step=14984 | return=-32.96 | windows=20
global_step=14992 | return=-25.76 | windows=14
global_step=15000 | return=40.15 | windows=37
global_step=15040 | return=23.86 | windows=14
global_step=15056 | return=-26.81 | windows=22
global_step=15096 | return=11.34 | windows=23
global_step=15112 | return=26.35 | windows=30
global_step=15128 | return=-29.07 | windows=16
global_step=15128 | return=-28.84 | windows=20
global_step=15144 | return=-26.91 | windows=12
global_step=15200 | return=-63.63 | windows=12
global_step=15208 | return=-29.81 | windows=27
global_step=15232 | return=-33.36 | windows=21
global_step=15232 | return=68.95 | windows=28
global_step=15280 | return=-31.31 | windows=18
global_step=15280 | return=-25.87 | windows=18
global_step=15320 | return=-16.36 | windows=25
global_step=15320 | return=49.03 | windows=21
global_step=15336 | return=-67.47 | windows=12
global_step=15376 | return=-27.62 | windows=21
global_step=15440 | return=-16.44 | windows=25
global_step=15456 | return=-21.54 | windows=16
global_step=15472 | return=70.81 | windows=23
global_step=15472 | return=-21.55 | windows=16
global_step=15488 | return=64.98 | windows=34
global_step=15528 | return=-11.40 | windows=30
global_step=15552 | return=-75.44 | windows=9
global_step=15592 | return=37.28 | windows=33
global_step=15608 | return=10.21 | windows=28
global_step=15616 | return=-20.70 | windows=15
global_step=15640 | return=-32.81 | windows=20
global_step=15656 | return=-32.11 | windows=24
global_step=15672 | return=-18.83 | windows=14
global_step=15720 | return=-17.20 | windows=34
global_step=15768 | return=-29.36 | windows=18
global_step=15800 | return=-6.66 | windows=33
global_step=15832 | return=151.92 | windows=27
global_step=15832 | return=52.90 | windows=23
global_step=15832 | return=5.65 | windows=21
global_step=15832 | return=0.71 | windows=29
global_step=15904 | return=56.94 | windows=28
global_step=15952 | return=-35.82 | windows=22
global_step=15968 | return=-30.01 | windows=16
global_step=15968 | return=-18.80 | windows=16
global_step=15984 | return=-26.68 | windows=22
global_step=15984 | return=-30.07 | windows=18
global_step=16024 | return=11.80 | windows=37
global_step=16072 | return=-16.73 | windows=10
global_step=16088 | return=8.39 | windows=14
global_step=16112 | return=-16.55 | windows=34
global_step=16136 | return=63.91 | windows=20
global_step=16144 | return=72.91 | windows=29
global_step=16184 | return=-33.85 | windows=24
global_step=16200 | return=-40.68 | windows=30
global_step=16224 | return=38.26 | windows=16
global_step=16256 | return=-26.14 | windows=22
global_step=16264 | return=-24.38 | windows=14
global_step=16264 | return=-28.97 | windows=18
global_step=16312 | return=-36.11 | windows=35
global_step=16384 | return=-34.11 | windows=24
global_step=16384, SPS=0
global_step=16392 | return=26.71 | windows=23
global_step=16400 | return=-28.77 | windows=17
global_step=16424 | return=3.48 | windows=24
global_step=16424 | return=-25.90 | windows=13
global_step=16456 | return=-48.38 | windows=39
global_step=16528 | return=-9.43 | windows=32
global_step=16536 | return=136.94 | windows=33
global_step=16544 | return=-31.34 | windows=19
global_step=16560 | return=-27.89 | windows=16
global_step=16600 | return=-34.83 | windows=24
global_step=16600 | return=-17.58 | windows=21
global_step=16608 | return=-36.13 | windows=26
global_step=16616 | return=-25.36 | windows=19
global_step=16672 | return=-12.46 | windows=17
global_step=16704 | return=-25.26 | windows=12
global_step=16704 | return=-24.83 | windows=20
global_step=16768 | return=128.75 | windows=27
global_step=16776 | return=-33.15 | windows=26
global_step=16776 | return=-34.91 | windows=21
global_step=16816 | return=-28.39 | windows=17
global_step=16824 | return=-23.65 | windows=26
global_step=16896 | return=37.12 | windows=9
global_step=16896 | return=-27.72 | windows=23
global_step=16896 | return=31.49 | windows=34
global_step=16960 | return=137.89 | windows=31
global_step=16968 | return=-1.64 | windows=23
global_step=16984 | return=-30.66 | windows=25
global_step=16984 | return=-30.61 | windows=19
global_step=17040 | return=-6.30 | windows=33
global_step=17080 | return=-12.21 | windows=22
global_step=17096 | return=-34.96 | windows=24
global_step=17128 | return=-23.97 | windows=10
global_step=17128 | return=202.66 | windows=19
global_step=17136 | return=-32.10 | windows=29
global_step=17176 | return=-4.19 | windows=26
global_step=17184 | return=-25.26 | windows=12
global_step=17208 | return=-32.48 | windows=27
global_step=17232 | return=-14.09 | windows=30
global_step=17312 | return=-33.93 | windows=22
global_step=17320 | return=70.94 | windows=23
global_step=17328 | return=-19.49 | windows=23
global_step=17352 | return=-19.98 | windows=31
global_step=17368 | return=-28.62 | windows=22
global_step=17368 | return=-29.41 | windows=23
global_step=17376 | return=-28.91 | windows=17
global_step=17392 | return=-31.15 | windows=22
global_step=17440 | return=-25.16 | windows=14
global_step=17456 | return=-59.77 | windows=17
global_step=17480 | return=-25.17 | windows=13
global_step=17520 | return=-34.46 | windows=23
global_step=17544 | return=-29.97 | windows=18
global_step=17560 | return=-8.04 | windows=22
global_step=17592 | return=128.08 | windows=29
global_step=17624 | return=-30.10 | windows=22
global_step=17632 | return=188.89 | windows=32
global_step=17648 | return=-18.43 | windows=10
global_step=17664 | return=-20.04 | windows=14
global_step=17672 | return=-25.73 | windows=23
global_step=17696 | return=20.46 | windows=21
global_step=17704 | return=-39.27 | windows=30
global_step=17856 | return=-27.73 | windows=22
global_step=17856 | return=111.21 | windows=32
global_step=17864 | return=59.94 | windows=26
global_step=17896 | return=-35.28 | windows=28
global_step=17896 | return=-29.87 | windows=23
global_step=17904 | return=237.60 | windows=34
global_step=17944 | return=-7.75 | windows=30
global_step=17968 | return=-19.10 | windows=13
global_step=17976 | return=15.82 | windows=42
global_step=18016 | return=73.73 | windows=14
global_step=18016 | return=-25.50 | windows=18
global_step=18056 | return=-20.97 | windows=13
global_step=18080 | return=-10.81 | windows=27
global_step=18096 | return=-67.29 | windows=14
global_step=18104 | return=-26.99 | windows=25
global_step=18120 | return=-30.13 | windows=26
global_step=18176 | return=27.41 | windows=25
global_step=18192 | return=-31.62 | windows=21
global_step=18216 | return=47.98 | windows=19
global_step=18224 | return=-26.25 | windows=15
global_step=18232 | return=143.37 | windows=26
global_step=18232 | return=-20.60 | windows=18
global_step=18240 | return=-27.39 | windows=16
global_step=18304 | return=-3.79 | windows=22
global_step=18376 | return=-24.91 | windows=19
global_step=18384 | return=-35.38 | windows=25
global_step=18384 | return=-26.21 | windows=23
global_step=18440 | return=-35.80 | windows=25
global_step=18464 | return=6.83 | windows=28
global_step=18480 | return=-26.63 | windows=21
global_step=18504 | return=52.97 | windows=34
global_step=18520 | return=-36.10 | windows=34
global_step=18552 | return=-23.04 | windows=8
global_step=18584 | return=-27.12 | windows=24
global_step=18584 | return=149.39 | windows=25
global_step=18592 | return=-23.09 | windows=8
global_step=18616 | return=69.14 | windows=28
global_step=18672 | return=-28.96 | windows=20
global_step=18672 | return=40.99 | windows=25
global_step=18688 | return=7.31 | windows=30
global_step=18728 | return=-28.19 | windows=17
global_step=18760 | return=-32.80 | windows=20
global_step=18768 | return=-60.35 | windows=11
global_step=18784 | return=-37.17 | windows=28
global_step=18816 | return=-15.31 | windows=28
global_step=18848 | return=-26.29 | windows=14
global_step=18864 | return=-25.53 | windows=21
global_step=18920 | return=-44.96 | windows=37
global_step=18944 | return=-6.47 | windows=22
global_step=18952 | return=61.91 | windows=20
global_step=18968 | return=-35.70 | windows=24
global_step=18968 | return=-18.76 | windows=14
global_step=19008 | return=0.09 | windows=41
global_step=19008 | return=-34.44 | windows=23
global_step=19024 | return=-25.17 | windows=12
global_step=19096 | return=-29.11 | windows=28
global_step=19104 | return=-23.36 | windows=16
global_step=19112 | return=-16.75 | windows=19
global_step=19168 | return=46.80 | windows=27
global_step=19176 | return=-32.71 | windows=25
global_step=19184 | return=45.53 | windows=21
global_step=19208 | return=-12.34 | windows=24
global_step=19224 | return=22.35 | windows=24
global_step=19256 | return=-29.07 | windows=18
global_step=19296 | return=-19.51 | windows=24
global_step=19304 | return=-33.27 | windows=23
global_step=19320 | return=-20.87 | windows=11
global_step=19344 | return=-23.84 | windows=16
global_step=19400 | return=-6.53 | windows=28
global_step=19400 | return=-30.72 | windows=26
global_step=19400 | return=-26.53 | windows=17
global_step=19400 | return=48.79 | windows=27
global_step=19472 | return=-26.81 | windows=18
global_step=19480 | return=26.27 | windows=22
global_step=19504 | return=-31.66 | windows=24
global_step=19584 | return=-28.87 | windows=22
global_step=19600 | return=43.66 | windows=24
global_step=19600 | return=65.58 | windows=31
global_step=19640 | return=-35.05 | windows=29
global_step=19664 | return=6.58 | windows=23
global_step=19664 | return=-28.93 | windows=19
global_step=19704 | return=-42.43 | windows=37
global_step=19744 | return=16.59 | windows=32
global_step=19760 | return=129.10 | windows=21
global_step=19760 | return=-59.21 | windows=11
global_step=19768 | return=-20.05 | windows=12
global_step=19776 | return=-28.45 | windows=21
global_step=19832 | return=-34.41 | windows=23
global_step=19840 | return=-60.00 | windows=11
global_step=19912 | return=-22.46 | windows=16
global_step=19960 | return=-47.01 | windows=44
global_step=19960 | return=114.59 | windows=23
global_step=19992 | return=124.67 | windows=35
global_step=20000 | return=-3.95 | windows=29
global_step=20024 | return=81.72 | windows=32
global_step=20040 | return=50.34 | windows=25
global_step=20112 | return=85.91 | windows=33
global_step=20120 | return=36.11 | windows=19
global_step=20128 | return=-27.23 | windows=20
global_step=20128 | return=-36.54 | windows=26
global_step=20208 | return=-29.68 | windows=20
global_step=20240 | return=-31.69 | windows=26
global_step=20248 | return=11.97 | windows=31
global_step=20248 | return=9.03 | windows=30
global_step=20288 | return=-28.49 | windows=21
global_step=20328 | return=-27.69 | windows=24
global_step=20328 | return=14.01 | windows=24
global_step=20344 | return=-25.42 | windows=11
global_step=20376 | return=-18.89 | windows=31
global_step=20400 | return=-34.34 | windows=23
global_step=20408 | return=-62.06 | windows=14
global_step=20440 | return=-24.58 | windows=13
global_step=20448 | return=-30.09 | windows=25
global_step=20480 | return=-32.76 | windows=18
global_step=20480, SPS=0
global_step=20584 | return=7.13 | windows=29
global_step=20616 | return=32.96 | windows=45
global_step=20624 | return=11.06 | windows=22
global_step=20632 | return=17.30 | windows=22
global_step=20648 | return=14.69 | windows=20
global_step=20680 | return=52.11 | windows=37
global_step=20680 | return=126.88 | windows=34
global_step=20712 | return=-24.71 | windows=11
global_step=20728 | return=174.84 | windows=39
global_step=20744 | return=-26.29 | windows=14
global_step=20776 | return=-14.85 | windows=23
global_step=20888 | return=-35.63 | windows=25
global_step=20904 | return=141.98 | windows=27
global_step=20912 | return=-33.59 | windows=24
global_step=20936 | return=121.30 | windows=35
global_step=20952 | return=-17.52 | windows=21
global_step=20984 | return=-19.49 | windows=31
global_step=20984 | return=-36.12 | windows=43
global_step=21000 | return=-25.77 | windows=13
global_step=21024 | return=18.84 | windows=34
global_step=21032 | return=-61.69 | windows=14
global_step=21088 | return=-18.63 | windows=12
Traceback (most recent call last):
  File "/md0/home/UFAD/tcuevasmestanza/CarRacing/smdp/experiments/adaptive_fps_smdp/train_mlp.py", line 285, in <module>
    next_obs, reward, terminations, truncations, infos = envs.step(action.cpu().numpy())
                                                         ^^^^^^^^^^^^^^^^^^^^^^^^^^^^^^^
  File "/home/UFAD/tcuevasmestanza/.conda/envs/racing/lib/python3.12/site-packages/gymnasium/vector/sync_vector_env.py", line 266, in step
    ) = self.envs[i].step(action)
        ^^^^^^^^^^^^^^^^^^^^^^^^^
  File "/home/UFAD/tcuevasmestanza/.conda/envs/racing/lib/python3.12/site-packages/gymnasium/wrappers/common.py", line 512, in step
    obs, reward, terminated, truncated, info = super().step(action)
                                               ^^^^^^^^^^^^^^^^^^^^
  File "/home/UFAD/tcuevasmestanza/.conda/envs/racing/lib/python3.12/site-packages/gymnasium/core.py", line 327, in step
    return self.env.step(action)
           ^^^^^^^^^^^^^^^^^^^^^
  File "/md0/home/UFAD/tcuevasmestanza/CarRacing/wrappers/adaptive_fps_cautious_smdp_wrapper.py", line 167, in step
    observed_frame, nav_reward, terminated, truncated, info = self.env.step(navigation_action)
                                                              ^^^^^^^^^^^^^^^^^^^^^^^^^^^^^^^^
  File "/md0/home/UFAD/tcuevasmestanza/CarRacing/wrappers/pre_processing.py", line 38, in step
    observation, reward, terminated, truncated, info = self.env.step(action)
                                                       ^^^^^^^^^^^^^^^^^^^^^
  File "/home/UFAD/tcuevasmestanza/.conda/envs/racing/lib/python3.12/site-packages/gymnasium/wrappers/common.py", line 124, in step
    observation, reward, terminated, truncated, info = self.env.step(action)
                                                       ^^^^^^^^^^^^^^^^^^^^^
  File "/home/UFAD/tcuevasmestanza/.conda/envs/racing/lib/python3.12/site-packages/gymnasium/wrappers/common.py", line 392, in step
    return super().step(action)
           ^^^^^^^^^^^^^^^^^^^^
  File "/home/UFAD/tcuevasmestanza/.conda/envs/racing/lib/python3.12/site-packages/gymnasium/core.py", line 327, in step
    return self.env.step(action)
           ^^^^^^^^^^^^^^^^^^^^^
  File "/home/UFAD/tcuevasmestanza/.conda/envs/racing/lib/python3.12/site-packages/gymnasium/wrappers/common.py", line 284, in step
    return self.env.step(action)
           ^^^^^^^^^^^^^^^^^^^^^
  File "/home/UFAD/tcuevasmestanza/.conda/envs/racing/lib/python3.12/site-packages/gymnasium/envs/box2d/car_racing.py", line 561, in step
    self.state = self._render("state_pixels")
                 ^^^^^^^^^^^^^^^^^^^^^^^^^^^^
  File "/home/UFAD/tcuevasmestanza/.conda/envs/racing/lib/python3.12/site-packages/gymnasium/envs/box2d/car_racing.py", line 656, in _render
    return self._create_image_array(self.surf, (STATE_W, STATE_H))
           ^^^^^^^^^^^^^^^^^^^^^^^^^^^^^^^^^^^^^^^^^^^^^^^^^^^^^^^
  File "/home/UFAD/tcuevasmestanza/.conda/envs/racing/lib/python3.12/site-packages/gymnasium/envs/box2d/car_racing.py", line 787, in _create_image_array
    scaled_screen = pygame.transform.smoothscale(screen, size)
                    ^^^^^^^^^^^^^^^^^^^^^^^^^^^^^^^^^^^^^^^^^^
KeyboardInterrupt
