/home/UFAD/tcuevasmestanza/.conda/envs/racing/lib/python3.12/site-packages/tyro/_parsers.py:353: UserWarning: The field `wandb-entity` is annotated with type `<class 'str'>`, but the default value `None` has type `<class 'NoneType'>`. We'll try to handle this gracefully, but it may cause unexpected behavior.
  warnings.warn(message)
/home/UFAD/tcuevasmestanza/.conda/envs/racing/lib/python3.12/site-packages/tyro/_parsers.py:353: UserWarning: The field `target-kl` is annotated with type `<class 'float'>`, but the default value `None` has type `<class 'NoneType'>`. We'll try to handle this gracefully, but it may cause unexpected behavior.
  warnings.warn(message)
/home/UFAD/tcuevasmestanza/.conda/envs/racing/lib/python3.12/site-packages/tyro/_parsers.py:353: UserWarning: The field `resume-path` is annotated with type `<class 'str'>`, but the default value `None` has type `<class 'NoneType'>`. We'll try to handle this gracefully, but it may cause unexpected behavior.
  warnings.warn(message)
Experiment info saved → smdp/experiments/adaptive_fps_smdp/runs/CarRacing-v3_smdp_mlp_fc_0.1_bud_150.0_19-07-14-34-21/info_settings.txt
Device: cuda
Navigation model path: experiments/navigation/runs/CarRacing-v3__ppo__1__1781901069/final.pt
Navigation Model loaded on cuda
Navigation Model loaded on cuda
Navigation Model loaded on cuda
Navigation Model loaded on cuda
Navigation Model loaded on cuda
Navigation Model loaded on cuda
Navigation Model loaded on cuda
Navigation Model loaded on cuda
global_step=96 | return=-20.35 | windows=12
global_step=128 | return=-14.25 | windows=16
global_step=144 | return=-22.00 | windows=18
global_step=152 | return=34.97 | windows=19
global_step=168 | return=-24.92 | windows=21
global_step=184 | return=-17.67 | windows=23
global_step=192 | return=46.87 | windows=24
global_step=216 | return=51.07 | windows=14
global_step=224 | return=-17.28 | windows=28
global_step=232 | return=-20.44 | windows=12
global_step=264 | return=-17.83 | windows=13
global_step=304 | return=-22.20 | windows=16
global_step=320 | return=-20.35 | windows=11
global_step=320 | return=92.66 | windows=21
global_step=328 | return=-16.83 | windows=16
global_step=328 | return=-15.12 | windows=17
global_step=360 | return=27.88 | windows=11
global_step=400 | return=3.54 | windows=22
global_step=424 | return=-13.09 | windows=11
global_step=424 | return=-5.73 | windows=23
global_step=448 | return=-17.95 | windows=17
global_step=456 | return=-15.06 | windows=16
global_step=464 | return=-19.78 | windows=12
global_step=488 | return=52.36 | windows=20
global_step=520 | return=-20.29 | windows=11
global_step=544 | return=-18.34 | windows=17
global_step=560 | return=-22.13 | windows=28
global_step=568 | return=-16.95 | windows=17
global_step=584 | return=-14.17 | windows=14
global_step=616 | return=-18.59 | windows=19
global_step=616 | return=-20.12 | windows=20
global_step=632 | return=-19.85 | windows=17
global_step=640 | return=-17.03 | windows=14
global_step=696 | return=-20.80 | windows=15
global_step=704 | return=-68.71 | windows=7
global_step=720 | return=-24.92 | windows=21
global_step=720 | return=111.96 | windows=19
global_step=752 | return=-17.95 | windows=14
global_step=768 | return=-25.12 | windows=22
global_step=776 | return=-2.64 | windows=19
global_step=792 | return=-19.54 | windows=8
global_step=856 | return=-21.18 | windows=19
global_step=904 | return=16.29 | windows=35
global_step=912 | return=-22.61 | windows=25
global_step=944 | return=-27.76 | windows=27
global_step=952 | return=46.12 | windows=24
global_step=992 | return=-18.02 | windows=26
global_step=1008 | return=-20.07 | windows=26
global_step=1008 | return=-13.61 | windows=11
global_step=1016 | return=-20.33 | windows=19
global_step=1024 | return=138.61 | windows=31
global_step=1056 | return=71.63 | windows=18
global_step=1080 | return=8.86 | windows=16
global_step=1080 | return=-21.44 | windows=15
global_step=1144 | return=-13.12 | windows=10
global_step=1160 | return=5.14 | windows=20
global_step=1160 | return=-23.21 | windows=17
global_step=1176 | return=-23.14 | windows=20
global_step=1192 | return=19.90 | windows=20
global_step=1200 | return=-20.18 | windows=14
global_step=1224 | return=58.45 | windows=17
global_step=1272 | return=-22.86 | windows=15
global_step=1280 | return=-14.58 | windows=12
global_step=1296 | return=-24.71 | windows=35
global_step=1304 | return=-23.85 | windows=17
global_step=1312 | return=-24.51 | windows=18
global_step=1328 | return=-22.99 | windows=16
global_step=1384 | return=-18.96 | windows=10
global_step=1384 | return=-23.95 | windows=19
global_step=1392 | return=-15.14 | windows=9
global_step=1400 | return=-20.76 | windows=14
global_step=1408 | return=-22.55 | windows=25
global_step=1448 | return=90.55 | windows=21
global_step=1448 | return=-22.93 | windows=17
global_step=1528 | return=-13.42 | windows=17
global_step=1536 | return=-19.83 | windows=15
global_step=1544 | return=-16.03 | windows=18
global_step=1544 | return=-22.21 | windows=19
global_step=1552 | return=61.56 | windows=27
global_step=1592 | return=-16.28 | windows=17
global_step=1632 | return=-24.59 | windows=28
global_step=1640 | return=-17.06 | windows=12
global_step=1640 | return=-20.67 | windows=23
global_step=1656 | return=-16.63 | windows=15
global_step=1672 | return=-12.55 | windows=15
global_step=1696 | return=-21.26 | windows=18
global_step=1736 | return=-20.41 | windows=17
global_step=1736 | return=-19.70 | windows=22
global_step=1768 | return=19.36 | windows=16
global_step=1808 | return=-15.80 | windows=20
global_step=1808 | return=-17.13 | windows=20
global_step=1816 | return=-20.26 | windows=14
global_step=1824 | return=-20.06 | windows=18
global_step=1824 | return=-15.98 | windows=20
global_step=1856 | return=-20.83 | windows=10
global_step=1896 | return=-26.96 | windows=19
global_step=1936 | return=-3.87 | windows=24
global_step=1936 | return=-16.99 | windows=15
global_step=1952 | return=-20.90 | windows=16
global_step=1960 | return=-18.16 | windows=16
global_step=1960 | return=-24.26 | windows=16
global_step=2016 | return=-19.42 | windows=25
global_step=2048 | return=-20.21 | windows=10
global_step=2056 | return=120.31 | windows=24
global_step=2064 | return=-20.29 | windows=20
global_step=2064 | return=-16.13 | windows=15
global_step=2080 | return=-19.51 | windows=7
global_step=2136 | return=25.88 | windows=21
global_step=2144 | return=-15.61 | windows=11
global_step=2144 | return=-20.22 | windows=10
global_step=2152 | return=23.01 | windows=26
global_step=2176 | return=-19.73 | windows=27
global_step=2208 | return=-23.87 | windows=17
global_step=2232 | return=-19.98 | windows=9
global_step=2248 | return=36.60 | windows=22
global_step=2256 | return=-9.86 | windows=21
global_step=2264 | return=-13.92 | windows=14
global_step=2280 | return=-16.35 | windows=12
global_step=2320 | return=-62.28 | windows=13
global_step=2328 | return=-19.29 | windows=7
global_step=2328 | return=-23.85 | windows=22
global_step=2384 | return=21.17 | windows=12
global_step=2416 | return=-22.36 | windows=34
global_step=2416 | return=55.10 | windows=22
global_step=2416 | return=-22.89 | windows=19
global_step=2424 | return=-15.93 | windows=12
global_step=2440 | return=-19.79 | windows=23
global_step=2464 | return=-19.79 | windows=16
global_step=2520 | return=-17.71 | windows=23
global_step=2544 | return=-16.56 | windows=19
global_step=2568 | return=-14.14 | windows=15
global_step=2568 | return=46.13 | windows=18
global_step=2600 | return=80.69 | windows=22
global_step=2616 | return=-19.64 | windows=23
global_step=2640 | return=97.10 | windows=27
global_step=2664 | return=-18.14 | windows=17
global_step=2672 | return=204.68 | windows=25
global_step=2696 | return=-15.94 | windows=15
global_step=2744 | return=76.73 | windows=21
global_step=2768 | return=58.73 | windows=18
global_step=2768 | return=-22.17 | windows=20
global_step=2776 | return=-24.88 | windows=28
global_step=2784 | return=-19.63 | windows=17
global_step=2808 | return=-20.04 | windows=16
global_step=2832 | return=7.05 | windows=20
global_step=2896 | return=-22.03 | windows=15
global_step=2912 | return=-19.82 | windows=16
global_step=2912 | return=-15.89 | windows=17
global_step=2920 | return=29.76 | windows=27
global_step=2936 | return=-19.89 | windows=23
global_step=2944 | return=-24.54 | windows=19
global_step=2976 | return=-16.54 | windows=20
global_step=3000 | return=16.70 | windows=20
global_step=3008 | return=-15.14 | windows=11
global_step=3016 | return=-20.67 | windows=14
global_step=3024 | return=-16.30 | windows=9
global_step=3088 | return=-20.56 | windows=21
global_step=3120 | return=-17.83 | windows=13
global_step=3136 | return=-19.85 | windows=24
global_step=3136 | return=-12.84 | windows=26
global_step=3144 | return=-21.45 | windows=20
global_step=3152 | return=-56.14 | windows=16
global_step=3192 | return=18.59 | windows=20
global_step=3192 | return=-17.45 | windows=23
global_step=3208 | return=-22.45 | windows=14
global_step=3256 | return=-18.60 | windows=14
global_step=3296 | return=-9.12 | windows=19
global_step=3296 | return=-20.05 | windows=18
global_step=3320 | return=-16.01 | windows=13
global_step=3328 | return=-19.54 | windows=25
global_step=3344 | return=-11.67 | windows=23
global_step=3368 | return=-13.30 | windows=13
global_step=3376 | return=-16.97 | windows=22
global_step=3416 | return=-68.28 | windows=14
global_step=3416 | return=-19.34 | windows=10
global_step=3424 | return=-19.45 | windows=28
global_step=3456 | return=-23.72 | windows=16
global_step=3456 | return=-16.31 | windows=13
global_step=3528 | return=22.96 | windows=18
global_step=3536 | return=-21.35 | windows=29
global_step=3536 | return=-4.39 | windows=20
global_step=3544 | return=-5.62 | windows=14
global_step=3592 | return=94.93 | windows=21
global_step=3608 | return=-14.41 | windows=18
global_step=3616 | return=-24.01 | windows=19
global_step=3664 | return=-15.61 | windows=15
global_step=3672 | return=22.32 | windows=31
global_step=3672 | return=-19.70 | windows=15
global_step=3680 | return=-21.24 | windows=17
global_step=3696 | return=-21.95 | windows=20
global_step=3744 | return=-22.18 | windows=16
global_step=3744 | return=-19.07 | windows=15
global_step=3776 | return=-20.31 | windows=11
global_step=3808 | return=106.53 | windows=26
global_step=3832 | return=-19.41 | windows=10
global_step=3872 | return=27.09 | windows=24
global_step=3880 | return=-25.94 | windows=22
global_step=3904 | return=-19.52 | windows=15
global_step=3912 | return=120.00 | windows=30
global_step=3920 | return=-17.75 | windows=13
global_step=3920 | return=-26.28 | windows=30
global_step=3944 | return=-16.92 | windows=24
global_step=3976 | return=-20.35 | windows=11
global_step=3984 | return=-2.00 | windows=18
global_step=4000 | return=-20.18 | windows=10
global_step=4000 | return=-19.13 | windows=11
global_step=4072 | return=9.19 | windows=18
global_step=4072 | return=-19.37 | windows=15
global_step=4080 | return=-26.87 | windows=25
global_step=4096, SPS=0
global_step=4104 | return=-22.44 | windows=15
global_step=4112 | return=-23.29 | windows=23
global_step=4128 | return=51.76 | windows=15
global_step=4168 | return=130.51 | windows=22
global_step=4216 | return=-21.13 | windows=17
global_step=4224 | return=-21.65 | windows=17
global_step=4232 | return=21.81 | windows=19
global_step=4232 | return=-18.76 | windows=15
global_step=4248 | return=-17.37 | windows=30
global_step=4264 | return=-12.79 | windows=11
global_step=4320 | return=-22.56 | windows=25
global_step=4328 | return=-19.08 | windows=24
global_step=4336 | return=-17.26 | windows=12
global_step=4352 | return=-14.06 | windows=12
global_step=4368 | return=-20.33 | windows=12
global_step=4384 | return=-24.42 | windows=18
global_step=4400 | return=-18.60 | windows=21
global_step=4416 | return=151.43 | windows=24
global_step=4448 | return=-17.20 | windows=11
global_step=4488 | return=7.57 | windows=19
global_step=4496 | return=-20.80 | windows=15
global_step=4520 | return=58.39 | windows=16
global_step=4528 | return=-17.22 | windows=23
global_step=4552 | return=107.30 | windows=28
global_step=4576 | return=-17.92 | windows=15
global_step=4576 | return=-22.41 | windows=19
global_step=4592 | return=-17.13 | windows=23
global_step=4624 | return=-14.75 | windows=16
global_step=4640 | return=-16.87 | windows=17
global_step=4688 | return=-18.72 | windows=13
global_step=4688 | return=-23.53 | windows=20
global_step=4720 | return=-16.22 | windows=23
global_step=4728 | return=16.88 | windows=21
global_step=4744 | return=-14.41 | windows=12
global_step=4760 | return=-24.16 | windows=20
global_step=4792 | return=-21.61 | windows=26
global_step=4816 | return=-17.10 | windows=15
global_step=4816 | return=-6.32 | windows=23
global_step=4840 | return=-55.65 | windows=18
global_step=4872 | return=-15.46 | windows=17
global_step=4952 | return=-9.22 | windows=28
global_step=4960 | return=-17.95 | windows=17
global_step=4968 | return=-23.67 | windows=18
global_step=4976 | return=-21.73 | windows=22
global_step=5008 | return=-32.71 | windows=32
global_step=5016 | return=-2.75 | windows=31
global_step=5016 | return=-21.28 | windows=21
global_step=5048 | return=-12.96 | windows=10
global_step=5104 | return=-22.03 | windows=28
global_step=5112 | return=-23.18 | windows=16
global_step=5136 | return=-15.78 | windows=14
global_step=5144 | return=14.17 | windows=21
global_step=5168 | return=-22.98 | windows=19
global_step=5208 | return=18.46 | windows=31
global_step=5240 | return=-18.57 | windows=11
global_step=5264 | return=164.52 | windows=26
global_step=5272 | return=-28.30 | windows=31
global_step=5288 | return=29.60 | windows=18
global_step=5312 | return=-22.71 | windows=25
global_step=5336 | return=-51.41 | windows=11
global_step=5352 | return=-18.68 | windows=17
global_step=5376 | return=-24.72 | windows=32
global_step=5384 | return=-19.48 | windows=8
global_step=5408 | return=-22.69 | windows=29
global_step=5448 | return=-22.02 | windows=22
global_step=5512 | return=-8.14 | windows=16
global_step=5520 | return=-23.36 | windows=22
global_step=5528 | return=-21.52 | windows=14
global_step=5576 | return=-23.24 | windows=37
global_step=5576 | return=-17.41 | windows=27
global_step=5584 | return=20.17 | windows=24
global_step=5592 | return=-7.87 | windows=37
global_step=5656 | return=-26.23 | windows=25
global_step=5672 | return=-24.68 | windows=19
global_step=5688 | return=141.98 | windows=19
global_step=5696 | return=-16.22 | windows=21
global_step=5720 | return=-24.79 | windows=17
global_step=5720 | return=-17.52 | windows=16
global_step=5736 | return=-24.29 | windows=19
global_step=5816 | return=85.94 | windows=27
global_step=5840 | return=-14.86 | windows=17
global_step=5848 | return=-2.47 | windows=23
global_step=5856 | return=-19.74 | windows=22
global_step=5856 | return=-21.00 | windows=16
global_step=5872 | return=16.42 | windows=18
global_step=5880 | return=-23.71 | windows=17
global_step=5912 | return=97.54 | windows=27
global_step=5936 | return=-16.64 | windows=14
global_step=5984 | return=-19.71 | windows=16
global_step=5984 | return=-13.38 | windows=15
global_step=6008 | return=-19.81 | windows=20
global_step=6008 | return=-14.93 | windows=15
global_step=6048 | return=166.26 | windows=23
global_step=6064 | return=-22.44 | windows=15
global_step=6064 | return=-25.33 | windows=23
global_step=6112 | return=-22.23 | windows=24
global_step=6120 | return=-23.52 | windows=16
global_step=6168 | return=-18.62 | windows=12
global_step=6192 | return=-18.81 | windows=22
global_step=6208 | return=-23.36 | windows=27
global_step=6216 | return=123.38 | windows=18
global_step=6248 | return=138.70 | windows=29
global_step=6280 | return=61.29 | windows=20
global_step=6288 | return=88.23 | windows=20
global_step=6288 | return=-21.49 | windows=29
global_step=6336 | return=-17.11 | windows=20
global_step=6352 | return=-16.69 | windows=12
global_step=6368 | return=47.53 | windows=21
global_step=6400 | return=37.40 | windows=23
global_step=6432 | return=-14.17 | windows=17
global_step=6448 | return=14.89 | windows=13
global_step=6464 | return=-22.33 | windows=30
global_step=6472 | return=133.59 | windows=22
global_step=6560 | return=3.65 | windows=34
global_step=6560 | return=85.34 | windows=25
global_step=6576 | return=-85.85 | windows=25
global_step=6600 | return=-5.36 | windows=15
global_step=6616 | return=-23.91 | windows=18
global_step=6640 | return=-24.02 | windows=25
global_step=6640 | return=21.71 | windows=29
global_step=6656 | return=-25.43 | windows=25
global_step=6704 | return=-12.41 | windows=17
global_step=6704 | return=-13.48 | windows=15
global_step=6712 | return=-20.21 | windows=11
global_step=6736 | return=-13.53 | windows=11
global_step=6752 | return=-15.16 | windows=13
global_step=6760 | return=-24.47 | windows=24
global_step=6784 | return=-19.12 | windows=22
global_step=6808 | return=-20.46 | windows=12
global_step=6824 | return=-15.48 | windows=10
global_step=6840 | return=-15.64 | windows=16
global_step=6888 | return=-21.11 | windows=16
global_step=6896 | return=-14.01 | windows=13
global_step=6904 | return=-26.44 | windows=30
global_step=6936 | return=51.50 | windows=27
global_step=6952 | return=-17.25 | windows=23
global_step=6984 | return=-20.74 | windows=21
global_step=6992 | return=-40.25 | windows=11
global_step=7008 | return=-14.70 | windows=14
global_step=7016 | return=3.90 | windows=21
global_step=7040 | return=-25.57 | windows=26
global_step=7072 | return=67.28 | windows=16
global_step=7112 | return=7.80 | windows=25
global_step=7128 | return=-24.91 | windows=21
global_step=7144 | return=-19.53 | windows=18
global_step=7152 | return=-24.27 | windows=20
global_step=7184 | return=-15.51 | windows=17
global_step=7256 | return=-24.83 | windows=29
global_step=7256 | return=-15.73 | windows=22
global_step=7264 | return=-18.32 | windows=18
global_step=7272 | return=-13.30 | windows=14
global_step=7304 | return=163.19 | windows=36
global_step=7328 | return=-25.77 | windows=22
global_step=7344 | return=80.43 | windows=19
global_step=7352 | return=-20.34 | windows=11
global_step=7352 | return=-24.63 | windows=27
global_step=7432 | return=-20.97 | windows=20
global_step=7464 | return=21.06 | windows=25
global_step=7480 | return=-21.59 | windows=18
global_step=7496 | return=-1.06 | windows=17
global_step=7504 | return=-21.65 | windows=28
global_step=7504 | return=-25.42 | windows=24
global_step=7528 | return=54.94 | windows=22
global_step=7584 | return=-22.41 | windows=28
global_step=7600 | return=-14.40 | windows=20
global_step=7632 | return=-51.75 | windows=15
global_step=7640 | return=5.28 | windows=16
global_step=7664 | return=-21.35 | windows=24
global_step=7712 | return=41.80 | windows=26
global_step=7728 | return=-20.80 | windows=15
global_step=7728 | return=-19.40 | windows=24
global_step=7752 | return=-20.64 | windows=10
global_step=7760 | return=-26.42 | windows=34
global_step=7808 | return=-24.30 | windows=21
global_step=7816 | return=2.35 | windows=21
global_step=7840 | return=-26.23 | windows=31
global_step=7888 | return=-21.99 | windows=16
global_step=7912 | return=-19.87 | windows=24
global_step=7912 | return=-18.26 | windows=22
global_step=7920 | return=19.04 | windows=23
global_step=7928 | return=-20.69 | windows=14
global_step=7928 | return=-15.39 | windows=20
global_step=7968 | return=-21.15 | windows=15
global_step=8016 | return=-18.91 | windows=15
global_step=8040 | return=64.45 | windows=27
global_step=8056 | return=-21.14 | windows=15
global_step=8064 | return=-23.56 | windows=17
global_step=8064 | return=-13.92 | windows=16
global_step=8080 | return=-21.36 | windows=20
global_step=8112 | return=-19.61 | windows=24
global_step=8152 | return=-16.15 | windows=16
global_step=8184 | return=-25.73 | windows=26
global_step=8192, SPS=0
global_step=8200 | return=24.67 | windows=17
global_step=8200 | return=30.67 | windows=16
global_step=8208 | return=-0.23 | windows=17
global_step=8240 | return=-22.07 | windows=15
global_step=8264 | return=-19.14 | windows=27
global_step=8328 | return=-19.52 | windows=30
global_step=8336 | return=-16.20 | windows=18
global_step=8352 | return=-19.39 | windows=13
global_step=8360 | return=-17.32 | windows=18
global_step=8408 | return=67.57 | windows=31
global_step=8448 | return=127.90 | windows=30
global_step=8464 | return=63.59 | windows=32
global_step=8464 | return=-25.41 | windows=24
global_step=8496 | return=-9.39 | windows=20
global_step=8496 | return=-38.89 | windows=16
global_step=8560 | return=110.03 | windows=25
global_step=8560 | return=35.69 | windows=27
global_step=8616 | return=47.57 | windows=20
global_step=8640 | return=-27.78 | windows=28
global_step=8680 | return=89.40 | windows=26
global_step=8696 | return=-18.41 | windows=24
global_step=8704 | return=146.55 | windows=25
global_step=8720 | return=-12.19 | windows=12
global_step=8744 | return=-17.25 | windows=22
global_step=8752 | return=-0.44 | windows=13
global_step=8784 | return=-24.48 | windows=39
global_step=8792 | return=85.20 | windows=28
global_step=8824 | return=-17.33 | windows=17
global_step=8840 | return=-18.67 | windows=16
global_step=8864 | return=-23.73 | windows=20
global_step=8912 | return=-18.97 | windows=23
global_step=8928 | return=-9.01 | windows=22
global_step=8928 | return=14.72 | windows=16
global_step=8944 | return=17.67 | windows=23
global_step=8944 | return=-17.95 | windows=19
global_step=8968 | return=-28.27 | windows=15
global_step=8992 | return=-95.04 | windows=20
global_step=9008 | return=-23.01 | windows=17
global_step=9088 | return=78.76 | windows=21
global_step=9096 | return=-16.39 | windows=20
global_step=9104 | return=111.89 | windows=16
global_step=9128 | return=92.55 | windows=22
global_step=9152 | return=-21.11 | windows=27
global_step=9200 | return=-25.22 | windows=23
global_step=9216 | return=-17.25 | windows=7
global_step=9232 | return=-18.47 | windows=29
global_step=9232 | return=-30.18 | windows=35
global_step=9264 | return=-17.63 | windows=16
global_step=9280 | return=-24.03 | windows=21
global_step=9288 | return=-24.67 | windows=23
global_step=9336 | return=1.91 | windows=30
global_step=9352 | return=-20.58 | windows=14
global_step=9368 | return=-22.81 | windows=20
global_step=9384 | return=-15.62 | windows=14
global_step=9384 | return=81.48 | windows=18
global_step=9392 | return=-95.02 | windows=13
global_step=9440 | return=-23.50 | windows=18
global_step=9472 | return=-22.21 | windows=31
global_step=9488 | return=-13.78 | windows=12
global_step=9496 | return=-16.64 | windows=17
global_step=9512 | return=-20.81 | windows=14
global_step=9536 | return=-15.17 | windows=18
global_step=9592 | return=-15.07 | windows=9
global_step=9600 | return=88.65 | windows=28
global_step=9624 | return=-21.00 | windows=16
global_step=9624 | return=60.50 | windows=15
global_step=9680 | return=188.82 | windows=42
global_step=9688 | return=-20.63 | windows=18
global_step=9704 | return=63.22 | windows=32
global_step=9712 | return=-23.26 | windows=29
global_step=9712 | return=-20.69 | windows=14
global_step=9720 | return=-15.59 | windows=14
global_step=9744 | return=4.38 | windows=14
global_step=9784 | return=13.99 | windows=19
global_step=9808 | return=23.31 | windows=15
global_step=9832 | return=-18.03 | windows=15
global_step=9840 | return=-21.74 | windows=14
global_step=9888 | return=-24.40 | windows=21
global_step=9912 | return=68.92 | windows=24
global_step=9912 | return=-6.51 | windows=27
global_step=9920 | return=-23.37 | windows=16
global_step=9936 | return=-20.48 | windows=12
global_step=9952 | return=-7.35 | windows=17
global_step=9984 | return=-12.47 | windows=17
global_step=10008 | return=-19.15 | windows=11
global_step=10016 | return=-20.82 | windows=33
global_step=10032 | return=-48.16 | windows=11
global_step=10056 | return=-15.50 | windows=17
global_step=10096 | return=-25.21 | windows=25
global_step=10184 | return=-23.54 | windows=15
global_step=10184 | return=-24.58 | windows=18
global_step=10184 | return=-24.66 | windows=24
global_step=10200 | return=16.59 | windows=30
global_step=10224 | return=-17.91 | windows=26
global_step=10232 | return=8.63 | windows=26
global_step=10240 | return=-23.26 | windows=39
global_step=10256 | return=-17.17 | windows=19
global_step=10320 | return=-16.53 | windows=16
global_step=10360 | return=-21.04 | windows=16
global_step=10368 | return=-14.57 | windows=20
global_step=10376 | return=-20.41 | windows=23
global_step=10400 | return=-27.86 | windows=26
global_step=10400 | return=-17.72 | windows=17
global_step=10432 | return=-18.08 | windows=23
global_step=10440 | return=41.35 | windows=25
global_step=10448 | return=-21.41 | windows=15
global_step=10512 | return=24.41 | windows=18
global_step=10544 | return=-65.38 | windows=12
global_step=10552 | return=-24.41 | windows=21
global_step=10584 | return=-16.92 | windows=22
global_step=10616 | return=-10.69 | windows=22
global_step=10640 | return=191.74 | windows=33
global_step=10648 | return=40.68 | windows=30
global_step=10648 | return=42.73 | windows=24
global_step=10688 | return=-12.73 | windows=12
global_step=10768 | return=-28.50 | windows=27
global_step=10784 | return=-25.36 | windows=20
global_step=10784 | return=-23.94 | windows=33
global_step=10824 | return=-26.18 | windows=33
global_step=10832 | return=-25.09 | windows=23
global_step=10840 | return=-16.77 | windows=23
global_step=10848 | return=21.68 | windows=24
global_step=10856 | return=-4.29 | windows=20
global_step=10888 | return=-20.69 | windows=14
global_step=10952 | return=-21.77 | windows=13
global_step=10968 | return=-21.79 | windows=22
global_step=11008 | return=8.40 | windows=14
global_step=11016 | return=20.25 | windows=20
global_step=11056 | return=-24.41 | windows=33
global_step=11064 | return=-21.78 | windows=29
global_step=11096 | return=-26.43 | windows=32
global_step=11104 | return=8.23 | windows=16
global_step=11136 | return=-25.02 | windows=22
global_step=11176 | return=7.69 | windows=20
global_step=11200 | return=-20.34 | windows=16
global_step=11216 | return=115.50 | windows=44
global_step=11216 | return=5.57 | windows=14
global_step=11280 | return=16.90 | windows=21
global_step=11296 | return=158.97 | windows=34
global_step=11320 | return=-49.27 | windows=17
global_step=11352 | return=-20.99 | windows=16
global_step=11352 | return=-17.75 | windows=26
global_step=11384 | return=-16.32 | windows=22
global_step=11384 | return=48.89 | windows=40
global_step=11432 | return=-57.56 | windows=9
global_step=11440 | return=-19.18 | windows=14
global_step=11448 | return=-22.00 | windows=20
global_step=11480 | return=-25.09 | windows=22
global_step=11488 | return=105.67 | windows=33
global_step=11520 | return=14.11 | windows=20
global_step=11536 | return=-16.42 | windows=12
global_step=11592 | return=-21.15 | windows=12
global_step=11600 | return=-24.17 | windows=19
global_step=11600 | return=-28.57 | windows=26
global_step=11616 | return=-21.91 | windows=28
global_step=11640 | return=-17.94 | windows=19
global_step=11680 | return=-26.80 | windows=19
global_step=11680 | return=-22.41 | windows=28
global_step=11752 | return=-27.92 | windows=26
global_step=11768 | return=59.41 | windows=20
global_step=11784 | return=55.00 | windows=22
global_step=11792 | return=19.87 | windows=24
global_step=11832 | return=-25.24 | windows=23
global_step=11856 | return=-29.15 | windows=29
global_step=11896 | return=131.15 | windows=26
global_step=11928 | return=-28.64 | windows=30
global_step=11928 | return=-19.01 | windows=19
global_step=11960 | return=25.47 | windows=25
global_step=11992 | return=-21.73 | windows=25
global_step=12056 | return=-24.21 | windows=32
global_step=12056 | return=-22.48 | windows=24
global_step=12056 | return=-26.92 | windows=27
global_step=12072 | return=-24.42 | windows=21
global_step=12096 | return=-1.22 | windows=20
global_step=12112 | return=-21.85 | windows=18
global_step=12160 | return=-20.64 | windows=28
global_step=12176 | return=74.66 | windows=14
global_step=12200 | return=158.56 | windows=25
global_step=12216 | return=8.11 | windows=19
global_step=12216 | return=-18.01 | windows=14
global_step=12232 | return=-23.30 | windows=21
global_step=12240 | return=-24.72 | windows=20
global_step=12288, SPS=0
global_step=12312 | return=156.13 | windows=24
global_step=12368 | return=-25.44 | windows=23
global_step=12376 | return=-18.97 | windows=19
global_step=12384 | return=-25.02 | windows=22
global_step=12384 | return=3.69 | windows=20
global_step=12392 | return=-20.72 | windows=28
global_step=12448 | return=-17.66 | windows=26
global_step=12472 | return=-17.66 | windows=28
global_step=12528 | return=-16.62 | windows=26
global_step=12536 | return=-23.50 | windows=19
global_step=12552 | return=124.03 | windows=19
global_step=12608 | return=70.61 | windows=27
global_step=12608 | return=-21.16 | windows=16
global_step=12616 | return=-51.61 | windows=10
global_step=12616 | return=58.00 | windows=20
global_step=12632 | return=116.17 | windows=32
global_step=12648 | return=24.44 | windows=32
global_step=12696 | return=-17.18 | windows=19
global_step=12736 | return=-22.44 | windows=15
global_step=12736 | return=-18.25 | windows=22
global_step=12752 | return=-14.90 | windows=17
global_step=12760 | return=69.67 | windows=17
global_step=12792 | return=-17.44 | windows=17
global_step=12840 | return=-16.53 | windows=25
global_step=12856 | return=-9.97 | windows=29
global_step=12872 | return=101.05 | windows=16
global_step=12920 | return=-25.58 | windows=27
global_step=12936 | return=-18.53 | windows=24
global_step=12968 | return=-20.57 | windows=13
global_step=12984 | return=43.22 | windows=28
global_step=13024 | return=-19.40 | windows=22
global_step=13032 | return=-16.08 | windows=19
global_step=13040 | return=113.42 | windows=30
global_step=13064 | return=6.94 | windows=37
global_step=13096 | return=-16.26 | windows=13
global_step=13120 | return=15.30 | windows=24
global_step=13160 | return=-17.41 | windows=15
global_step=13168 | return=-17.30 | windows=15
global_step=13176 | return=-14.73 | windows=18
global_step=13184 | return=-25.69 | windows=26
global_step=13200 | return=-21.31 | windows=32
global_step=13248 | return=-19.47 | windows=8
global_step=13264 | return=-19.49 | windows=17
global_step=13272 | return=-2.48 | windows=21
global_step=13272 | return=-25.54 | windows=25
global_step=13296 | return=41.02 | windows=11
global_step=13336 | return=-25.12 | windows=21
global_step=13376 | return=-8.75 | windows=25
global_step=13376 | return=-16.67 | windows=13
global_step=13424 | return=95.68 | windows=21
global_step=13432 | return=-21.96 | windows=30
global_step=13472 | return=-17.82 | windows=24
global_step=13480 | return=-21.40 | windows=12
global_step=13528 | return=48.53 | windows=31
global_step=13544 | return=-21.21 | windows=13
global_step=13552 | return=-29.68 | windows=31
global_step=13560 | return=-80.62 | windows=22
global_step=13568 | return=-22.37 | windows=28
global_step=13616 | return=3.87 | windows=17
global_step=13624 | return=-20.00 | windows=17
global_step=13648 | return=36.31 | windows=27
global_step=13672 | return=-20.46 | windows=12
global_step=13736 | return=-25.42 | windows=25
global_step=13760 | return=108.14 | windows=25
global_step=13808 | return=-6.98 | windows=32
global_step=13816 | return=168.94 | windows=20
global_step=13848 | return=13.55 | windows=28
global_step=13856 | return=-3.20 | windows=22
global_step=13856 | return=-18.62 | windows=36
global_step=13888 | return=-17.67 | windows=32
global_step=13904 | return=7.44 | windows=20
global_step=13976 | return=-15.61 | windows=15
global_step=13976 | return=-25.57 | windows=26
global_step=13992 | return=-16.26 | windows=16
global_step=14008 | return=-25.23 | windows=24
global_step=14040 | return=-18.98 | windows=7
global_step=14040 | return=-25.04 | windows=22
global_step=14040 | return=-23.58 | windows=18
global_step=14064 | return=-26.27 | windows=30
global_step=14120 | return=0.43 | windows=26
global_step=14152 | return=-24.44 | windows=19
global_step=14184 | return=-25.01 | windows=21
global_step=14184 | return=-19.76 | windows=25
global_step=14216 | return=-18.98 | windows=21
global_step=14232 | return=-20.30 | windows=23
global_step=14240 | return=-24.87 | windows=21
global_step=14256 | return=-26.33 | windows=26
global_step=14328 | return=-20.65 | windows=13
global_step=14344 | return=-25.22 | windows=23
global_step=14352 | return=26.14 | windows=20
global_step=14360 | return=-7.24 | windows=29
global_step=14400 | return=-21.94 | windows=20
global_step=14416 | return=96.56 | windows=28
global_step=14480 | return=106.23 | windows=27
global_step=14488 | return=-21.49 | windows=30
global_step=14520 | return=-23.55 | windows=23
global_step=14568 | return=-25.40 | windows=27
global_step=14592 | return=16.21 | windows=29
global_step=14600 | return=-20.31 | windows=14
global_step=14632 | return=-29.79 | windows=33
global_step=14656 | return=-28.11 | windows=31
global_step=14688 | return=36.19 | windows=33
global_step=14696 | return=-20.88 | windows=15
global_step=14720 | return=67.17 | windows=24
global_step=14728 | return=-20.84 | windows=15
global_step=14760 | return=-25.96 | windows=33
global_step=14776 | return=-15.29 | windows=17
global_step=14792 | return=-25.52 | windows=24
global_step=14840 | return=-13.80 | windows=13
global_step=14872 | return=154.92 | windows=22
global_step=14896 | return=24.09 | windows=21
global_step=14896 | return=-21.11 | windows=14
global_step=14904 | return=-24.74 | windows=30
global_step=14920 | return=-22.11 | windows=19
global_step=14928 | return=-14.11 | windows=16
global_step=14928 | return=134.10 | windows=28
global_step=14992 | return=-20.06 | windows=11
global_step=15016 | return=-15.91 | windows=21
global_step=15024 | return=-21.55 | windows=15
global_step=15040 | return=29.46 | windows=14
global_step=15056 | return=-18.00 | windows=22
global_step=15096 | return=20.54 | windows=23
global_step=15136 | return=-16.24 | windows=25
global_step=15144 | return=-22.10 | windows=26
global_step=15144 | return=-22.11 | windows=12
global_step=15152 | return=-21.30 | windows=15
global_step=15208 | return=118.97 | windows=26
global_step=15232 | return=-24.96 | windows=21
global_step=15320 | return=-10.07 | windows=27
global_step=15328 | return=145.46 | windows=38
global_step=15336 | return=-62.67 | windows=12
global_step=15344 | return=-18.61 | windows=23
global_step=15368 | return=-11.22 | windows=28
global_step=15376 | return=-23.92 | windows=20
global_step=15376 | return=72.62 | windows=28
global_step=15472 | return=-15.15 | windows=16
global_step=15480 | return=-20.96 | windows=12
global_step=15488 | return=50.97 | windows=14
global_step=15504 | return=290.62 | windows=44
global_step=15544 | return=-13.94 | windows=24
global_step=15592 | return=160.07 | windows=32
global_step=15600 | return=87.83 | windows=34
global_step=15608 | return=98.51 | windows=28
global_step=15640 | return=-24.81 | windows=20
global_step=15664 | return=-19.15 | windows=19
global_step=15680 | return=87.14 | windows=24
global_step=15720 | return=-20.80 | windows=15
global_step=15768 | return=69.96 | windows=34
global_step=15800 | return=-20.60 | windows=31
global_step=15816 | return=164.03 | windows=21
global_step=15832 | return=192.00 | windows=28
global_step=15856 | return=-22.71 | windows=30
global_step=15888 | return=51.41 | windows=27
global_step=15952 | return=-25.41 | windows=28
global_step=15960 | return=34.76 | windows=34
global_step=15968 | return=-23.61 | windows=16
global_step=15976 | return=-23.20 | windows=19
global_step=15984 | return=-17.88 | windows=22
global_step=16032 | return=-19.40 | windows=17
global_step=16040 | return=-18.85 | windows=22
global_step=16072 | return=-12.79 | windows=11
global_step=16080 | return=-29.86 | windows=38
global_step=16088 | return=13.99 | windows=14
global_step=16152 | return=-58.52 | windows=13
global_step=16152 | return=-15.64 | windows=14
global_step=16184 | return=-24.25 | windows=24
global_step=16192 | return=-24.97 | windows=28
global_step=16200 | return=-28.68 | windows=30
global_step=16256 | return=-17.34 | windows=22
global_step=16264 | return=-22.67 | windows=13
global_step=16272 | return=3.26 | windows=22
global_step=16344 | return=-22.04 | windows=32
global_step=16384, SPS=0
global_step=16392 | return=35.91 | windows=23
global_step=16400 | return=-24.47 | windows=26
global_step=16400 | return=-21.97 | windows=17
global_step=16400 | return=-24.19 | windows=25
global_step=16424 | return=-15.98 | windows=18
global_step=16488 | return=89.00 | windows=41
global_step=16504 | return=-19.97 | windows=19
global_step=16536 | return=23.26 | windows=33
global_step=16560 | return=-21.63 | windows=16
global_step=16600 | return=-25.04 | windows=24
global_step=16608 | return=-25.73 | windows=26
global_step=16608 | return=50.02 | windows=25
global_step=16632 | return=163.20 | windows=28
global_step=16640 | return=-20.46 | windows=12
global_step=16664 | return=-24.52 | windows=19
global_step=16680 | return=20.75 | windows=23
global_step=16704 | return=-20.46 | windows=12
global_step=16760 | return=-13.93 | windows=14
global_step=16776 | return=-22.76 | windows=26
global_step=16808 | return=-18.13 | windows=24
global_step=16816 | return=-2.25 | windows=18
global_step=16824 | return=-25.32 | windows=23
global_step=16824 | return=-13.25 | windows=26
global_step=16896 | return=-23.65 | windows=26
global_step=16944 | return=2.98 | windows=22
global_step=16976 | return=233.89 | windows=33
global_step=16976 | return=-21.59 | windows=18
global_step=16992 | return=8.09 | windows=22
global_step=17008 | return=-21.46 | windows=28
global_step=17040 | return=-21.55 | windows=26
global_step=17040 | return=-17.22 | windows=27
global_step=17096 | return=-20.61 | windows=18
global_step=17120 | return=46.51 | windows=27
global_step=17128 | return=-19.97 | windows=10
global_step=17176 | return=-25.84 | windows=24
global_step=17192 | return=132.65 | windows=24
global_step=17208 | return=-26.54 | windows=24
global_step=17208 | return=-23.45 | windows=20
global_step=17224 | return=-19.42 | windows=15
global_step=17224 | return=4.79 | windows=30
global_step=17312 | return=-25.13 | windows=22
global_step=17320 | return=-25.62 | windows=24
global_step=17376 | return=-2.53 | windows=24
global_step=17376 | return=-24.80 | windows=20
global_step=17400 | return=-18.22 | windows=21
global_step=17408 | return=-22.58 | windows=24
global_step=17432 | return=-20.28 | windows=25
global_step=17440 | return=27.24 | windows=30
global_step=17456 | return=-52.97 | windows=17
global_step=17488 | return=67.19 | windows=20
global_step=17488 | return=-14.43 | windows=13
global_step=17528 | return=-20.41 | windows=11
global_step=17560 | return=0.76 | windows=22
global_step=17584 | return=-19.92 | windows=21
global_step=17600 | return=-19.98 | windows=13
global_step=17608 | return=-17.01 | windows=25
global_step=17704 | return=-26.89 | windows=30
global_step=17712 | return=-9.88 | windows=33
global_step=17720 | return=86.38 | windows=23
global_step=17728 | return=-13.43 | windows=17
global_step=17752 | return=-14.69 | windows=32
global_step=17792 | return=-16.58 | windows=28
global_step=17848 | return=193.46 | windows=30
global_step=17888 | return=-20.28 | windows=20
global_step=17896 | return=-20.67 | windows=23
global_step=17896 | return=-13.98 | windows=35
global_step=17896 | return=73.46 | windows=17
global_step=17904 | return=22.51 | windows=23
global_step=17968 | return=-18.58 | windows=29
global_step=17984 | return=43.14 | windows=23
global_step=17992 | return=-16.22 | windows=17
global_step=18072 | return=87.86 | windows=21
global_step=18080 | return=11.67 | windows=21
global_step=18096 | return=-9.59 | windows=24
global_step=18112 | return=-19.78 | windows=27
global_step=18112 | return=-17.89 | windows=26
global_step=18128 | return=-17.01 | windows=17
global_step=18144 | return=-20.79 | windows=21
global_step=18192 | return=-14.29 | windows=9
global_step=18200 | return=-25.46 | windows=25
global_step=18224 | return=-20.25 | windows=15
global_step=18256 | return=-21.57 | windows=21
global_step=18288 | return=24.69 | windows=21
global_step=18304 | return=26.75 | windows=28
global_step=18344 | return=-25.34 | windows=24
global_step=18368 | return=-20.21 | windows=29
global_step=18376 | return=-24.91 | windows=21
global_step=18384 | return=-17.21 | windows=23
global_step=18424 | return=28.47 | windows=20
global_step=18440 | return=-25.75 | windows=26
global_step=18456 | return=-19.99 | windows=20
global_step=18520 | return=48.73 | windows=18
global_step=18536 | return=4.38 | windows=28
global_step=18544 | return=-14.49 | windows=10
global_step=18560 | return=86.74 | windows=26
global_step=18584 | return=-14.09 | windows=17
global_step=18584 | return=159.39 | windows=25
global_step=18656 | return=17.68 | windows=33
global_step=18696 | return=59.26 | windows=19
global_step=18728 | return=-21.39 | windows=17
global_step=18736 | return=-24.32 | windows=21
global_step=18744 | return=182.41 | windows=39
global_step=18776 | return=-23.13 | windows=28
global_step=18784 | return=85.59 | windows=32
global_step=18832 | return=114.55 | windows=30
global_step=18848 | return=-20.69 | windows=14
global_step=18920 | return=-17.19 | windows=16
global_step=18928 | return=-23.11 | windows=23
global_step=18928 | return=21.52 | windows=28
global_step=18936 | return=-25.08 | windows=23
global_step=18952 | return=-5.24 | windows=21
global_step=18976 | return=-13.28 | windows=15
global_step=19008 | return=30.38 | windows=43
global_step=19032 | return=-54.97 | windows=12
global_step=19048 | return=-14.06 | windows=13
global_step=19104 | return=35.65 | windows=33
global_step=19112 | return=-9.15 | windows=19
global_step=19136 | return=35.12 | windows=26
global_step=19168 | return=30.30 | windows=29
global_step=19176 | return=-25.39 | windows=24
global_step=19208 | return=57.89 | windows=21
global_step=19208 | return=-22.19 | windows=19
global_step=19224 | return=-14.00 | windows=14
global_step=19240 | return=-44.96 | windows=28
global_step=19248 | return=69.44 | windows=13
global_step=19304 | return=-24.07 | windows=23
global_step=19352 | return=73.39 | windows=13
global_step=19376 | return=-19.53 | windows=20
global_step=19400 | return=59.93 | windows=27
global_step=19424 | return=-25.11 | windows=31
global_step=19432 | return=28.32 | windows=27
global_step=19448 | return=83.33 | windows=27
global_step=19496 | return=28.97 | windows=30
global_step=19504 | return=-22.06 | windows=24
global_step=19552 | return=157.58 | windows=24
global_step=19584 | return=-22.72 | windows=25
global_step=19592 | return=-17.44 | windows=20
global_step=19632 | return=3.79 | windows=22
global_step=19640 | return=-23.45 | windows=29
global_step=19664 | return=-21.33 | windows=19
global_step=19736 | return=59.16 | windows=22
global_step=19736 | return=140.69 | windows=29
global_step=19760 | return=137.50 | windows=21
global_step=19760 | return=-54.81 | windows=11
global_step=19768 | return=73.29 | windows=21
global_step=19792 | return=216.92 | windows=44
global_step=19832 | return=-25.21 | windows=23
global_step=19880 | return=-16.74 | windows=17
global_step=19952 | return=11.61 | windows=23
global_step=19960 | return=-25.10 | windows=27
global_step=19992 | return=-25.75 | windows=27
global_step=20008 | return=34.01 | windows=46
global_step=20008 | return=-15.49 | windows=15
global_step=20024 | return=94.52 | windows=32
global_step=20056 | return=-3.23 | windows=27
global_step=20120 | return=-29.92 | windows=40
global_step=20120 | return=43.71 | windows=19
global_step=20152 | return=117.78 | windows=19
global_step=20208 | return=142.09 | windows=24
global_step=20216 | return=-21.05 | windows=25
global_step=20232 | return=-20.84 | windows=34
global_step=20256 | return=-25.25 | windows=24
global_step=20264 | return=60.21 | windows=17
global_step=20296 | return=-23.00 | windows=33
global_step=20336 | return=-22.66 | windows=26
global_step=20376 | return=-28.67 | windows=27
global_step=20408 | return=23.18 | windows=24
global_step=20448 | return=67.81 | windows=28
global_step=20464 | return=-17.98 | windows=24
global_step=20480, SPS=0
global_step=20520 | return=-25.38 | windows=35
global_step=20536 | return=-27.09 | windows=34
global_step=20544 | return=4.57 | windows=30
global_step=20576 | return=-16.33 | windows=15
global_step=20584 | return=-28.71 | windows=30
global_step=20624 | return=48.71 | windows=26
global_step=20704 | return=-20.31 | windows=29
global_step=20720 | return=-28.13 | windows=42
global_step=20720 | return=-4.07 | windows=24
global_step=20744 | return=27.80 | windows=24
global_step=20752 | return=-20.80 | windows=15
global_step=20776 | return=-5.65 | windows=23
global_step=20792 | return=7.01 | windows=10
global_step=20808 | return=-21.95 | windows=33
global_step=20912 | return=-24.44 | windows=23
global_step=20936 | return=165.76 | windows=17
global_step=20952 | return=-9.12 | windows=21
global_step=20952 | return=85.71 | windows=46
global_step=20976 | return=219.51 | windows=27
global_step=20984 | return=15.99 | windows=29
global_step=20992 | return=218.37 | windows=33
global_step=21064 | return=-21.18 | windows=15
global_step=21080 | return=-20.18 | windows=10
global_step=21088 | return=-30.02 | windows=34
global_step=21144 | return=128.46 | windows=28
global_step=21240 | return=95.56 | windows=35
global_step=21256 | return=112.20 | windows=21
global_step=21264 | return=82.31 | windows=38
global_step=21264 | return=275.80 | windows=35
global_step=21272 | return=-17.39 | windows=22
global_step=21272 | return=-23.40 | windows=35
global_step=21288 | return=-19.22 | windows=17
global_step=21320 | return=117.12 | windows=31
global_step=21392 | return=-73.47 | windows=14
global_step=21472 | return=161.89 | windows=25
global_step=21496 | return=41.42 | windows=29
global_step=21496 | return=-4.50 | windows=25
global_step=21512 | return=-14.51 | windows=30
global_step=21512 | return=6.85 | windows=23
global_step=21544 | return=3.60 | windows=37
global_step=21552 | return=-26.74 | windows=34
Traceback (most recent call last):
  File "/md0/home/UFAD/tcuevasmestanza/CarRacing/smdp/experiments/adaptive_fps_smdp/train_mlp.py", line 285, in <module>
    next_obs, reward, terminations, truncations, infos = envs.step(action.cpu().numpy())
                                                         ^^^^^^^^^^^^^^^^^^^^^^^^^^^^^^^
  File "/home/UFAD/tcuevasmestanza/.conda/envs/racing/lib/python3.12/site-packages/gymnasium/vector/sync_vector_env.py", line 266, in step
    ) = self.envs[i].step(action)
        ^^^^^^^^^^^^^^^^^^^^^^^^^
  File "/home/UFAD/tcuevasmestanza/.conda/envs/racing/lib/python3.12/site-packages/gymnasium/wrappers/common.py", line 512, in step
    obs, reward, terminated, truncated, info = super().step(action)
                                               ^^^^^^^^^^^^^^^^^^^^
  File "/home/UFAD/tcuevasmestanza/.conda/envs/racing/lib/python3.12/site-packages/gymnasium/core.py", line 327, in step
    return self.env.step(action)
           ^^^^^^^^^^^^^^^^^^^^^
  File "/md0/home/UFAD/tcuevasmestanza/CarRacing/wrappers/adaptive_fps_cautious_smdp_wrapper.py", line 167, in step
    observed_frame, nav_reward, terminated, truncated, info = self.env.step(navigation_action)
                                                              ^^^^^^^^^^^^^^^^^^^^^^^^^^^^^^^^
  File "/md0/home/UFAD/tcuevasmestanza/CarRacing/wrappers/pre_processing.py", line 38, in step
    observation, reward, terminated, truncated, info = self.env.step(action)
                                                       ^^^^^^^^^^^^^^^^^^^^^
  File "/home/UFAD/tcuevasmestanza/.conda/envs/racing/lib/python3.12/site-packages/gymnasium/wrappers/common.py", line 124, in step
    observation, reward, terminated, truncated, info = self.env.step(action)
                                                       ^^^^^^^^^^^^^^^^^^^^^
  File "/home/UFAD/tcuevasmestanza/.conda/envs/racing/lib/python3.12/site-packages/gymnasium/wrappers/common.py", line 392, in step
    return super().step(action)
           ^^^^^^^^^^^^^^^^^^^^
  File "/home/UFAD/tcuevasmestanza/.conda/envs/racing/lib/python3.12/site-packages/gymnasium/core.py", line 327, in step
    return self.env.step(action)
           ^^^^^^^^^^^^^^^^^^^^^
  File "/home/UFAD/tcuevasmestanza/.conda/envs/racing/lib/python3.12/site-packages/gymnasium/wrappers/common.py", line 284, in step
    return self.env.step(action)
           ^^^^^^^^^^^^^^^^^^^^^
  File "/home/UFAD/tcuevasmestanza/.conda/envs/racing/lib/python3.12/site-packages/gymnasium/envs/box2d/car_racing.py", line 561, in step
    self.state = self._render("state_pixels")
                 ^^^^^^^^^^^^^^^^^^^^^^^^^^^^
  File "/home/UFAD/tcuevasmestanza/.conda/envs/racing/lib/python3.12/site-packages/gymnasium/envs/box2d/car_racing.py", line 626, in _render
    self._render_road(zoom, trans, angle)
  File "/home/UFAD/tcuevasmestanza/.conda/envs/racing/lib/python3.12/site-packages/gymnasium/envs/box2d/car_racing.py", line 696, in _render_road
    self._draw_colored_polygon(self.surf, poly, color, zoom, translation, angle)
  File "/home/UFAD/tcuevasmestanza/.conda/envs/racing/lib/python3.12/site-packages/gymnasium/envs/box2d/car_racing.py", line 784, in _draw_colored_polygon
    gfxdraw.filled_polygon(self.surf, poly, color)
KeyboardInterrupt
