/home/UFAD/tcuevasmestanza/.conda/envs/racing/lib/python3.12/site-packages/tyro/_parsers.py:353: UserWarning: The field `wandb-entity` is annotated with type `<class 'str'>`, but the default value `None` has type `<class 'NoneType'>`. We'll try to handle this gracefully, but it may cause unexpected behavior.
  warnings.warn(message)
/home/UFAD/tcuevasmestanza/.conda/envs/racing/lib/python3.12/site-packages/tyro/_parsers.py:353: UserWarning: The field `target-kl` is annotated with type `<class 'float'>`, but the default value `None` has type `<class 'NoneType'>`. We'll try to handle this gracefully, but it may cause unexpected behavior.
  warnings.warn(message)
/home/UFAD/tcuevasmestanza/.conda/envs/racing/lib/python3.12/site-packages/tyro/_parsers.py:353: UserWarning: The field `resume-path` is annotated with type `<class 'str'>`, but the default value `None` has type `<class 'NoneType'>`. We'll try to handle this gracefully, but it may cause unexpected behavior.
  warnings.warn(message)
Experiment info saved → smdp/experiments/adaptive_fps_smdp/runs/CarRacing-v3_smdp_mlp_fc_0.2_bud_150.0_19-07-14-34-22/info_settings.txt
Device: cuda
Navigation model path: experiments/navigation/runs/CarRacing-v3__ppo__1__1781901069/final.pt
Navigation Model loaded on cuda
Navigation Model loaded on cuda
Navigation Model loaded on cuda
Navigation Model loaded on cuda
Navigation Model loaded on cuda
Navigation Model loaded on cuda
Navigation Model loaded on cuda
Navigation Model loaded on cuda
global_step=96 | return=-21.55 | windows=12
global_step=128 | return=-15.85 | windows=16
global_step=144 | return=-23.80 | windows=18
global_step=152 | return=33.07 | windows=19
global_step=168 | return=-27.02 | windows=21
global_step=184 | return=-19.97 | windows=23
global_step=192 | return=44.47 | windows=24
global_step=216 | return=49.67 | windows=14
global_step=224 | return=-20.08 | windows=28
global_step=232 | return=-21.64 | windows=12
global_step=264 | return=-19.13 | windows=13
global_step=304 | return=-23.80 | windows=16
global_step=320 | return=-21.45 | windows=11
global_step=320 | return=90.56 | windows=21
global_step=328 | return=-18.43 | windows=16
global_step=328 | return=-16.82 | windows=17
global_step=360 | return=26.78 | windows=11
global_step=400 | return=1.34 | windows=22
global_step=424 | return=-14.19 | windows=11
global_step=424 | return=-8.03 | windows=23
global_step=448 | return=-19.65 | windows=17
global_step=456 | return=-16.66 | windows=16
global_step=464 | return=-20.98 | windows=12
global_step=488 | return=50.36 | windows=20
global_step=520 | return=-21.39 | windows=11
global_step=544 | return=-20.04 | windows=17
global_step=560 | return=-24.93 | windows=28
global_step=568 | return=-18.65 | windows=17
global_step=584 | return=-15.57 | windows=14
global_step=616 | return=-20.49 | windows=19
global_step=616 | return=-22.12 | windows=20
global_step=632 | return=-21.55 | windows=17
global_step=640 | return=-18.43 | windows=14
global_step=696 | return=-22.30 | windows=15
global_step=704 | return=-69.41 | windows=7
global_step=720 | return=-27.02 | windows=21
global_step=720 | return=110.06 | windows=19
global_step=752 | return=-19.35 | windows=14
global_step=768 | return=-27.32 | windows=22
global_step=776 | return=-4.54 | windows=19
global_step=792 | return=-20.34 | windows=8
global_step=856 | return=-23.08 | windows=19
global_step=904 | return=12.79 | windows=35
global_step=912 | return=-25.11 | windows=25
global_step=944 | return=-30.46 | windows=27
global_step=952 | return=43.72 | windows=24
global_step=992 | return=-20.62 | windows=26
global_step=1008 | return=-22.67 | windows=26
global_step=1008 | return=-14.71 | windows=11
global_step=1016 | return=-22.23 | windows=19
global_step=1024 | return=135.51 | windows=31
global_step=1056 | return=69.83 | windows=18
global_step=1080 | return=7.26 | windows=16
global_step=1080 | return=-22.94 | windows=15
global_step=1144 | return=-14.12 | windows=10
global_step=1160 | return=3.14 | windows=20
global_step=1160 | return=-24.91 | windows=17
global_step=1176 | return=-25.14 | windows=20
global_step=1192 | return=17.90 | windows=20
global_step=1200 | return=-21.58 | windows=14
global_step=1224 | return=56.75 | windows=17
global_step=1272 | return=-24.36 | windows=15
global_step=1280 | return=-15.78 | windows=12
global_step=1296 | return=-28.21 | windows=35
global_step=1304 | return=-25.55 | windows=17
global_step=1312 | return=-26.31 | windows=18
global_step=1328 | return=-24.59 | windows=16
global_step=1384 | return=-19.96 | windows=10
global_step=1384 | return=-25.85 | windows=19
global_step=1392 | return=-16.04 | windows=9
global_step=1400 | return=-22.16 | windows=14
global_step=1408 | return=-25.05 | windows=25
global_step=1448 | return=88.45 | windows=21
global_step=1448 | return=-24.63 | windows=17
global_step=1528 | return=-15.12 | windows=17
global_step=1536 | return=-21.33 | windows=15
global_step=1544 | return=-17.83 | windows=18
global_step=1544 | return=-24.11 | windows=19
global_step=1552 | return=58.86 | windows=27
global_step=1592 | return=-17.98 | windows=17
global_step=1632 | return=-27.39 | windows=28
global_step=1640 | return=-18.26 | windows=12
global_step=1640 | return=-22.97 | windows=23
global_step=1656 | return=-18.13 | windows=15
global_step=1672 | return=-14.05 | windows=15
global_step=1696 | return=-23.06 | windows=18
global_step=1736 | return=-22.11 | windows=17
global_step=1736 | return=-21.90 | windows=22
global_step=1768 | return=17.76 | windows=16
global_step=1808 | return=-17.80 | windows=20
global_step=1808 | return=-19.13 | windows=20
global_step=1816 | return=-21.66 | windows=14
global_step=1824 | return=-21.86 | windows=18
global_step=1824 | return=-17.98 | windows=20
global_step=1856 | return=-21.83 | windows=10
global_step=1896 | return=-28.86 | windows=19
global_step=1936 | return=-6.27 | windows=24
global_step=1936 | return=-18.49 | windows=15
global_step=1952 | return=-22.50 | windows=16
global_step=1960 | return=-19.76 | windows=16
global_step=1960 | return=-25.86 | windows=16
global_step=2016 | return=-21.92 | windows=25
global_step=2048 | return=-21.21 | windows=10
global_step=2056 | return=117.91 | windows=24
global_step=2064 | return=-22.29 | windows=20
global_step=2064 | return=-17.63 | windows=15
global_step=2080 | return=-20.21 | windows=7
global_step=2136 | return=23.78 | windows=21
global_step=2144 | return=-16.71 | windows=11
global_step=2144 | return=-21.22 | windows=10
global_step=2152 | return=20.41 | windows=26
global_step=2176 | return=-22.43 | windows=27
global_step=2208 | return=-25.57 | windows=17
global_step=2232 | return=-20.88 | windows=9
global_step=2248 | return=34.40 | windows=22
global_step=2256 | return=-11.96 | windows=21
global_step=2264 | return=-15.32 | windows=14
global_step=2280 | return=-17.55 | windows=12
global_step=2320 | return=-63.58 | windows=13
global_step=2328 | return=-19.99 | windows=7
global_step=2328 | return=-26.05 | windows=22
global_step=2384 | return=19.97 | windows=12
global_step=2416 | return=-25.76 | windows=34
global_step=2416 | return=52.90 | windows=22
global_step=2416 | return=-24.79 | windows=19
global_step=2424 | return=-17.13 | windows=12
global_step=2440 | return=-22.09 | windows=23
global_step=2464 | return=-21.39 | windows=16
global_step=2520 | return=-20.01 | windows=23
global_step=2544 | return=-18.46 | windows=19
global_step=2568 | return=-15.64 | windows=15
global_step=2568 | return=44.33 | windows=18
global_step=2600 | return=78.49 | windows=22
global_step=2616 | return=-21.94 | windows=23
global_step=2640 | return=94.40 | windows=27
global_step=2664 | return=-19.84 | windows=17
global_step=2672 | return=202.18 | windows=25
global_step=2696 | return=-17.44 | windows=15
global_step=2744 | return=74.63 | windows=21
global_step=2768 | return=56.93 | windows=18
global_step=2768 | return=-24.17 | windows=20
global_step=2776 | return=-27.68 | windows=28
global_step=2784 | return=-21.33 | windows=17
global_step=2808 | return=-21.64 | windows=16
global_step=2832 | return=5.05 | windows=20
global_step=2896 | return=-23.53 | windows=15
global_step=2912 | return=-21.42 | windows=16
global_step=2912 | return=-17.59 | windows=17
global_step=2920 | return=27.06 | windows=27
global_step=2936 | return=-22.19 | windows=23
global_step=2944 | return=-26.44 | windows=19
global_step=2976 | return=-18.54 | windows=20
global_step=3000 | return=14.70 | windows=20
global_step=3008 | return=-16.24 | windows=11
global_step=3016 | return=-22.07 | windows=14
global_step=3024 | return=-17.20 | windows=9
global_step=3088 | return=-22.66 | windows=21
global_step=3120 | return=-19.13 | windows=13
global_step=3136 | return=-22.25 | windows=24
global_step=3136 | return=-15.44 | windows=26
global_step=3144 | return=-23.45 | windows=20
global_step=3152 | return=-57.74 | windows=16
global_step=3192 | return=16.59 | windows=20
global_step=3192 | return=-19.75 | windows=23
global_step=3208 | return=-23.85 | windows=14
global_step=3256 | return=-20.00 | windows=14
global_step=3296 | return=-11.02 | windows=19
global_step=3296 | return=-21.85 | windows=18
global_step=3320 | return=-17.31 | windows=13
global_step=3328 | return=-22.04 | windows=25
global_step=3344 | return=-13.97 | windows=23
global_step=3368 | return=-14.60 | windows=13
global_step=3376 | return=-19.17 | windows=22
global_step=3416 | return=-69.68 | windows=14
global_step=3416 | return=-20.34 | windows=10
global_step=3424 | return=-22.25 | windows=28
global_step=3456 | return=-25.32 | windows=16
global_step=3456 | return=-17.61 | windows=13
global_step=3528 | return=21.16 | windows=18
global_step=3536 | return=-24.25 | windows=29
global_step=3536 | return=-6.39 | windows=20
global_step=3544 | return=-7.02 | windows=14
global_step=3592 | return=92.83 | windows=21
global_step=3608 | return=-16.21 | windows=18
global_step=3616 | return=-25.91 | windows=19
global_step=3664 | return=-17.11 | windows=15
global_step=3672 | return=19.22 | windows=31
global_step=3672 | return=-21.20 | windows=15
global_step=3680 | return=-22.94 | windows=17
global_step=3696 | return=-23.95 | windows=20
global_step=3744 | return=-23.78 | windows=16
global_step=3744 | return=-20.57 | windows=15
global_step=3776 | return=-21.41 | windows=11
global_step=3808 | return=103.93 | windows=26
global_step=3832 | return=-20.41 | windows=10
global_step=3872 | return=24.69 | windows=24
global_step=3880 | return=-28.14 | windows=22
global_step=3904 | return=-21.02 | windows=15
global_step=3912 | return=117.00 | windows=30
global_step=3920 | return=-19.05 | windows=13
global_step=3920 | return=-29.28 | windows=30
global_step=3944 | return=-19.32 | windows=24
global_step=3976 | return=-21.45 | windows=11
global_step=3984 | return=-3.80 | windows=18
global_step=4000 | return=-21.18 | windows=10
global_step=4000 | return=-20.23 | windows=11
global_step=4072 | return=7.39 | windows=18
global_step=4072 | return=-20.87 | windows=15
global_step=4080 | return=-29.37 | windows=25
global_step=4096, SPS=0
global_step=4104 | return=-23.94 | windows=15
global_step=4112 | return=-25.59 | windows=23
global_step=4128 | return=50.26 | windows=15
global_step=4168 | return=128.31 | windows=22
global_step=4216 | return=-22.83 | windows=17
global_step=4224 | return=-23.35 | windows=17
global_step=4232 | return=19.91 | windows=19
global_step=4232 | return=-20.26 | windows=15
global_step=4248 | return=-20.37 | windows=30
global_step=4264 | return=-13.89 | windows=11
global_step=4320 | return=-25.06 | windows=25
global_step=4328 | return=-21.48 | windows=24
global_step=4336 | return=-18.46 | windows=12
global_step=4352 | return=-15.26 | windows=12
global_step=4368 | return=-21.53 | windows=12
global_step=4384 | return=-26.22 | windows=18
global_step=4400 | return=-20.70 | windows=21
global_step=4416 | return=149.03 | windows=24
global_step=4448 | return=-18.30 | windows=11
global_step=4488 | return=5.67 | windows=19
global_step=4496 | return=-22.30 | windows=15
global_step=4520 | return=56.79 | windows=16
global_step=4528 | return=-19.52 | windows=23
global_step=4552 | return=104.50 | windows=28
global_step=4576 | return=-19.42 | windows=15
global_step=4576 | return=-24.31 | windows=19
global_step=4592 | return=-19.43 | windows=23
global_step=4624 | return=-16.35 | windows=16
global_step=4640 | return=-18.57 | windows=17
global_step=4688 | return=-20.02 | windows=13
global_step=4688 | return=-25.53 | windows=20
global_step=4720 | return=-18.52 | windows=23
global_step=4728 | return=14.78 | windows=21
global_step=4744 | return=-15.61 | windows=12
global_step=4760 | return=-26.16 | windows=20
global_step=4792 | return=-24.21 | windows=26
global_step=4816 | return=-18.60 | windows=15
global_step=4816 | return=-8.62 | windows=23
global_step=4840 | return=-57.45 | windows=18
global_step=4872 | return=-17.16 | windows=17
global_step=4952 | return=-12.02 | windows=28
global_step=4960 | return=-19.65 | windows=17
global_step=4968 | return=-25.47 | windows=18
global_step=4976 | return=-23.93 | windows=22
global_step=5008 | return=-35.91 | windows=32
global_step=5016 | return=-5.85 | windows=31
global_step=5016 | return=-23.38 | windows=21
global_step=5048 | return=-13.96 | windows=10
global_step=5104 | return=-24.83 | windows=28
global_step=5112 | return=-24.78 | windows=16
global_step=5136 | return=-17.18 | windows=14
global_step=5144 | return=12.07 | windows=21
global_step=5168 | return=-24.88 | windows=19
global_step=5208 | return=15.36 | windows=31
global_step=5240 | return=-19.67 | windows=11
global_step=5256 | return=-30.90 | windows=29
global_step=5264 | return=161.92 | windows=26
global_step=5288 | return=27.80 | windows=18
global_step=5312 | return=-25.21 | windows=25
global_step=5336 | return=-52.51 | windows=11
global_step=5352 | return=-20.38 | windows=17
global_step=5376 | return=-27.92 | windows=32
global_step=5384 | return=-20.28 | windows=8
global_step=5408 | return=-25.59 | windows=29
global_step=5448 | return=-24.22 | windows=22
global_step=5512 | return=-9.74 | windows=16
global_step=5520 | return=-25.56 | windows=22
global_step=5528 | return=-22.92 | windows=14
global_step=5560 | return=16.72 | windows=37
global_step=5576 | return=-20.11 | windows=27
global_step=5584 | return=17.77 | windows=24
global_step=5592 | return=-11.57 | windows=37
global_step=5656 | return=-28.73 | windows=25
global_step=5672 | return=-26.58 | windows=19
global_step=5688 | return=140.08 | windows=19
global_step=5696 | return=-18.32 | windows=21
global_step=5720 | return=-22.63 | windows=19
global_step=5720 | return=-19.12 | windows=16
global_step=5736 | return=-26.19 | windows=19
global_step=5816 | return=83.24 | windows=27
global_step=5840 | return=-16.56 | windows=17
global_step=5840 | return=-21.57 | windows=12
global_step=5848 | return=-4.77 | windows=23
global_step=5856 | return=-21.94 | windows=22
global_step=5856 | return=-22.60 | windows=16
global_step=5872 | return=14.62 | windows=18
global_step=5912 | return=63.25 | windows=27
global_step=5936 | return=-18.04 | windows=14
global_step=5976 | return=-18.40 | windows=16
global_step=5984 | return=-21.31 | windows=16
global_step=5984 | return=-14.88 | windows=15
global_step=6008 | return=-21.81 | windows=20
global_step=6048 | return=163.96 | windows=23
global_step=6064 | return=-23.94 | windows=15
global_step=6064 | return=-27.63 | windows=23
global_step=6112 | return=-24.63 | windows=24
global_step=6120 | return=-25.12 | windows=16
global_step=6152 | return=-20.30 | windows=21
global_step=6168 | return=-19.82 | windows=12
global_step=6192 | return=-21.01 | windows=22
global_step=6208 | return=-26.06 | windows=27
global_step=6216 | return=121.58 | windows=18
global_step=6288 | return=86.23 | windows=20
global_step=6288 | return=-24.39 | windows=29
global_step=6320 | return=16.85 | windows=20
global_step=6336 | return=-19.11 | windows=20
global_step=6368 | return=40.24 | windows=31
global_step=6368 | return=45.43 | windows=21
global_step=6400 | return=35.10 | windows=23
global_step=6432 | return=-21.63 | windows=17
global_step=6448 | return=13.59 | windows=13
global_step=6464 | return=-25.33 | windows=30
global_step=6472 | return=131.39 | windows=22
global_step=6480 | return=-26.50 | windows=19
global_step=6576 | return=-88.35 | windows=25
global_step=6584 | return=21.44 | windows=26
global_step=6592 | return=-22.15 | windows=13
global_step=6600 | return=-6.86 | windows=15
global_step=6616 | return=-25.71 | windows=18
global_step=6640 | return=-26.52 | windows=25
global_step=6640 | return=18.81 | windows=29
global_step=6656 | return=-27.93 | windows=25
global_step=6704 | return=-14.49 | windows=14
global_step=6704 | return=-14.98 | windows=15
global_step=6712 | return=-21.31 | windows=11
global_step=6736 | return=-14.63 | windows=11
global_step=6752 | return=-16.46 | windows=13
global_step=6776 | return=17.09 | windows=22
global_step=6784 | return=-21.32 | windows=22
global_step=6808 | return=-21.66 | windows=12
global_step=6824 | return=-16.48 | windows=10
global_step=6840 | return=-17.24 | windows=16
global_step=6888 | return=-22.71 | windows=16
global_step=6896 | return=-15.31 | windows=13
global_step=6904 | return=-29.44 | windows=30
global_step=6936 | return=48.80 | windows=27
global_step=6960 | return=-23.27 | windows=22
global_step=6984 | return=-22.84 | windows=21
global_step=6992 | return=-41.35 | windows=11
global_step=7008 | return=-16.10 | windows=14
global_step=7016 | return=1.80 | windows=21
global_step=7040 | return=-28.17 | windows=26
global_step=7072 | return=65.68 | windows=16
global_step=7112 | return=5.30 | windows=25
global_step=7136 | return=29.69 | windows=21
global_step=7144 | return=-21.33 | windows=18
global_step=7152 | return=-26.27 | windows=20
global_step=7184 | return=-17.21 | windows=17
global_step=7256 | return=-27.73 | windows=29
global_step=7256 | return=-17.93 | windows=22
global_step=7264 | return=-20.97 | windows=18
global_step=7272 | return=-14.70 | windows=14
global_step=7304 | return=159.59 | windows=36
global_step=7328 | return=-27.97 | windows=22
global_step=7344 | return=78.53 | windows=19
global_step=7352 | return=-21.44 | windows=11
global_step=7352 | return=-28.15 | windows=26
global_step=7432 | return=-22.97 | windows=20
global_step=7464 | return=18.56 | windows=25
global_step=7480 | return=-23.39 | windows=18
global_step=7496 | return=-2.76 | windows=17
global_step=7504 | return=-24.45 | windows=28
global_step=7504 | return=-27.82 | windows=24
global_step=7528 | return=52.74 | windows=22
global_step=7584 | return=-25.21 | windows=28
global_step=7600 | return=-16.40 | windows=20
global_step=7632 | return=-53.25 | windows=15
global_step=7640 | return=3.68 | windows=16
global_step=7664 | return=-23.75 | windows=24
global_step=7712 | return=39.20 | windows=26
global_step=7728 | return=-22.30 | windows=15
global_step=7728 | return=-21.80 | windows=24
global_step=7752 | return=-21.64 | windows=10
global_step=7760 | return=-29.82 | windows=34
global_step=7808 | return=-26.40 | windows=21
global_step=7816 | return=0.25 | windows=21
global_step=7840 | return=-29.33 | windows=31
global_step=7888 | return=-23.59 | windows=16
global_step=7912 | return=-22.27 | windows=24
global_step=7912 | return=-20.46 | windows=22
global_step=7920 | return=16.74 | windows=23
global_step=7928 | return=-22.09 | windows=14
global_step=7928 | return=-17.39 | windows=20
global_step=7968 | return=-22.65 | windows=15
global_step=8016 | return=-20.41 | windows=15
global_step=8040 | return=61.75 | windows=27
global_step=8056 | return=-22.64 | windows=15
global_step=8064 | return=-25.26 | windows=17
global_step=8064 | return=-15.52 | windows=16
global_step=8080 | return=-23.36 | windows=20
global_step=8112 | return=-22.01 | windows=24
global_step=8152 | return=-17.75 | windows=16
global_step=8184 | return=-28.33 | windows=26
global_step=8192, SPS=0
global_step=8200 | return=22.97 | windows=17
global_step=8200 | return=29.07 | windows=16
global_step=8208 | return=-1.93 | windows=17
global_step=8240 | return=-23.57 | windows=15
global_step=8264 | return=-21.84 | windows=27
global_step=8328 | return=-22.52 | windows=30
global_step=8336 | return=-18.00 | windows=18
global_step=8352 | return=-20.69 | windows=13
global_step=8360 | return=-19.07 | windows=18
global_step=8408 | return=64.47 | windows=31
global_step=8464 | return=60.39 | windows=32
global_step=8464 | return=-27.81 | windows=24
global_step=8496 | return=-11.39 | windows=20
global_step=8496 | return=152.71 | windows=36
global_step=8496 | return=-40.49 | windows=16
global_step=8560 | return=107.53 | windows=25
global_step=8560 | return=32.99 | windows=27
global_step=8640 | return=-30.58 | windows=28
global_step=8664 | return=-24.97 | windows=20
global_step=8680 | return=86.80 | windows=26
global_step=8696 | return=-20.81 | windows=24
global_step=8704 | return=144.05 | windows=25
global_step=8744 | return=-19.45 | windows=22
global_step=8752 | return=-1.74 | windows=13
global_step=8784 | return=-28.38 | windows=39
global_step=8792 | return=82.40 | windows=28
global_step=8808 | return=-22.22 | windows=17
global_step=8824 | return=-19.03 | windows=17
global_step=8832 | return=-20.06 | windows=15
global_step=8864 | return=-25.73 | windows=20
global_step=8928 | return=-11.21 | windows=22
global_step=8928 | return=13.12 | windows=16
global_step=8944 | return=15.37 | windows=23
global_step=8944 | return=-19.85 | windows=19
global_step=8960 | return=47.18 | windows=18
global_step=8992 | return=-97.04 | windows=20
global_step=9008 | return=-24.71 | windows=17
global_step=9024 | return=42.56 | windows=23
global_step=9096 | return=-18.39 | windows=20
global_step=9128 | return=90.35 | windows=22
global_step=9152 | return=-23.81 | windows=27
global_step=9152 | return=-21.11 | windows=15
global_step=9160 | return=-27.74 | windows=24
global_step=9200 | return=-27.52 | windows=23
global_step=9216 | return=-17.95 | windows=7
global_step=9232 | return=-21.37 | windows=29
global_step=9232 | return=-33.68 | windows=35
global_step=9264 | return=-19.23 | windows=16
global_step=9288 | return=-17.21 | windows=16
global_step=9288 | return=-27.01 | windows=23
global_step=9352 | return=-21.83 | windows=14
global_step=9368 | return=-24.81 | windows=20
global_step=9384 | return=-17.02 | windows=14
global_step=9384 | return=79.68 | windows=18
global_step=9408 | return=3.10 | windows=14
global_step=9432 | return=-24.89 | windows=17
global_step=9448 | return=15.07 | windows=35
global_step=9472 | return=18.60 | windows=31
global_step=9488 | return=-14.98 | windows=12
global_step=9496 | return=-18.34 | windows=17
global_step=9536 | return=-14.45 | windows=15
global_step=9536 | return=-16.97 | windows=18
global_step=9600 | return=85.85 | windows=28
global_step=9608 | return=50.52 | windows=21
global_step=9624 | return=-22.60 | windows=16
global_step=9624 | return=59.00 | windows=15
global_step=9632 | return=-15.17 | windows=11
global_step=9688 | return=-22.43 | windows=18
global_step=9712 | return=-26.16 | windows=29
global_step=9720 | return=43.36 | windows=33
global_step=9720 | return=-16.99 | windows=14
global_step=9744 | return=2.98 | windows=14
global_step=9760 | return=-16.34 | windows=18
global_step=9768 | return=-17.73 | windows=16
global_step=9784 | return=12.09 | windows=19
global_step=9816 | return=-21.32 | windows=11
global_step=9840 | return=-23.14 | windows=14
global_step=9872 | return=55.21 | windows=19
global_step=9904 | return=-21.19 | windows=17
global_step=9912 | return=-9.17 | windows=27
global_step=9920 | return=-24.97 | windows=16
global_step=9952 | return=-15.60 | windows=16
global_step=9960 | return=-11.87 | windows=23
global_step=9984 | return=-14.17 | windows=17
global_step=10008 | return=-20.25 | windows=11
global_step=10016 | return=-24.12 | windows=33
global_step=10016 | return=-22.04 | windows=17
global_step=10064 | return=133.95 | windows=19
global_step=10080 | return=-48.21 | windows=7
global_step=10136 | return=-21.71 | windows=21
global_step=10184 | return=-27.06 | windows=24
global_step=10200 | return=13.59 | windows=30
global_step=10224 | return=-20.51 | windows=26
global_step=10232 | return=6.03 | windows=26
global_step=10232 | return=-0.11 | windows=18
global_step=10240 | return=-27.16 | windows=39
global_step=10264 | return=-31.00 | windows=24
global_step=10288 | return=-17.38 | windows=18
global_step=10320 | return=-18.13 | windows=16
global_step=10360 | return=-22.64 | windows=16
global_step=10368 | return=-16.57 | windows=20
global_step=10400 | return=0.04 | windows=16
global_step=10432 | return=-20.38 | windows=23
global_step=10440 | return=78.29 | windows=25
global_step=10448 | return=3.49 | windows=26
global_step=10448 | return=-22.91 | windows=15
global_step=10512 | return=-23.07 | windows=27
global_step=10512 | return=22.61 | windows=18
global_step=10544 | return=-66.58 | windows=12
global_step=10552 | return=-26.05 | windows=18
global_step=10584 | return=204.17 | windows=16
global_step=10616 | return=-12.89 | windows=22
global_step=10624 | return=139.48 | windows=31
global_step=10648 | return=40.33 | windows=24
global_step=10680 | return=-26.83 | windows=20
global_step=10688 | return=-13.93 | windows=12
global_step=10688 | return=-19.42 | windows=21
global_step=10768 | return=-31.20 | windows=27
global_step=10784 | return=-27.36 | windows=20
global_step=10808 | return=-19.81 | windows=22
global_step=10824 | return=-24.89 | windows=17
global_step=10824 | return=-29.48 | windows=33
global_step=10848 | return=19.28 | windows=24
global_step=10856 | return=-6.29 | windows=20
global_step=10888 | return=-22.09 | windows=14
global_step=10952 | return=-19.01 | windows=15
global_step=10952 | return=-23.50 | windows=17
global_step=10952 | return=114.63 | windows=32
global_step=10968 | return=-23.99 | windows=22
global_step=11008 | return=7.00 | windows=14
global_step=11016 | return=18.25 | windows=20
global_step=11064 | return=-24.68 | windows=29
global_step=11064 | return=73.43 | windows=13
global_step=11104 | return=6.63 | windows=16
global_step=11136 | return=-27.22 | windows=22
global_step=11168 | return=133.02 | windows=26
global_step=11176 | return=5.69 | windows=20
global_step=11200 | return=-21.94 | windows=16
global_step=11216 | return=111.10 | windows=44
global_step=11224 | return=-19.01 | windows=6
global_step=11280 | return=14.80 | windows=21
global_step=11296 | return=155.57 | windows=34
global_step=11320 | return=-50.97 | windows=17
global_step=11352 | return=-22.59 | windows=16
global_step=11352 | return=-20.34 | windows=26
global_step=11368 | return=-30.68 | windows=37
global_step=11384 | return=-18.52 | windows=22
global_step=11432 | return=-58.46 | windows=9
global_step=11440 | return=-20.58 | windows=14
global_step=11448 | return=-24.00 | windows=20
global_step=11480 | return=-27.29 | windows=22
global_step=11520 | return=12.11 | windows=20
global_step=11528 | return=60.47 | windows=37
global_step=11536 | return=-17.62 | windows=12
global_step=11560 | return=-27.54 | windows=23
global_step=11600 | return=-26.07 | windows=19
global_step=11600 | return=-24.19 | windows=26
global_step=11640 | return=-19.84 | windows=19
global_step=11680 | return=-28.70 | windows=19
global_step=11680 | return=-25.21 | windows=28
global_step=11696 | return=-24.64 | windows=20
global_step=11744 | return=-20.12 | windows=22
global_step=11752 | return=-30.52 | windows=26
global_step=11784 | return=52.80 | windows=22
global_step=11792 | return=-27.80 | windows=23
global_step=11832 | return=-17.46 | windows=16
global_step=11832 | return=-27.54 | windows=23
global_step=11880 | return=-22.60 | windows=16
global_step=11896 | return=128.55 | windows=26
global_step=11928 | return=-31.64 | windows=30
global_step=11960 | return=22.97 | windows=25
global_step=11992 | return=-24.23 | windows=25
global_step=12000 | return=19.48 | windows=25
global_step=12008 | return=79.27 | windows=21
global_step=12016 | return=-25.50 | windows=22
global_step=12040 | return=-20.01 | windows=19
global_step=12072 | return=-26.52 | windows=21
global_step=12112 | return=-23.65 | windows=18
global_step=12144 | return=-18.32 | windows=16
global_step=12160 | return=-23.44 | windows=28
global_step=12176 | return=-18.96 | windows=19
global_step=12176 | return=-25.48 | windows=16
global_step=12200 | return=156.06 | windows=25
global_step=12200 | return=6.30 | windows=24
global_step=12248 | return=-26.92 | windows=21
global_step=12264 | return=-16.50 | windows=14
global_step=12288, SPS=0
global_step=12312 | return=153.73 | windows=24
global_step=12368 | return=-27.74 | windows=23
global_step=12376 | return=-11.49 | windows=21
global_step=12376 | return=-23.11 | windows=24
global_step=12392 | return=-23.52 | windows=28
global_step=12400 | return=-27.65 | windows=24
global_step=12464 | return=-27.65 | windows=24
global_step=12472 | return=-20.59 | windows=27
global_step=12528 | return=-19.22 | windows=26
global_step=12536 | return=-25.40 | windows=19
global_step=12552 | return=122.13 | windows=19
global_step=12576 | return=-22.28 | windows=21
global_step=12608 | return=-22.76 | windows=16
global_step=12616 | return=-52.61 | windows=10
global_step=12616 | return=7.40 | windows=18
global_step=12616 | return=146.78 | windows=29
global_step=12632 | return=112.97 | windows=32
global_step=12696 | return=-19.08 | windows=19
global_step=12704 | return=-21.19 | windows=15
global_step=12736 | return=-23.94 | windows=15
global_step=12736 | return=-20.45 | windows=22
global_step=12752 | return=-15.86 | windows=16
global_step=12760 | return=67.97 | windows=17
global_step=12816 | return=55.38 | windows=22
global_step=12856 | return=-12.87 | windows=29
global_step=12872 | return=99.45 | windows=16
global_step=12920 | return=-28.28 | windows=27
global_step=12936 | return=-20.93 | windows=24
global_step=12952 | return=-26.96 | windows=30
global_step=12968 | return=-21.87 | windows=13
global_step=12968 | return=-21.35 | windows=18
global_step=13032 | return=-17.98 | windows=19
global_step=13032 | return=-31.54 | windows=34
global_step=13056 | return=-21.65 | windows=12
global_step=13064 | return=3.24 | windows=37
global_step=13120 | return=12.90 | windows=24
global_step=13160 | return=-18.91 | windows=15
global_step=13160 | return=-24.47 | windows=15
global_step=13176 | return=109.14 | windows=25
global_step=13184 | return=-28.29 | windows=26
global_step=13208 | return=-24.72 | windows=33
global_step=13248 | return=-20.27 | windows=8
global_step=13264 | return=-21.19 | windows=17
global_step=13272 | return=-28.04 | windows=25
global_step=13288 | return=-60.74 | windows=15
global_step=13304 | return=21.50 | windows=30
global_step=13336 | return=-27.22 | windows=21
global_step=13376 | return=-17.97 | windows=13
global_step=13424 | return=93.58 | windows=21
global_step=13432 | return=-24.96 | windows=30
global_step=13432 | return=-20.47 | windows=27
global_step=13456 | return=3.00 | windows=22
global_step=13472 | return=31.36 | windows=22
global_step=13528 | return=220.62 | windows=27
global_step=13544 | return=-22.51 | windows=13
global_step=13568 | return=-25.17 | windows=28
global_step=13616 | return=-18.96 | windows=17
global_step=13640 | return=111.64 | windows=32
global_step=13648 | return=33.61 | windows=27
global_step=13672 | return=-21.66 | windows=12
global_step=13704 | return=-21.14 | windows=30
global_step=13704 | return=-29.67 | windows=33
global_step=13720 | return=-19.95 | windows=23
global_step=13808 | return=-10.18 | windows=32
global_step=13816 | return=166.94 | windows=20
global_step=13832 | return=35.73 | windows=26
global_step=13832 | return=-20.33 | windows=15
global_step=13856 | return=-5.40 | windows=22
global_step=13880 | return=-18.52 | windows=19
global_step=13880 | return=-24.63 | windows=21
global_step=13888 | return=-21.68 | windows=30
global_step=13960 | return=-14.57 | windows=15
global_step=14000 | return=147.40 | windows=14
global_step=14008 | return=-19.39 | windows=14
global_step=14024 | return=-25.87 | windows=26
global_step=14040 | return=-27.24 | windows=22
global_step=14064 | return=-22.92 | windows=28
global_step=14064 | return=-29.27 | windows=30
global_step=14080 | return=-13.80 | windows=14
global_step=14088 | return=-27.95 | windows=25
global_step=14136 | return=-22.00 | windows=16
global_step=14168 | return=-0.86 | windows=19
global_step=14216 | return=-21.08 | windows=21
global_step=14248 | return=-69.73 | windows=20
global_step=14256 | return=-24.16 | windows=14
global_step=14256 | return=-12.44 | windows=23
global_step=14256 | return=-27.44 | windows=23
global_step=14328 | return=-21.95 | windows=13
global_step=14336 | return=22.03 | windows=30
global_step=14336 | return=151.35 | windows=38
global_step=14352 | return=9.50 | windows=22
global_step=14400 | return=-23.76 | windows=17
global_step=14448 | return=41.61 | windows=24
global_step=14448 | return=-24.91 | windows=23
global_step=14488 | return=-28.22 | windows=28
global_step=14520 | return=-25.85 | windows=23
global_step=14576 | return=230.33 | windows=29
global_step=14584 | return=-22.57 | windows=16
global_step=14584 | return=-28.68 | windows=28
global_step=14640 | return=139.03 | windows=23
global_step=14656 | return=-31.21 | windows=31
global_step=14688 | return=15.92 | windows=43
global_step=14704 | return=-22.17 | windows=14
global_step=14712 | return=-22.37 | windows=15
global_step=14720 | return=64.77 | windows=24
global_step=14760 | return=-28.39 | windows=33
global_step=14784 | return=19.11 | windows=25
global_step=14824 | return=-19.36 | windows=16
global_step=14832 | return=-23.40 | windows=14
global_step=14864 | return=24.86 | windows=27
global_step=14896 | return=21.99 | windows=21
global_step=14904 | return=-27.67 | windows=30
global_step=14920 | return=-24.01 | windows=19
global_step=14928 | return=35.00 | windows=27
global_step=14952 | return=-3.40 | windows=15
global_step=14984 | return=116.23 | windows=24
global_step=15016 | return=162.63 | windows=22
global_step=15024 | return=-23.05 | windows=15
global_step=15040 | return=28.06 | windows=14
global_step=15096 | return=18.24 | windows=23
global_step=15112 | return=35.35 | windows=30
global_step=15128 | return=-22.19 | windows=21
global_step=15136 | return=-18.74 | windows=25
global_step=15144 | return=-23.31 | windows=12
global_step=15152 | return=-22.80 | windows=15
global_step=15152 | return=62.56 | windows=20
global_step=15280 | return=-20.47 | windows=18
global_step=15320 | return=-12.77 | windows=27
global_step=15320 | return=-20.03 | windows=20
global_step=15320 | return=1.63 | windows=25
global_step=15328 | return=141.66 | windows=38
global_step=15344 | return=-20.91 | windows=23
global_step=15368 | return=-14.02 | windows=28
global_step=15456 | return=-16.74 | windows=16
global_step=15472 | return=77.71 | windows=23
global_step=15472 | return=-25.56 | windows=18
global_step=15488 | return=49.57 | windows=14
global_step=15504 | return=286.22 | windows=44
global_step=15544 | return=-16.34 | windows=24
global_step=15552 | return=-72.74 | windows=9
global_step=15592 | return=88.25 | windows=32
global_step=15624 | return=34.34 | windows=37
global_step=15640 | return=-26.81 | windows=20
global_step=15656 | return=-24.91 | windows=24
global_step=15664 | return=-21.05 | windows=19
global_step=15672 | return=-14.63 | windows=14
global_step=15720 | return=-22.30 | windows=15
global_step=15768 | return=66.56 | windows=34
global_step=15800 | return=-23.70 | windows=31
global_step=15832 | return=-22.24 | windows=25
global_step=15832 | return=59.80 | windows=23
global_step=15888 | return=48.71 | windows=27
global_step=15920 | return=-7.51 | windows=32
global_step=15952 | return=-28.21 | windows=28
global_step=15968 | return=-25.21 | windows=16
global_step=15984 | return=-20.08 | windows=22
global_step=15984 | return=-24.67 | windows=18
global_step=16016 | return=-21.44 | windows=42
global_step=16016 | return=-20.58 | windows=15
global_step=16072 | return=-13.73 | windows=10
global_step=16080 | return=-33.66 | windows=38
global_step=16088 | return=12.59 | windows=14
global_step=16128 | return=-29.75 | windows=25
global_step=16152 | return=3.65 | windows=16
global_step=16184 | return=-26.65 | windows=24
global_step=16192 | return=117.58 | windows=21
global_step=16200 | return=-31.68 | windows=30
global_step=16224 | return=8.72 | windows=16
global_step=16288 | return=-22.58 | windows=26
global_step=16344 | return=-25.24 | windows=32
global_step=16360 | return=-20.32 | windows=28
global_step=16368 | return=12.33 | windows=21
global_step=16384, SPS=0
global_step=16392 | return=33.61 | windows=23
global_step=16400 | return=-27.07 | windows=26
global_step=16424 | return=10.68 | windows=24
global_step=16480 | return=31.25 | windows=23
global_step=16488 | return=85.08 | windows=41
global_step=16504 | return=-21.87 | windows=19
global_step=16552 | return=-18.41 | windows=22
global_step=16560 | return=-23.23 | windows=16
global_step=16584 | return=-29.88 | windows=27
global_step=16608 | return=-28.33 | windows=26
global_step=16632 | return=160.40 | windows=28
global_step=16632 | return=9.96 | windows=18
global_step=16664 | return=-26.42 | windows=19
global_step=16672 | return=-23.62 | windows=14
global_step=16672 | return=18.76 | windows=22
global_step=16752 | return=-26.72 | windows=20
global_step=16776 | return=-25.35 | windows=26
global_step=16816 | return=-23.29 | windows=17
global_step=16816 | return=-4.05 | windows=18
global_step=16824 | return=-27.62 | windows=23
global_step=16824 | return=-15.85 | windows=26
global_step=16896 | return=39.82 | windows=9
global_step=16896 | return=-26.03 | windows=27
global_step=16928 | return=-32.52 | windows=36
global_step=16984 | return=-24.91 | windows=19
global_step=16992 | return=101.57 | windows=29
global_step=17016 | return=-19.12 | windows=24
global_step=17024 | return=-24.73 | windows=30
global_step=17040 | return=-24.15 | windows=26
global_step=17080 | return=-5.61 | windows=22
global_step=17120 | return=43.81 | windows=27
global_step=17128 | return=-20.97 | windows=10
global_step=17136 | return=-16.74 | windows=14
global_step=17184 | return=-21.66 | windows=12
global_step=17192 | return=130.25 | windows=24
global_step=17224 | return=24.79 | windows=36
global_step=17232 | return=-25.00 | windows=25
global_step=17256 | return=7.27 | windows=33
global_step=17312 | return=-27.33 | windows=22
global_step=17328 | return=26.92 | windows=23
global_step=17344 | return=-29.34 | windows=27
global_step=17368 | return=-22.02 | windows=22
global_step=17368 | return=-46.78 | windows=21
global_step=17384 | return=-23.62 | windows=15
global_step=17416 | return=12.77 | windows=22
global_step=17432 | return=-22.78 | windows=25
global_step=17440 | return=-21.63 | windows=13
global_step=17456 | return=-54.67 | windows=17
global_step=17504 | return=-23.28 | windows=16
global_step=17528 | return=-21.51 | windows=11
global_step=17544 | return=35.33 | windows=24
global_step=17560 | return=9.10 | windows=21
global_step=17584 | return=-21.84 | windows=20
global_step=17584 | return=65.86 | windows=26
global_step=17624 | return=-23.50 | windows=22
global_step=17704 | return=-29.89 | windows=30
global_step=17720 | return=36.67 | windows=23
global_step=17728 | return=-15.14 | windows=17
global_step=17752 | return=-20.42 | windows=25
global_step=17784 | return=5.68 | windows=34
global_step=17792 | return=-19.38 | windows=28
global_step=17888 | return=-22.28 | windows=20
global_step=17904 | return=247.80 | windows=34
global_step=17912 | return=-23.50 | windows=25
global_step=17936 | return=7.12 | windows=18
global_step=17944 | return=-19.22 | windows=23
global_step=17968 | return=-21.97 | windows=29
global_step=17976 | return=151.68 | windows=48
global_step=17976 | return=78.78 | windows=22
global_step=18056 | return=-17.07 | windows=13
global_step=18072 | return=-10.32 | windows=19
global_step=18104 | return=-23.60 | windows=15
global_step=18112 | return=-22.48 | windows=27
global_step=18120 | return=-22.33 | windows=26
global_step=18128 | return=52.81 | windows=18
global_step=18136 | return=24.13 | windows=24
global_step=18144 | return=-22.89 | windows=21
global_step=18192 | return=-15.19 | windows=9
global_step=18216 | return=53.68 | windows=19
global_step=18304 | return=2.81 | windows=22
global_step=18328 | return=-21.32 | windows=23
global_step=18336 | return=-27.98 | windows=28
global_step=18344 | return=-21.12 | windows=26
global_step=18352 | return=-27.97 | windows=25
global_step=18376 | return=55.71 | windows=37
global_step=18376 | return=-19.21 | windows=19
global_step=18384 | return=-19.51 | windows=23
global_step=18448 | return=-16.72 | windows=13
global_step=18488 | return=-23.85 | windows=17
global_step=18520 | return=23.72 | windows=26
global_step=18544 | return=136.08 | windows=23
global_step=18544 | return=-18.86 | windows=20
global_step=18584 | return=-29.33 | windows=31
global_step=18584 | return=156.89 | windows=25
global_step=18608 | return=-19.99 | windows=7
global_step=18640 | return=-22.16 | windows=14
global_step=18656 | return=-26.22 | windows=20
global_step=18656 | return=16.28 | windows=33
global_step=18664 | return=-61.09 | windows=14
global_step=18704 | return=-24.76 | windows=31
global_step=18728 | return=-23.09 | windows=17
global_step=18792 | return=73.40 | windows=25
global_step=18840 | return=45.10 | windows=28
global_step=18848 | return=-22.09 | windows=14
global_step=18864 | return=57.39 | windows=24
global_step=18872 | return=105.50 | windows=28
global_step=18888 | return=-11.35 | windows=22
global_step=18976 | return=-14.78 | windows=15
global_step=19008 | return=146.42 | windows=43
global_step=19008 | return=26.08 | windows=43
global_step=19008 | return=41.32 | windows=16
global_step=19016 | return=-8.83 | windows=27
global_step=19032 | return=14.33 | windows=23
global_step=19112 | return=150.92 | windows=30
global_step=19120 | return=-20.43 | windows=12
global_step=19160 | return=113.82 | windows=18
global_step=19176 | return=-27.79 | windows=24
global_step=19184 | return=-33.84 | windows=36
global_step=19208 | return=55.79 | windows=21
global_step=19208 | return=-6.38 | windows=24
global_step=19240 | return=-47.76 | windows=28
global_step=19248 | return=-19.77 | windows=7
global_step=19296 | return=-19.43 | windows=22
global_step=19304 | return=-8.38 | windows=11
global_step=19312 | return=140.59 | windows=23
global_step=19328 | return=-25.86 | windows=20
global_step=19352 | return=72.09 | windows=13
global_step=19400 | return=56.89 | windows=27
global_step=19432 | return=25.62 | windows=27
global_step=19480 | return=32.87 | windows=22
global_step=19496 | return=25.97 | windows=30
global_step=19504 | return=-24.46 | windows=24
global_step=19552 | return=155.18 | windows=24
global_step=19560 | return=198.21 | windows=28
global_step=19560 | return=-6.95 | windows=30
global_step=19640 | return=-26.35 | windows=29
global_step=19664 | return=-23.23 | windows=19
global_step=19680 | return=-22.07 | windows=14
global_step=19736 | return=56.96 | windows=22
global_step=19744 | return=16.91 | windows=32
global_step=19744 | return=53.21 | windows=30
global_step=19760 | return=-55.91 | windows=11
global_step=19792 | return=212.52 | windows=44
global_step=19832 | return=-27.52 | windows=23
global_step=19840 | return=-56.70 | windows=11
global_step=19880 | return=-20.89 | windows=16
global_step=19880 | return=101.54 | windows=24
global_step=19928 | return=144.03 | windows=45
global_step=19960 | return=-27.72 | windows=27
global_step=20008 | return=-16.99 | windows=15
global_step=20024 | return=102.98 | windows=32
global_step=20056 | return=-5.93 | windows=27
global_step=20120 | return=-35.35 | windows=40
global_step=20120 | return=57.25 | windows=34
global_step=20120 | return=41.81 | windows=19
global_step=20136 | return=99.46 | windows=25
global_step=20136 | return=227.50 | windows=31
global_step=20160 | return=62.08 | windows=18
global_step=20256 | return=-27.65 | windows=24
global_step=20288 | return=-26.70 | windows=20
global_step=20296 | return=-26.30 | windows=33
global_step=20320 | return=-17.83 | windows=22
global_step=20336 | return=-25.26 | windows=26
global_step=20336 | return=49.36 | windows=26
global_step=20336 | return=-18.88 | windows=21
global_step=20344 | return=-23.33 | windows=25
global_step=20408 | return=-57.86 | windows=14
global_step=20440 | return=-21.66 | windows=12
global_step=20480, SPS=0
global_step=20536 | return=-30.49 | windows=34
global_step=20560 | return=15.42 | windows=26
global_step=20584 | return=-31.71 | windows=30
global_step=20600 | return=28.97 | windows=37
global_step=20632 | return=-34.28 | windows=38
global_step=20640 | return=104.89 | windows=37
global_step=20640 | return=17.23 | windows=24
global_step=20728 | return=186.54 | windows=39
global_step=20744 | return=0.09 | windows=13
global_step=20784 | return=-8.16 | windows=24
global_step=20800 | return=-25.93 | windows=19
global_step=20816 | return=-32.59 | windows=31
global_step=20816 | return=1.84 | windows=21
global_step=20816 | return=-26.70 | windows=34
global_step=20896 | return=-33.82 | windows=36
global_step=20912 | return=-4.28 | windows=20
global_step=20936 | return=-54.40 | windows=14
global_step=20952 | return=-14.18 | windows=16
global_step=20968 | return=121.73 | windows=22
global_step=20984 | return=-10.19 | windows=31
global_step=21064 | return=-30.84 | windows=32
global_step=21072 | return=-25.35 | windows=14
global_step=21080 | return=-22.51 | windows=22
global_step=21088 | return=-15.03 | windows=12
global_step=21096 | return=-24.41 | windows=34
global_step=21144 | return=125.66 | windows=28
global_step=21168 | return=31.84 | windows=28
global_step=21176 | return=-21.37 | windows=25
global_step=21272 | return=-25.75 | windows=21
global_step=21288 | return=-21.96 | windows=17
global_step=21304 | return=-31.16 | windows=27
global_step=21320 | return=8.97 | windows=28
global_step=21352 | return=-22.83 | windows=22
global_step=21352 | return=-27.66 | windows=35
global_step=21376 | return=57.52 | windows=37
global_step=21392 | return=-74.87 | windows=14
Traceback (most recent call last):
  File "/md0/home/UFAD/tcuevasmestanza/CarRacing/smdp/experiments/adaptive_fps_smdp/train_mlp.py", line 285, in <module>
    next_obs, reward, terminations, truncations, infos = envs.step(action.cpu().numpy())
                                                         ^^^^^^^^^^^^^^^^^^^^^^^^^^^^^^^
  File "/home/UFAD/tcuevasmestanza/.conda/envs/racing/lib/python3.12/site-packages/gymnasium/vector/sync_vector_env.py", line 266, in step
    ) = self.envs[i].step(action)
        ^^^^^^^^^^^^^^^^^^^^^^^^^
  File "/home/UFAD/tcuevasmestanza/.conda/envs/racing/lib/python3.12/site-packages/gymnasium/wrappers/common.py", line 512, in step
    obs, reward, terminated, truncated, info = super().step(action)
                                               ^^^^^^^^^^^^^^^^^^^^
  File "/home/UFAD/tcuevasmestanza/.conda/envs/racing/lib/python3.12/site-packages/gymnasium/core.py", line 327, in step
    return self.env.step(action)
           ^^^^^^^^^^^^^^^^^^^^^
  File "/md0/home/UFAD/tcuevasmestanza/CarRacing/wrappers/adaptive_fps_cautious_smdp_wrapper.py", line 167, in step
    observed_frame, nav_reward, terminated, truncated, info = self.env.step(navigation_action)
                                                              ^^^^^^^^^^^^^^^^^^^^^^^^^^^^^^^^
  File "/md0/home/UFAD/tcuevasmestanza/CarRacing/wrappers/pre_processing.py", line 38, in step
    observation, reward, terminated, truncated, info = self.env.step(action)
                                                       ^^^^^^^^^^^^^^^^^^^^^
  File "/home/UFAD/tcuevasmestanza/.conda/envs/racing/lib/python3.12/site-packages/gymnasium/wrappers/common.py", line 124, in step
    observation, reward, terminated, truncated, info = self.env.step(action)
                                                       ^^^^^^^^^^^^^^^^^^^^^
  File "/home/UFAD/tcuevasmestanza/.conda/envs/racing/lib/python3.12/site-packages/gymnasium/wrappers/common.py", line 392, in step
    return super().step(action)
           ^^^^^^^^^^^^^^^^^^^^
  File "/home/UFAD/tcuevasmestanza/.conda/envs/racing/lib/python3.12/site-packages/gymnasium/core.py", line 327, in step
    return self.env.step(action)
           ^^^^^^^^^^^^^^^^^^^^^
  File "/home/UFAD/tcuevasmestanza/.conda/envs/racing/lib/python3.12/site-packages/gymnasium/wrappers/common.py", line 284, in step
    return self.env.step(action)
           ^^^^^^^^^^^^^^^^^^^^^
  File "/home/UFAD/tcuevasmestanza/.conda/envs/racing/lib/python3.12/site-packages/gymnasium/envs/box2d/car_racing.py", line 561, in step
    self.state = self._render("state_pixels")
                 ^^^^^^^^^^^^^^^^^^^^^^^^^^^^
  File "/home/UFAD/tcuevasmestanza/.conda/envs/racing/lib/python3.12/site-packages/gymnasium/envs/box2d/car_racing.py", line 626, in _render
    self._render_road(zoom, trans, angle)
  File "/home/UFAD/tcuevasmestanza/.conda/envs/racing/lib/python3.12/site-packages/gymnasium/envs/box2d/car_racing.py", line 696, in _render_road
    self._draw_colored_polygon(self.surf, poly, color, zoom, translation, angle)
  File "/home/UFAD/tcuevasmestanza/.conda/envs/racing/lib/python3.12/site-packages/gymnasium/envs/box2d/car_racing.py", line 766, in _draw_colored_polygon
    def _draw_colored_polygon(

KeyboardInterrupt
