/home/UFAD/tcuevasmestanza/.conda/envs/racing/lib/python3.12/site-packages/tyro/_parsers.py:353: UserWarning: The field `wandb-entity` is annotated with type `<class 'str'>`, but the default value `None` has type `<class 'NoneType'>`. We'll try to handle this gracefully, but it may cause unexpected behavior.
  warnings.warn(message)
/home/UFAD/tcuevasmestanza/.conda/envs/racing/lib/python3.12/site-packages/tyro/_parsers.py:353: UserWarning: The field `target-kl` is annotated with type `<class 'float'>`, but the default value `None` has type `<class 'NoneType'>`. We'll try to handle this gracefully, but it may cause unexpected behavior.
  warnings.warn(message)
/home/UFAD/tcuevasmestanza/.conda/envs/racing/lib/python3.12/site-packages/tyro/_parsers.py:353: UserWarning: The field `resume-path` is annotated with type `<class 'str'>`, but the default value `None` has type `<class 'NoneType'>`. We'll try to handle this gracefully, but it may cause unexpected behavior.
  warnings.warn(message)
Experiment info saved → smdp/experiments/adaptive_fps_smdp/runs/CarRacing-v3_smdp_mlp_fc_0.4_bud_150.0_19-07-14-34-24/info_settings.txt
Device: cuda
Navigation model path: experiments/navigation/runs/CarRacing-v3__ppo__1__1781901069/final.pt
Navigation Model loaded on cuda
Navigation Model loaded on cuda
Navigation Model loaded on cuda
Navigation Model loaded on cuda
Navigation Model loaded on cuda
Navigation Model loaded on cuda
Navigation Model loaded on cuda
Navigation Model loaded on cuda
global_step=96 | return=-23.95 | windows=12
global_step=128 | return=-19.05 | windows=16
global_step=144 | return=-27.40 | windows=18
global_step=152 | return=29.27 | windows=19
global_step=168 | return=-31.22 | windows=21
global_step=184 | return=-24.57 | windows=23
global_step=192 | return=39.67 | windows=24
global_step=216 | return=46.87 | windows=14
global_step=224 | return=-25.68 | windows=28
global_step=232 | return=-24.04 | windows=12
global_step=264 | return=-21.73 | windows=13
global_step=304 | return=-27.00 | windows=16
global_step=320 | return=-23.65 | windows=11
global_step=320 | return=86.36 | windows=21
global_step=328 | return=-21.63 | windows=16
global_step=328 | return=-20.22 | windows=17
global_step=360 | return=24.58 | windows=11
global_step=400 | return=-3.06 | windows=22
global_step=424 | return=-16.39 | windows=11
global_step=424 | return=-12.63 | windows=23
global_step=448 | return=-23.05 | windows=17
global_step=456 | return=-19.86 | windows=16
global_step=464 | return=-23.38 | windows=12
global_step=488 | return=46.36 | windows=20
global_step=520 | return=-23.59 | windows=11
global_step=544 | return=-23.44 | windows=17
global_step=560 | return=-30.53 | windows=28
global_step=568 | return=-22.05 | windows=17
global_step=584 | return=-18.37 | windows=14
global_step=616 | return=-24.29 | windows=19
global_step=616 | return=-26.12 | windows=20
global_step=632 | return=-24.95 | windows=17
global_step=640 | return=-21.23 | windows=14
global_step=696 | return=-25.30 | windows=15
global_step=704 | return=-70.81 | windows=7
global_step=720 | return=-31.22 | windows=21
global_step=720 | return=106.26 | windows=19
global_step=752 | return=-22.15 | windows=14
global_step=768 | return=-31.72 | windows=22
global_step=776 | return=-8.34 | windows=19
global_step=792 | return=-21.94 | windows=8
global_step=856 | return=-26.88 | windows=19
global_step=904 | return=5.79 | windows=35
global_step=912 | return=-30.11 | windows=25
global_step=944 | return=-35.86 | windows=27
global_step=952 | return=38.92 | windows=24
global_step=992 | return=-25.82 | windows=26
global_step=1008 | return=-27.87 | windows=26
global_step=1008 | return=-16.91 | windows=11
global_step=1016 | return=-26.03 | windows=19
global_step=1024 | return=129.31 | windows=31
global_step=1056 | return=66.23 | windows=18
global_step=1080 | return=4.06 | windows=16
global_step=1080 | return=-25.94 | windows=15
global_step=1144 | return=-16.12 | windows=10
global_step=1160 | return=-0.86 | windows=20
global_step=1160 | return=-28.31 | windows=17
global_step=1176 | return=-29.14 | windows=20
global_step=1192 | return=13.90 | windows=20
global_step=1200 | return=-24.38 | windows=14
global_step=1224 | return=53.35 | windows=17
global_step=1272 | return=-27.36 | windows=15
global_step=1280 | return=-18.18 | windows=12
global_step=1296 | return=-35.21 | windows=35
global_step=1304 | return=-28.95 | windows=17
global_step=1312 | return=-29.91 | windows=18
global_step=1328 | return=-27.79 | windows=16
global_step=1384 | return=-21.96 | windows=10
global_step=1384 | return=-29.65 | windows=19
global_step=1392 | return=-17.84 | windows=9
global_step=1400 | return=-24.96 | windows=14
global_step=1408 | return=-30.05 | windows=25
global_step=1448 | return=84.25 | windows=21
global_step=1448 | return=-28.03 | windows=17
global_step=1528 | return=-18.52 | windows=17
global_step=1536 | return=-24.33 | windows=15
global_step=1544 | return=-21.43 | windows=18
global_step=1544 | return=-27.91 | windows=19
global_step=1552 | return=53.46 | windows=27
global_step=1592 | return=-21.38 | windows=17
global_step=1632 | return=-32.99 | windows=28
global_step=1640 | return=-20.66 | windows=12
global_step=1640 | return=-27.57 | windows=23
global_step=1656 | return=-21.13 | windows=15
global_step=1672 | return=-17.05 | windows=15
global_step=1696 | return=-26.66 | windows=18
global_step=1736 | return=-25.51 | windows=17
global_step=1736 | return=-26.30 | windows=22
global_step=1768 | return=14.56 | windows=16
global_step=1808 | return=-21.80 | windows=20
global_step=1808 | return=-23.13 | windows=20
global_step=1816 | return=-24.46 | windows=14
global_step=1824 | return=-25.46 | windows=18
global_step=1824 | return=-21.98 | windows=20
global_step=1856 | return=-23.83 | windows=10
global_step=1896 | return=-32.66 | windows=19
global_step=1936 | return=-11.07 | windows=24
global_step=1936 | return=-21.49 | windows=15
global_step=1952 | return=-25.70 | windows=16
global_step=1960 | return=-22.96 | windows=16
global_step=1960 | return=-29.06 | windows=16
global_step=2016 | return=-26.92 | windows=25
global_step=2048 | return=-23.21 | windows=10
global_step=2056 | return=113.11 | windows=24
global_step=2064 | return=-26.29 | windows=20
global_step=2064 | return=-20.63 | windows=15
global_step=2080 | return=-21.61 | windows=7
global_step=2136 | return=19.58 | windows=21
global_step=2144 | return=-18.91 | windows=11
global_step=2144 | return=-23.22 | windows=10
global_step=2152 | return=15.21 | windows=26
global_step=2176 | return=-27.83 | windows=27
global_step=2208 | return=-28.97 | windows=17
global_step=2232 | return=-22.68 | windows=9
global_step=2248 | return=30.00 | windows=22
global_step=2256 | return=-16.16 | windows=21
global_step=2264 | return=-18.12 | windows=14
global_step=2280 | return=-19.95 | windows=12
global_step=2320 | return=-66.18 | windows=13
global_step=2328 | return=-21.39 | windows=7
global_step=2328 | return=-30.45 | windows=22
global_step=2384 | return=17.57 | windows=12
global_step=2416 | return=-32.56 | windows=34
global_step=2416 | return=48.50 | windows=22
global_step=2416 | return=-28.59 | windows=19
global_step=2424 | return=-19.53 | windows=12
global_step=2440 | return=-26.69 | windows=23
global_step=2464 | return=-24.59 | windows=16
global_step=2520 | return=-24.61 | windows=23
global_step=2544 | return=-22.26 | windows=19
global_step=2568 | return=-18.64 | windows=15
global_step=2568 | return=40.73 | windows=18
global_step=2600 | return=74.09 | windows=22
global_step=2616 | return=-26.54 | windows=23
global_step=2640 | return=89.00 | windows=27
global_step=2664 | return=-23.24 | windows=17
global_step=2672 | return=197.18 | windows=25
global_step=2696 | return=-20.44 | windows=15
global_step=2744 | return=70.43 | windows=21
global_step=2768 | return=53.33 | windows=18
global_step=2768 | return=-28.17 | windows=20
global_step=2776 | return=-33.28 | windows=28
global_step=2784 | return=-24.73 | windows=17
global_step=2808 | return=-24.84 | windows=16
global_step=2832 | return=1.05 | windows=20
global_step=2896 | return=-26.53 | windows=15
global_step=2912 | return=-24.62 | windows=16
global_step=2912 | return=-20.99 | windows=17
global_step=2920 | return=21.66 | windows=27
global_step=2936 | return=-26.79 | windows=23
global_step=2944 | return=-30.24 | windows=19
global_step=2976 | return=-22.54 | windows=20
global_step=3000 | return=10.70 | windows=20
global_step=3008 | return=-18.44 | windows=11
global_step=3016 | return=-24.87 | windows=14
global_step=3024 | return=-19.00 | windows=9
global_step=3088 | return=-26.86 | windows=21
global_step=3120 | return=-21.73 | windows=13
global_step=3136 | return=-27.05 | windows=24
global_step=3136 | return=-20.64 | windows=26
global_step=3144 | return=-27.45 | windows=20
global_step=3152 | return=-60.94 | windows=16
global_step=3192 | return=12.59 | windows=20
global_step=3192 | return=-24.35 | windows=23
global_step=3208 | return=-26.65 | windows=14
global_step=3256 | return=-22.80 | windows=14
global_step=3296 | return=-14.82 | windows=19
global_step=3296 | return=-25.45 | windows=18
global_step=3320 | return=-19.91 | windows=13
global_step=3328 | return=-27.04 | windows=25
global_step=3344 | return=-18.57 | windows=23
global_step=3368 | return=-17.20 | windows=13
global_step=3376 | return=-23.57 | windows=22
global_step=3416 | return=-72.48 | windows=14
global_step=3416 | return=-22.34 | windows=10
global_step=3424 | return=-27.85 | windows=28
global_step=3456 | return=-28.52 | windows=16
global_step=3456 | return=-20.21 | windows=13
global_step=3528 | return=17.56 | windows=18
global_step=3536 | return=-30.05 | windows=29
global_step=3536 | return=-10.39 | windows=20
global_step=3544 | return=-9.82 | windows=14
global_step=3592 | return=88.63 | windows=21
global_step=3608 | return=-19.81 | windows=18
global_step=3616 | return=-29.71 | windows=19
global_step=3664 | return=-20.11 | windows=15
global_step=3672 | return=13.02 | windows=31
global_step=3672 | return=-24.20 | windows=15
global_step=3680 | return=-26.34 | windows=17
global_step=3696 | return=-27.95 | windows=20
global_step=3744 | return=-26.98 | windows=16
global_step=3744 | return=-23.57 | windows=15
global_step=3776 | return=-23.61 | windows=11
global_step=3808 | return=98.73 | windows=26
global_step=3832 | return=-22.41 | windows=10
global_step=3872 | return=19.89 | windows=24
global_step=3880 | return=-32.54 | windows=22
global_step=3904 | return=-24.02 | windows=15
global_step=3912 | return=111.00 | windows=30
global_step=3920 | return=-21.65 | windows=13
global_step=3920 | return=-35.28 | windows=30
global_step=3944 | return=-24.12 | windows=24
global_step=3976 | return=-23.65 | windows=11
global_step=3984 | return=-7.40 | windows=18
global_step=4000 | return=-23.18 | windows=10
global_step=4000 | return=-22.43 | windows=11
global_step=4072 | return=3.79 | windows=18
global_step=4072 | return=-23.87 | windows=15
global_step=4080 | return=-34.37 | windows=25
global_step=4096, SPS=0
global_step=4104 | return=-26.94 | windows=15
global_step=4112 | return=-30.19 | windows=23
global_step=4128 | return=47.26 | windows=15
global_step=4168 | return=123.91 | windows=22
global_step=4216 | return=-26.23 | windows=17
global_step=4224 | return=-26.75 | windows=17
global_step=4232 | return=15.55 | windows=19
global_step=4232 | return=-23.26 | windows=15
global_step=4248 | return=-26.37 | windows=30
global_step=4264 | return=-16.09 | windows=11
global_step=4320 | return=-30.06 | windows=25
global_step=4328 | return=-26.28 | windows=24
global_step=4336 | return=-20.86 | windows=12
global_step=4352 | return=-17.66 | windows=12
global_step=4368 | return=-23.93 | windows=12
global_step=4384 | return=-29.82 | windows=18
global_step=4400 | return=-24.90 | windows=21
global_step=4416 | return=144.23 | windows=24
global_step=4448 | return=-20.50 | windows=11
global_step=4488 | return=1.87 | windows=19
global_step=4496 | return=-25.30 | windows=15
global_step=4520 | return=53.59 | windows=16
global_step=4528 | return=-24.12 | windows=23
global_step=4552 | return=98.90 | windows=28
global_step=4576 | return=-22.42 | windows=15
global_step=4576 | return=-28.11 | windows=19
global_step=4592 | return=-24.03 | windows=23
global_step=4624 | return=-19.55 | windows=16
global_step=4640 | return=-21.97 | windows=17
global_step=4688 | return=-22.62 | windows=13
global_step=4688 | return=-29.53 | windows=20
global_step=4720 | return=-23.12 | windows=23
global_step=4728 | return=10.58 | windows=21
global_step=4744 | return=-18.01 | windows=12
global_step=4760 | return=-30.16 | windows=20
global_step=4792 | return=-29.41 | windows=26
global_step=4816 | return=-21.60 | windows=15
global_step=4816 | return=-13.22 | windows=23
global_step=4840 | return=-61.05 | windows=18
global_step=4872 | return=-20.56 | windows=17
global_step=4952 | return=-17.62 | windows=28
global_step=4960 | return=-23.05 | windows=17
global_step=4968 | return=-29.07 | windows=18
global_step=4976 | return=-28.33 | windows=22
global_step=5008 | return=-42.31 | windows=32
global_step=5008 | return=-26.64 | windows=20
global_step=5016 | return=-12.05 | windows=31
global_step=5048 | return=-15.96 | windows=10
global_step=5104 | return=-30.43 | windows=28
global_step=5112 | return=-27.98 | windows=16
global_step=5136 | return=-19.98 | windows=14
global_step=5144 | return=7.87 | windows=21
global_step=5168 | return=-28.68 | windows=19
global_step=5208 | return=9.16 | windows=31
global_step=5232 | return=-21.34 | windows=10
global_step=5248 | return=157.36 | windows=24
global_step=5256 | return=-35.97 | windows=30
global_step=5288 | return=24.20 | windows=18
global_step=5312 | return=-30.21 | windows=25
global_step=5336 | return=-54.21 | windows=12
global_step=5352 | return=-23.78 | windows=17
global_step=5376 | return=-34.32 | windows=32
global_step=5384 | return=-25.86 | windows=16
global_step=5384 | return=-21.88 | windows=8
global_step=5408 | return=-31.39 | windows=29
global_step=5512 | return=-12.96 | windows=16
global_step=5520 | return=-29.96 | windows=22
global_step=5528 | return=-25.72 | windows=14
global_step=5544 | return=-84.24 | windows=19
global_step=5560 | return=9.32 | windows=37
global_step=5576 | return=-25.51 | windows=27
global_step=5584 | return=12.83 | windows=24
global_step=5592 | return=-18.97 | windows=37
global_step=5672 | return=-30.38 | windows=19
global_step=5688 | return=136.28 | windows=19
global_step=5696 | return=-22.52 | windows=21
global_step=5720 | return=-26.43 | windows=19
global_step=5720 | return=-22.32 | windows=16
global_step=5736 | return=-29.99 | windows=19
global_step=5760 | return=7.22 | windows=26
global_step=5816 | return=77.84 | windows=27
global_step=5832 | return=-23.56 | windows=11
global_step=5840 | return=-19.96 | windows=17
global_step=5856 | return=-26.34 | windows=22
global_step=5856 | return=-25.80 | windows=16
global_step=5872 | return=11.02 | windows=18
global_step=5912 | return=57.85 | windows=27
global_step=5936 | return=-20.84 | windows=14
global_step=5960 | return=-4.35 | windows=24
global_step=5976 | return=-20.65 | windows=17
global_step=5984 | return=-17.88 | windows=15
global_step=6008 | return=-25.81 | windows=20
global_step=6032 | return=-30.29 | windows=19
global_step=6048 | return=159.36 | windows=23
global_step=6064 | return=-26.94 | windows=15
global_step=6112 | return=-29.43 | windows=24
global_step=6120 | return=-27.56 | windows=19
global_step=6152 | return=-24.50 | windows=21
global_step=6160 | return=-18.84 | windows=15
global_step=6192 | return=-25.41 | windows=22
global_step=6208 | return=-31.46 | windows=27
global_step=6216 | return=117.98 | windows=18
global_step=6288 | return=82.23 | windows=20
global_step=6288 | return=-30.19 | windows=29
global_step=6320 | return=12.85 | windows=20
global_step=6344 | return=81.96 | windows=22
global_step=6368 | return=41.23 | windows=21
global_step=6400 | return=30.50 | windows=23
global_step=6424 | return=-17.91 | windows=16
global_step=6456 | return=18.66 | windows=13
global_step=6464 | return=-31.33 | windows=30
global_step=6472 | return=-18.25 | windows=44
global_step=6472 | return=126.99 | windows=22
global_step=6480 | return=-30.30 | windows=19
global_step=6576 | return=-93.35 | windows=25
global_step=6592 | return=-24.75 | windows=13
global_step=6600 | return=-9.86 | windows=15
global_step=6608 | return=-30.97 | windows=22
global_step=6616 | return=-29.31 | windows=18
global_step=6632 | return=49.69 | windows=21
global_step=6640 | return=13.01 | windows=29
global_step=6680 | return=24.15 | windows=25
global_step=6696 | return=-19.80 | windows=10
global_step=6704 | return=-17.98 | windows=15
global_step=6712 | return=-23.51 | windows=11
global_step=6752 | return=-19.06 | windows=13
global_step=6776 | return=12.69 | windows=22
global_step=6784 | return=-25.72 | windows=22
global_step=6792 | return=-24.45 | windows=13
global_step=6800 | return=-20.73 | windows=12
global_step=6808 | return=-24.06 | windows=12
global_step=6840 | return=-31.91 | windows=25
global_step=6888 | return=-25.91 | windows=16
global_step=6896 | return=-17.91 | windows=13
global_step=6936 | return=43.40 | windows=27
global_step=6944 | return=-21.88 | windows=16
global_step=6952 | return=-5.27 | windows=19
global_step=6960 | return=-27.67 | windows=22
global_step=6976 | return=-28.91 | windows=21
global_step=6992 | return=-43.55 | windows=11
global_step=7008 | return=-18.90 | windows=14
global_step=7032 | return=-23.78 | windows=23
global_step=7064 | return=-53.03 | windows=10
global_step=7072 | return=62.48 | windows=16
global_step=7136 | return=118.94 | windows=23
global_step=7136 | return=25.49 | windows=21
global_step=7144 | return=-24.93 | windows=18
global_step=7192 | return=-37.96 | windows=29
global_step=7200 | return=-25.79 | windows=16
global_step=7224 | return=-22.95 | windows=23
global_step=7256 | return=-22.33 | windows=22
global_step=7264 | return=-26.57 | windows=15
global_step=7304 | return=152.39 | windows=36
global_step=7320 | return=-23.63 | windows=11
global_step=7328 | return=-32.89 | windows=22
global_step=7352 | return=-23.64 | windows=11
global_step=7352 | return=-33.45 | windows=26
global_step=7368 | return=8.87 | windows=20
global_step=7408 | return=-31.69 | windows=26
global_step=7480 | return=-26.99 | windows=18
global_step=7496 | return=-6.16 | windows=17
global_step=7496 | return=-26.69 | windows=28
global_step=7504 | return=-32.62 | windows=24
global_step=7512 | return=-63.52 | windows=12
global_step=7512 | return=-31.72 | windows=23
global_step=7568 | return=-25.57 | windows=24
global_step=7584 | return=-30.81 | windows=28
global_step=7640 | return=-24.70 | windows=15
global_step=7640 | return=0.48 | windows=16
global_step=7656 | return=6.25 | windows=19
global_step=7680 | return=-4.49 | windows=20
global_step=7712 | return=34.00 | windows=26
global_step=7760 | return=-36.62 | windows=34
global_step=7776 | return=-17.59 | windows=11
global_step=7816 | return=-3.95 | windows=21
global_step=7824 | return=39.56 | windows=20
global_step=7840 | return=-35.53 | windows=31
global_step=7848 | return=74.51 | windows=25
global_step=7856 | return=-7.91 | windows=35
global_step=7912 | return=-23.31 | windows=16
global_step=7912 | return=-27.07 | windows=24
global_step=7928 | return=-21.39 | windows=20
global_step=7944 | return=-21.51 | windows=10
global_step=7968 | return=-17.06 | windows=14
global_step=7968 | return=-23.20 | windows=17
global_step=7968 | return=-25.65 | windows=15
global_step=8040 | return=56.35 | windows=27
global_step=8048 | return=-24.93 | windows=16
global_step=8064 | return=-18.72 | windows=16
global_step=8088 | return=-29.56 | windows=17
global_step=8112 | return=-26.81 | windows=24
global_step=8176 | return=-32.68 | windows=25
global_step=8184 | return=-29.28 | windows=26
global_step=8184 | return=-33.53 | windows=26
global_step=8192 | return=138.26 | windows=17
global_step=8192, SPS=0
global_step=8200 | return=-16.28 | windows=13
global_step=8208 | return=-5.33 | windows=17
global_step=8240 | return=-26.57 | windows=15
global_step=8264 | return=-27.24 | windows=27
global_step=8328 | return=-21.19 | windows=17
global_step=8352 | return=-23.29 | windows=13
global_step=8352 | return=-26.26 | windows=21
global_step=8360 | return=-22.67 | windows=18
global_step=8400 | return=43.00 | windows=26
global_step=8408 | return=163.70 | windows=26
global_step=8464 | return=53.99 | windows=32
global_step=8464 | return=-32.61 | windows=24
global_step=8496 | return=-43.69 | windows=16
global_step=8520 | return=5.76 | windows=20
global_step=8560 | return=102.53 | windows=25
global_step=8560 | return=-28.71 | windows=28
global_step=8632 | return=-25.83 | windows=28
global_step=8640 | return=-36.18 | windows=28
global_step=8672 | return=-23.00 | windows=18
global_step=8680 | return=81.60 | windows=26
global_step=8696 | return=-25.61 | windows=24
global_step=8736 | return=-23.15 | windows=12
global_step=8744 | return=-23.85 | windows=22
global_step=8752 | return=-4.34 | windows=13
global_step=8784 | return=-36.18 | windows=39
global_step=8792 | return=76.80 | windows=28
global_step=8808 | return=-25.80 | windows=16
global_step=8824 | return=-22.43 | windows=17
global_step=8848 | return=21.89 | windows=13
global_step=8864 | return=-29.73 | windows=20
global_step=8928 | return=-15.61 | windows=22
global_step=8928 | return=9.92 | windows=16
global_step=8944 | return=10.77 | windows=23
global_step=8944 | return=-23.65 | windows=19
global_step=8992 | return=-101.04 | windows=20
global_step=9008 | return=-28.11 | windows=17
global_step=9024 | return=42.90 | windows=21
global_step=9064 | return=98.88 | windows=31
global_step=9096 | return=-22.39 | windows=20
global_step=9128 | return=137.80 | windows=22
global_step=9152 | return=-29.21 | windows=27
global_step=9152 | return=-24.11 | windows=15
global_step=9200 | return=-32.12 | windows=23
global_step=9216 | return=-19.35 | windows=7
global_step=9232 | return=-27.17 | windows=29
global_step=9232 | return=-40.68 | windows=35
global_step=9264 | return=-22.43 | windows=16
global_step=9280 | return=-35.99 | windows=26
global_step=9288 | return=-20.41 | windows=16
global_step=9288 | return=-31.61 | windows=23
global_step=9352 | return=-24.63 | windows=14
global_step=9368 | return=-28.81 | windows=20
global_step=9384 | return=-19.82 | windows=14
global_step=9384 | return=76.08 | windows=18
global_step=9408 | return=0.30 | windows=14
global_step=9432 | return=-28.29 | windows=17
global_step=9472 | return=12.40 | windows=31
global_step=9488 | return=-17.38 | windows=12
global_step=9496 | return=-21.74 | windows=17
global_step=9496 | return=-17.04 | windows=13
global_step=9536 | return=-17.45 | windows=15
global_step=9592 | return=56.11 | windows=38
global_step=9600 | return=80.25 | windows=28
global_step=9600 | return=-17.36 | windows=12
global_step=9608 | return=46.32 | windows=21
global_step=9624 | return=-25.80 | windows=16
global_step=9624 | return=56.00 | windows=15
global_step=9632 | return=-17.37 | windows=11
global_step=9712 | return=-31.96 | windows=29
global_step=9720 | return=-19.79 | windows=14
global_step=9744 | return=0.18 | windows=14
global_step=9760 | return=-19.94 | windows=18
global_step=9768 | return=-20.93 | windows=16
global_step=9768 | return=-31.15 | windows=21
global_step=9784 | return=8.29 | windows=19
global_step=9840 | return=-25.94 | windows=14
global_step=9848 | return=52.80 | windows=16
global_step=9848 | return=-37.13 | windows=30
global_step=9872 | return=-21.58 | windows=12
global_step=9896 | return=-24.16 | windows=16
global_step=9920 | return=-28.17 | windows=16
global_step=9960 | return=-16.47 | windows=23
global_step=9976 | return=-25.63 | windows=15
global_step=9984 | return=-17.57 | windows=17
global_step=9984 | return=18.05 | windows=16
global_step=10016 | return=-30.72 | windows=33
global_step=10056 | return=-26.82 | windows=22
global_step=10072 | return=93.91 | windows=21
global_step=10104 | return=3.85 | windows=15
global_step=10136 | return=-25.91 | windows=21
global_step=10184 | return=-31.86 | windows=24
global_step=10192 | return=-32.33 | windows=25
global_step=10232 | return=0.83 | windows=26
global_step=10240 | return=103.24 | windows=22
global_step=10240 | return=-34.96 | windows=39
global_step=10248 | return=-22.02 | windows=17
global_step=10272 | return=32.26 | windows=24
global_step=10288 | return=-21.50 | windows=18
global_step=10320 | return=-21.33 | windows=16
global_step=10328 | return=-21.52 | windows=16
global_step=10416 | return=-17.71 | windows=17
global_step=10432 | return=-24.98 | windows=23
global_step=10440 | return=73.29 | windows=25
global_step=10440 | return=44.56 | windows=23
global_step=10448 | return=-25.91 | windows=15
global_step=10488 | return=-31.12 | windows=30
global_step=10512 | return=-28.47 | windows=27
global_step=10544 | return=-68.98 | windows=12
global_step=10544 | return=-10.22 | windows=26
global_step=10600 | return=-31.47 | windows=22
global_step=10616 | return=-17.29 | windows=22
global_step=10624 | return=-32.49 | windows=22
global_step=10640 | return=-81.33 | windows=18
global_step=10648 | return=35.53 | windows=24
global_step=10680 | return=-30.81 | windows=20
global_step=10768 | return=-36.60 | windows=27
global_step=10784 | return=-31.36 | windows=20
global_step=10784 | return=-37.34 | windows=29
global_step=10792 | return=18.64 | windows=17
global_step=10808 | return=-27.44 | windows=22
global_step=10824 | return=-28.29 | windows=17
global_step=10832 | return=-31.99 | windows=23
global_step=10832 | return=2.54 | windows=28
global_step=10888 | return=-24.89 | windows=14
global_step=10952 | return=-22.01 | windows=15
global_step=10968 | return=-28.39 | windows=22
global_step=10968 | return=12.69 | windows=21
global_step=11008 | return=4.20 | windows=14
global_step=11056 | return=-35.26 | windows=33
global_step=11064 | return=-30.42 | windows=28
global_step=11096 | return=-36.03 | windows=32
global_step=11136 | return=-31.62 | windows=22
global_step=11176 | return=1.69 | windows=20
global_step=11184 | return=-40.11 | windows=46
global_step=11200 | return=-25.14 | windows=16
global_step=11216 | return=1.37 | windows=14
global_step=11216 | return=-31.25 | windows=30
global_step=11232 | return=50.03 | windows=32
global_step=11312 | return=-19.07 | windows=15
global_step=11320 | return=-54.37 | windows=17
global_step=11320 | return=-17.41 | windows=10
global_step=11328 | return=-24.51 | windows=13
global_step=11344 | return=41.58 | windows=35
global_step=11352 | return=-25.24 | windows=26
global_step=11384 | return=-22.92 | windows=22
global_step=11432 | return=-60.26 | windows=9
global_step=11440 | return=-23.38 | windows=14
global_step=11488 | return=95.77 | windows=33
global_step=11504 | return=166.75 | windows=22
global_step=11520 | return=-26.16 | windows=25
global_step=11536 | return=-20.02 | windows=12
global_step=11536 | return=-24.53 | windows=25
global_step=11544 | return=-27.33 | windows=24
global_step=11592 | return=-24.75 | windows=12
global_step=11600 | return=-29.87 | windows=19
global_step=11600 | return=-29.39 | windows=26
global_step=11672 | return=-21.84 | windows=16
global_step=11680 | return=-32.50 | windows=19
global_step=11736 | return=-22.10 | windows=23
global_step=11752 | return=-35.72 | windows=26
global_step=11784 | return=48.40 | windows=22
global_step=11792 | return=12.65 | windows=24
global_step=11792 | return=-32.40 | windows=23
global_step=11808 | return=-37.29 | windows=37
global_step=11832 | return=71.71 | windows=19
global_step=11896 | return=123.35 | windows=26
global_step=11904 | return=-25.51 | windows=20
global_step=11960 | return=17.97 | windows=25
global_step=11960 | return=-22.92 | windows=18
global_step=11992 | return=-29.23 | windows=25
global_step=12000 | return=14.48 | windows=25
global_step=12016 | return=-29.90 | windows=22
global_step=12056 | return=-31.06 | windows=32
global_step=12056 | return=-26.88 | windows=18
global_step=12072 | return=-30.72 | windows=21
global_step=12112 | return=-27.25 | windows=18
global_step=12168 | return=-32.92 | windows=25
global_step=12176 | return=-22.76 | windows=19
global_step=12184 | return=-8.54 | windows=15
global_step=12200 | return=151.06 | windows=25
global_step=12200 | return=1.50 | windows=24
global_step=12232 | return=-29.60 | windows=21
global_step=12248 | return=-31.12 | windows=21
global_step=12288, SPS=0
global_step=12312 | return=148.93 | windows=24
global_step=12368 | return=-32.34 | windows=23
global_step=12368 | return=-25.81 | windows=22
global_step=12376 | return=-15.69 | windows=21
global_step=12392 | return=2.19 | windows=27
global_step=12400 | return=-32.45 | windows=24
global_step=12448 | return=-25.46 | windows=26
global_step=12472 | return=-25.99 | windows=27
global_step=12528 | return=-24.42 | windows=26
global_step=12536 | return=-27.23 | windows=20
global_step=12552 | return=118.33 | windows=19
global_step=12560 | return=-25.63 | windows=19
global_step=12608 | return=-25.96 | windows=16
global_step=12616 | return=-54.61 | windows=10
global_step=12616 | return=52.00 | windows=20
global_step=12616 | return=140.98 | windows=29
global_step=12632 | return=82.68 | windows=32
global_step=12696 | return=-22.88 | windows=19
global_step=12704 | return=-23.30 | windows=17
global_step=12736 | return=-26.94 | windows=15
global_step=12736 | return=-24.85 | windows=22
global_step=12752 | return=-19.06 | windows=16
global_step=12768 | return=62.52 | windows=18
global_step=12840 | return=-25.07 | windows=27
global_step=12840 | return=-24.03 | windows=25
global_step=12872 | return=96.25 | windows=16
global_step=12912 | return=-33.28 | windows=26
global_step=12936 | return=-25.81 | windows=24
global_step=12952 | return=-32.96 | windows=30
global_step=12960 | return=-19.23 | windows=14
global_step=13024 | return=-26.00 | windows=22
global_step=13032 | return=-21.78 | windows=19
global_step=13032 | return=-38.34 | windows=34
global_step=13056 | return=-24.05 | windows=12
global_step=13064 | return=76.28 | windows=36
global_step=13120 | return=21.91 | windows=25
global_step=13160 | return=-21.91 | windows=15
global_step=13160 | return=-28.06 | windows=15
global_step=13176 | return=-20.13 | windows=18
global_step=13184 | return=-31.77 | windows=27
global_step=13208 | return=-31.32 | windows=33
global_step=13248 | return=-21.87 | windows=8
global_step=13264 | return=-24.59 | windows=17
global_step=13272 | return=-33.04 | windows=25
global_step=13288 | return=-63.74 | windows=15
global_step=13296 | return=16.13 | windows=29
global_step=13336 | return=-31.42 | windows=21
global_step=13376 | return=-20.57 | windows=13
global_step=13424 | return=-25.47 | windows=26
global_step=13424 | return=89.38 | windows=21
global_step=13432 | return=-30.96 | windows=30
global_step=13456 | return=-1.40 | windows=22
global_step=13472 | return=26.96 | windows=22
global_step=13504 | return=-32.94 | windows=25
global_step=13544 | return=-25.11 | windows=13
global_step=13568 | return=-30.77 | windows=28
global_step=13616 | return=-21.16 | windows=13
global_step=13616 | return=-22.36 | windows=17
global_step=13640 | return=-23.09 | windows=22
global_step=13640 | return=105.24 | windows=32
global_step=13648 | return=28.21 | windows=27
global_step=13672 | return=-24.06 | windows=12
global_step=13696 | return=-33.32 | windows=33
global_step=13808 | return=-16.58 | windows=32
global_step=13816 | return=162.94 | windows=20
global_step=13832 | return=30.53 | windows=26
global_step=13832 | return=-21.81 | windows=16
global_step=13848 | return=-9.37 | windows=21
global_step=13872 | return=120.44 | windows=31
global_step=13880 | return=7.77 | windows=29
global_step=13888 | return=-28.09 | windows=30
global_step=13960 | return=-17.57 | windows=15
global_step=13992 | return=-27.36 | windows=14
global_step=13992 | return=-24.47 | windows=13
global_step=14008 | return=-22.19 | windows=14
global_step=14024 | return=-28.38 | windows=21
global_step=14024 | return=-31.07 | windows=26
global_step=14064 | return=-28.52 | windows=28
global_step=14064 | return=-35.27 | windows=30
global_step=14080 | return=-16.60 | windows=14
global_step=14104 | return=-19.23 | windows=13
global_step=14128 | return=49.41 | windows=12
global_step=14144 | return=-3.03 | windows=16
global_step=14208 | return=58.31 | windows=26
global_step=14248 | return=-73.73 | windows=20
global_step=14256 | return=-26.19 | windows=18
global_step=14256 | return=-16.65 | windows=23
global_step=14256 | return=-32.04 | windows=23
global_step=14264 | return=-18.21 | windows=16
global_step=14264 | return=108.92 | windows=29
global_step=14344 | return=-31.93 | windows=24
global_step=14400 | return=-27.16 | windows=17
global_step=14448 | return=36.81 | windows=24
global_step=14448 | return=-28.11 | windows=23
global_step=14464 | return=-32.54 | windows=24
global_step=14480 | return=-25.44 | windows=26
global_step=14488 | return=-33.82 | windows=28
global_step=14496 | return=41.56 | windows=35
global_step=14568 | return=-33.50 | windows=27
global_step=14584 | return=-25.77 | windows=16
global_step=14608 | return=-22.53 | windows=15
global_step=14640 | return=134.43 | windows=23
global_step=14656 | return=-37.41 | windows=31
global_step=14696 | return=-25.37 | windows=15
global_step=14712 | return=-25.37 | windows=15
global_step=14720 | return=15.14 | windows=31
global_step=14744 | return=125.11 | windows=30
global_step=14760 | return=-35.86 | windows=33
global_step=14816 | return=-24.06 | windows=12
global_step=14864 | return=19.46 | windows=27
global_step=14872 | return=40.21 | windows=32
global_step=14872 | return=129.35 | windows=15
global_step=14872 | return=-21.46 | windows=18
global_step=14904 | return=-33.67 | windows=30
global_step=14920 | return=-27.81 | windows=19
global_step=14960 | return=-20.29 | windows=10
global_step=14984 | return=-30.96 | windows=20
global_step=14992 | return=-24.36 | windows=14
global_step=15000 | return=43.85 | windows=37
global_step=15040 | return=25.26 | windows=14
global_step=15056 | return=-24.61 | windows=22
global_step=15096 | return=13.64 | windows=23
global_step=15112 | return=29.35 | windows=30
global_step=15128 | return=-27.47 | windows=16
global_step=15128 | return=-26.84 | windows=20
global_step=15144 | return=-25.71 | windows=12
global_step=15200 | return=-62.43 | windows=12
global_step=15208 | return=-27.11 | windows=27
global_step=15232 | return=-31.26 | windows=21
global_step=15232 | return=71.75 | windows=28
global_step=15264 | return=53.74 | windows=18
global_step=15280 | return=-29.51 | windows=18
global_step=15280 | return=-24.07 | windows=18
global_step=15320 | return=51.13 | windows=21
global_step=15336 | return=-66.27 | windows=12
global_step=15392 | return=-27.50 | windows=15
global_step=15440 | return=-13.94 | windows=25
global_step=15464 | return=-33.48 | windows=32
global_step=15472 | return=73.11 | windows=23
global_step=15472 | return=-19.95 | windows=16
global_step=15488 | return=68.38 | windows=34
global_step=15488 | return=-21.03 | windows=11
global_step=15528 | return=-8.40 | windows=30
global_step=15552 | return=-74.54 | windows=9
global_step=15592 | return=40.58 | windows=33
global_step=15616 | return=-19.20 | windows=15
global_step=15640 | return=-30.81 | windows=20
global_step=15672 | return=-17.43 | windows=14
global_step=15720 | return=-13.80 | windows=34
global_step=15760 | return=173.42 | windows=33
global_step=15768 | return=-14.76 | windows=37
global_step=15768 | return=-27.56 | windows=18
global_step=15800 | return=-3.36 | windows=33
global_step=15832 | return=55.20 | windows=23
global_step=15832 | return=3.61 | windows=29
global_step=15904 | return=59.74 | windows=28
global_step=15920 | return=44.54 | windows=18
global_step=15936 | return=-30.31 | windows=21
global_step=15952 | return=-33.62 | windows=22
global_step=15968 | return=-17.20 | windows=16
global_step=15984 | return=-24.48 | windows=22
global_step=15984 | return=-28.27 | windows=18
global_step=16024 | return=15.50 | windows=37
global_step=16048 | return=-26.16 | windows=15
global_step=16072 | return=-15.73 | windows=10
global_step=16136 | return=65.91 | windows=20
global_step=16144 | return=75.81 | windows=29
global_step=16184 | return=-28.82 | windows=16
global_step=16184 | return=-31.45 | windows=24
global_step=16192 | return=-30.01 | windows=31
global_step=16200 | return=-37.68 | windows=30
global_step=16256 | return=-23.94 | windows=22
global_step=16264 | return=-22.98 | windows=14
global_step=16312 | return=-32.61 | windows=35
global_step=16360 | return=-28.07 | windows=21
global_step=16384 | return=-31.71 | windows=24
global_step=16384, SPS=0
global_step=16392 | return=29.01 | windows=23
global_step=16400 | return=-27.07 | windows=17
global_step=16400 | return=-31.69 | windows=25
global_step=16424 | return=-24.60 | windows=13
global_step=16456 | return=-44.48 | windows=39
global_step=16464 | return=13.61 | windows=12
global_step=16528 | return=102.24 | windows=32
global_step=16544 | return=-29.44 | windows=19
global_step=16600 | return=-25.93 | windows=16
global_step=16600 | return=-32.43 | windows=24
global_step=16600 | return=-15.48 | windows=21
global_step=16608 | return=-33.53 | windows=26
global_step=16616 | return=-23.46 | windows=19
global_step=16624 | return=37.41 | windows=27
global_step=16672 | return=-10.76 | windows=17
global_step=16704 | return=-24.06 | windows=12
global_step=16768 | return=139.26 | windows=27
global_step=16776 | return=-32.81 | windows=21
global_step=16808 | return=-26.09 | windows=22
global_step=16816 | return=-26.69 | windows=17
global_step=16824 | return=-21.05 | windows=26
global_step=16848 | return=175.23 | windows=30
global_step=16896 | return=38.02 | windows=9
global_step=16896 | return=22.10 | windows=34
global_step=16936 | return=-23.24 | windows=19
global_step=16944 | return=-20.56 | windows=16
global_step=16960 | return=140.99 | windows=31
global_step=16976 | return=-26.99 | windows=18
global_step=17024 | return=-10.18 | windows=21
global_step=17040 | return=-3.00 | windows=33
global_step=17080 | return=-10.01 | windows=22
global_step=17120 | return=144.61 | windows=22
global_step=17136 | return=-29.20 | windows=29
global_step=17144 | return=-20.24 | windows=12
global_step=17176 | return=-2.52 | windows=26
global_step=17176 | return=-33.04 | windows=24
global_step=17184 | return=-24.06 | windows=12
global_step=17192 | return=-33.48 | windows=30
global_step=17232 | return=-30.00 | windows=25
global_step=17280 | return=-29.01 | windows=19
global_step=17328 | return=-17.19 | windows=23
global_step=17344 | return=-27.94 | windows=24
global_step=17368 | return=-26.42 | windows=22
global_step=17368 | return=-27.11 | windows=23
global_step=17376 | return=-9.73 | windows=24
global_step=17416 | return=8.37 | windows=22
global_step=17440 | return=18.24 | windows=30
global_step=17440 | return=9.99 | windows=19
global_step=17480 | return=57.06 | windows=16
global_step=17480 | return=-23.87 | windows=13
global_step=17520 | return=-32.16 | windows=23
global_step=17560 | return=-5.84 | windows=22
global_step=17584 | return=-25.84 | windows=20
global_step=17624 | return=-27.90 | windows=22
global_step=17632 | return=192.09 | windows=32
global_step=17648 | return=-17.43 | windows=10
global_step=17672 | return=-23.43 | windows=23
global_step=17696 | return=22.56 | windows=21
global_step=17712 | return=-13.79 | windows=33
global_step=17728 | return=-18.54 | windows=17
global_step=17736 | return=89.95 | windows=31
global_step=17856 | return=-25.53 | windows=22
global_step=17864 | return=62.54 | windows=26
global_step=17904 | return=15.61 | windows=23
global_step=17904 | return=33.29 | windows=34
global_step=17944 | return=-4.75 | windows=30
global_step=17968 | return=-27.77 | windows=29
global_step=17968 | return=-17.80 | windows=13
global_step=17976 | return=217.74 | windows=29
global_step=17976 | return=20.02 | windows=42
global_step=18016 | return=-23.70 | windows=18
global_step=18056 | return=-19.67 | windows=13
global_step=18080 | return=5.37 | windows=21
global_step=18096 | return=-65.89 | windows=14
global_step=18120 | return=-27.53 | windows=26
global_step=18144 | return=-27.09 | windows=21
global_step=18184 | return=30.57 | windows=26
global_step=18192 | return=-29.52 | windows=21
global_step=18216 | return=49.88 | windows=19
global_step=18224 | return=-31.55 | windows=30
global_step=18224 | return=-24.75 | windows=15
global_step=18232 | return=-18.80 | windows=18
global_step=18304 | return=-1.59 | windows=22
global_step=18352 | return=-32.97 | windows=25
global_step=18376 | return=-23.01 | windows=19
global_step=18384 | return=-24.22 | windows=24
global_step=18384 | return=-23.91 | windows=23
global_step=18440 | return=-33.26 | windows=26
global_step=18464 | return=9.63 | windows=28
global_step=18480 | return=-24.53 | windows=21
global_step=18488 | return=57.34 | windows=32
global_step=18544 | return=131.48 | windows=23
global_step=18552 | return=-22.24 | windows=8
global_step=18584 | return=-24.68 | windows=24
global_step=18584 | return=151.89 | windows=25
global_step=18600 | return=-20.59 | windows=6
global_step=18616 | return=71.94 | windows=28
global_step=18656 | return=-30.65 | windows=20
global_step=18672 | return=43.49 | windows=25
global_step=18688 | return=10.31 | windows=30
global_step=18728 | return=-26.49 | windows=17
global_step=18768 | return=-59.25 | windows=11
global_step=18784 | return=-34.37 | windows=28
global_step=18792 | return=43.97 | windows=23
global_step=18816 | return=-12.51 | windows=28
global_step=18848 | return=-24.89 | windows=14
global_step=18864 | return=-23.43 | windows=21
global_step=18912 | return=-40.86 | windows=36
global_step=18952 | return=63.91 | windows=20
global_step=18968 | return=-33.30 | windows=24
global_step=18968 | return=-17.36 | windows=14
global_step=18984 | return=-17.37 | windows=23
global_step=19008 | return=137.82 | windows=43
global_step=19008 | return=-32.14 | windows=23
global_step=19096 | return=-26.31 | windows=28
global_step=19104 | return=-21.76 | windows=16
global_step=19112 | return=118.65 | windows=24
global_step=19136 | return=10.50 | windows=22
global_step=19176 | return=-30.21 | windows=25
global_step=19184 | return=47.63 | windows=21
global_step=19208 | return=-9.94 | windows=24
global_step=19256 | return=-31.87 | windows=33
global_step=19256 | return=-27.27 | windows=18
global_step=19264 | return=-26.56 | windows=18
global_step=19296 | return=-17.11 | windows=24
global_step=19344 | return=-22.24 | windows=16
global_step=19352 | return=-10.39 | windows=26
global_step=19360 | return=115.95 | windows=11
global_step=19400 | return=-28.12 | windows=26
global_step=19400 | return=-24.83 | windows=17
global_step=19400 | return=51.49 | windows=27
global_step=19432 | return=-30.20 | windows=21
global_step=19480 | return=28.86 | windows=22
global_step=19520 | return=-15.73 | windows=20
global_step=19552 | return=-31.98 | windows=23
global_step=19600 | return=46.06 | windows=24
global_step=19600 | return=68.68 | windows=31
global_step=19608 | return=-30.62 | windows=25
global_step=19640 | return=-32.15 | windows=29
global_step=19672 | return=-26.89 | windows=18
global_step=19736 | return=52.56 | windows=22
global_step=19744 | return=19.79 | windows=32
global_step=19776 | return=-26.35 | windows=21
global_step=19792 | return=203.72 | windows=44
global_step=19792 | return=-26.04 | windows=22
global_step=19832 | return=-32.11 | windows=23
global_step=19840 | return=-58.90 | windows=11
global_step=19912 | return=-20.86 | windows=16
global_step=19952 | return=65.04 | windows=34
global_step=19960 | return=-42.61 | windows=44
global_step=19960 | return=-33.12 | windows=27
global_step=20000 | return=-33.05 | windows=25
global_step=20040 | return=52.84 | windows=25
global_step=20112 | return=89.21 | windows=33
global_step=20120 | return=-41.92 | windows=40
global_step=20120 | return=38.01 | windows=19
global_step=20128 | return=-25.31 | windows=20
global_step=20128 | return=-33.44 | windows=26
global_step=20208 | return=-27.68 | windows=20
global_step=20216 | return=17.85 | windows=32
global_step=20248 | return=12.03 | windows=30
global_step=20288 | return=-26.39 | windows=21
global_step=20328 | return=-25.29 | windows=24
global_step=20328 | return=16.41 | windows=24
global_step=20336 | return=-30.46 | windows=26
global_step=20336 | return=44.44 | windows=26
global_step=20400 | return=-32.13 | windows=23
global_step=20408 | return=-60.66 | windows=14
global_step=20440 | return=-23.28 | windows=13
global_step=20440 | return=91.36 | windows=27
global_step=20480 | return=-30.96 | windows=18
global_step=20480, SPS=0
global_step=20512 | return=56.00 | windows=21
global_step=20584 | return=-37.71 | windows=30
global_step=20600 | return=24.57 | windows=43
global_step=20608 | return=-30.55 | windows=20
global_step=20624 | return=13.26 | windows=22
global_step=20648 | return=16.69 | windows=20
global_step=20680 | return=130.28 | windows=34
global_step=20720 | return=-16.63 | windows=25
global_step=20728 | return=178.74 | windows=39
global_step=20744 | return=-24.89 | windows=14
global_step=20744 | return=-6.79 | windows=17
global_step=20768 | return=87.65 | windows=19
global_step=20776 | return=-12.55 | windows=23
global_step=20904 | return=-5.09 | windows=22
global_step=20904 | return=7.13 | windows=19
global_step=20904 | return=144.12 | windows=27
global_step=20912 | return=-8.28 | windows=20
global_step=20936 | return=124.80 | windows=35
global_step=20952 | return=-15.42 | windows=21
global_step=20960 | return=-32.40 | windows=23
global_step=20984 | return=-16.39 | windows=31
global_step=21024 | return=-55.96 | windows=13
global_step=21064 | return=-23.79 | windows=19
global_step=21088 | return=-17.43 | windows=12
global_step=21160 | return=-38.79 | windows=31
global_step=21168 | return=26.24 | windows=28
global_step=21176 | return=-19.48 | windows=18
global_step=21184 | return=26.95 | windows=34
global_step=21232 | return=28.15 | windows=33
global_step=21240 | return=85.06 | windows=35
Traceback (most recent call last):
  File "/md0/home/UFAD/tcuevasmestanza/CarRacing/smdp/experiments/adaptive_fps_smdp/train_mlp.py", line 285, in <module>
    next_obs, reward, terminations, truncations, infos = envs.step(action.cpu().numpy())
                                                         ^^^^^^^^^^^^^^^^^^^^^^^^^^^^^^^
  File "/home/UFAD/tcuevasmestanza/.conda/envs/racing/lib/python3.12/site-packages/gymnasium/vector/sync_vector_env.py", line 266, in step
    ) = self.envs[i].step(action)
        ^^^^^^^^^^^^^^^^^^^^^^^^^
  File "/home/UFAD/tcuevasmestanza/.conda/envs/racing/lib/python3.12/site-packages/gymnasium/wrappers/common.py", line 512, in step
    obs, reward, terminated, truncated, info = super().step(action)
                                               ^^^^^^^^^^^^^^^^^^^^
  File "/home/UFAD/tcuevasmestanza/.conda/envs/racing/lib/python3.12/site-packages/gymnasium/core.py", line 327, in step
    return self.env.step(action)
           ^^^^^^^^^^^^^^^^^^^^^
  File "/md0/home/UFAD/tcuevasmestanza/CarRacing/wrappers/adaptive_fps_cautious_smdp_wrapper.py", line 167, in step
    observed_frame, nav_reward, terminated, truncated, info = self.env.step(navigation_action)
                                                              ^^^^^^^^^^^^^^^^^^^^^^^^^^^^^^^^
  File "/md0/home/UFAD/tcuevasmestanza/CarRacing/wrappers/pre_processing.py", line 38, in step
    observation, reward, terminated, truncated, info = self.env.step(action)
                                                       ^^^^^^^^^^^^^^^^^^^^^
  File "/home/UFAD/tcuevasmestanza/.conda/envs/racing/lib/python3.12/site-packages/gymnasium/wrappers/common.py", line 124, in step
    observation, reward, terminated, truncated, info = self.env.step(action)
                                                       ^^^^^^^^^^^^^^^^^^^^^
  File "/home/UFAD/tcuevasmestanza/.conda/envs/racing/lib/python3.12/site-packages/gymnasium/wrappers/common.py", line 392, in step
    return super().step(action)
           ^^^^^^^^^^^^^^^^^^^^
  File "/home/UFAD/tcuevasmestanza/.conda/envs/racing/lib/python3.12/site-packages/gymnasium/core.py", line 327, in step
    return self.env.step(action)
           ^^^^^^^^^^^^^^^^^^^^^
  File "/home/UFAD/tcuevasmestanza/.conda/envs/racing/lib/python3.12/site-packages/gymnasium/wrappers/common.py", line 284, in step
    return self.env.step(action)
           ^^^^^^^^^^^^^^^^^^^^^
  File "/home/UFAD/tcuevasmestanza/.conda/envs/racing/lib/python3.12/site-packages/gymnasium/envs/box2d/car_racing.py", line 561, in step
    self.state = self._render("state_pixels")
                 ^^^^^^^^^^^^^^^^^^^^^^^^^^^^
  File "/home/UFAD/tcuevasmestanza/.conda/envs/racing/lib/python3.12/site-packages/gymnasium/envs/box2d/car_racing.py", line 635, in _render
    self.surf = pygame.transform.flip(self.surf, False, True)
                ^^^^^^^^^^^^^^^^^^^^^^^^^^^^^^^^^^^^^^^^^^^^^
KeyboardInterrupt
